                              1 ;--------------------------------------------------------
                              2 ; File Created by SDCC : free open source ANSI-C Compiler
                              3 ; Version 3.5.5 #9498 (Linux)
                              4 ;--------------------------------------------------------
                              5 	.module enemy
                              6 	.optsdcc -mz80
                              7 	
                              8 ;--------------------------------------------------------
                              9 ; Public variables in this module
                             10 ;--------------------------------------------------------
                             11 	.globl _g_enemy
                             12 ;--------------------------------------------------------
                             13 ; special function registers
                             14 ;--------------------------------------------------------
                             15 ;--------------------------------------------------------
                             16 ; ram data
                             17 ;--------------------------------------------------------
                             18 	.area _DATA
                             19 ;--------------------------------------------------------
                             20 ; ram data
                             21 ;--------------------------------------------------------
                             22 	.area _INITIALIZED
                             23 ;--------------------------------------------------------
                             24 ; absolute external ram data
                             25 ;--------------------------------------------------------
                             26 	.area _DABS (ABS)
                             27 ;--------------------------------------------------------
                             28 ; global & static initialisations
                             29 ;--------------------------------------------------------
                             30 	.area _HOME
                             31 	.area _GSINIT
                             32 	.area _GSFINAL
                             33 	.area _GSINIT
                             34 ;--------------------------------------------------------
                             35 ; Home
                             36 ;--------------------------------------------------------
                             37 	.area _HOME
                             38 	.area _HOME
                             39 ;--------------------------------------------------------
                             40 ; code
                             41 ;--------------------------------------------------------
                             42 	.area _CODE
                             43 	.area _CODE
   0000                      44 _g_enemy:
   0000 00                   45 	.db #0x00	; 0
   0001 00                   46 	.db #0x00	; 0
   0002 00                   47 	.db #0x00	; 0
   0003 00                   48 	.db #0x00	; 0
   0004 00                   49 	.db #0x00	; 0
   0005 00                   50 	.db #0x00	; 0
   0006 00                   51 	.db #0x00	; 0
   0007 00                   52 	.db #0x00	; 0
   0008 00                   53 	.db #0x00	; 0
   0009 00                   54 	.db #0x00	; 0
   000A 00                   55 	.db #0x00	; 0
   000B 00                   56 	.db #0x00	; 0
   000C 00                   57 	.db #0x00	; 0
   000D 00                   58 	.db #0x00	; 0
   000E 00                   59 	.db #0x00	; 0
   000F 00                   60 	.db #0x00	; 0
   0010 00                   61 	.db #0x00	; 0
   0011 00                   62 	.db #0x00	; 0
   0012 00                   63 	.db #0x00	; 0
   0013 00                   64 	.db #0x00	; 0
   0014 00                   65 	.db #0x00	; 0
   0015 00                   66 	.db #0x00	; 0
   0016 00                   67 	.db #0x00	; 0
   0017 00                   68 	.db #0x00	; 0
   0018 00                   69 	.db #0x00	; 0
   0019 00                   70 	.db #0x00	; 0
   001A 00                   71 	.db #0x00	; 0
   001B 00                   72 	.db #0x00	; 0
   001C 00                   73 	.db #0x00	; 0
   001D 00                   74 	.db #0x00	; 0
   001E 00                   75 	.db #0x00	; 0
   001F 00                   76 	.db #0x00	; 0
   0020 00                   77 	.db #0x00	; 0
   0021 00                   78 	.db #0x00	; 0
   0022 00                   79 	.db #0x00	; 0
   0023 00                   80 	.db #0x00	; 0
   0024 00                   81 	.db #0x00	; 0
   0025 00                   82 	.db #0x00	; 0
   0026 00                   83 	.db #0x00	; 0
   0027 00                   84 	.db #0x00	; 0
   0028 00                   85 	.db #0x00	; 0
   0029 00                   86 	.db #0x00	; 0
   002A 00                   87 	.db #0x00	; 0
   002B 00                   88 	.db #0x00	; 0
   002C 00                   89 	.db #0x00	; 0
   002D 00                   90 	.db #0x00	; 0
   002E 00                   91 	.db #0x00	; 0
   002F 00                   92 	.db #0x00	; 0
   0030 00                   93 	.db #0x00	; 0
   0031 00                   94 	.db #0x00	; 0
   0032 00                   95 	.db #0x00	; 0
   0033 00                   96 	.db #0x00	; 0
   0034 00                   97 	.db #0x00	; 0
   0035 00                   98 	.db #0x00	; 0
   0036 00                   99 	.db #0x00	; 0
   0037 00                  100 	.db #0x00	; 0
   0038 00                  101 	.db #0x00	; 0
   0039 00                  102 	.db #0x00	; 0
   003A 00                  103 	.db #0x00	; 0
   003B 00                  104 	.db #0x00	; 0
   003C 00                  105 	.db #0x00	; 0
   003D 00                  106 	.db #0x00	; 0
   003E 00                  107 	.db #0x00	; 0
   003F 00                  108 	.db #0x00	; 0
   0040 00                  109 	.db #0x00	; 0
   0041 00                  110 	.db #0x00	; 0
   0042 00                  111 	.db #0x00	; 0
   0043 00                  112 	.db #0x00	; 0
   0044 00                  113 	.db #0x00	; 0
   0045 00                  114 	.db #0x00	; 0
   0046 00                  115 	.db #0x00	; 0
   0047 00                  116 	.db #0x00	; 0
   0048 00                  117 	.db #0x00	; 0
   0049 00                  118 	.db #0x00	; 0
   004A 00                  119 	.db #0x00	; 0
   004B 00                  120 	.db #0x00	; 0
   004C 00                  121 	.db #0x00	; 0
   004D 00                  122 	.db #0x00	; 0
   004E 00                  123 	.db #0x00	; 0
   004F 00                  124 	.db #0x00	; 0
   0050 00                  125 	.db #0x00	; 0
   0051 00                  126 	.db #0x00	; 0
   0052 41                  127 	.db #0x41	; 65	'A'
   0053 C3                  128 	.db #0xC3	; 195
   0054 C3                  129 	.db #0xC3	; 195
   0055 82                  130 	.db #0x82	; 130
   0056 00                  131 	.db #0x00	; 0
   0057 00                  132 	.db #0x00	; 0
   0058 00                  133 	.db #0x00	; 0
   0059 00                  134 	.db #0x00	; 0
   005A C3                  135 	.db #0xC3	; 195
   005B C3                  136 	.db #0xC3	; 195
   005C C3                  137 	.db #0xC3	; 195
   005D C3                  138 	.db #0xC3	; 195
   005E 00                  139 	.db #0x00	; 0
   005F 00                  140 	.db #0x00	; 0
   0060 00                  141 	.db #0x00	; 0
   0061 00                  142 	.db #0x00	; 0
   0062 83                  143 	.db #0x83	; 131
   0063 89                  144 	.db #0x89	; 137
   0064 46                  145 	.db #0x46	; 70	'F'
   0065 43                  146 	.db #0x43	; 67	'C'
   0066 00                  147 	.db #0x00	; 0
   0067 00                  148 	.db #0x00	; 0
   0068 00                  149 	.db #0x00	; 0
   0069 00                  150 	.db #0x00	; 0
   006A 83                  151 	.db #0x83	; 131
   006B 03                  152 	.db #0x03	; 3
   006C 03                  153 	.db #0x03	; 3
   006D 43                  154 	.db #0x43	; 67	'C'
   006E 00                  155 	.db #0x00	; 0
   006F 00                  156 	.db #0x00	; 0
   0070 00                  157 	.db #0x00	; 0
   0071 00                  158 	.db #0x00	; 0
   0072 83                  159 	.db #0x83	; 131
   0073 03                  160 	.db #0x03	; 3
   0074 03                  161 	.db #0x03	; 3
   0075 43                  162 	.db #0x43	; 67	'C'
   0076 00                  163 	.db #0x00	; 0
   0077 00                  164 	.db #0x00	; 0
   0078 00                  165 	.db #0x00	; 0
   0079 00                  166 	.db #0x00	; 0
   007A 83                  167 	.db #0x83	; 131
   007B 46                  168 	.db #0x46	; 70	'F'
   007C 89                  169 	.db #0x89	; 137
   007D 43                  170 	.db #0x43	; 67	'C'
   007E 00                  171 	.db #0x00	; 0
   007F 00                  172 	.db #0x00	; 0
   0080 00                  173 	.db #0x00	; 0
   0081 00                  174 	.db #0x00	; 0
   0082 C3                  175 	.db #0xC3	; 195
   0083 C3                  176 	.db #0xC3	; 195
   0084 C3                  177 	.db #0xC3	; 195
   0085 C3                  178 	.db #0xC3	; 195
   0086 00                  179 	.db #0x00	; 0
   0087 00                  180 	.db #0x00	; 0
   0088 00                  181 	.db #0x00	; 0
   0089 00                  182 	.db #0x00	; 0
   008A 00                  183 	.db #0x00	; 0
   008B C3                  184 	.db #0xC3	; 195
   008C C3                  185 	.db #0xC3	; 195
   008D 00                  186 	.db #0x00	; 0
   008E 00                  187 	.db #0x00	; 0
   008F 00                  188 	.db #0x00	; 0
   0090 00                  189 	.db #0x00	; 0
   0091 41                  190 	.db #0x41	; 65	'A'
   0092 41                  191 	.db #0x41	; 65	'A'
   0093 C3                  192 	.db #0xC3	; 195
   0094 C3                  193 	.db #0xC3	; 195
   0095 82                  194 	.db #0x82	; 130
   0096 82                  195 	.db #0x82	; 130
   0097 00                  196 	.db #0x00	; 0
   0098 00                  197 	.db #0x00	; 0
   0099 C3                  198 	.db #0xC3	; 195
   009A C3                  199 	.db #0xC3	; 195
   009B 83                  200 	.db #0x83	; 131
   009C 43                  201 	.db #0x43	; 67	'C'
   009D C3                  202 	.db #0xC3	; 195
   009E C3                  203 	.db #0xC3	; 195
   009F 00                  204 	.db #0x00	; 0
   00A0 41                  205 	.db #0x41	; 65	'A'
   00A1 C3                  206 	.db #0xC3	; 195
   00A2 41                  207 	.db #0x41	; 65	'A'
   00A3 83                  208 	.db #0x83	; 131
   00A4 43                  209 	.db #0x43	; 67	'C'
   00A5 82                  210 	.db #0x82	; 130
   00A6 C3                  211 	.db #0xC3	; 195
   00A7 82                  212 	.db #0x82	; 130
   00A8 41                  213 	.db #0x41	; 65	'A'
   00A9 82                  214 	.db #0x82	; 130
   00AA 41                  215 	.db #0x41	; 65	'A'
   00AB 83                  216 	.db #0x83	; 131
   00AC 43                  217 	.db #0x43	; 67	'C'
   00AD 82                  218 	.db #0x82	; 130
   00AE 41                  219 	.db #0x41	; 65	'A'
   00AF 82                  220 	.db #0x82	; 130
   00B0 44                  221 	.db #0x44	; 68	'D'
   00B1 88                  222 	.db #0x88	; 136
   00B2 00                  223 	.db #0x00	; 0
   00B3 83                  224 	.db #0x83	; 131
   00B4 43                  225 	.db #0x43	; 67	'C'
   00B5 00                  226 	.db #0x00	; 0
   00B6 44                  227 	.db #0x44	; 68	'D'
   00B7 88                  228 	.db #0x88	; 136
   00B8 88                  229 	.db #0x88	; 136
   00B9 44                  230 	.db #0x44	; 68	'D'
   00BA 41                  231 	.db #0x41	; 65	'A'
   00BB C3                  232 	.db #0xC3	; 195
   00BC C3                  233 	.db #0xC3	; 195
   00BD 82                  234 	.db #0x82	; 130
   00BE 88                  235 	.db #0x88	; 136
   00BF 44                  236 	.db #0x44	; 68	'D'
   00C0 00                  237 	.db #0x00	; 0
   00C1 00                  238 	.db #0x00	; 0
   00C2 C3                  239 	.db #0xC3	; 195
   00C3 82                  240 	.db #0x82	; 130
   00C4 41                  241 	.db #0x41	; 65	'A'
   00C5 C3                  242 	.db #0xC3	; 195
   00C6 00                  243 	.db #0x00	; 0
   00C7 00                  244 	.db #0x00	; 0
   00C8 00                  245 	.db #0x00	; 0
   00C9 00                  246 	.db #0x00	; 0
   00CA C3                  247 	.db #0xC3	; 195
   00CB 00                  248 	.db #0x00	; 0
   00CC 00                  249 	.db #0x00	; 0
   00CD C3                  250 	.db #0xC3	; 195
   00CE 00                  251 	.db #0x00	; 0
   00CF 00                  252 	.db #0x00	; 0
   00D0 00                  253 	.db #0x00	; 0
   00D1 44                  254 	.db #0x44	; 68	'D'
   00D2 CC                  255 	.db #0xCC	; 204
   00D3 88                  256 	.db #0x88	; 136
   00D4 44                  257 	.db #0x44	; 68	'D'
   00D5 CC                  258 	.db #0xCC	; 204
   00D6 88                  259 	.db #0x88	; 136
   00D7 00                  260 	.db #0x00	; 0
                            261 	.area _INITIALIZER
                            262 	.area _CABS (ABS)
