                              1 ;--------------------------------------------------------
                              2 ; File Created by SDCC : free open source ANSI-C Compiler
                              3 ; Version 3.5.5 #9498 (Linux)
                              4 ;--------------------------------------------------------
                              5 	.module hero
                              6 	.optsdcc -mz80
                              7 	
                              8 ;--------------------------------------------------------
                              9 ; Public variables in this module
                             10 ;--------------------------------------------------------
                             11 	.globl _g_hero
                             12 	.globl _g_palette
                             13 ;--------------------------------------------------------
                             14 ; special function registers
                             15 ;--------------------------------------------------------
                             16 ;--------------------------------------------------------
                             17 ; ram data
                             18 ;--------------------------------------------------------
                             19 	.area _DATA
                             20 ;--------------------------------------------------------
                             21 ; ram data
                             22 ;--------------------------------------------------------
                             23 	.area _INITIALIZED
                             24 ;--------------------------------------------------------
                             25 ; absolute external ram data
                             26 ;--------------------------------------------------------
                             27 	.area _DABS (ABS)
                             28 ;--------------------------------------------------------
                             29 ; global & static initialisations
                             30 ;--------------------------------------------------------
                             31 	.area _HOME
                             32 	.area _GSINIT
                             33 	.area _GSFINAL
                             34 	.area _GSINIT
                             35 ;--------------------------------------------------------
                             36 ; Home
                             37 ;--------------------------------------------------------
                             38 	.area _HOME
                             39 	.area _HOME
                             40 ;--------------------------------------------------------
                             41 ; code
                             42 ;--------------------------------------------------------
                             43 	.area _CODE
                             44 	.area _CODE
   0000                      45 _g_palette:
   0000 54                   46 	.db #0x54	; 84	'T'
   0001 44                   47 	.db #0x44	; 68	'D'
   0002 55                   48 	.db #0x55	; 85	'U'
   0003 5C                   49 	.db #0x5C	; 92
   0004 4C                   50 	.db #0x4C	; 76	'L'
   0005 4D                   51 	.db #0x4D	; 77	'M'
   0006 46                   52 	.db #0x46	; 70	'F'
   0007 57                   53 	.db #0x57	; 87	'W'
   0008 40                   54 	.db #0x40	; 64
   0009 4E                   55 	.db #0x4E	; 78	'N'
   000A 47                   56 	.db #0x47	; 71	'G'
   000B 52                   57 	.db #0x52	; 82	'R'
   000C 53                   58 	.db #0x53	; 83	'S'
   000D 4A                   59 	.db #0x4A	; 74	'J'
   000E 43                   60 	.db #0x43	; 67	'C'
   000F 4B                   61 	.db #0x4B	; 75	'K'
   0010                      62 _g_hero:
   0010 00                   63 	.db #0x00	; 0
   0011 44                   64 	.db #0x44	; 68	'D'
   0012 CC                   65 	.db #0xCC	; 204
   0013 88                   66 	.db #0x88	; 136
   0014 00                   67 	.db #0x00	; 0
   0015 00                   68 	.db #0x00	; 0
   0016 00                   69 	.db #0x00	; 0
   0017 00                   70 	.db #0x00	; 0
   0018 00                   71 	.db #0x00	; 0
   0019 00                   72 	.db #0x00	; 0
   001A C8                   73 	.db #0xC8	; 200
   001B C0                   74 	.db #0xC0	; 192
   001C C4                   75 	.db #0xC4	; 196
   001D 00                   76 	.db #0x00	; 0
   001E 00                   77 	.db #0x00	; 0
   001F 00                   78 	.db #0x00	; 0
   0020 00                   79 	.db #0x00	; 0
   0021 00                   80 	.db #0x00	; 0
   0022 00                   81 	.db #0x00	; 0
   0023 C8                   82 	.db #0xC8	; 200
   0024 C0                   83 	.db #0xC0	; 192
   0025 C4                   84 	.db #0xC4	; 196
   0026 00                   85 	.db #0x00	; 0
   0027 00                   86 	.db #0x00	; 0
   0028 00                   87 	.db #0x00	; 0
   0029 00                   88 	.db #0x00	; 0
   002A 00                   89 	.db #0x00	; 0
   002B 00                   90 	.db #0x00	; 0
   002C CC                   91 	.db #0xCC	; 204
   002D CC                   92 	.db #0xCC	; 204
   002E CC                   93 	.db #0xCC	; 204
   002F 00                   94 	.db #0x00	; 0
   0030 00                   95 	.db #0x00	; 0
   0031 00                   96 	.db #0x00	; 0
   0032 00                   97 	.db #0x00	; 0
   0033 00                   98 	.db #0x00	; 0
   0034 00                   99 	.db #0x00	; 0
   0035 C9                  100 	.db #0xC9	; 201
   0036 C3                  101 	.db #0xC3	; 195
   0037 C3                  102 	.db #0xC3	; 195
   0038 00                  103 	.db #0x00	; 0
   0039 00                  104 	.db #0x00	; 0
   003A 00                  105 	.db #0x00	; 0
   003B 00                  106 	.db #0x00	; 0
   003C 00                  107 	.db #0x00	; 0
   003D 00                  108 	.db #0x00	; 0
   003E C9                  109 	.db #0xC9	; 201
   003F C6                  110 	.db #0xC6	; 198
   0040 CC                  111 	.db #0xCC	; 204
   0041 00                  112 	.db #0x00	; 0
   0042 00                  113 	.db #0x00	; 0
   0043 00                  114 	.db #0x00	; 0
   0044 00                  115 	.db #0x00	; 0
   0045 00                  116 	.db #0x00	; 0
   0046 00                  117 	.db #0x00	; 0
   0047 44                  118 	.db #0x44	; 68	'D'
   0048 C8                  119 	.db #0xC8	; 200
   0049 C4                  120 	.db #0xC4	; 196
   004A 00                  121 	.db #0x00	; 0
   004B 00                  122 	.db #0x00	; 0
   004C 00                  123 	.db #0x00	; 0
   004D 00                  124 	.db #0x00	; 0
   004E 00                  125 	.db #0x00	; 0
   004F 51                  126 	.db #0x51	; 81	'Q'
   0050 F3                  127 	.db #0xF3	; 243
   0051 CC                  128 	.db #0xCC	; 204
   0052 D9                  129 	.db #0xD9	; 217
   0053 F3                  130 	.db #0xF3	; 243
   0054 00                  131 	.db #0x00	; 0
   0055 00                  132 	.db #0x00	; 0
   0056 00                  133 	.db #0x00	; 0
   0057 00                  134 	.db #0x00	; 0
   0058 E6                  135 	.db #0xE6	; 230
   0059 CC                  136 	.db #0xCC	; 204
   005A C0                  137 	.db #0xC0	; 192
   005B C4                  138 	.db #0xC4	; 196
   005C CC                  139 	.db #0xCC	; 204
   005D A2                  140 	.db #0xA2	; 162
   005E 00                  141 	.db #0x00	; 0
   005F 00                  142 	.db #0x00	; 0
   0060 00                  143 	.db #0x00	; 0
   0061 C8                  144 	.db #0xC8	; 200
   0062 C4                  145 	.db #0xC4	; 196
   0063 C0                  146 	.db #0xC0	; 192
   0064 C0                  147 	.db #0xC0	; 192
   0065 03                  148 	.db #0x03	; 3
   0066 03                  149 	.db #0x03	; 3
   0067 00                  150 	.db #0x00	; 0
   0068 00                  151 	.db #0x00	; 0
   0069 00                  152 	.db #0x00	; 0
   006A C8                  153 	.db #0xC8	; 200
   006B C4                  154 	.db #0xC4	; 196
   006C C0                  155 	.db #0xC0	; 192
   006D C0                  156 	.db #0xC0	; 192
   006E 46                  157 	.db #0x46	; 70	'F'
   006F CC                  158 	.db #0xCC	; 204
   0070 02                  159 	.db #0x02	; 2
   0071 00                  160 	.db #0x00	; 0
   0072 80                  161 	.db #0x80	; 128
   0073 C8                  162 	.db #0xC8	; 200
   0074 C0                  163 	.db #0xC0	; 192
   0075 30                  164 	.db #0x30	; 48	'0'
   0076 30                  165 	.db #0x30	; 48	'0'
   0077 03                  166 	.db #0x03	; 3
   0078 03                  167 	.db #0x03	; 3
   0079 03                  168 	.db #0x03	; 3
   007A 42                  169 	.db #0x42	; 66	'B'
   007B C0                  170 	.db #0xC0	; 192
   007C 44                  171 	.db #0x44	; 68	'D'
   007D C0                  172 	.db #0xC0	; 192
   007E 30                  173 	.db #0x30	; 48	'0'
   007F 30                  174 	.db #0x30	; 48	'0'
   0080 03                  175 	.db #0x03	; 3
   0081 42                  176 	.db #0x42	; 66	'B'
   0082 C0                  177 	.db #0xC0	; 192
   0083 81                  178 	.db #0x81	; 129
   0084 02                  179 	.db #0x02	; 2
   0085 00                  180 	.db #0x00	; 0
   0086 C8                  181 	.db #0xC8	; 200
   0087 60                  182 	.db #0x60	; 96
   0088 C4                  183 	.db #0xC4	; 196
   0089 C0                  184 	.db #0xC0	; 192
   008A C0                  185 	.db #0xC0	; 192
   008B C4                  186 	.db #0xC4	; 196
   008C 88                  187 	.db #0x88	; 136
   008D 00                  188 	.db #0x00	; 0
   008E 00                  189 	.db #0x00	; 0
   008F 44                  190 	.db #0x44	; 68	'D'
   0090 C8                  191 	.db #0xC8	; 200
   0091 C4                  192 	.db #0xC4	; 196
   0092 00                  193 	.db #0x00	; 0
   0093 00                  194 	.db #0x00	; 0
   0094 00                  195 	.db #0x00	; 0
   0095 00                  196 	.db #0x00	; 0
   0096 00                  197 	.db #0x00	; 0
   0097 00                  198 	.db #0x00	; 0
   0098 44                  199 	.db #0x44	; 68	'D'
   0099 C8                  200 	.db #0xC8	; 200
   009A C4                  201 	.db #0xC4	; 196
   009B 88                  202 	.db #0x88	; 136
   009C 00                  203 	.db #0x00	; 0
   009D 00                  204 	.db #0x00	; 0
   009E 00                  205 	.db #0x00	; 0
   009F 00                  206 	.db #0x00	; 0
   00A0 00                  207 	.db #0x00	; 0
   00A1 44                  208 	.db #0x44	; 68	'D'
   00A2 46                  209 	.db #0x46	; 70	'F'
   00A3 89                  210 	.db #0x89	; 137
   00A4 88                  211 	.db #0x88	; 136
   00A5 00                  212 	.db #0x00	; 0
   00A6 00                  213 	.db #0x00	; 0
   00A7 00                  214 	.db #0x00	; 0
   00A8 00                  215 	.db #0x00	; 0
   00A9 00                  216 	.db #0x00	; 0
   00AA 44                  217 	.db #0x44	; 68	'D'
   00AB 46                  218 	.db #0x46	; 70	'F'
   00AC 89                  219 	.db #0x89	; 137
   00AD 88                  220 	.db #0x88	; 136
   00AE 00                  221 	.db #0x00	; 0
   00AF 00                  222 	.db #0x00	; 0
   00B0 00                  223 	.db #0x00	; 0
   00B1 00                  224 	.db #0x00	; 0
   00B2 00                  225 	.db #0x00	; 0
   00B3 44                  226 	.db #0x44	; 68	'D'
   00B4 03                  227 	.db #0x03	; 3
   00B5 CC                  228 	.db #0xCC	; 204
   00B6 46                  229 	.db #0x46	; 70	'F'
   00B7 00                  230 	.db #0x00	; 0
   00B8 00                  231 	.db #0x00	; 0
   00B9 00                  232 	.db #0x00	; 0
   00BA 00                  233 	.db #0x00	; 0
   00BB 00                  234 	.db #0x00	; 0
   00BC 44                  235 	.db #0x44	; 68	'D'
   00BD 03                  236 	.db #0x03	; 3
   00BE CC                  237 	.db #0xCC	; 204
   00BF 46                  238 	.db #0x46	; 70	'F'
   00C0 00                  239 	.db #0x00	; 0
   00C1 00                  240 	.db #0x00	; 0
   00C2 00                  241 	.db #0x00	; 0
   00C3 00                  242 	.db #0x00	; 0
   00C4 00                  243 	.db #0x00	; 0
   00C5 89                  244 	.db #0x89	; 137
   00C6 03                  245 	.db #0x03	; 3
   00C7 CC                  246 	.db #0xCC	; 204
   00C8 46                  247 	.db #0x46	; 70	'F'
   00C9 00                  248 	.db #0x00	; 0
   00CA 00                  249 	.db #0x00	; 0
   00CB 00                  250 	.db #0x00	; 0
   00CC 00                  251 	.db #0x00	; 0
   00CD 00                  252 	.db #0x00	; 0
   00CE 89                  253 	.db #0x89	; 137
   00CF 03                  254 	.db #0x03	; 3
   00D0 CC                  255 	.db #0xCC	; 204
   00D1 46                  256 	.db #0x46	; 70	'F'
   00D2 88                  257 	.db #0x88	; 136
   00D3 00                  258 	.db #0x00	; 0
   00D4 00                  259 	.db #0x00	; 0
   00D5 00                  260 	.db #0x00	; 0
   00D6 00                  261 	.db #0x00	; 0
   00D7 89                  262 	.db #0x89	; 137
   00D8 03                  263 	.db #0x03	; 3
   00D9 CC                  264 	.db #0xCC	; 204
   00DA 03                  265 	.db #0x03	; 3
   00DB 88                  266 	.db #0x88	; 136
   00DC 00                  267 	.db #0x00	; 0
   00DD 00                  268 	.db #0x00	; 0
   00DE 00                  269 	.db #0x00	; 0
   00DF 00                  270 	.db #0x00	; 0
   00E0 89                  271 	.db #0x89	; 137
   00E1 03                  272 	.db #0x03	; 3
   00E2 CC                  273 	.db #0xCC	; 204
   00E3 03                  274 	.db #0x03	; 3
   00E4 88                  275 	.db #0x88	; 136
   00E5 00                  276 	.db #0x00	; 0
   00E6 00                  277 	.db #0x00	; 0
   00E7 00                  278 	.db #0x00	; 0
   00E8 00                  279 	.db #0x00	; 0
   00E9 CC                  280 	.db #0xCC	; 204
   00EA CC                  281 	.db #0xCC	; 204
   00EB CC                  282 	.db #0xCC	; 204
   00EC CC                  283 	.db #0xCC	; 204
   00ED 88                  284 	.db #0x88	; 136
   00EE 00                  285 	.db #0x00	; 0
   00EF 00                  286 	.db #0x00	; 0
   00F0 00                  287 	.db #0x00	; 0
                            288 	.area _INITIALIZER
                            289 	.area _CABS (ABS)
