                              1 ;--------------------------------------------------------
                              2 ; File Created by SDCC : free open source ANSI-C Compiler
                              3 ; Version 3.5.5 #9498 (Linux)
                              4 ;--------------------------------------------------------
                              5 	.module hero_down
                              6 	.optsdcc -mz80
                              7 	
                              8 ;--------------------------------------------------------
                              9 ; Public variables in this module
                             10 ;--------------------------------------------------------
                             11 	.globl _g_hero_down
                             12 ;--------------------------------------------------------
                             13 ; special function registers
                             14 ;--------------------------------------------------------
                             15 ;--------------------------------------------------------
                             16 ; ram data
                             17 ;--------------------------------------------------------
                             18 	.area _DATA
                             19 ;--------------------------------------------------------
                             20 ; ram data
                             21 ;--------------------------------------------------------
                             22 	.area _INITIALIZED
                             23 ;--------------------------------------------------------
                             24 ; absolute external ram data
                             25 ;--------------------------------------------------------
                             26 	.area _DABS (ABS)
                             27 ;--------------------------------------------------------
                             28 ; global & static initialisations
                             29 ;--------------------------------------------------------
                             30 	.area _HOME
                             31 	.area _GSINIT
                             32 	.area _GSFINAL
                             33 	.area _GSINIT
                             34 ;--------------------------------------------------------
                             35 ; Home
                             36 ;--------------------------------------------------------
                             37 	.area _HOME
                             38 	.area _HOME
                             39 ;--------------------------------------------------------
                             40 ; code
                             41 ;--------------------------------------------------------
                             42 	.area _CODE
                             43 	.area _CODE
   0000                      44 _g_hero_down:
   0000 00                   45 	.db #0x00	; 0
   0001 00                   46 	.db #0x00	; 0
   0002 CC                   47 	.db #0xCC	; 204
   0003 CC                   48 	.db #0xCC	; 204
   0004 CC                   49 	.db #0xCC	; 204
   0005 00                   50 	.db #0x00	; 0
   0006 00                   51 	.db #0x00	; 0
   0007 00                   52 	.db #0x00	; 0
   0008 44                   53 	.db #0x44	; 68	'D'
   0009 C0                   54 	.db #0xC0	; 192
   000A C0                   55 	.db #0xC0	; 192
   000B C0                   56 	.db #0xC0	; 192
   000C 88                   57 	.db #0x88	; 136
   000D 00                   58 	.db #0x00	; 0
   000E 00                   59 	.db #0x00	; 0
   000F 44                   60 	.db #0x44	; 68	'D'
   0010 CC                   61 	.db #0xCC	; 204
   0011 CC                   62 	.db #0xCC	; 204
   0012 CC                   63 	.db #0xCC	; 204
   0013 88                   64 	.db #0x88	; 136
   0014 00                   65 	.db #0x00	; 0
   0015 00                   66 	.db #0x00	; 0
   0016 44                   67 	.db #0x44	; 68	'D'
   0017 4A                   68 	.db #0x4A	; 74	'J'
   0018 0F                   69 	.db #0x0F	; 15
   0019 85                   70 	.db #0x85	; 133
   001A 88                   71 	.db #0x88	; 136
   001B 00                   72 	.db #0x00	; 0
   001C 00                   73 	.db #0x00	; 0
   001D 44                   74 	.db #0x44	; 68	'D'
   001E 0F                   75 	.db #0x0F	; 15
   001F 0F                   76 	.db #0x0F	; 15
   0020 0F                   77 	.db #0x0F	; 15
   0021 88                   78 	.db #0x88	; 136
   0022 00                   79 	.db #0x00	; 0
   0023 00                   80 	.db #0x00	; 0
   0024 44                   81 	.db #0x44	; 68	'D'
   0025 0F                   82 	.db #0x0F	; 15
   0026 0F                   83 	.db #0x0F	; 15
   0027 0F                   84 	.db #0x0F	; 15
   0028 88                   85 	.db #0x88	; 136
   0029 00                   86 	.db #0x00	; 0
   002A 00                   87 	.db #0x00	; 0
   002B 00                   88 	.db #0x00	; 0
   002C 8D                   89 	.db #0x8D	; 141
   002D 30                   90 	.db #0x30	; 48	'0'
   002E 4E                   91 	.db #0x4E	; 78	'N'
   002F 00                   92 	.db #0x00	; 0
   0030 00                   93 	.db #0x00	; 0
   0031 00                   94 	.db #0x00	; 0
   0032 00                   95 	.db #0x00	; 0
   0033 E6                   96 	.db #0xE6	; 230
   0034 CC                   97 	.db #0xCC	; 204
   0035 D9                   98 	.db #0xD9	; 217
   0036 00                   99 	.db #0x00	; 0
   0037 00                  100 	.db #0x00	; 0
   0038 00                  101 	.db #0x00	; 0
   0039 51                  102 	.db #0x51	; 81	'Q'
   003A C8                  103 	.db #0xC8	; 200
   003B C0                  104 	.db #0xC0	; 192
   003C C4                  105 	.db #0xC4	; 196
   003D A2                  106 	.db #0xA2	; 162
   003E 00                  107 	.db #0x00	; 0
   003F 00                  108 	.db #0x00	; 0
   0040 44                  109 	.db #0x44	; 68	'D'
   0041 C0                  110 	.db #0xC0	; 192
   0042 03                  111 	.db #0x03	; 3
   0043 C0                  112 	.db #0xC0	; 192
   0044 88                  113 	.db #0x88	; 136
   0045 00                  114 	.db #0x00	; 0
   0046 00                  115 	.db #0x00	; 0
   0047 44                  116 	.db #0x44	; 68	'D'
   0048 81                  117 	.db #0x81	; 129
   0049 03                  118 	.db #0x03	; 3
   004A 42                  119 	.db #0x42	; 66	'B'
   004B 88                  120 	.db #0x88	; 136
   004C 00                  121 	.db #0x00	; 0
   004D 00                  122 	.db #0x00	; 0
   004E 44                  123 	.db #0x44	; 68	'D'
   004F 81                  124 	.db #0x81	; 129
   0050 C0                  125 	.db #0xC0	; 192
   0051 42                  126 	.db #0x42	; 66	'B'
   0052 88                  127 	.db #0x88	; 136
   0053 00                  128 	.db #0x00	; 0
   0054 00                  129 	.db #0x00	; 0
   0055 00                  130 	.db #0x00	; 0
   0056 98                  131 	.db #0x98	; 152
   0057 30                  132 	.db #0x30	; 48	'0'
   0058 64                  133 	.db #0x64	; 100	'd'
   0059 00                  134 	.db #0x00	; 0
   005A 00                  135 	.db #0x00	; 0
   005B 00                  136 	.db #0x00	; 0
   005C 00                  137 	.db #0x00	; 0
   005D 10                  138 	.db #0x10	; 16
   005E C0                  139 	.db #0xC0	; 192
   005F 20                  140 	.db #0x20	; 32
   0060 00                  141 	.db #0x00	; 0
   0061 00                  142 	.db #0x00	; 0
   0062 00                  143 	.db #0x00	; 0
   0063 00                  144 	.db #0x00	; 0
   0064 CC                  145 	.db #0xCC	; 204
   0065 C0                  146 	.db #0xC0	; 192
   0066 CC                  147 	.db #0xCC	; 204
   0067 00                  148 	.db #0x00	; 0
   0068 00                  149 	.db #0x00	; 0
   0069 00                  150 	.db #0x00	; 0
   006A 00                  151 	.db #0x00	; 0
   006B CC                  152 	.db #0xCC	; 204
   006C C0                  153 	.db #0xC0	; 192
   006D CC                  154 	.db #0xCC	; 204
   006E 00                  155 	.db #0x00	; 0
   006F 00                  156 	.db #0x00	; 0
   0070 00                  157 	.db #0x00	; 0
   0071 00                  158 	.db #0x00	; 0
   0072 C8                  159 	.db #0xC8	; 200
   0073 CC                  160 	.db #0xCC	; 204
   0074 C4                  161 	.db #0xC4	; 196
   0075 00                  162 	.db #0x00	; 0
   0076 00                  163 	.db #0x00	; 0
   0077 00                  164 	.db #0x00	; 0
   0078 00                  165 	.db #0x00	; 0
   0079 C8                  166 	.db #0xC8	; 200
   007A CC                  167 	.db #0xCC	; 204
   007B C4                  168 	.db #0xC4	; 196
   007C 00                  169 	.db #0x00	; 0
   007D 00                  170 	.db #0x00	; 0
   007E 00                  171 	.db #0x00	; 0
   007F 00                  172 	.db #0x00	; 0
   0080 C8                  173 	.db #0xC8	; 200
   0081 CC                  174 	.db #0xCC	; 204
   0082 C4                  175 	.db #0xC4	; 196
   0083 00                  176 	.db #0x00	; 0
   0084 00                  177 	.db #0x00	; 0
   0085 00                  178 	.db #0x00	; 0
   0086 44                  179 	.db #0x44	; 68	'D'
   0087 C0                  180 	.db #0xC0	; 192
   0088 CC                  181 	.db #0xCC	; 204
   0089 C0                  182 	.db #0xC0	; 192
   008A 88                  183 	.db #0x88	; 136
   008B 00                  184 	.db #0x00	; 0
   008C 00                  185 	.db #0x00	; 0
   008D 44                  186 	.db #0x44	; 68	'D'
   008E C0                  187 	.db #0xC0	; 192
   008F CC                  188 	.db #0xCC	; 204
   0090 C0                  189 	.db #0xC0	; 192
   0091 88                  190 	.db #0x88	; 136
   0092 00                  191 	.db #0x00	; 0
   0093 00                  192 	.db #0x00	; 0
   0094 44                  193 	.db #0x44	; 68	'D'
   0095 CC                  194 	.db #0xCC	; 204
   0096 CC                  195 	.db #0xCC	; 204
   0097 CC                  196 	.db #0xCC	; 204
   0098 88                  197 	.db #0x88	; 136
   0099 00                  198 	.db #0x00	; 0
                            199 	.area _INITIALIZER
                            200 	.area _CABS (ABS)
