                              1 ;--------------------------------------------------------
                              2 ; File Created by SDCC : free open source ANSI-C Compiler
                              3 ; Version 3.5.5 #9498 (Linux)
                              4 ;--------------------------------------------------------
                              5 	.module knifestruct
                              6 	.optsdcc -mz80
                              7 	
                              8 ;--------------------------------------------------------
                              9 ; Public variables in this module
                             10 ;--------------------------------------------------------
                             11 	.globl _getTilePtr
                             12 	.globl _cpct_etm_drawTileBox2x4
                             13 	.globl _cpct_getScreenPtr
                             14 	.globl _cpct_drawSpriteMaskedAlignedTable
                             15 	.globl _dibujarCuchillo
                             16 	.globl _borrarCuchillo
                             17 	.globl _redibujarCuchillo
                             18 	.globl _lanzarCuchillo
                             19 	.globl _checkOffBounds
                             20 	.globl _checkKnifeCollision
                             21 	.globl _moverCuchillo
                             22 ;--------------------------------------------------------
                             23 ; special function registers
                             24 ;--------------------------------------------------------
                             25 ;--------------------------------------------------------
                             26 ; ram data
                             27 ;--------------------------------------------------------
                             28 	.area _DATA
                             29 ;--------------------------------------------------------
                             30 ; ram data
                             31 ;--------------------------------------------------------
                             32 	.area _INITIALIZED
                             33 ;--------------------------------------------------------
                             34 ; absolute external ram data
                             35 ;--------------------------------------------------------
                             36 	.area _DABS (ABS)
                             37 ;--------------------------------------------------------
                             38 ; global & static initialisations
                             39 ;--------------------------------------------------------
                             40 	.area _HOME
                             41 	.area _GSINIT
                             42 	.area _GSFINAL
                             43 	.area _GSINIT
                             44 ;--------------------------------------------------------
                             45 ; Home
                             46 ;--------------------------------------------------------
                             47 	.area _HOME
                             48 	.area _HOME
                             49 ;--------------------------------------------------------
                             50 ; code
                             51 ;--------------------------------------------------------
                             52 	.area _CODE
                             53 ;src/knifestruct.c:22: void dibujarCuchillo(TKnife* cu, u8* g_tablatrans) {
                             54 ;	---------------------------------
                             55 ; Function dibujarCuchillo
                             56 ; ---------------------------------
   0000                      57 _dibujarCuchillo::
   0000 DD E5         [15]   58 	push	ix
   0002 DD 21 00 00   [14]   59 	ld	ix,#0
   0006 DD 39         [15]   60 	add	ix,sp
   0008 21 FA FF      [10]   61 	ld	hl,#-6
   000B 39            [11]   62 	add	hl,sp
   000C F9            [ 6]   63 	ld	sp,hl
                             64 ;src/knifestruct.c:23: u8* pvmem = cpct_getScreenPtr(CPCT_VMEM_START, cu->x, cu->y);
   000D DD 5E 04      [19]   65 	ld	e,4 (ix)
   0010 DD 56 05      [19]   66 	ld	d,5 (ix)
   0013 6B            [ 4]   67 	ld	l, e
   0014 62            [ 4]   68 	ld	h, d
   0015 23            [ 6]   69 	inc	hl
   0016 46            [ 7]   70 	ld	b,(hl)
   0017 1A            [ 7]   71 	ld	a,(de)
   0018 D5            [11]   72 	push	de
   0019 C5            [11]   73 	push	bc
   001A 33            [ 6]   74 	inc	sp
   001B F5            [11]   75 	push	af
   001C 33            [ 6]   76 	inc	sp
   001D 21 00 C0      [10]   77 	ld	hl,#0xC000
   0020 E5            [11]   78 	push	hl
   0021 CDr00r00      [17]   79 	call	_cpct_getScreenPtr
   0024 D1            [10]   80 	pop	de
   0025 33            [ 6]   81 	inc	sp
   0026 33            [ 6]   82 	inc	sp
   0027 E5            [11]   83 	push	hl
                             84 ;src/knifestruct.c:24: if(cu->eje == E_X){
   0028 D5            [11]   85 	push	de
   0029 FD E1         [14]   86 	pop	iy
   002B FD 4E 08      [19]   87 	ld	c,8 (iy)
                             88 ;src/knifestruct.c:25: cpct_drawSpriteMaskedAlignedTable (cu->sprite, pvmem, G_KNIFEX_0_W, G_KNIFEX_0_H, g_tablatrans);
   002E DD 7E 06      [19]   89 	ld	a,6 (ix)
   0031 DD 77 FC      [19]   90 	ld	-4 (ix),a
   0034 DD 7E 07      [19]   91 	ld	a,7 (ix)
   0037 DD 77 FD      [19]   92 	ld	-3 (ix),a
   003A DD 7E FA      [19]   93 	ld	a,-6 (ix)
   003D DD 77 FE      [19]   94 	ld	-2 (ix),a
   0040 DD 7E FB      [19]   95 	ld	a,-5 (ix)
   0043 DD 77 FF      [19]   96 	ld	-1 (ix),a
   0046 13            [ 6]   97 	inc	de
   0047 13            [ 6]   98 	inc	de
   0048 13            [ 6]   99 	inc	de
   0049 13            [ 6]  100 	inc	de
                            101 ;src/knifestruct.c:24: if(cu->eje == E_X){
   004A 79            [ 4]  102 	ld	a,c
   004B B7            [ 4]  103 	or	a, a
   004C 20 1A         [12]  104 	jr	NZ,00104$
                            105 ;src/knifestruct.c:25: cpct_drawSpriteMaskedAlignedTable (cu->sprite, pvmem, G_KNIFEX_0_W, G_KNIFEX_0_H, g_tablatrans);
   004E EB            [ 4]  106 	ex	de,hl
   004F 4E            [ 7]  107 	ld	c,(hl)
   0050 23            [ 6]  108 	inc	hl
   0051 46            [ 7]  109 	ld	b,(hl)
   0052 D1            [10]  110 	pop	de
   0053 E1            [10]  111 	pop	hl
   0054 E5            [11]  112 	push	hl
   0055 D5            [11]  113 	push	de
   0056 E5            [11]  114 	push	hl
   0057 21 04 04      [10]  115 	ld	hl,#0x0404
   005A E5            [11]  116 	push	hl
   005B DD 6E FE      [19]  117 	ld	l,-2 (ix)
   005E DD 66 FF      [19]  118 	ld	h,-1 (ix)
   0061 E5            [11]  119 	push	hl
   0062 C5            [11]  120 	push	bc
   0063 CDr00r00      [17]  121 	call	_cpct_drawSpriteMaskedAlignedTable
   0066 18 1B         [12]  122 	jr	00106$
   0068                     123 00104$:
                            124 ;src/knifestruct.c:28: else if(cu->eje == E_Y){
   0068 0D            [ 4]  125 	dec	c
   0069 20 18         [12]  126 	jr	NZ,00106$
                            127 ;src/knifestruct.c:29: cpct_drawSpriteMaskedAlignedTable (cu->sprite, pvmem, G_KNIFEY_0_W, G_KNIFEY_0_H, g_tablatrans);
   006B EB            [ 4]  128 	ex	de,hl
   006C 4E            [ 7]  129 	ld	c,(hl)
   006D 23            [ 6]  130 	inc	hl
   006E 46            [ 7]  131 	ld	b,(hl)
   006F D1            [10]  132 	pop	de
   0070 E1            [10]  133 	pop	hl
   0071 E5            [11]  134 	push	hl
   0072 D5            [11]  135 	push	de
   0073 E5            [11]  136 	push	hl
   0074 21 02 08      [10]  137 	ld	hl,#0x0802
   0077 E5            [11]  138 	push	hl
   0078 DD 6E FE      [19]  139 	ld	l,-2 (ix)
   007B DD 66 FF      [19]  140 	ld	h,-1 (ix)
   007E E5            [11]  141 	push	hl
   007F C5            [11]  142 	push	bc
   0080 CDr00r00      [17]  143 	call	_cpct_drawSpriteMaskedAlignedTable
   0083                     144 00106$:
   0083 DD F9         [10]  145 	ld	sp, ix
   0085 DD E1         [14]  146 	pop	ix
   0087 C9            [10]  147 	ret
                            148 ;src/knifestruct.c:33: void borrarCuchillo(u8 eje, u8 x, u8 y, u8* mapa) {
                            149 ;	---------------------------------
                            150 ; Function borrarCuchillo
                            151 ; ---------------------------------
   0088                     152 _borrarCuchillo::
   0088 DD E5         [15]  153 	push	ix
   008A DD 21 00 00   [14]  154 	ld	ix,#0
   008E DD 39         [15]  155 	add	ix,sp
   0090 F5            [11]  156 	push	af
   0091 F5            [11]  157 	push	af
                            158 ;src/knifestruct.c:39: w = 4 + (x & 1);
   0092 DD 7E 05      [19]  159 	ld	a,5 (ix)
   0095 E6 01         [ 7]  160 	and	a, #0x01
   0097 47            [ 4]  161 	ld	b,a
                            162 ;src/knifestruct.c:40: h = 1 + (y & 3 ? 1 : 0);
   0098 DD 7E 06      [19]  163 	ld	a,6 (ix)
   009B E6 03         [ 7]  164 	and	a, #0x03
   009D 4F            [ 4]  165 	ld	c,a
                            166 ;src/knifestruct.c:38: if(eje == E_X){
   009E DD 7E 04      [19]  167 	ld	a,4 (ix)
   00A1 B7            [ 4]  168 	or	a, a
   00A2 20 11         [12]  169 	jr	NZ,00102$
                            170 ;src/knifestruct.c:39: w = 4 + (x & 1);
   00A4 04            [ 4]  171 	inc	b
   00A5 04            [ 4]  172 	inc	b
   00A6 04            [ 4]  173 	inc	b
   00A7 04            [ 4]  174 	inc	b
                            175 ;src/knifestruct.c:40: h = 1 + (y & 3 ? 1 : 0);
   00A8 79            [ 4]  176 	ld	a,c
   00A9 B7            [ 4]  177 	or	a, a
   00AA 28 04         [12]  178 	jr	Z,00106$
   00AC 0E 01         [ 7]  179 	ld	c,#0x01
   00AE 18 02         [12]  180 	jr	00107$
   00B0                     181 00106$:
   00B0 0E 00         [ 7]  182 	ld	c,#0x00
   00B2                     183 00107$:
   00B2 0C            [ 4]  184 	inc	c
   00B3 18 0E         [12]  185 	jr	00103$
   00B5                     186 00102$:
                            187 ;src/knifestruct.c:42: w = 2 + (x & 1);
   00B5 04            [ 4]  188 	inc	b
   00B6 04            [ 4]  189 	inc	b
                            190 ;src/knifestruct.c:43: h = 2 + (y & 3 ? 1 : 0);
   00B7 79            [ 4]  191 	ld	a,c
   00B8 B7            [ 4]  192 	or	a, a
   00B9 28 04         [12]  193 	jr	Z,00108$
   00BB 0E 01         [ 7]  194 	ld	c,#0x01
   00BD 18 02         [12]  195 	jr	00109$
   00BF                     196 00108$:
   00BF 0E 00         [ 7]  197 	ld	c,#0x00
   00C1                     198 00109$:
   00C1 0C            [ 4]  199 	inc	c
   00C2 0C            [ 4]  200 	inc	c
   00C3                     201 00103$:
                            202 ;src/knifestruct.c:47: cpct_etm_drawTileBox2x4 (x / 2, (y - ORIGEN_MAPA_Y)/4, w, h, g_map1_W, p, mapa);
   00C3 DD 7E 07      [19]  203 	ld	a,7 (ix)
   00C6 DD 77 FC      [19]  204 	ld	-4 (ix),a
   00C9 DD 7E 08      [19]  205 	ld	a,8 (ix)
   00CC DD 77 FD      [19]  206 	ld	-3 (ix),a
   00CF DD 5E 06      [19]  207 	ld	e,6 (ix)
   00D2 16 00         [ 7]  208 	ld	d,#0x00
   00D4 7B            [ 4]  209 	ld	a,e
   00D5 C6 E8         [ 7]  210 	add	a,#0xE8
   00D7 DD 77 FE      [19]  211 	ld	-2 (ix),a
   00DA 7A            [ 4]  212 	ld	a,d
   00DB CE FF         [ 7]  213 	adc	a,#0xFF
   00DD DD 77 FF      [19]  214 	ld	-1 (ix),a
   00E0 DD 6E FE      [19]  215 	ld	l,-2 (ix)
   00E3 DD 66 FF      [19]  216 	ld	h,-1 (ix)
   00E6 DD CB FF 7E   [20]  217 	bit	7, -1 (ix)
   00EA 28 04         [12]  218 	jr	Z,00110$
   00EC 21 EB FF      [10]  219 	ld	hl,#0xFFEB
   00EF 19            [11]  220 	add	hl,de
   00F0                     221 00110$:
   00F0 5D            [ 4]  222 	ld	e,l
   00F1 CB 2C         [ 8]  223 	sra	h
   00F3 CB 1B         [ 8]  224 	rr	e
   00F5 CB 2C         [ 8]  225 	sra	h
   00F7 CB 1B         [ 8]  226 	rr	e
   00F9 DD 56 05      [19]  227 	ld	d,5 (ix)
   00FC CB 3A         [ 8]  228 	srl	d
   00FE E1            [10]  229 	pop	hl
   00FF E5            [11]  230 	push	hl
   0100 E5            [11]  231 	push	hl
   0101 21 F0 C0      [10]  232 	ld	hl,#0xC0F0
   0104 E5            [11]  233 	push	hl
   0105 3E 28         [ 7]  234 	ld	a,#0x28
   0107 F5            [11]  235 	push	af
   0108 33            [ 6]  236 	inc	sp
   0109 79            [ 4]  237 	ld	a,c
   010A F5            [11]  238 	push	af
   010B 33            [ 6]  239 	inc	sp
   010C C5            [11]  240 	push	bc
   010D 33            [ 6]  241 	inc	sp
   010E 7B            [ 4]  242 	ld	a,e
   010F F5            [11]  243 	push	af
   0110 33            [ 6]  244 	inc	sp
   0111 D5            [11]  245 	push	de
   0112 33            [ 6]  246 	inc	sp
   0113 CDr00r00      [17]  247 	call	_cpct_etm_drawTileBox2x4
   0116 DD F9         [10]  248 	ld	sp, ix
   0118 DD E1         [14]  249 	pop	ix
   011A C9            [10]  250 	ret
                            251 ;src/knifestruct.c:50: void redibujarCuchillo(u8 eje, u8 x, u8 y, TKnife* cu, u8* g_tablatrans, u8* mapa) {
                            252 ;	---------------------------------
                            253 ; Function redibujarCuchillo
                            254 ; ---------------------------------
   011B                     255 _redibujarCuchillo::
   011B DD E5         [15]  256 	push	ix
   011D DD 21 00 00   [14]  257 	ld	ix,#0
   0121 DD 39         [15]  258 	add	ix,sp
                            259 ;src/knifestruct.c:51: borrarCuchillo(eje, x, y, mapa);
   0123 DD 6E 0B      [19]  260 	ld	l,11 (ix)
   0126 DD 66 0C      [19]  261 	ld	h,12 (ix)
   0129 E5            [11]  262 	push	hl
   012A DD 66 06      [19]  263 	ld	h,6 (ix)
   012D DD 6E 05      [19]  264 	ld	l,5 (ix)
   0130 E5            [11]  265 	push	hl
   0131 DD 7E 04      [19]  266 	ld	a,4 (ix)
   0134 F5            [11]  267 	push	af
   0135 33            [ 6]  268 	inc	sp
   0136 CDr88r00      [17]  269 	call	_borrarCuchillo
   0139 F1            [10]  270 	pop	af
   013A F1            [10]  271 	pop	af
   013B 33            [ 6]  272 	inc	sp
                            273 ;src/knifestruct.c:52: cu->px = cu->x;
   013C DD 4E 07      [19]  274 	ld	c,7 (ix)
   013F DD 46 08      [19]  275 	ld	b,8 (ix)
   0142 59            [ 4]  276 	ld	e, c
   0143 50            [ 4]  277 	ld	d, b
   0144 13            [ 6]  278 	inc	de
   0145 13            [ 6]  279 	inc	de
   0146 0A            [ 7]  280 	ld	a,(bc)
   0147 12            [ 7]  281 	ld	(de),a
                            282 ;src/knifestruct.c:53: cu->py = cu->y;
   0148 59            [ 4]  283 	ld	e, c
   0149 50            [ 4]  284 	ld	d, b
   014A 13            [ 6]  285 	inc	de
   014B 13            [ 6]  286 	inc	de
   014C 13            [ 6]  287 	inc	de
   014D 69            [ 4]  288 	ld	l, c
   014E 60            [ 4]  289 	ld	h, b
   014F 23            [ 6]  290 	inc	hl
   0150 7E            [ 7]  291 	ld	a,(hl)
   0151 12            [ 7]  292 	ld	(de),a
                            293 ;src/knifestruct.c:54: dibujarCuchillo(cu, g_tablatrans);
   0152 DD 6E 09      [19]  294 	ld	l,9 (ix)
   0155 DD 66 0A      [19]  295 	ld	h,10 (ix)
   0158 E5            [11]  296 	push	hl
   0159 C5            [11]  297 	push	bc
   015A CDr00r00      [17]  298 	call	_dibujarCuchillo
   015D F1            [10]  299 	pop	af
   015E F1            [10]  300 	pop	af
   015F DD E1         [14]  301 	pop	ix
   0161 C9            [10]  302 	ret
                            303 ;src/knifestruct.c:57: void lanzarCuchillo(TKnife* cu, TProta* prota, u8* mapa, u8* g_tablatrans){
                            304 ;	---------------------------------
                            305 ; Function lanzarCuchillo
                            306 ; ---------------------------------
   0162                     307 _lanzarCuchillo::
   0162 DD E5         [15]  308 	push	ix
   0164 DD 21 00 00   [14]  309 	ld	ix,#0
   0168 DD 39         [15]  310 	add	ix,sp
   016A 21 F2 FF      [10]  311 	ld	hl,#-14
   016D 39            [11]  312 	add	hl,sp
   016E F9            [ 6]  313 	ld	sp,hl
                            314 ;src/knifestruct.c:59: if(!cu->lanzado){
   016F DD 4E 04      [19]  315 	ld	c,4 (ix)
   0172 DD 46 05      [19]  316 	ld	b,5 (ix)
   0175 21 06 00      [10]  317 	ld	hl,#0x0006
   0178 09            [11]  318 	add	hl,bc
   0179 DD 75 FC      [19]  319 	ld	-4 (ix),l
   017C DD 74 FD      [19]  320 	ld	-3 (ix),h
   017F DD 6E FC      [19]  321 	ld	l,-4 (ix)
   0182 DD 66 FD      [19]  322 	ld	h,-3 (ix)
   0185 7E            [ 7]  323 	ld	a,(hl)
   0186 B7            [ 4]  324 	or	a, a
   0187 C2rBEr03      [10]  325 	jp	NZ,00122$
                            326 ;src/knifestruct.c:61: if(prota->mira == M_derecha){
   018A DD 5E 06      [19]  327 	ld	e,6 (ix)
   018D DD 56 07      [19]  328 	ld	d,7 (ix)
   0190 6B            [ 4]  329 	ld	l, e
   0191 62            [ 4]  330 	ld	h, d
   0192 C5            [11]  331 	push	bc
   0193 01 07 00      [10]  332 	ld	bc, #0x0007
   0196 09            [11]  333 	add	hl, bc
   0197 C1            [10]  334 	pop	bc
   0198 6E            [ 7]  335 	ld	l,(hl)
                            336 ;src/knifestruct.c:62: if( *getTilePtr(mapa, prota->x + G_HERO_W + G_KNIFEX_0_W + 1, prota->y + G_HERO_H /2) <= 2){
   0199 7B            [ 4]  337 	ld	a,e
   019A C6 01         [ 7]  338 	add	a, #0x01
   019C DD 77 F3      [19]  339 	ld	-13 (ix),a
   019F 7A            [ 4]  340 	ld	a,d
   01A0 CE 00         [ 7]  341 	adc	a, #0x00
   01A2 DD 77 F4      [19]  342 	ld	-12 (ix),a
                            343 ;src/knifestruct.c:64: cu->direccion = M_derecha;
   01A5 79            [ 4]  344 	ld	a,c
   01A6 C6 07         [ 7]  345 	add	a, #0x07
   01A8 DD 77 FE      [19]  346 	ld	-2 (ix),a
   01AB 78            [ 4]  347 	ld	a,b
   01AC CE 00         [ 7]  348 	adc	a, #0x00
   01AE DD 77 FF      [19]  349 	ld	-1 (ix),a
                            350 ;src/knifestruct.c:66: cu->y=prota->y + G_HERO_H /2;
   01B1 79            [ 4]  351 	ld	a,c
   01B2 C6 01         [ 7]  352 	add	a, #0x01
   01B4 DD 77 FA      [19]  353 	ld	-6 (ix),a
   01B7 78            [ 4]  354 	ld	a,b
   01B8 CE 00         [ 7]  355 	adc	a, #0x00
   01BA DD 77 FB      [19]  356 	ld	-5 (ix),a
                            357 ;src/knifestruct.c:67: cu->sprite=g_knifeX_0;
   01BD 79            [ 4]  358 	ld	a,c
   01BE C6 04         [ 7]  359 	add	a, #0x04
   01C0 DD 77 F8      [19]  360 	ld	-8 (ix),a
   01C3 78            [ 4]  361 	ld	a,b
   01C4 CE 00         [ 7]  362 	adc	a, #0x00
   01C6 DD 77 F9      [19]  363 	ld	-7 (ix),a
                            364 ;src/knifestruct.c:68: cu->eje = E_X;
   01C9 79            [ 4]  365 	ld	a,c
   01CA C6 08         [ 7]  366 	add	a, #0x08
   01CC DD 77 F5      [19]  367 	ld	-11 (ix),a
   01CF 78            [ 4]  368 	ld	a,b
   01D0 CE 00         [ 7]  369 	adc	a, #0x00
   01D2 DD 77 F6      [19]  370 	ld	-10 (ix),a
                            371 ;src/knifestruct.c:61: if(prota->mira == M_derecha){
   01D5 7D            [ 4]  372 	ld	a,l
   01D6 B7            [ 4]  373 	or	a, a
   01D7 20 77         [12]  374 	jr	NZ,00118$
                            375 ;src/knifestruct.c:62: if( *getTilePtr(mapa, prota->x + G_HERO_W + G_KNIFEX_0_W + 1, prota->y + G_HERO_H /2) <= 2){
   01D9 DD 6E F3      [19]  376 	ld	l,-13 (ix)
   01DC DD 66 F4      [19]  377 	ld	h,-12 (ix)
   01DF 7E            [ 7]  378 	ld	a,(hl)
   01E0 C6 0B         [ 7]  379 	add	a, #0x0B
   01E2 DD 77 F2      [19]  380 	ld	-14 (ix),a
   01E5 1A            [ 7]  381 	ld	a,(de)
   01E6 C6 0C         [ 7]  382 	add	a, #0x0C
   01E8 DD 77 F7      [19]  383 	ld	-9 (ix),a
   01EB C5            [11]  384 	push	bc
   01EC D5            [11]  385 	push	de
   01ED DD 66 F2      [19]  386 	ld	h,-14 (ix)
   01F0 DD 6E F7      [19]  387 	ld	l,-9 (ix)
   01F3 E5            [11]  388 	push	hl
   01F4 DD 6E 08      [19]  389 	ld	l,8 (ix)
   01F7 DD 66 09      [19]  390 	ld	h,9 (ix)
   01FA E5            [11]  391 	push	hl
   01FB CDr00r00      [17]  392 	call	_getTilePtr
   01FE F1            [10]  393 	pop	af
   01FF F1            [10]  394 	pop	af
   0200 D1            [10]  395 	pop	de
   0201 C1            [10]  396 	pop	bc
   0202 6E            [ 7]  397 	ld	l,(hl)
   0203 3E 02         [ 7]  398 	ld	a,#0x02
   0205 95            [ 4]  399 	sub	a, l
   0206 DArBEr03      [10]  400 	jp	C,00122$
                            401 ;src/knifestruct.c:63: cu->lanzado = SI;
   0209 DD 6E FC      [19]  402 	ld	l,-4 (ix)
   020C DD 66 FD      [19]  403 	ld	h,-3 (ix)
   020F 36 01         [10]  404 	ld	(hl),#0x01
                            405 ;src/knifestruct.c:64: cu->direccion = M_derecha;
   0211 DD 6E FE      [19]  406 	ld	l,-2 (ix)
   0214 DD 66 FF      [19]  407 	ld	h,-1 (ix)
   0217 36 00         [10]  408 	ld	(hl),#0x00
                            409 ;src/knifestruct.c:65: cu->x=prota->x + G_HERO_W;
   0219 1A            [ 7]  410 	ld	a,(de)
   021A C6 07         [ 7]  411 	add	a, #0x07
   021C 02            [ 7]  412 	ld	(bc),a
                            413 ;src/knifestruct.c:66: cu->y=prota->y + G_HERO_H /2;
   021D DD 6E F3      [19]  414 	ld	l,-13 (ix)
   0220 DD 66 F4      [19]  415 	ld	h,-12 (ix)
   0223 7E            [ 7]  416 	ld	a,(hl)
   0224 C6 0B         [ 7]  417 	add	a, #0x0B
   0226 DD 6E FA      [19]  418 	ld	l,-6 (ix)
   0229 DD 66 FB      [19]  419 	ld	h,-5 (ix)
   022C 77            [ 7]  420 	ld	(hl),a
                            421 ;src/knifestruct.c:67: cu->sprite=g_knifeX_0;
   022D DD 6E F8      [19]  422 	ld	l,-8 (ix)
   0230 DD 66 F9      [19]  423 	ld	h,-7 (ix)
   0233 36r00         [10]  424 	ld	(hl),#<(_g_knifeX_0)
   0235 23            [ 6]  425 	inc	hl
   0236 36s00         [10]  426 	ld	(hl),#>(_g_knifeX_0)
                            427 ;src/knifestruct.c:68: cu->eje = E_X;
   0238 DD 6E F5      [19]  428 	ld	l,-11 (ix)
   023B DD 66 F6      [19]  429 	ld	h,-10 (ix)
   023E 36 00         [10]  430 	ld	(hl),#0x00
                            431 ;src/knifestruct.c:69: dibujarCuchillo(cu, g_tablatrans);
   0240 DD 6E 0A      [19]  432 	ld	l,10 (ix)
   0243 DD 66 0B      [19]  433 	ld	h,11 (ix)
   0246 E5            [11]  434 	push	hl
   0247 C5            [11]  435 	push	bc
   0248 CDr00r00      [17]  436 	call	_dibujarCuchillo
   024B F1            [10]  437 	pop	af
   024C F1            [10]  438 	pop	af
   024D C3rBEr03      [10]  439 	jp	00122$
   0250                     440 00118$:
                            441 ;src/knifestruct.c:72: else if(prota->mira == M_izquierda){
   0250 7D            [ 4]  442 	ld	a,l
   0251 3D            [ 4]  443 	dec	a
   0252 20 77         [12]  444 	jr	NZ,00115$
                            445 ;src/knifestruct.c:73: if( *getTilePtr(mapa, prota->x - G_KNIFEX_0_W - 1 - G_KNIFEX_0_W - 1, prota->y + G_HERO_H /2) <= 2){
   0254 DD 6E F3      [19]  446 	ld	l,-13 (ix)
   0257 DD 66 F4      [19]  447 	ld	h,-12 (ix)
   025A 7E            [ 7]  448 	ld	a,(hl)
   025B C6 0B         [ 7]  449 	add	a, #0x0B
   025D DD 77 F7      [19]  450 	ld	-9 (ix),a
   0260 1A            [ 7]  451 	ld	a,(de)
   0261 C6 F6         [ 7]  452 	add	a,#0xF6
   0263 DD 77 F2      [19]  453 	ld	-14 (ix),a
   0266 C5            [11]  454 	push	bc
   0267 D5            [11]  455 	push	de
   0268 DD 66 F7      [19]  456 	ld	h,-9 (ix)
   026B DD 6E F2      [19]  457 	ld	l,-14 (ix)
   026E E5            [11]  458 	push	hl
   026F DD 6E 08      [19]  459 	ld	l,8 (ix)
   0272 DD 66 09      [19]  460 	ld	h,9 (ix)
   0275 E5            [11]  461 	push	hl
   0276 CDr00r00      [17]  462 	call	_getTilePtr
   0279 F1            [10]  463 	pop	af
   027A F1            [10]  464 	pop	af
   027B D1            [10]  465 	pop	de
   027C C1            [10]  466 	pop	bc
   027D 6E            [ 7]  467 	ld	l,(hl)
   027E 3E 02         [ 7]  468 	ld	a,#0x02
   0280 95            [ 4]  469 	sub	a, l
   0281 DArBEr03      [10]  470 	jp	C,00122$
                            471 ;src/knifestruct.c:74: cu->lanzado = SI;
   0284 DD 6E FC      [19]  472 	ld	l,-4 (ix)
   0287 DD 66 FD      [19]  473 	ld	h,-3 (ix)
   028A 36 01         [10]  474 	ld	(hl),#0x01
                            475 ;src/knifestruct.c:75: cu->direccion = M_izquierda;
   028C DD 6E FE      [19]  476 	ld	l,-2 (ix)
   028F DD 66 FF      [19]  477 	ld	h,-1 (ix)
   0292 36 01         [10]  478 	ld	(hl),#0x01
                            479 ;src/knifestruct.c:76: cu->x = prota->x - G_KNIFEX_0_W;
   0294 1A            [ 7]  480 	ld	a,(de)
   0295 C6 FC         [ 7]  481 	add	a,#0xFC
   0297 02            [ 7]  482 	ld	(bc),a
                            483 ;src/knifestruct.c:77: cu->y = prota->y + G_HERO_H /2;
   0298 DD 6E F3      [19]  484 	ld	l,-13 (ix)
   029B DD 66 F4      [19]  485 	ld	h,-12 (ix)
   029E 7E            [ 7]  486 	ld	a,(hl)
   029F C6 0B         [ 7]  487 	add	a, #0x0B
   02A1 DD 6E FA      [19]  488 	ld	l,-6 (ix)
   02A4 DD 66 FB      [19]  489 	ld	h,-5 (ix)
   02A7 77            [ 7]  490 	ld	(hl),a
                            491 ;src/knifestruct.c:78: cu->sprite = g_knifeX_1;
   02A8 DD 6E F8      [19]  492 	ld	l,-8 (ix)
   02AB DD 66 F9      [19]  493 	ld	h,-7 (ix)
   02AE 36r00         [10]  494 	ld	(hl),#<(_g_knifeX_1)
   02B0 23            [ 6]  495 	inc	hl
   02B1 36s00         [10]  496 	ld	(hl),#>(_g_knifeX_1)
                            497 ;src/knifestruct.c:79: cu->eje = E_X;
   02B3 DD 6E F5      [19]  498 	ld	l,-11 (ix)
   02B6 DD 66 F6      [19]  499 	ld	h,-10 (ix)
   02B9 36 00         [10]  500 	ld	(hl),#0x00
                            501 ;src/knifestruct.c:80: dibujarCuchillo(cu, g_tablatrans);
   02BB DD 6E 0A      [19]  502 	ld	l,10 (ix)
   02BE DD 66 0B      [19]  503 	ld	h,11 (ix)
   02C1 E5            [11]  504 	push	hl
   02C2 C5            [11]  505 	push	bc
   02C3 CDr00r00      [17]  506 	call	_dibujarCuchillo
   02C6 F1            [10]  507 	pop	af
   02C7 F1            [10]  508 	pop	af
   02C8 C3rBEr03      [10]  509 	jp	00122$
   02CB                     510 00115$:
                            511 ;src/knifestruct.c:83: else if(prota->mira == M_abajo){
   02CB 7D            [ 4]  512 	ld	a,l
   02CC D6 03         [ 7]  513 	sub	a, #0x03
   02CE 20 76         [12]  514 	jr	NZ,00112$
                            515 ;src/knifestruct.c:85: if( *getTilePtr(mapa, prota->x + G_HERO_W / 2, prota->y + G_HERO_H + G_KNIFEY_0_H + 1) <= 2){
   02D0 DD 6E F3      [19]  516 	ld	l,-13 (ix)
   02D3 DD 66 F4      [19]  517 	ld	h,-12 (ix)
   02D6 7E            [ 7]  518 	ld	a,(hl)
   02D7 C6 1F         [ 7]  519 	add	a, #0x1F
   02D9 DD 77 F7      [19]  520 	ld	-9 (ix),a
   02DC 1A            [ 7]  521 	ld	a,(de)
   02DD C6 03         [ 7]  522 	add	a, #0x03
   02DF DD 77 F2      [19]  523 	ld	-14 (ix),a
   02E2 C5            [11]  524 	push	bc
   02E3 D5            [11]  525 	push	de
   02E4 DD 66 F7      [19]  526 	ld	h,-9 (ix)
   02E7 DD 6E F2      [19]  527 	ld	l,-14 (ix)
   02EA E5            [11]  528 	push	hl
   02EB DD 6E 08      [19]  529 	ld	l,8 (ix)
   02EE DD 66 09      [19]  530 	ld	h,9 (ix)
   02F1 E5            [11]  531 	push	hl
   02F2 CDr00r00      [17]  532 	call	_getTilePtr
   02F5 F1            [10]  533 	pop	af
   02F6 F1            [10]  534 	pop	af
   02F7 D1            [10]  535 	pop	de
   02F8 C1            [10]  536 	pop	bc
   02F9 6E            [ 7]  537 	ld	l,(hl)
   02FA 3E 02         [ 7]  538 	ld	a,#0x02
   02FC 95            [ 4]  539 	sub	a, l
   02FD DArBEr03      [10]  540 	jp	C,00122$
                            541 ;src/knifestruct.c:86: cu->lanzado = SI;
   0300 DD 6E FC      [19]  542 	ld	l,-4 (ix)
   0303 DD 66 FD      [19]  543 	ld	h,-3 (ix)
   0306 36 01         [10]  544 	ld	(hl),#0x01
                            545 ;src/knifestruct.c:87: cu->direccion = M_abajo;
   0308 DD 6E FE      [19]  546 	ld	l,-2 (ix)
   030B DD 66 FF      [19]  547 	ld	h,-1 (ix)
   030E 36 03         [10]  548 	ld	(hl),#0x03
                            549 ;src/knifestruct.c:88: cu->x = prota->x + G_HERO_W / 2;
   0310 1A            [ 7]  550 	ld	a,(de)
   0311 C6 03         [ 7]  551 	add	a, #0x03
   0313 02            [ 7]  552 	ld	(bc),a
                            553 ;src/knifestruct.c:89: cu->y = prota->y + G_HERO_H;
   0314 DD 6E F3      [19]  554 	ld	l,-13 (ix)
   0317 DD 66 F4      [19]  555 	ld	h,-12 (ix)
   031A 7E            [ 7]  556 	ld	a,(hl)
   031B C6 16         [ 7]  557 	add	a, #0x16
   031D DD 6E FA      [19]  558 	ld	l,-6 (ix)
   0320 DD 66 FB      [19]  559 	ld	h,-5 (ix)
   0323 77            [ 7]  560 	ld	(hl),a
                            561 ;src/knifestruct.c:90: cu->sprite = g_knifeY_0;
   0324 DD 6E F8      [19]  562 	ld	l,-8 (ix)
   0327 DD 66 F9      [19]  563 	ld	h,-7 (ix)
   032A 36r00         [10]  564 	ld	(hl),#<(_g_knifeY_0)
   032C 23            [ 6]  565 	inc	hl
   032D 36s00         [10]  566 	ld	(hl),#>(_g_knifeY_0)
                            567 ;src/knifestruct.c:91: cu->eje = E_Y;
   032F DD 6E F5      [19]  568 	ld	l,-11 (ix)
   0332 DD 66 F6      [19]  569 	ld	h,-10 (ix)
   0335 36 01         [10]  570 	ld	(hl),#0x01
                            571 ;src/knifestruct.c:92: dibujarCuchillo(cu, g_tablatrans);
   0337 DD 6E 0A      [19]  572 	ld	l,10 (ix)
   033A DD 66 0B      [19]  573 	ld	h,11 (ix)
   033D E5            [11]  574 	push	hl
   033E C5            [11]  575 	push	bc
   033F CDr00r00      [17]  576 	call	_dibujarCuchillo
   0342 F1            [10]  577 	pop	af
   0343 F1            [10]  578 	pop	af
   0344 18 78         [12]  579 	jr	00122$
   0346                     580 00112$:
                            581 ;src/knifestruct.c:95: else if(prota->mira == M_arriba){
   0346 7D            [ 4]  582 	ld	a,l
   0347 D6 02         [ 7]  583 	sub	a, #0x02
   0349 20 73         [12]  584 	jr	NZ,00122$
                            585 ;src/knifestruct.c:96: if( *getTilePtr(mapa, prota->x + G_HERO_W / 2, prota->y - G_KNIFEY_0_H - 1) <= 2){
   034B DD 6E F3      [19]  586 	ld	l,-13 (ix)
   034E DD 66 F4      [19]  587 	ld	h,-12 (ix)
   0351 7E            [ 7]  588 	ld	a,(hl)
   0352 C6 F7         [ 7]  589 	add	a,#0xF7
   0354 DD 77 F7      [19]  590 	ld	-9 (ix),a
   0357 1A            [ 7]  591 	ld	a,(de)
   0358 C6 03         [ 7]  592 	add	a, #0x03
   035A DD 77 F2      [19]  593 	ld	-14 (ix),a
   035D C5            [11]  594 	push	bc
   035E D5            [11]  595 	push	de
   035F DD 66 F7      [19]  596 	ld	h,-9 (ix)
   0362 DD 6E F2      [19]  597 	ld	l,-14 (ix)
   0365 E5            [11]  598 	push	hl
   0366 DD 6E 08      [19]  599 	ld	l,8 (ix)
   0369 DD 66 09      [19]  600 	ld	h,9 (ix)
   036C E5            [11]  601 	push	hl
   036D CDr00r00      [17]  602 	call	_getTilePtr
   0370 F1            [10]  603 	pop	af
   0371 F1            [10]  604 	pop	af
   0372 D1            [10]  605 	pop	de
   0373 C1            [10]  606 	pop	bc
   0374 6E            [ 7]  607 	ld	l,(hl)
   0375 3E 02         [ 7]  608 	ld	a,#0x02
   0377 95            [ 4]  609 	sub	a, l
   0378 38 44         [12]  610 	jr	C,00122$
                            611 ;src/knifestruct.c:97: cu->lanzado = SI;
   037A DD 6E FC      [19]  612 	ld	l,-4 (ix)
   037D DD 66 FD      [19]  613 	ld	h,-3 (ix)
   0380 36 01         [10]  614 	ld	(hl),#0x01
                            615 ;src/knifestruct.c:98: cu->direccion = M_arriba;
   0382 DD 6E FE      [19]  616 	ld	l,-2 (ix)
   0385 DD 66 FF      [19]  617 	ld	h,-1 (ix)
   0388 36 02         [10]  618 	ld	(hl),#0x02
                            619 ;src/knifestruct.c:99: cu->x = prota->x + G_HERO_W / 2;
   038A 1A            [ 7]  620 	ld	a,(de)
   038B C6 03         [ 7]  621 	add	a, #0x03
   038D 02            [ 7]  622 	ld	(bc),a
                            623 ;src/knifestruct.c:100: cu->y = prota->y - G_KNIFEY_0_H;
   038E DD 6E F3      [19]  624 	ld	l,-13 (ix)
   0391 DD 66 F4      [19]  625 	ld	h,-12 (ix)
   0394 7E            [ 7]  626 	ld	a,(hl)
   0395 C6 F8         [ 7]  627 	add	a,#0xF8
   0397 DD 6E FA      [19]  628 	ld	l,-6 (ix)
   039A DD 66 FB      [19]  629 	ld	h,-5 (ix)
   039D 77            [ 7]  630 	ld	(hl),a
                            631 ;src/knifestruct.c:101: cu->sprite = g_knifeY_1;
   039E DD 6E F8      [19]  632 	ld	l,-8 (ix)
   03A1 DD 66 F9      [19]  633 	ld	h,-7 (ix)
   03A4 36r00         [10]  634 	ld	(hl),#<(_g_knifeY_1)
   03A6 23            [ 6]  635 	inc	hl
   03A7 36s00         [10]  636 	ld	(hl),#>(_g_knifeY_1)
                            637 ;src/knifestruct.c:102: cu->eje = E_Y;
   03A9 DD 6E F5      [19]  638 	ld	l,-11 (ix)
   03AC DD 66 F6      [19]  639 	ld	h,-10 (ix)
   03AF 36 01         [10]  640 	ld	(hl),#0x01
                            641 ;src/knifestruct.c:103: dibujarCuchillo(cu, g_tablatrans);
   03B1 DD 6E 0A      [19]  642 	ld	l,10 (ix)
   03B4 DD 66 0B      [19]  643 	ld	h,11 (ix)
   03B7 E5            [11]  644 	push	hl
   03B8 C5            [11]  645 	push	bc
   03B9 CDr00r00      [17]  646 	call	_dibujarCuchillo
   03BC F1            [10]  647 	pop	af
   03BD F1            [10]  648 	pop	af
   03BE                     649 00122$:
   03BE DD F9         [10]  650 	ld	sp, ix
   03C0 DD E1         [14]  651 	pop	ix
   03C2 C9            [10]  652 	ret
                            653 ;src/knifestruct.c:109: u8 checkOffBounds(TKnife* cu){
                            654 ;	---------------------------------
                            655 ; Function checkOffBounds
                            656 ; ---------------------------------
   03C3                     657 _checkOffBounds::
                            658 ;src/knifestruct.c:110: return (cu->x + G_KNIFEX_0_W  > (80 - 4) || cu->x < (0 + 4));
   03C3 C1            [10]  659 	pop	bc
   03C4 E1            [10]  660 	pop	hl
   03C5 E5            [11]  661 	push	hl
   03C6 C5            [11]  662 	push	bc
   03C7 4E            [ 7]  663 	ld	c,(hl)
   03C8 59            [ 4]  664 	ld	e,c
   03C9 16 00         [ 7]  665 	ld	d,#0x00
   03CB 13            [ 6]  666 	inc	de
   03CC 13            [ 6]  667 	inc	de
   03CD 13            [ 6]  668 	inc	de
   03CE 13            [ 6]  669 	inc	de
   03CF 3E 4C         [ 7]  670 	ld	a,#0x4C
   03D1 BB            [ 4]  671 	cp	a, e
   03D2 3E 00         [ 7]  672 	ld	a,#0x00
   03D4 9A            [ 4]  673 	sbc	a, d
   03D5 E2rDAr03      [10]  674 	jp	PO, 00114$
   03D8 EE 80         [ 7]  675 	xor	a, #0x80
   03DA                     676 00114$:
   03DA FArE5r03      [10]  677 	jp	M,00104$
   03DD 79            [ 4]  678 	ld	a,c
   03DE D6 04         [ 7]  679 	sub	a, #0x04
   03E0 38 03         [12]  680 	jr	C,00104$
   03E2 2E 00         [ 7]  681 	ld	l,#0x00
   03E4 C9            [10]  682 	ret
   03E5                     683 00104$:
   03E5 2E 01         [ 7]  684 	ld	l,#0x01
   03E7 C9            [10]  685 	ret
                            686 ;src/knifestruct.c:113: u8 checkKnifeCollision(TKnife* cu, u8 xoff, u8 yoff, u8* mapa){
                            687 ;	---------------------------------
                            688 ; Function checkKnifeCollision
                            689 ; ---------------------------------
   03E8                     690 _checkKnifeCollision::
                            691 ;src/knifestruct.c:115: return *getTilePtr(mapa, cu->x + xoff, cu->y + yoff) <= 2;
   03E8 D1            [10]  692 	pop	de
   03E9 C1            [10]  693 	pop	bc
   03EA C5            [11]  694 	push	bc
   03EB D5            [11]  695 	push	de
   03EC 69            [ 4]  696 	ld	l, c
   03ED 60            [ 4]  697 	ld	h, b
   03EE 23            [ 6]  698 	inc	hl
   03EF 5E            [ 7]  699 	ld	e,(hl)
   03F0 7B            [ 4]  700 	ld	a,e
   03F1 21 05 00      [10]  701 	ld	hl,#5
   03F4 39            [11]  702 	add	hl,sp
   03F5 86            [ 7]  703 	add	a, (hl)
   03F6 57            [ 4]  704 	ld	d,a
   03F7 0A            [ 7]  705 	ld	a,(bc)
   03F8 4F            [ 4]  706 	ld	c,a
   03F9 21 04 00      [10]  707 	ld	hl,#4
   03FC 39            [11]  708 	add	hl,sp
   03FD 86            [ 7]  709 	add	a, (hl)
   03FE 47            [ 4]  710 	ld	b,a
   03FF D5            [11]  711 	push	de
   0400 33            [ 6]  712 	inc	sp
   0401 C5            [11]  713 	push	bc
   0402 33            [ 6]  714 	inc	sp
   0403 21 08 00      [10]  715 	ld	hl, #8
   0406 39            [11]  716 	add	hl, sp
   0407 4E            [ 7]  717 	ld	c, (hl)
   0408 23            [ 6]  718 	inc	hl
   0409 46            [ 7]  719 	ld	b, (hl)
   040A C5            [11]  720 	push	bc
   040B CDr00r00      [17]  721 	call	_getTilePtr
   040E F1            [10]  722 	pop	af
   040F F1            [10]  723 	pop	af
   0410 4E            [ 7]  724 	ld	c,(hl)
   0411 3E 02         [ 7]  725 	ld	a,#0x02
   0413 91            [ 4]  726 	sub	a, c
   0414 3E 00         [ 7]  727 	ld	a,#0x00
   0416 17            [ 4]  728 	rla
   0417 EE 01         [ 7]  729 	xor	a, #0x01
   0419 6F            [ 4]  730 	ld	l, a
   041A C9            [10]  731 	ret
                            732 ;src/knifestruct.c:118: void moverCuchillo(TKnife* cu, u8* mapa){
                            733 ;	---------------------------------
                            734 ; Function moverCuchillo
                            735 ; ---------------------------------
   041B                     736 _moverCuchillo::
   041B DD E5         [15]  737 	push	ix
   041D DD 21 00 00   [14]  738 	ld	ix,#0
   0421 DD 39         [15]  739 	add	ix,sp
   0423 F5            [11]  740 	push	af
                            741 ;src/knifestruct.c:119: if(cu->lanzado){
   0424 DD 4E 04      [19]  742 	ld	c,4 (ix)
   0427 DD 46 05      [19]  743 	ld	b,5 (ix)
   042A C5            [11]  744 	push	bc
   042B FD E1         [14]  745 	pop	iy
   042D FD 7E 06      [19]  746 	ld	a,6 (iy)
   0430 B7            [ 4]  747 	or	a, a
   0431 CAr4Dr05      [10]  748 	jp	Z,00138$
                            749 ;src/knifestruct.c:120: cu->mover = SI;
   0434 21 09 00      [10]  750 	ld	hl,#0x0009
   0437 09            [11]  751 	add	hl,bc
   0438 EB            [ 4]  752 	ex	de,hl
   0439 3E 01         [ 7]  753 	ld	a,#0x01
   043B 12            [ 7]  754 	ld	(de),a
                            755 ;src/knifestruct.c:121: if(cu->direccion == M_derecha){
   043C C5            [11]  756 	push	bc
   043D FD E1         [14]  757 	pop	iy
   043F FD 6E 07      [19]  758 	ld	l,7 (iy)
   0442 7D            [ 4]  759 	ld	a,l
   0443 B7            [ 4]  760 	or	a, a
   0444 20 3A         [12]  761 	jr	NZ,00134$
                            762 ;src/knifestruct.c:122: if(checkOffBounds(cu)){
   0446 C5            [11]  763 	push	bc
   0447 D5            [11]  764 	push	de
   0448 C5            [11]  765 	push	bc
   0449 CDrC3r03      [17]  766 	call	_checkOffBounds
   044C F1            [10]  767 	pop	af
   044D D1            [10]  768 	pop	de
   044E C1            [10]  769 	pop	bc
   044F 7D            [ 4]  770 	ld	a,l
   0450 B7            [ 4]  771 	or	a, a
   0451 28 05         [12]  772 	jr	Z,00105$
                            773 ;src/knifestruct.c:123: cu->mover=NO;
   0453 AF            [ 4]  774 	xor	a, a
   0454 12            [ 7]  775 	ld	(de),a
   0455 C3r4Dr05      [10]  776 	jp	00138$
   0458                     777 00105$:
                            778 ;src/knifestruct.c:125: else if(checkKnifeCollision(cu, G_KNIFEX_0_W + 1, 0, mapa)){
   0458 C5            [11]  779 	push	bc
   0459 D5            [11]  780 	push	de
   045A DD 6E 06      [19]  781 	ld	l,6 (ix)
   045D DD 66 07      [19]  782 	ld	h,7 (ix)
   0460 E5            [11]  783 	push	hl
   0461 21 05 00      [10]  784 	ld	hl,#0x0005
   0464 E5            [11]  785 	push	hl
   0465 C5            [11]  786 	push	bc
   0466 CDrE8r03      [17]  787 	call	_checkKnifeCollision
   0469 F1            [10]  788 	pop	af
   046A F1            [10]  789 	pop	af
   046B F1            [10]  790 	pop	af
   046C D1            [10]  791 	pop	de
   046D C1            [10]  792 	pop	bc
   046E 7D            [ 4]  793 	ld	a,l
   046F B7            [ 4]  794 	or	a, a
   0470 28 09         [12]  795 	jr	Z,00102$
                            796 ;src/knifestruct.c:126: cu->mover = SI;
   0472 3E 01         [ 7]  797 	ld	a,#0x01
   0474 12            [ 7]  798 	ld	(de),a
                            799 ;src/knifestruct.c:127: cu->x++;
   0475 0A            [ 7]  800 	ld	a,(bc)
   0476 3C            [ 4]  801 	inc	a
   0477 02            [ 7]  802 	ld	(bc),a
   0478 C3r4Dr05      [10]  803 	jp	00138$
   047B                     804 00102$:
                            805 ;src/knifestruct.c:130: cu->mover=NO;
   047B AF            [ 4]  806 	xor	a, a
   047C 12            [ 7]  807 	ld	(de),a
   047D C3r4Dr05      [10]  808 	jp	00138$
   0480                     809 00134$:
                            810 ;src/knifestruct.c:133: else if(cu->direccion == M_izquierda){
   0480 7D            [ 4]  811 	ld	a,l
   0481 3D            [ 4]  812 	dec	a
   0482 20 3B         [12]  813 	jr	NZ,00131$
                            814 ;src/knifestruct.c:134: if(checkOffBounds(cu)){
   0484 C5            [11]  815 	push	bc
   0485 D5            [11]  816 	push	de
   0486 C5            [11]  817 	push	bc
   0487 CDrC3r03      [17]  818 	call	_checkOffBounds
   048A F1            [10]  819 	pop	af
   048B D1            [10]  820 	pop	de
   048C C1            [10]  821 	pop	bc
   048D 7D            [ 4]  822 	ld	a,l
   048E B7            [ 4]  823 	or	a, a
   048F 28 05         [12]  824 	jr	Z,00111$
                            825 ;src/knifestruct.c:135: cu->mover=NO;
   0491 AF            [ 4]  826 	xor	a, a
   0492 12            [ 7]  827 	ld	(de),a
   0493 C3r4Dr05      [10]  828 	jp	00138$
   0496                     829 00111$:
                            830 ;src/knifestruct.c:137: else if(checkKnifeCollision(cu, -1, 0, mapa)){
   0496 C5            [11]  831 	push	bc
   0497 D5            [11]  832 	push	de
   0498 DD 6E 06      [19]  833 	ld	l,6 (ix)
   049B DD 66 07      [19]  834 	ld	h,7 (ix)
   049E E5            [11]  835 	push	hl
   049F 21 FF 00      [10]  836 	ld	hl,#0x00FF
   04A2 E5            [11]  837 	push	hl
   04A3 C5            [11]  838 	push	bc
   04A4 CDrE8r03      [17]  839 	call	_checkKnifeCollision
   04A7 F1            [10]  840 	pop	af
   04A8 F1            [10]  841 	pop	af
   04A9 F1            [10]  842 	pop	af
   04AA D1            [10]  843 	pop	de
   04AB C1            [10]  844 	pop	bc
   04AC 7D            [ 4]  845 	ld	a,l
   04AD B7            [ 4]  846 	or	a, a
   04AE 28 0A         [12]  847 	jr	Z,00108$
                            848 ;src/knifestruct.c:138: cu->mover = SI;
   04B0 3E 01         [ 7]  849 	ld	a,#0x01
   04B2 12            [ 7]  850 	ld	(de),a
                            851 ;src/knifestruct.c:139: cu->x--;
   04B3 0A            [ 7]  852 	ld	a,(bc)
   04B4 C6 FF         [ 7]  853 	add	a,#0xFF
   04B6 02            [ 7]  854 	ld	(bc),a
   04B7 C3r4Dr05      [10]  855 	jp	00138$
   04BA                     856 00108$:
                            857 ;src/knifestruct.c:142: cu->mover=NO;
   04BA AF            [ 4]  858 	xor	a, a
   04BB 12            [ 7]  859 	ld	(de),a
   04BC C3r4Dr05      [10]  860 	jp	00138$
   04BF                     861 00131$:
                            862 ;src/knifestruct.c:151: cu->y--;
   04BF 79            [ 4]  863 	ld	a,c
   04C0 C6 01         [ 7]  864 	add	a, #0x01
   04C2 DD 77 FE      [19]  865 	ld	-2 (ix),a
   04C5 78            [ 4]  866 	ld	a,b
   04C6 CE 00         [ 7]  867 	adc	a, #0x00
   04C8 DD 77 FF      [19]  868 	ld	-1 (ix),a
                            869 ;src/knifestruct.c:145: else if(cu->direccion == M_arriba){
   04CB 7D            [ 4]  870 	ld	a,l
   04CC D6 02         [ 7]  871 	sub	a, #0x02
   04CE 20 3D         [12]  872 	jr	NZ,00128$
                            873 ;src/knifestruct.c:146: if(checkOffBounds(cu)){
   04D0 C5            [11]  874 	push	bc
   04D1 D5            [11]  875 	push	de
   04D2 C5            [11]  876 	push	bc
   04D3 CDrC3r03      [17]  877 	call	_checkOffBounds
   04D6 F1            [10]  878 	pop	af
   04D7 D1            [10]  879 	pop	de
   04D8 C1            [10]  880 	pop	bc
   04D9 7D            [ 4]  881 	ld	a,l
   04DA B7            [ 4]  882 	or	a, a
   04DB 28 04         [12]  883 	jr	Z,00117$
                            884 ;src/knifestruct.c:147: cu->mover = NO;
   04DD AF            [ 4]  885 	xor	a, a
   04DE 12            [ 7]  886 	ld	(de),a
   04DF 18 6C         [12]  887 	jr	00138$
   04E1                     888 00117$:
                            889 ;src/knifestruct.c:149: else if(checkKnifeCollision(cu, 0, -2, mapa)){
   04E1 D5            [11]  890 	push	de
   04E2 DD 6E 06      [19]  891 	ld	l,6 (ix)
   04E5 DD 66 07      [19]  892 	ld	h,7 (ix)
   04E8 E5            [11]  893 	push	hl
   04E9 21 00 FE      [10]  894 	ld	hl,#0xFE00
   04EC E5            [11]  895 	push	hl
   04ED C5            [11]  896 	push	bc
   04EE CDrE8r03      [17]  897 	call	_checkKnifeCollision
   04F1 F1            [10]  898 	pop	af
   04F2 F1            [10]  899 	pop	af
   04F3 F1            [10]  900 	pop	af
   04F4 D1            [10]  901 	pop	de
   04F5 7D            [ 4]  902 	ld	a,l
   04F6 B7            [ 4]  903 	or	a, a
   04F7 28 10         [12]  904 	jr	Z,00114$
                            905 ;src/knifestruct.c:150: cu->mover = SI;
   04F9 3E 01         [ 7]  906 	ld	a,#0x01
   04FB 12            [ 7]  907 	ld	(de),a
                            908 ;src/knifestruct.c:151: cu->y--;
   04FC E1            [10]  909 	pop	hl
   04FD E5            [11]  910 	push	hl
   04FE 4E            [ 7]  911 	ld	c,(hl)
   04FF 0D            [ 4]  912 	dec	c
   0500 E1            [10]  913 	pop	hl
   0501 E5            [11]  914 	push	hl
   0502 71            [ 7]  915 	ld	(hl),c
                            916 ;src/knifestruct.c:152: cu->y--;
   0503 0D            [ 4]  917 	dec	c
   0504 E1            [10]  918 	pop	hl
   0505 E5            [11]  919 	push	hl
   0506 71            [ 7]  920 	ld	(hl),c
   0507 18 44         [12]  921 	jr	00138$
   0509                     922 00114$:
                            923 ;src/knifestruct.c:155: cu->mover=NO;
   0509 AF            [ 4]  924 	xor	a, a
   050A 12            [ 7]  925 	ld	(de),a
   050B 18 40         [12]  926 	jr	00138$
   050D                     927 00128$:
                            928 ;src/knifestruct.c:158: else if(cu->direccion == M_abajo){
   050D 7D            [ 4]  929 	ld	a,l
   050E D6 03         [ 7]  930 	sub	a, #0x03
   0510 20 3B         [12]  931 	jr	NZ,00138$
                            932 ;src/knifestruct.c:159: if(checkOffBounds(cu)){
   0512 C5            [11]  933 	push	bc
   0513 D5            [11]  934 	push	de
   0514 C5            [11]  935 	push	bc
   0515 CDrC3r03      [17]  936 	call	_checkOffBounds
   0518 F1            [10]  937 	pop	af
   0519 D1            [10]  938 	pop	de
   051A C1            [10]  939 	pop	bc
   051B 7D            [ 4]  940 	ld	a,l
   051C B7            [ 4]  941 	or	a, a
   051D 28 04         [12]  942 	jr	Z,00123$
                            943 ;src/knifestruct.c:160: cu->mover = NO;
   051F AF            [ 4]  944 	xor	a, a
   0520 12            [ 7]  945 	ld	(de),a
   0521 18 2A         [12]  946 	jr	00138$
   0523                     947 00123$:
                            948 ;src/knifestruct.c:162: else if(checkKnifeCollision(cu, 0, G_KNIFEY_0_H + 2, mapa)){
   0523 D5            [11]  949 	push	de
   0524 DD 6E 06      [19]  950 	ld	l,6 (ix)
   0527 DD 66 07      [19]  951 	ld	h,7 (ix)
   052A E5            [11]  952 	push	hl
   052B 21 00 0A      [10]  953 	ld	hl,#0x0A00
   052E E5            [11]  954 	push	hl
   052F C5            [11]  955 	push	bc
   0530 CDrE8r03      [17]  956 	call	_checkKnifeCollision
   0533 F1            [10]  957 	pop	af
   0534 F1            [10]  958 	pop	af
   0535 F1            [10]  959 	pop	af
   0536 D1            [10]  960 	pop	de
   0537 7D            [ 4]  961 	ld	a,l
   0538 B7            [ 4]  962 	or	a, a
   0539 28 10         [12]  963 	jr	Z,00120$
                            964 ;src/knifestruct.c:163: cu->mover = SI;
   053B 3E 01         [ 7]  965 	ld	a,#0x01
   053D 12            [ 7]  966 	ld	(de),a
                            967 ;src/knifestruct.c:164: cu->y++;
   053E E1            [10]  968 	pop	hl
   053F E5            [11]  969 	push	hl
   0540 4E            [ 7]  970 	ld	c,(hl)
   0541 0C            [ 4]  971 	inc	c
   0542 E1            [10]  972 	pop	hl
   0543 E5            [11]  973 	push	hl
   0544 71            [ 7]  974 	ld	(hl),c
                            975 ;src/knifestruct.c:165: cu->y++;
   0545 0C            [ 4]  976 	inc	c
   0546 E1            [10]  977 	pop	hl
   0547 E5            [11]  978 	push	hl
   0548 71            [ 7]  979 	ld	(hl),c
   0549 18 02         [12]  980 	jr	00138$
   054B                     981 00120$:
                            982 ;src/knifestruct.c:168: cu->mover=NO;
   054B AF            [ 4]  983 	xor	a, a
   054C 12            [ 7]  984 	ld	(de),a
   054D                     985 00138$:
   054D DD F9         [10]  986 	ld	sp, ix
   054F DD E1         [14]  987 	pop	ix
   0551 C9            [10]  988 	ret
                            989 	.area _CODE
                            990 	.area _INITIALIZER
                            991 	.area _CABS (ABS)
