                              1 ;--------------------------------------------------------
                              2 ; File Created by SDCC : free open source ANSI-C Compiler
                              3 ; Version 3.5.5 #9498 (Linux)
                              4 ;--------------------------------------------------------
                              5 	.module knifeX
                              6 	.optsdcc -mz80
                              7 	
                              8 ;--------------------------------------------------------
                              9 ; Public variables in this module
                             10 ;--------------------------------------------------------
                             11 	.globl _g_knifeX_1
                             12 	.globl _g_knifeX_0
                             13 ;--------------------------------------------------------
                             14 ; special function registers
                             15 ;--------------------------------------------------------
                             16 ;--------------------------------------------------------
                             17 ; ram data
                             18 ;--------------------------------------------------------
                             19 	.area _DATA
                             20 ;--------------------------------------------------------
                             21 ; ram data
                             22 ;--------------------------------------------------------
                             23 	.area _INITIALIZED
                             24 ;--------------------------------------------------------
                             25 ; absolute external ram data
                             26 ;--------------------------------------------------------
                             27 	.area _DABS (ABS)
                             28 ;--------------------------------------------------------
                             29 ; global & static initialisations
                             30 ;--------------------------------------------------------
                             31 	.area _HOME
                             32 	.area _GSINIT
                             33 	.area _GSFINAL
                             34 	.area _GSINIT
                             35 ;--------------------------------------------------------
                             36 ; Home
                             37 ;--------------------------------------------------------
                             38 	.area _HOME
                             39 	.area _HOME
                             40 ;--------------------------------------------------------
                             41 ; code
                             42 ;--------------------------------------------------------
                             43 	.area _CODE
                             44 	.area _CODE
   0000                      45 _g_knifeX_0:
   0000 00                   46 	.db #0x00	; 0
   0001 88                   47 	.db #0x88	; 136
   0002 00                   48 	.db #0x00	; 0
   0003 44                   49 	.db #0x44	; 68	'D'
   0004 D9                   50 	.db #0xD9	; 217
   0005 F3                   51 	.db #0xF3	; 243
   0006 00                   52 	.db #0x00	; 0
   0007 88                   53 	.db #0x88	; 136
   0008 00                   54 	.db #0x00	; 0
   0009                      55 _g_knifeX_1:
   0009 00                   56 	.db #0x00	; 0
   000A 44                   57 	.db #0x44	; 68	'D'
   000B 00                   58 	.db #0x00	; 0
   000C F3                   59 	.db #0xF3	; 243
   000D E6                   60 	.db #0xE6	; 230
   000E 88                   61 	.db #0x88	; 136
   000F 00                   62 	.db #0x00	; 0
   0010 44                   63 	.db #0x44	; 68	'D'
   0011 00                   64 	.db #0x00	; 0
                             65 	.area _INITIALIZER
                             66 	.area _CABS (ABS)
