                              1 ;--------------------------------------------------------
                              2 ; File Created by SDCC : free open source ANSI-C Compiler
                              3 ; Version 3.5.5 #9498 (Linux)
                              4 ;--------------------------------------------------------
                              5 	.module knifeY
                              6 	.optsdcc -mz80
                              7 	
                              8 ;--------------------------------------------------------
                              9 ; Public variables in this module
                             10 ;--------------------------------------------------------
                             11 	.globl _g_knifeY_1
                             12 	.globl _g_knifeY_0
                             13 ;--------------------------------------------------------
                             14 ; special function registers
                             15 ;--------------------------------------------------------
                             16 ;--------------------------------------------------------
                             17 ; ram data
                             18 ;--------------------------------------------------------
                             19 	.area _DATA
                             20 ;--------------------------------------------------------
                             21 ; ram data
                             22 ;--------------------------------------------------------
                             23 	.area _INITIALIZED
                             24 ;--------------------------------------------------------
                             25 ; absolute external ram data
                             26 ;--------------------------------------------------------
                             27 	.area _DABS (ABS)
                             28 ;--------------------------------------------------------
                             29 ; global & static initialisations
                             30 ;--------------------------------------------------------
                             31 	.area _HOME
                             32 	.area _GSINIT
                             33 	.area _GSFINAL
                             34 	.area _GSINIT
                             35 ;--------------------------------------------------------
                             36 ; Home
                             37 ;--------------------------------------------------------
                             38 	.area _HOME
                             39 	.area _HOME
                             40 ;--------------------------------------------------------
                             41 ; code
                             42 ;--------------------------------------------------------
                             43 	.area _CODE
                             44 	.area _CODE
   0000                      45 _g_knifeY_0:
   0000 00                   46 	.db #0x00	; 0
   0001 00                   47 	.db #0x00	; 0
   0002 44                   48 	.db #0x44	; 68	'D'
   0003 00                   49 	.db #0x00	; 0
   0004 CC                   50 	.db #0xCC	; 204
   0005 88                   51 	.db #0x88	; 136
   0006 51                   52 	.db #0x51	; 81	'Q'
   0007 00                   53 	.db #0x00	; 0
   0008 51                   54 	.db #0x51	; 81	'Q'
   0009 00                   55 	.db #0x00	; 0
   000A 51                   56 	.db #0x51	; 81	'Q'
   000B 00                   57 	.db #0x00	; 0
   000C                      58 _g_knifeY_1:
   000C 51                   59 	.db #0x51	; 81	'Q'
   000D 00                   60 	.db #0x00	; 0
   000E 51                   61 	.db #0x51	; 81	'Q'
   000F 00                   62 	.db #0x00	; 0
   0010 51                   63 	.db #0x51	; 81	'Q'
   0011 00                   64 	.db #0x00	; 0
   0012 CC                   65 	.db #0xCC	; 204
   0013 88                   66 	.db #0x88	; 136
   0014 44                   67 	.db #0x44	; 68	'D'
   0015 00                   68 	.db #0x00	; 0
   0016 00                   69 	.db #0x00	; 0
   0017 00                   70 	.db #0x00	; 0
                             71 	.area _INITIALIZER
                             72 	.area _CABS (ABS)
