                              1 ;--------------------------------------------------------
                              2 ; File Created by SDCC : free open source ANSI-C Compiler
                              3 ; Version 3.5.5 #9498 (Linux)
                              4 ;--------------------------------------------------------
                              5 	.module map1
                              6 	.optsdcc -mz80
                              7 	
                              8 ;--------------------------------------------------------
                              9 ; Public variables in this module
                             10 ;--------------------------------------------------------
                             11 	.globl _g_map1
                             12 ;--------------------------------------------------------
                             13 ; special function registers
                             14 ;--------------------------------------------------------
                             15 ;--------------------------------------------------------
                             16 ; ram data
                             17 ;--------------------------------------------------------
                             18 	.area _DATA
                             19 ;--------------------------------------------------------
                             20 ; ram data
                             21 ;--------------------------------------------------------
                             22 	.area _INITIALIZED
                             23 ;--------------------------------------------------------
                             24 ; absolute external ram data
                             25 ;--------------------------------------------------------
                             26 	.area _DABS (ABS)
                             27 ;--------------------------------------------------------
                             28 ; global & static initialisations
                             29 ;--------------------------------------------------------
                             30 	.area _HOME
                             31 	.area _GSINIT
                             32 	.area _GSFINAL
                             33 	.area _GSINIT
                             34 ;--------------------------------------------------------
                             35 ; Home
                             36 ;--------------------------------------------------------
                             37 	.area _HOME
                             38 	.area _HOME
                             39 ;--------------------------------------------------------
                             40 ; code
                             41 ;--------------------------------------------------------
                             42 	.area _CODE
                             43 	.area _CODE
   0000                      44 _g_map1:
   0000 01                   45 	.db #0x01	; 1
   0001 02                   46 	.db #0x02	; 2
   0002 01                   47 	.db #0x01	; 1
   0003 02                   48 	.db #0x02	; 2
   0004 01                   49 	.db #0x01	; 1
   0005 02                   50 	.db #0x02	; 2
   0006 01                   51 	.db #0x01	; 1
   0007 02                   52 	.db #0x02	; 2
   0008 01                   53 	.db #0x01	; 1
   0009 02                   54 	.db #0x02	; 2
   000A 01                   55 	.db #0x01	; 1
   000B 02                   56 	.db #0x02	; 2
   000C 01                   57 	.db #0x01	; 1
   000D 02                   58 	.db #0x02	; 2
   000E 01                   59 	.db #0x01	; 1
   000F 02                   60 	.db #0x02	; 2
   0010 00                   61 	.db #0x00	; 0
   0011 00                   62 	.db #0x00	; 0
   0012 00                   63 	.db #0x00	; 0
   0013 00                   64 	.db #0x00	; 0
   0014 00                   65 	.db #0x00	; 0
   0015 00                   66 	.db #0x00	; 0
   0016 01                   67 	.db #0x01	; 1
   0017 02                   68 	.db #0x02	; 2
   0018 01                   69 	.db #0x01	; 1
   0019 02                   70 	.db #0x02	; 2
   001A 01                   71 	.db #0x01	; 1
   001B 02                   72 	.db #0x02	; 2
   001C 01                   73 	.db #0x01	; 1
   001D 02                   74 	.db #0x02	; 2
   001E 01                   75 	.db #0x01	; 1
   001F 02                   76 	.db #0x02	; 2
   0020 01                   77 	.db #0x01	; 1
   0021 02                   78 	.db #0x02	; 2
   0022 01                   79 	.db #0x01	; 1
   0023 02                   80 	.db #0x02	; 2
   0024 01                   81 	.db #0x01	; 1
   0025 02                   82 	.db #0x02	; 2
   0026 01                   83 	.db #0x01	; 1
   0027 02                   84 	.db #0x02	; 2
   0028 06                   85 	.db #0x06	; 6
   0029 07                   86 	.db #0x07	; 7
   002A 06                   87 	.db #0x06	; 6
   002B 07                   88 	.db #0x07	; 7
   002C 06                   89 	.db #0x06	; 6
   002D 07                   90 	.db #0x07	; 7
   002E 06                   91 	.db #0x06	; 6
   002F 07                   92 	.db #0x07	; 7
   0030 06                   93 	.db #0x06	; 6
   0031 07                   94 	.db #0x07	; 7
   0032 06                   95 	.db #0x06	; 6
   0033 07                   96 	.db #0x07	; 7
   0034 06                   97 	.db #0x06	; 6
   0035 07                   98 	.db #0x07	; 7
   0036 06                   99 	.db #0x06	; 6
   0037 07                  100 	.db #0x07	; 7
   0038 00                  101 	.db #0x00	; 0
   0039 00                  102 	.db #0x00	; 0
   003A 00                  103 	.db #0x00	; 0
   003B 00                  104 	.db #0x00	; 0
   003C 00                  105 	.db #0x00	; 0
   003D 00                  106 	.db #0x00	; 0
   003E 06                  107 	.db #0x06	; 6
   003F 07                  108 	.db #0x07	; 7
   0040 06                  109 	.db #0x06	; 6
   0041 07                  110 	.db #0x07	; 7
   0042 06                  111 	.db #0x06	; 6
   0043 07                  112 	.db #0x07	; 7
   0044 06                  113 	.db #0x06	; 6
   0045 07                  114 	.db #0x07	; 7
   0046 06                  115 	.db #0x06	; 6
   0047 07                  116 	.db #0x07	; 7
   0048 06                  117 	.db #0x06	; 6
   0049 07                  118 	.db #0x07	; 7
   004A 06                  119 	.db #0x06	; 6
   004B 07                  120 	.db #0x07	; 7
   004C 06                  121 	.db #0x06	; 6
   004D 07                  122 	.db #0x07	; 7
   004E 06                  123 	.db #0x06	; 6
   004F 07                  124 	.db #0x07	; 7
   0050 01                  125 	.db #0x01	; 1
   0051 02                  126 	.db #0x02	; 2
   0052 00                  127 	.db #0x00	; 0
   0053 00                  128 	.db #0x00	; 0
   0054 00                  129 	.db #0x00	; 0
   0055 00                  130 	.db #0x00	; 0
   0056 00                  131 	.db #0x00	; 0
   0057 00                  132 	.db #0x00	; 0
   0058 00                  133 	.db #0x00	; 0
   0059 00                  134 	.db #0x00	; 0
   005A 00                  135 	.db #0x00	; 0
   005B 00                  136 	.db #0x00	; 0
   005C 00                  137 	.db #0x00	; 0
   005D 00                  138 	.db #0x00	; 0
   005E 00                  139 	.db #0x00	; 0
   005F 00                  140 	.db #0x00	; 0
   0060 00                  141 	.db #0x00	; 0
   0061 00                  142 	.db #0x00	; 0
   0062 00                  143 	.db #0x00	; 0
   0063 00                  144 	.db #0x00	; 0
   0064 00                  145 	.db #0x00	; 0
   0065 00                  146 	.db #0x00	; 0
   0066 00                  147 	.db #0x00	; 0
   0067 00                  148 	.db #0x00	; 0
   0068 00                  149 	.db #0x00	; 0
   0069 00                  150 	.db #0x00	; 0
   006A 00                  151 	.db #0x00	; 0
   006B 00                  152 	.db #0x00	; 0
   006C 00                  153 	.db #0x00	; 0
   006D 00                  154 	.db #0x00	; 0
   006E 00                  155 	.db #0x00	; 0
   006F 00                  156 	.db #0x00	; 0
   0070 00                  157 	.db #0x00	; 0
   0071 00                  158 	.db #0x00	; 0
   0072 00                  159 	.db #0x00	; 0
   0073 00                  160 	.db #0x00	; 0
   0074 00                  161 	.db #0x00	; 0
   0075 00                  162 	.db #0x00	; 0
   0076 01                  163 	.db #0x01	; 1
   0077 02                  164 	.db #0x02	; 2
   0078 06                  165 	.db #0x06	; 6
   0079 07                  166 	.db #0x07	; 7
   007A 00                  167 	.db #0x00	; 0
   007B 00                  168 	.db #0x00	; 0
   007C 00                  169 	.db #0x00	; 0
   007D 00                  170 	.db #0x00	; 0
   007E 00                  171 	.db #0x00	; 0
   007F 00                  172 	.db #0x00	; 0
   0080 00                  173 	.db #0x00	; 0
   0081 00                  174 	.db #0x00	; 0
   0082 00                  175 	.db #0x00	; 0
   0083 00                  176 	.db #0x00	; 0
   0084 00                  177 	.db #0x00	; 0
   0085 00                  178 	.db #0x00	; 0
   0086 00                  179 	.db #0x00	; 0
   0087 00                  180 	.db #0x00	; 0
   0088 00                  181 	.db #0x00	; 0
   0089 00                  182 	.db #0x00	; 0
   008A 00                  183 	.db #0x00	; 0
   008B 00                  184 	.db #0x00	; 0
   008C 00                  185 	.db #0x00	; 0
   008D 00                  186 	.db #0x00	; 0
   008E 00                  187 	.db #0x00	; 0
   008F 00                  188 	.db #0x00	; 0
   0090 00                  189 	.db #0x00	; 0
   0091 00                  190 	.db #0x00	; 0
   0092 00                  191 	.db #0x00	; 0
   0093 00                  192 	.db #0x00	; 0
   0094 00                  193 	.db #0x00	; 0
   0095 00                  194 	.db #0x00	; 0
   0096 00                  195 	.db #0x00	; 0
   0097 00                  196 	.db #0x00	; 0
   0098 00                  197 	.db #0x00	; 0
   0099 00                  198 	.db #0x00	; 0
   009A 00                  199 	.db #0x00	; 0
   009B 00                  200 	.db #0x00	; 0
   009C 00                  201 	.db #0x00	; 0
   009D 00                  202 	.db #0x00	; 0
   009E 06                  203 	.db #0x06	; 6
   009F 07                  204 	.db #0x07	; 7
   00A0 01                  205 	.db #0x01	; 1
   00A1 02                  206 	.db #0x02	; 2
   00A2 00                  207 	.db #0x00	; 0
   00A3 00                  208 	.db #0x00	; 0
   00A4 00                  209 	.db #0x00	; 0
   00A5 00                  210 	.db #0x00	; 0
   00A6 00                  211 	.db #0x00	; 0
   00A7 00                  212 	.db #0x00	; 0
   00A8 00                  213 	.db #0x00	; 0
   00A9 00                  214 	.db #0x00	; 0
   00AA 00                  215 	.db #0x00	; 0
   00AB 00                  216 	.db #0x00	; 0
   00AC 00                  217 	.db #0x00	; 0
   00AD 00                  218 	.db #0x00	; 0
   00AE 00                  219 	.db #0x00	; 0
   00AF 00                  220 	.db #0x00	; 0
   00B0 00                  221 	.db #0x00	; 0
   00B1 00                  222 	.db #0x00	; 0
   00B2 00                  223 	.db #0x00	; 0
   00B3 00                  224 	.db #0x00	; 0
   00B4 00                  225 	.db #0x00	; 0
   00B5 00                  226 	.db #0x00	; 0
   00B6 00                  227 	.db #0x00	; 0
   00B7 00                  228 	.db #0x00	; 0
   00B8 00                  229 	.db #0x00	; 0
   00B9 00                  230 	.db #0x00	; 0
   00BA 00                  231 	.db #0x00	; 0
   00BB 00                  232 	.db #0x00	; 0
   00BC 00                  233 	.db #0x00	; 0
   00BD 00                  234 	.db #0x00	; 0
   00BE 00                  235 	.db #0x00	; 0
   00BF 00                  236 	.db #0x00	; 0
   00C0 00                  237 	.db #0x00	; 0
   00C1 00                  238 	.db #0x00	; 0
   00C2 00                  239 	.db #0x00	; 0
   00C3 00                  240 	.db #0x00	; 0
   00C4 00                  241 	.db #0x00	; 0
   00C5 00                  242 	.db #0x00	; 0
   00C6 01                  243 	.db #0x01	; 1
   00C7 02                  244 	.db #0x02	; 2
   00C8 06                  245 	.db #0x06	; 6
   00C9 07                  246 	.db #0x07	; 7
   00CA 00                  247 	.db #0x00	; 0
   00CB 00                  248 	.db #0x00	; 0
   00CC 00                  249 	.db #0x00	; 0
   00CD 00                  250 	.db #0x00	; 0
   00CE 00                  251 	.db #0x00	; 0
   00CF 00                  252 	.db #0x00	; 0
   00D0 00                  253 	.db #0x00	; 0
   00D1 00                  254 	.db #0x00	; 0
   00D2 00                  255 	.db #0x00	; 0
   00D3 00                  256 	.db #0x00	; 0
   00D4 00                  257 	.db #0x00	; 0
   00D5 00                  258 	.db #0x00	; 0
   00D6 00                  259 	.db #0x00	; 0
   00D7 00                  260 	.db #0x00	; 0
   00D8 00                  261 	.db #0x00	; 0
   00D9 00                  262 	.db #0x00	; 0
   00DA 00                  263 	.db #0x00	; 0
   00DB 00                  264 	.db #0x00	; 0
   00DC 00                  265 	.db #0x00	; 0
   00DD 00                  266 	.db #0x00	; 0
   00DE 00                  267 	.db #0x00	; 0
   00DF 00                  268 	.db #0x00	; 0
   00E0 00                  269 	.db #0x00	; 0
   00E1 00                  270 	.db #0x00	; 0
   00E2 00                  271 	.db #0x00	; 0
   00E3 00                  272 	.db #0x00	; 0
   00E4 00                  273 	.db #0x00	; 0
   00E5 00                  274 	.db #0x00	; 0
   00E6 00                  275 	.db #0x00	; 0
   00E7 00                  276 	.db #0x00	; 0
   00E8 00                  277 	.db #0x00	; 0
   00E9 00                  278 	.db #0x00	; 0
   00EA 00                  279 	.db #0x00	; 0
   00EB 00                  280 	.db #0x00	; 0
   00EC 00                  281 	.db #0x00	; 0
   00ED 00                  282 	.db #0x00	; 0
   00EE 06                  283 	.db #0x06	; 6
   00EF 07                  284 	.db #0x07	; 7
   00F0 01                  285 	.db #0x01	; 1
   00F1 02                  286 	.db #0x02	; 2
   00F2 00                  287 	.db #0x00	; 0
   00F3 00                  288 	.db #0x00	; 0
   00F4 00                  289 	.db #0x00	; 0
   00F5 00                  290 	.db #0x00	; 0
   00F6 00                  291 	.db #0x00	; 0
   00F7 00                  292 	.db #0x00	; 0
   00F8 00                  293 	.db #0x00	; 0
   00F9 00                  294 	.db #0x00	; 0
   00FA 00                  295 	.db #0x00	; 0
   00FB 00                  296 	.db #0x00	; 0
   00FC 00                  297 	.db #0x00	; 0
   00FD 00                  298 	.db #0x00	; 0
   00FE 00                  299 	.db #0x00	; 0
   00FF 00                  300 	.db #0x00	; 0
   0100 00                  301 	.db #0x00	; 0
   0101 00                  302 	.db #0x00	; 0
   0102 00                  303 	.db #0x00	; 0
   0103 00                  304 	.db #0x00	; 0
   0104 00                  305 	.db #0x00	; 0
   0105 00                  306 	.db #0x00	; 0
   0106 00                  307 	.db #0x00	; 0
   0107 00                  308 	.db #0x00	; 0
   0108 00                  309 	.db #0x00	; 0
   0109 00                  310 	.db #0x00	; 0
   010A 00                  311 	.db #0x00	; 0
   010B 00                  312 	.db #0x00	; 0
   010C 00                  313 	.db #0x00	; 0
   010D 00                  314 	.db #0x00	; 0
   010E 00                  315 	.db #0x00	; 0
   010F 00                  316 	.db #0x00	; 0
   0110 00                  317 	.db #0x00	; 0
   0111 00                  318 	.db #0x00	; 0
   0112 00                  319 	.db #0x00	; 0
   0113 00                  320 	.db #0x00	; 0
   0114 00                  321 	.db #0x00	; 0
   0115 00                  322 	.db #0x00	; 0
   0116 01                  323 	.db #0x01	; 1
   0117 02                  324 	.db #0x02	; 2
   0118 06                  325 	.db #0x06	; 6
   0119 07                  326 	.db #0x07	; 7
   011A 00                  327 	.db #0x00	; 0
   011B 00                  328 	.db #0x00	; 0
   011C 00                  329 	.db #0x00	; 0
   011D 00                  330 	.db #0x00	; 0
   011E 00                  331 	.db #0x00	; 0
   011F 00                  332 	.db #0x00	; 0
   0120 00                  333 	.db #0x00	; 0
   0121 00                  334 	.db #0x00	; 0
   0122 00                  335 	.db #0x00	; 0
   0123 00                  336 	.db #0x00	; 0
   0124 00                  337 	.db #0x00	; 0
   0125 00                  338 	.db #0x00	; 0
   0126 00                  339 	.db #0x00	; 0
   0127 00                  340 	.db #0x00	; 0
   0128 00                  341 	.db #0x00	; 0
   0129 00                  342 	.db #0x00	; 0
   012A 00                  343 	.db #0x00	; 0
   012B 00                  344 	.db #0x00	; 0
   012C 00                  345 	.db #0x00	; 0
   012D 00                  346 	.db #0x00	; 0
   012E 00                  347 	.db #0x00	; 0
   012F 00                  348 	.db #0x00	; 0
   0130 00                  349 	.db #0x00	; 0
   0131 00                  350 	.db #0x00	; 0
   0132 00                  351 	.db #0x00	; 0
   0133 00                  352 	.db #0x00	; 0
   0134 00                  353 	.db #0x00	; 0
   0135 00                  354 	.db #0x00	; 0
   0136 00                  355 	.db #0x00	; 0
   0137 00                  356 	.db #0x00	; 0
   0138 00                  357 	.db #0x00	; 0
   0139 00                  358 	.db #0x00	; 0
   013A 00                  359 	.db #0x00	; 0
   013B 00                  360 	.db #0x00	; 0
   013C 00                  361 	.db #0x00	; 0
   013D 00                  362 	.db #0x00	; 0
   013E 06                  363 	.db #0x06	; 6
   013F 07                  364 	.db #0x07	; 7
   0140 01                  365 	.db #0x01	; 1
   0141 02                  366 	.db #0x02	; 2
   0142 03                  367 	.db #0x03	; 3
   0143 04                  368 	.db #0x04	; 4
   0144 03                  369 	.db #0x03	; 3
   0145 04                  370 	.db #0x04	; 4
   0146 00                  371 	.db #0x00	; 0
   0147 00                  372 	.db #0x00	; 0
   0148 00                  373 	.db #0x00	; 0
   0149 00                  374 	.db #0x00	; 0
   014A 00                  375 	.db #0x00	; 0
   014B 00                  376 	.db #0x00	; 0
   014C 00                  377 	.db #0x00	; 0
   014D 00                  378 	.db #0x00	; 0
   014E 00                  379 	.db #0x00	; 0
   014F 00                  380 	.db #0x00	; 0
   0150 00                  381 	.db #0x00	; 0
   0151 00                  382 	.db #0x00	; 0
   0152 00                  383 	.db #0x00	; 0
   0153 00                  384 	.db #0x00	; 0
   0154 00                  385 	.db #0x00	; 0
   0155 00                  386 	.db #0x00	; 0
   0156 00                  387 	.db #0x00	; 0
   0157 00                  388 	.db #0x00	; 0
   0158 00                  389 	.db #0x00	; 0
   0159 00                  390 	.db #0x00	; 0
   015A 00                  391 	.db #0x00	; 0
   015B 00                  392 	.db #0x00	; 0
   015C 00                  393 	.db #0x00	; 0
   015D 00                  394 	.db #0x00	; 0
   015E 00                  395 	.db #0x00	; 0
   015F 00                  396 	.db #0x00	; 0
   0160 00                  397 	.db #0x00	; 0
   0161 00                  398 	.db #0x00	; 0
   0162 00                  399 	.db #0x00	; 0
   0163 00                  400 	.db #0x00	; 0
   0164 00                  401 	.db #0x00	; 0
   0165 00                  402 	.db #0x00	; 0
   0166 01                  403 	.db #0x01	; 1
   0167 02                  404 	.db #0x02	; 2
   0168 06                  405 	.db #0x06	; 6
   0169 07                  406 	.db #0x07	; 7
   016A 08                  407 	.db #0x08	; 8
   016B 09                  408 	.db #0x09	; 9
   016C 08                  409 	.db #0x08	; 8
   016D 09                  410 	.db #0x09	; 9
   016E 00                  411 	.db #0x00	; 0
   016F 00                  412 	.db #0x00	; 0
   0170 00                  413 	.db #0x00	; 0
   0171 00                  414 	.db #0x00	; 0
   0172 00                  415 	.db #0x00	; 0
   0173 00                  416 	.db #0x00	; 0
   0174 00                  417 	.db #0x00	; 0
   0175 00                  418 	.db #0x00	; 0
   0176 00                  419 	.db #0x00	; 0
   0177 00                  420 	.db #0x00	; 0
   0178 00                  421 	.db #0x00	; 0
   0179 00                  422 	.db #0x00	; 0
   017A 00                  423 	.db #0x00	; 0
   017B 00                  424 	.db #0x00	; 0
   017C 00                  425 	.db #0x00	; 0
   017D 00                  426 	.db #0x00	; 0
   017E 00                  427 	.db #0x00	; 0
   017F 00                  428 	.db #0x00	; 0
   0180 00                  429 	.db #0x00	; 0
   0181 00                  430 	.db #0x00	; 0
   0182 00                  431 	.db #0x00	; 0
   0183 00                  432 	.db #0x00	; 0
   0184 00                  433 	.db #0x00	; 0
   0185 00                  434 	.db #0x00	; 0
   0186 00                  435 	.db #0x00	; 0
   0187 00                  436 	.db #0x00	; 0
   0188 00                  437 	.db #0x00	; 0
   0189 00                  438 	.db #0x00	; 0
   018A 00                  439 	.db #0x00	; 0
   018B 00                  440 	.db #0x00	; 0
   018C 00                  441 	.db #0x00	; 0
   018D 00                  442 	.db #0x00	; 0
   018E 06                  443 	.db #0x06	; 6
   018F 07                  444 	.db #0x07	; 7
   0190 01                  445 	.db #0x01	; 1
   0191 02                  446 	.db #0x02	; 2
   0192 03                  447 	.db #0x03	; 3
   0193 04                  448 	.db #0x04	; 4
   0194 03                  449 	.db #0x03	; 3
   0195 04                  450 	.db #0x04	; 4
   0196 00                  451 	.db #0x00	; 0
   0197 00                  452 	.db #0x00	; 0
   0198 00                  453 	.db #0x00	; 0
   0199 00                  454 	.db #0x00	; 0
   019A 00                  455 	.db #0x00	; 0
   019B 00                  456 	.db #0x00	; 0
   019C 00                  457 	.db #0x00	; 0
   019D 00                  458 	.db #0x00	; 0
   019E 00                  459 	.db #0x00	; 0
   019F 00                  460 	.db #0x00	; 0
   01A0 00                  461 	.db #0x00	; 0
   01A1 00                  462 	.db #0x00	; 0
   01A2 00                  463 	.db #0x00	; 0
   01A3 00                  464 	.db #0x00	; 0
   01A4 00                  465 	.db #0x00	; 0
   01A5 00                  466 	.db #0x00	; 0
   01A6 00                  467 	.db #0x00	; 0
   01A7 00                  468 	.db #0x00	; 0
   01A8 00                  469 	.db #0x00	; 0
   01A9 00                  470 	.db #0x00	; 0
   01AA 00                  471 	.db #0x00	; 0
   01AB 00                  472 	.db #0x00	; 0
   01AC 00                  473 	.db #0x00	; 0
   01AD 00                  474 	.db #0x00	; 0
   01AE 00                  475 	.db #0x00	; 0
   01AF 00                  476 	.db #0x00	; 0
   01B0 00                  477 	.db #0x00	; 0
   01B1 00                  478 	.db #0x00	; 0
   01B2 00                  479 	.db #0x00	; 0
   01B3 00                  480 	.db #0x00	; 0
   01B4 00                  481 	.db #0x00	; 0
   01B5 00                  482 	.db #0x00	; 0
   01B6 01                  483 	.db #0x01	; 1
   01B7 02                  484 	.db #0x02	; 2
   01B8 06                  485 	.db #0x06	; 6
   01B9 07                  486 	.db #0x07	; 7
   01BA 08                  487 	.db #0x08	; 8
   01BB 09                  488 	.db #0x09	; 9
   01BC 08                  489 	.db #0x08	; 8
   01BD 09                  490 	.db #0x09	; 9
   01BE 00                  491 	.db #0x00	; 0
   01BF 00                  492 	.db #0x00	; 0
   01C0 00                  493 	.db #0x00	; 0
   01C1 00                  494 	.db #0x00	; 0
   01C2 00                  495 	.db #0x00	; 0
   01C3 00                  496 	.db #0x00	; 0
   01C4 03                  497 	.db #0x03	; 3
   01C5 04                  498 	.db #0x04	; 4
   01C6 03                  499 	.db #0x03	; 3
   01C7 04                  500 	.db #0x04	; 4
   01C8 03                  501 	.db #0x03	; 3
   01C9 04                  502 	.db #0x04	; 4
   01CA 03                  503 	.db #0x03	; 3
   01CB 04                  504 	.db #0x04	; 4
   01CC 00                  505 	.db #0x00	; 0
   01CD 00                  506 	.db #0x00	; 0
   01CE 00                  507 	.db #0x00	; 0
   01CF 00                  508 	.db #0x00	; 0
   01D0 00                  509 	.db #0x00	; 0
   01D1 00                  510 	.db #0x00	; 0
   01D2 03                  511 	.db #0x03	; 3
   01D3 04                  512 	.db #0x04	; 4
   01D4 03                  513 	.db #0x03	; 3
   01D5 04                  514 	.db #0x04	; 4
   01D6 03                  515 	.db #0x03	; 3
   01D7 04                  516 	.db #0x04	; 4
   01D8 03                  517 	.db #0x03	; 3
   01D9 04                  518 	.db #0x04	; 4
   01DA 00                  519 	.db #0x00	; 0
   01DB 00                  520 	.db #0x00	; 0
   01DC 00                  521 	.db #0x00	; 0
   01DD 00                  522 	.db #0x00	; 0
   01DE 06                  523 	.db #0x06	; 6
   01DF 07                  524 	.db #0x07	; 7
   01E0 01                  525 	.db #0x01	; 1
   01E1 02                  526 	.db #0x02	; 2
   01E2 00                  527 	.db #0x00	; 0
   01E3 00                  528 	.db #0x00	; 0
   01E4 00                  529 	.db #0x00	; 0
   01E5 00                  530 	.db #0x00	; 0
   01E6 00                  531 	.db #0x00	; 0
   01E7 00                  532 	.db #0x00	; 0
   01E8 00                  533 	.db #0x00	; 0
   01E9 00                  534 	.db #0x00	; 0
   01EA 00                  535 	.db #0x00	; 0
   01EB 00                  536 	.db #0x00	; 0
   01EC 08                  537 	.db #0x08	; 8
   01ED 09                  538 	.db #0x09	; 9
   01EE 08                  539 	.db #0x08	; 8
   01EF 09                  540 	.db #0x09	; 9
   01F0 08                  541 	.db #0x08	; 8
   01F1 09                  542 	.db #0x09	; 9
   01F2 08                  543 	.db #0x08	; 8
   01F3 09                  544 	.db #0x09	; 9
   01F4 00                  545 	.db #0x00	; 0
   01F5 00                  546 	.db #0x00	; 0
   01F6 00                  547 	.db #0x00	; 0
   01F7 00                  548 	.db #0x00	; 0
   01F8 00                  549 	.db #0x00	; 0
   01F9 00                  550 	.db #0x00	; 0
   01FA 08                  551 	.db #0x08	; 8
   01FB 09                  552 	.db #0x09	; 9
   01FC 08                  553 	.db #0x08	; 8
   01FD 09                  554 	.db #0x09	; 9
   01FE 08                  555 	.db #0x08	; 8
   01FF 09                  556 	.db #0x09	; 9
   0200 08                  557 	.db #0x08	; 8
   0201 09                  558 	.db #0x09	; 9
   0202 00                  559 	.db #0x00	; 0
   0203 00                  560 	.db #0x00	; 0
   0204 00                  561 	.db #0x00	; 0
   0205 00                  562 	.db #0x00	; 0
   0206 01                  563 	.db #0x01	; 1
   0207 02                  564 	.db #0x02	; 2
   0208 06                  565 	.db #0x06	; 6
   0209 07                  566 	.db #0x07	; 7
   020A 00                  567 	.db #0x00	; 0
   020B 00                  568 	.db #0x00	; 0
   020C 00                  569 	.db #0x00	; 0
   020D 00                  570 	.db #0x00	; 0
   020E 00                  571 	.db #0x00	; 0
   020F 00                  572 	.db #0x00	; 0
   0210 00                  573 	.db #0x00	; 0
   0211 00                  574 	.db #0x00	; 0
   0212 00                  575 	.db #0x00	; 0
   0213 00                  576 	.db #0x00	; 0
   0214 03                  577 	.db #0x03	; 3
   0215 04                  578 	.db #0x04	; 4
   0216 03                  579 	.db #0x03	; 3
   0217 04                  580 	.db #0x04	; 4
   0218 00                  581 	.db #0x00	; 0
   0219 00                  582 	.db #0x00	; 0
   021A 00                  583 	.db #0x00	; 0
   021B 00                  584 	.db #0x00	; 0
   021C 00                  585 	.db #0x00	; 0
   021D 00                  586 	.db #0x00	; 0
   021E 00                  587 	.db #0x00	; 0
   021F 00                  588 	.db #0x00	; 0
   0220 00                  589 	.db #0x00	; 0
   0221 00                  590 	.db #0x00	; 0
   0222 03                  591 	.db #0x03	; 3
   0223 04                  592 	.db #0x04	; 4
   0224 03                  593 	.db #0x03	; 3
   0225 04                  594 	.db #0x04	; 4
   0226 03                  595 	.db #0x03	; 3
   0227 04                  596 	.db #0x04	; 4
   0228 03                  597 	.db #0x03	; 3
   0229 04                  598 	.db #0x04	; 4
   022A 00                  599 	.db #0x00	; 0
   022B 00                  600 	.db #0x00	; 0
   022C 00                  601 	.db #0x00	; 0
   022D 00                  602 	.db #0x00	; 0
   022E 06                  603 	.db #0x06	; 6
   022F 07                  604 	.db #0x07	; 7
   0230 01                  605 	.db #0x01	; 1
   0231 02                  606 	.db #0x02	; 2
   0232 00                  607 	.db #0x00	; 0
   0233 00                  608 	.db #0x00	; 0
   0234 00                  609 	.db #0x00	; 0
   0235 00                  610 	.db #0x00	; 0
   0236 00                  611 	.db #0x00	; 0
   0237 00                  612 	.db #0x00	; 0
   0238 00                  613 	.db #0x00	; 0
   0239 00                  614 	.db #0x00	; 0
   023A 00                  615 	.db #0x00	; 0
   023B 00                  616 	.db #0x00	; 0
   023C 08                  617 	.db #0x08	; 8
   023D 09                  618 	.db #0x09	; 9
   023E 08                  619 	.db #0x08	; 8
   023F 09                  620 	.db #0x09	; 9
   0240 00                  621 	.db #0x00	; 0
   0241 00                  622 	.db #0x00	; 0
   0242 00                  623 	.db #0x00	; 0
   0243 00                  624 	.db #0x00	; 0
   0244 00                  625 	.db #0x00	; 0
   0245 00                  626 	.db #0x00	; 0
   0246 00                  627 	.db #0x00	; 0
   0247 00                  628 	.db #0x00	; 0
   0248 00                  629 	.db #0x00	; 0
   0249 00                  630 	.db #0x00	; 0
   024A 08                  631 	.db #0x08	; 8
   024B 09                  632 	.db #0x09	; 9
   024C 08                  633 	.db #0x08	; 8
   024D 09                  634 	.db #0x09	; 9
   024E 08                  635 	.db #0x08	; 8
   024F 09                  636 	.db #0x09	; 9
   0250 08                  637 	.db #0x08	; 8
   0251 09                  638 	.db #0x09	; 9
   0252 00                  639 	.db #0x00	; 0
   0253 00                  640 	.db #0x00	; 0
   0254 00                  641 	.db #0x00	; 0
   0255 00                  642 	.db #0x00	; 0
   0256 01                  643 	.db #0x01	; 1
   0257 02                  644 	.db #0x02	; 2
   0258 06                  645 	.db #0x06	; 6
   0259 07                  646 	.db #0x07	; 7
   025A 00                  647 	.db #0x00	; 0
   025B 00                  648 	.db #0x00	; 0
   025C 00                  649 	.db #0x00	; 0
   025D 00                  650 	.db #0x00	; 0
   025E 00                  651 	.db #0x00	; 0
   025F 00                  652 	.db #0x00	; 0
   0260 00                  653 	.db #0x00	; 0
   0261 00                  654 	.db #0x00	; 0
   0262 00                  655 	.db #0x00	; 0
   0263 00                  656 	.db #0x00	; 0
   0264 00                  657 	.db #0x00	; 0
   0265 00                  658 	.db #0x00	; 0
   0266 00                  659 	.db #0x00	; 0
   0267 00                  660 	.db #0x00	; 0
   0268 00                  661 	.db #0x00	; 0
   0269 00                  662 	.db #0x00	; 0
   026A 00                  663 	.db #0x00	; 0
   026B 00                  664 	.db #0x00	; 0
   026C 00                  665 	.db #0x00	; 0
   026D 00                  666 	.db #0x00	; 0
   026E 00                  667 	.db #0x00	; 0
   026F 00                  668 	.db #0x00	; 0
   0270 00                  669 	.db #0x00	; 0
   0271 00                  670 	.db #0x00	; 0
   0272 00                  671 	.db #0x00	; 0
   0273 00                  672 	.db #0x00	; 0
   0274 00                  673 	.db #0x00	; 0
   0275 00                  674 	.db #0x00	; 0
   0276 03                  675 	.db #0x03	; 3
   0277 04                  676 	.db #0x04	; 4
   0278 03                  677 	.db #0x03	; 3
   0279 04                  678 	.db #0x04	; 4
   027A 00                  679 	.db #0x00	; 0
   027B 00                  680 	.db #0x00	; 0
   027C 00                  681 	.db #0x00	; 0
   027D 00                  682 	.db #0x00	; 0
   027E 06                  683 	.db #0x06	; 6
   027F 07                  684 	.db #0x07	; 7
   0280 01                  685 	.db #0x01	; 1
   0281 02                  686 	.db #0x02	; 2
   0282 00                  687 	.db #0x00	; 0
   0283 00                  688 	.db #0x00	; 0
   0284 00                  689 	.db #0x00	; 0
   0285 00                  690 	.db #0x00	; 0
   0286 00                  691 	.db #0x00	; 0
   0287 00                  692 	.db #0x00	; 0
   0288 00                  693 	.db #0x00	; 0
   0289 00                  694 	.db #0x00	; 0
   028A 00                  695 	.db #0x00	; 0
   028B 00                  696 	.db #0x00	; 0
   028C 00                  697 	.db #0x00	; 0
   028D 00                  698 	.db #0x00	; 0
   028E 00                  699 	.db #0x00	; 0
   028F 00                  700 	.db #0x00	; 0
   0290 00                  701 	.db #0x00	; 0
   0291 00                  702 	.db #0x00	; 0
   0292 00                  703 	.db #0x00	; 0
   0293 00                  704 	.db #0x00	; 0
   0294 00                  705 	.db #0x00	; 0
   0295 00                  706 	.db #0x00	; 0
   0296 00                  707 	.db #0x00	; 0
   0297 00                  708 	.db #0x00	; 0
   0298 00                  709 	.db #0x00	; 0
   0299 00                  710 	.db #0x00	; 0
   029A 00                  711 	.db #0x00	; 0
   029B 00                  712 	.db #0x00	; 0
   029C 00                  713 	.db #0x00	; 0
   029D 00                  714 	.db #0x00	; 0
   029E 08                  715 	.db #0x08	; 8
   029F 09                  716 	.db #0x09	; 9
   02A0 08                  717 	.db #0x08	; 8
   02A1 09                  718 	.db #0x09	; 9
   02A2 00                  719 	.db #0x00	; 0
   02A3 00                  720 	.db #0x00	; 0
   02A4 00                  721 	.db #0x00	; 0
   02A5 00                  722 	.db #0x00	; 0
   02A6 01                  723 	.db #0x01	; 1
   02A7 02                  724 	.db #0x02	; 2
   02A8 06                  725 	.db #0x06	; 6
   02A9 07                  726 	.db #0x07	; 7
   02AA 00                  727 	.db #0x00	; 0
   02AB 00                  728 	.db #0x00	; 0
   02AC 00                  729 	.db #0x00	; 0
   02AD 00                  730 	.db #0x00	; 0
   02AE 00                  731 	.db #0x00	; 0
   02AF 00                  732 	.db #0x00	; 0
   02B0 00                  733 	.db #0x00	; 0
   02B1 00                  734 	.db #0x00	; 0
   02B2 00                  735 	.db #0x00	; 0
   02B3 00                  736 	.db #0x00	; 0
   02B4 00                  737 	.db #0x00	; 0
   02B5 00                  738 	.db #0x00	; 0
   02B6 00                  739 	.db #0x00	; 0
   02B7 00                  740 	.db #0x00	; 0
   02B8 00                  741 	.db #0x00	; 0
   02B9 00                  742 	.db #0x00	; 0
   02BA 00                  743 	.db #0x00	; 0
   02BB 00                  744 	.db #0x00	; 0
   02BC 00                  745 	.db #0x00	; 0
   02BD 00                  746 	.db #0x00	; 0
   02BE 00                  747 	.db #0x00	; 0
   02BF 00                  748 	.db #0x00	; 0
   02C0 00                  749 	.db #0x00	; 0
   02C1 00                  750 	.db #0x00	; 0
   02C2 00                  751 	.db #0x00	; 0
   02C3 00                  752 	.db #0x00	; 0
   02C4 00                  753 	.db #0x00	; 0
   02C5 00                  754 	.db #0x00	; 0
   02C6 03                  755 	.db #0x03	; 3
   02C7 04                  756 	.db #0x04	; 4
   02C8 03                  757 	.db #0x03	; 3
   02C9 04                  758 	.db #0x04	; 4
   02CA 00                  759 	.db #0x00	; 0
   02CB 00                  760 	.db #0x00	; 0
   02CC 00                  761 	.db #0x00	; 0
   02CD 00                  762 	.db #0x00	; 0
   02CE 06                  763 	.db #0x06	; 6
   02CF 07                  764 	.db #0x07	; 7
   02D0 00                  765 	.db #0x00	; 0
   02D1 00                  766 	.db #0x00	; 0
   02D2 00                  767 	.db #0x00	; 0
   02D3 00                  768 	.db #0x00	; 0
   02D4 00                  769 	.db #0x00	; 0
   02D5 00                  770 	.db #0x00	; 0
   02D6 00                  771 	.db #0x00	; 0
   02D7 00                  772 	.db #0x00	; 0
   02D8 00                  773 	.db #0x00	; 0
   02D9 00                  774 	.db #0x00	; 0
   02DA 00                  775 	.db #0x00	; 0
   02DB 00                  776 	.db #0x00	; 0
   02DC 00                  777 	.db #0x00	; 0
   02DD 00                  778 	.db #0x00	; 0
   02DE 00                  779 	.db #0x00	; 0
   02DF 00                  780 	.db #0x00	; 0
   02E0 00                  781 	.db #0x00	; 0
   02E1 00                  782 	.db #0x00	; 0
   02E2 00                  783 	.db #0x00	; 0
   02E3 00                  784 	.db #0x00	; 0
   02E4 00                  785 	.db #0x00	; 0
   02E5 00                  786 	.db #0x00	; 0
   02E6 00                  787 	.db #0x00	; 0
   02E7 00                  788 	.db #0x00	; 0
   02E8 00                  789 	.db #0x00	; 0
   02E9 00                  790 	.db #0x00	; 0
   02EA 00                  791 	.db #0x00	; 0
   02EB 00                  792 	.db #0x00	; 0
   02EC 00                  793 	.db #0x00	; 0
   02ED 00                  794 	.db #0x00	; 0
   02EE 08                  795 	.db #0x08	; 8
   02EF 09                  796 	.db #0x09	; 9
   02F0 08                  797 	.db #0x08	; 8
   02F1 09                  798 	.db #0x09	; 9
   02F2 00                  799 	.db #0x00	; 0
   02F3 00                  800 	.db #0x00	; 0
   02F4 00                  801 	.db #0x00	; 0
   02F5 00                  802 	.db #0x00	; 0
   02F6 00                  803 	.db #0x00	; 0
   02F7 00                  804 	.db #0x00	; 0
   02F8 00                  805 	.db #0x00	; 0
   02F9 00                  806 	.db #0x00	; 0
   02FA 00                  807 	.db #0x00	; 0
   02FB 00                  808 	.db #0x00	; 0
   02FC 00                  809 	.db #0x00	; 0
   02FD 00                  810 	.db #0x00	; 0
   02FE 00                  811 	.db #0x00	; 0
   02FF 00                  812 	.db #0x00	; 0
   0300 00                  813 	.db #0x00	; 0
   0301 00                  814 	.db #0x00	; 0
   0302 00                  815 	.db #0x00	; 0
   0303 00                  816 	.db #0x00	; 0
   0304 00                  817 	.db #0x00	; 0
   0305 00                  818 	.db #0x00	; 0
   0306 00                  819 	.db #0x00	; 0
   0307 00                  820 	.db #0x00	; 0
   0308 00                  821 	.db #0x00	; 0
   0309 00                  822 	.db #0x00	; 0
   030A 00                  823 	.db #0x00	; 0
   030B 00                  824 	.db #0x00	; 0
   030C 00                  825 	.db #0x00	; 0
   030D 00                  826 	.db #0x00	; 0
   030E 00                  827 	.db #0x00	; 0
   030F 00                  828 	.db #0x00	; 0
   0310 00                  829 	.db #0x00	; 0
   0311 00                  830 	.db #0x00	; 0
   0312 00                  831 	.db #0x00	; 0
   0313 00                  832 	.db #0x00	; 0
   0314 00                  833 	.db #0x00	; 0
   0315 00                  834 	.db #0x00	; 0
   0316 03                  835 	.db #0x03	; 3
   0317 04                  836 	.db #0x04	; 4
   0318 03                  837 	.db #0x03	; 3
   0319 04                  838 	.db #0x04	; 4
   031A 00                  839 	.db #0x00	; 0
   031B 00                  840 	.db #0x00	; 0
   031C 00                  841 	.db #0x00	; 0
   031D 00                  842 	.db #0x00	; 0
   031E 00                  843 	.db #0x00	; 0
   031F 00                  844 	.db #0x00	; 0
   0320 00                  845 	.db #0x00	; 0
   0321 00                  846 	.db #0x00	; 0
   0322 00                  847 	.db #0x00	; 0
   0323 00                  848 	.db #0x00	; 0
   0324 00                  849 	.db #0x00	; 0
   0325 00                  850 	.db #0x00	; 0
   0326 00                  851 	.db #0x00	; 0
   0327 00                  852 	.db #0x00	; 0
   0328 00                  853 	.db #0x00	; 0
   0329 00                  854 	.db #0x00	; 0
   032A 00                  855 	.db #0x00	; 0
   032B 00                  856 	.db #0x00	; 0
   032C 00                  857 	.db #0x00	; 0
   032D 00                  858 	.db #0x00	; 0
   032E 00                  859 	.db #0x00	; 0
   032F 00                  860 	.db #0x00	; 0
   0330 00                  861 	.db #0x00	; 0
   0331 00                  862 	.db #0x00	; 0
   0332 00                  863 	.db #0x00	; 0
   0333 00                  864 	.db #0x00	; 0
   0334 00                  865 	.db #0x00	; 0
   0335 00                  866 	.db #0x00	; 0
   0336 00                  867 	.db #0x00	; 0
   0337 00                  868 	.db #0x00	; 0
   0338 00                  869 	.db #0x00	; 0
   0339 00                  870 	.db #0x00	; 0
   033A 00                  871 	.db #0x00	; 0
   033B 00                  872 	.db #0x00	; 0
   033C 00                  873 	.db #0x00	; 0
   033D 00                  874 	.db #0x00	; 0
   033E 08                  875 	.db #0x08	; 8
   033F 09                  876 	.db #0x09	; 9
   0340 08                  877 	.db #0x08	; 8
   0341 09                  878 	.db #0x09	; 9
   0342 00                  879 	.db #0x00	; 0
   0343 00                  880 	.db #0x00	; 0
   0344 00                  881 	.db #0x00	; 0
   0345 00                  882 	.db #0x00	; 0
   0346 00                  883 	.db #0x00	; 0
   0347 00                  884 	.db #0x00	; 0
   0348 00                  885 	.db #0x00	; 0
   0349 00                  886 	.db #0x00	; 0
   034A 00                  887 	.db #0x00	; 0
   034B 00                  888 	.db #0x00	; 0
   034C 00                  889 	.db #0x00	; 0
   034D 00                  890 	.db #0x00	; 0
   034E 00                  891 	.db #0x00	; 0
   034F 00                  892 	.db #0x00	; 0
   0350 00                  893 	.db #0x00	; 0
   0351 00                  894 	.db #0x00	; 0
   0352 00                  895 	.db #0x00	; 0
   0353 00                  896 	.db #0x00	; 0
   0354 00                  897 	.db #0x00	; 0
   0355 00                  898 	.db #0x00	; 0
   0356 00                  899 	.db #0x00	; 0
   0357 00                  900 	.db #0x00	; 0
   0358 00                  901 	.db #0x00	; 0
   0359 00                  902 	.db #0x00	; 0
   035A 00                  903 	.db #0x00	; 0
   035B 00                  904 	.db #0x00	; 0
   035C 00                  905 	.db #0x00	; 0
   035D 00                  906 	.db #0x00	; 0
   035E 00                  907 	.db #0x00	; 0
   035F 00                  908 	.db #0x00	; 0
   0360 00                  909 	.db #0x00	; 0
   0361 00                  910 	.db #0x00	; 0
   0362 00                  911 	.db #0x00	; 0
   0363 00                  912 	.db #0x00	; 0
   0364 00                  913 	.db #0x00	; 0
   0365 00                  914 	.db #0x00	; 0
   0366 03                  915 	.db #0x03	; 3
   0367 04                  916 	.db #0x04	; 4
   0368 03                  917 	.db #0x03	; 3
   0369 04                  918 	.db #0x04	; 4
   036A 00                  919 	.db #0x00	; 0
   036B 00                  920 	.db #0x00	; 0
   036C 00                  921 	.db #0x00	; 0
   036D 00                  922 	.db #0x00	; 0
   036E 00                  923 	.db #0x00	; 0
   036F 00                  924 	.db #0x00	; 0
   0370 00                  925 	.db #0x00	; 0
   0371 00                  926 	.db #0x00	; 0
   0372 00                  927 	.db #0x00	; 0
   0373 00                  928 	.db #0x00	; 0
   0374 00                  929 	.db #0x00	; 0
   0375 00                  930 	.db #0x00	; 0
   0376 00                  931 	.db #0x00	; 0
   0377 00                  932 	.db #0x00	; 0
   0378 00                  933 	.db #0x00	; 0
   0379 00                  934 	.db #0x00	; 0
   037A 00                  935 	.db #0x00	; 0
   037B 00                  936 	.db #0x00	; 0
   037C 00                  937 	.db #0x00	; 0
   037D 00                  938 	.db #0x00	; 0
   037E 00                  939 	.db #0x00	; 0
   037F 00                  940 	.db #0x00	; 0
   0380 00                  941 	.db #0x00	; 0
   0381 00                  942 	.db #0x00	; 0
   0382 00                  943 	.db #0x00	; 0
   0383 00                  944 	.db #0x00	; 0
   0384 00                  945 	.db #0x00	; 0
   0385 00                  946 	.db #0x00	; 0
   0386 00                  947 	.db #0x00	; 0
   0387 00                  948 	.db #0x00	; 0
   0388 00                  949 	.db #0x00	; 0
   0389 00                  950 	.db #0x00	; 0
   038A 00                  951 	.db #0x00	; 0
   038B 00                  952 	.db #0x00	; 0
   038C 00                  953 	.db #0x00	; 0
   038D 00                  954 	.db #0x00	; 0
   038E 08                  955 	.db #0x08	; 8
   038F 09                  956 	.db #0x09	; 9
   0390 08                  957 	.db #0x08	; 8
   0391 09                  958 	.db #0x09	; 9
   0392 00                  959 	.db #0x00	; 0
   0393 00                  960 	.db #0x00	; 0
   0394 00                  961 	.db #0x00	; 0
   0395 00                  962 	.db #0x00	; 0
   0396 00                  963 	.db #0x00	; 0
   0397 00                  964 	.db #0x00	; 0
   0398 00                  965 	.db #0x00	; 0
   0399 00                  966 	.db #0x00	; 0
   039A 00                  967 	.db #0x00	; 0
   039B 00                  968 	.db #0x00	; 0
   039C 00                  969 	.db #0x00	; 0
   039D 00                  970 	.db #0x00	; 0
   039E 00                  971 	.db #0x00	; 0
   039F 00                  972 	.db #0x00	; 0
   03A0 00                  973 	.db #0x00	; 0
   03A1 00                  974 	.db #0x00	; 0
   03A2 00                  975 	.db #0x00	; 0
   03A3 00                  976 	.db #0x00	; 0
   03A4 00                  977 	.db #0x00	; 0
   03A5 00                  978 	.db #0x00	; 0
   03A6 00                  979 	.db #0x00	; 0
   03A7 00                  980 	.db #0x00	; 0
   03A8 00                  981 	.db #0x00	; 0
   03A9 00                  982 	.db #0x00	; 0
   03AA 00                  983 	.db #0x00	; 0
   03AB 00                  984 	.db #0x00	; 0
   03AC 00                  985 	.db #0x00	; 0
   03AD 00                  986 	.db #0x00	; 0
   03AE 00                  987 	.db #0x00	; 0
   03AF 00                  988 	.db #0x00	; 0
   03B0 00                  989 	.db #0x00	; 0
   03B1 00                  990 	.db #0x00	; 0
   03B2 00                  991 	.db #0x00	; 0
   03B3 00                  992 	.db #0x00	; 0
   03B4 00                  993 	.db #0x00	; 0
   03B5 00                  994 	.db #0x00	; 0
   03B6 00                  995 	.db #0x00	; 0
   03B7 00                  996 	.db #0x00	; 0
   03B8 00                  997 	.db #0x00	; 0
   03B9 00                  998 	.db #0x00	; 0
   03BA 00                  999 	.db #0x00	; 0
   03BB 00                 1000 	.db #0x00	; 0
   03BC 00                 1001 	.db #0x00	; 0
   03BD 00                 1002 	.db #0x00	; 0
   03BE 00                 1003 	.db #0x00	; 0
   03BF 00                 1004 	.db #0x00	; 0
   03C0 00                 1005 	.db #0x00	; 0
   03C1 00                 1006 	.db #0x00	; 0
   03C2 00                 1007 	.db #0x00	; 0
   03C3 00                 1008 	.db #0x00	; 0
   03C4 00                 1009 	.db #0x00	; 0
   03C5 00                 1010 	.db #0x00	; 0
   03C6 00                 1011 	.db #0x00	; 0
   03C7 00                 1012 	.db #0x00	; 0
   03C8 00                 1013 	.db #0x00	; 0
   03C9 00                 1014 	.db #0x00	; 0
   03CA 00                 1015 	.db #0x00	; 0
   03CB 00                 1016 	.db #0x00	; 0
   03CC 00                 1017 	.db #0x00	; 0
   03CD 00                 1018 	.db #0x00	; 0
   03CE 00                 1019 	.db #0x00	; 0
   03CF 00                 1020 	.db #0x00	; 0
   03D0 00                 1021 	.db #0x00	; 0
   03D1 00                 1022 	.db #0x00	; 0
   03D2 00                 1023 	.db #0x00	; 0
   03D3 00                 1024 	.db #0x00	; 0
   03D4 00                 1025 	.db #0x00	; 0
   03D5 00                 1026 	.db #0x00	; 0
   03D6 00                 1027 	.db #0x00	; 0
   03D7 00                 1028 	.db #0x00	; 0
   03D8 00                 1029 	.db #0x00	; 0
   03D9 00                 1030 	.db #0x00	; 0
   03DA 00                 1031 	.db #0x00	; 0
   03DB 00                 1032 	.db #0x00	; 0
   03DC 00                 1033 	.db #0x00	; 0
   03DD 00                 1034 	.db #0x00	; 0
   03DE 00                 1035 	.db #0x00	; 0
   03DF 00                 1036 	.db #0x00	; 0
   03E0 00                 1037 	.db #0x00	; 0
   03E1 00                 1038 	.db #0x00	; 0
   03E2 00                 1039 	.db #0x00	; 0
   03E3 00                 1040 	.db #0x00	; 0
   03E4 00                 1041 	.db #0x00	; 0
   03E5 00                 1042 	.db #0x00	; 0
   03E6 00                 1043 	.db #0x00	; 0
   03E7 00                 1044 	.db #0x00	; 0
   03E8 06                 1045 	.db #0x06	; 6
   03E9 07                 1046 	.db #0x07	; 7
   03EA 00                 1047 	.db #0x00	; 0
   03EB 00                 1048 	.db #0x00	; 0
   03EC 00                 1049 	.db #0x00	; 0
   03ED 00                 1050 	.db #0x00	; 0
   03EE 00                 1051 	.db #0x00	; 0
   03EF 00                 1052 	.db #0x00	; 0
   03F0 00                 1053 	.db #0x00	; 0
   03F1 00                 1054 	.db #0x00	; 0
   03F2 00                 1055 	.db #0x00	; 0
   03F3 00                 1056 	.db #0x00	; 0
   03F4 00                 1057 	.db #0x00	; 0
   03F5 03                 1058 	.db #0x03	; 3
   03F6 04                 1059 	.db #0x04	; 4
   03F7 03                 1060 	.db #0x03	; 3
   03F8 04                 1061 	.db #0x04	; 4
   03F9 03                 1062 	.db #0x03	; 3
   03FA 04                 1063 	.db #0x04	; 4
   03FB 03                 1064 	.db #0x03	; 3
   03FC 04                 1065 	.db #0x04	; 4
   03FD 03                 1066 	.db #0x03	; 3
   03FE 04                 1067 	.db #0x04	; 4
   03FF 03                 1068 	.db #0x03	; 3
   0400 04                 1069 	.db #0x04	; 4
   0401 03                 1070 	.db #0x03	; 3
   0402 04                 1071 	.db #0x04	; 4
   0403 00                 1072 	.db #0x00	; 0
   0404 00                 1073 	.db #0x00	; 0
   0405 00                 1074 	.db #0x00	; 0
   0406 00                 1075 	.db #0x00	; 0
   0407 00                 1076 	.db #0x00	; 0
   0408 00                 1077 	.db #0x00	; 0
   0409 00                 1078 	.db #0x00	; 0
   040A 00                 1079 	.db #0x00	; 0
   040B 00                 1080 	.db #0x00	; 0
   040C 00                 1081 	.db #0x00	; 0
   040D 00                 1082 	.db #0x00	; 0
   040E 06                 1083 	.db #0x06	; 6
   040F 07                 1084 	.db #0x07	; 7
   0410 01                 1085 	.db #0x01	; 1
   0411 02                 1086 	.db #0x02	; 2
   0412 00                 1087 	.db #0x00	; 0
   0413 00                 1088 	.db #0x00	; 0
   0414 00                 1089 	.db #0x00	; 0
   0415 00                 1090 	.db #0x00	; 0
   0416 00                 1091 	.db #0x00	; 0
   0417 00                 1092 	.db #0x00	; 0
   0418 00                 1093 	.db #0x00	; 0
   0419 00                 1094 	.db #0x00	; 0
   041A 00                 1095 	.db #0x00	; 0
   041B 00                 1096 	.db #0x00	; 0
   041C 00                 1097 	.db #0x00	; 0
   041D 08                 1098 	.db #0x08	; 8
   041E 09                 1099 	.db #0x09	; 9
   041F 08                 1100 	.db #0x08	; 8
   0420 09                 1101 	.db #0x09	; 9
   0421 08                 1102 	.db #0x08	; 8
   0422 09                 1103 	.db #0x09	; 9
   0423 08                 1104 	.db #0x08	; 8
   0424 09                 1105 	.db #0x09	; 9
   0425 08                 1106 	.db #0x08	; 8
   0426 09                 1107 	.db #0x09	; 9
   0427 08                 1108 	.db #0x08	; 8
   0428 09                 1109 	.db #0x09	; 9
   0429 08                 1110 	.db #0x08	; 8
   042A 09                 1111 	.db #0x09	; 9
   042B 00                 1112 	.db #0x00	; 0
   042C 00                 1113 	.db #0x00	; 0
   042D 00                 1114 	.db #0x00	; 0
   042E 00                 1115 	.db #0x00	; 0
   042F 00                 1116 	.db #0x00	; 0
   0430 00                 1117 	.db #0x00	; 0
   0431 00                 1118 	.db #0x00	; 0
   0432 00                 1119 	.db #0x00	; 0
   0433 00                 1120 	.db #0x00	; 0
   0434 00                 1121 	.db #0x00	; 0
   0435 00                 1122 	.db #0x00	; 0
   0436 01                 1123 	.db #0x01	; 1
   0437 02                 1124 	.db #0x02	; 2
   0438 06                 1125 	.db #0x06	; 6
   0439 07                 1126 	.db #0x07	; 7
   043A 00                 1127 	.db #0x00	; 0
   043B 00                 1128 	.db #0x00	; 0
   043C 00                 1129 	.db #0x00	; 0
   043D 00                 1130 	.db #0x00	; 0
   043E 00                 1131 	.db #0x00	; 0
   043F 00                 1132 	.db #0x00	; 0
   0440 00                 1133 	.db #0x00	; 0
   0441 00                 1134 	.db #0x00	; 0
   0442 00                 1135 	.db #0x00	; 0
   0443 00                 1136 	.db #0x00	; 0
   0444 00                 1137 	.db #0x00	; 0
   0445 03                 1138 	.db #0x03	; 3
   0446 04                 1139 	.db #0x04	; 4
   0447 00                 1140 	.db #0x00	; 0
   0448 00                 1141 	.db #0x00	; 0
   0449 00                 1142 	.db #0x00	; 0
   044A 00                 1143 	.db #0x00	; 0
   044B 00                 1144 	.db #0x00	; 0
   044C 00                 1145 	.db #0x00	; 0
   044D 00                 1146 	.db #0x00	; 0
   044E 00                 1147 	.db #0x00	; 0
   044F 00                 1148 	.db #0x00	; 0
   0450 00                 1149 	.db #0x00	; 0
   0451 03                 1150 	.db #0x03	; 3
   0452 04                 1151 	.db #0x04	; 4
   0453 00                 1152 	.db #0x00	; 0
   0454 00                 1153 	.db #0x00	; 0
   0455 00                 1154 	.db #0x00	; 0
   0456 00                 1155 	.db #0x00	; 0
   0457 00                 1156 	.db #0x00	; 0
   0458 00                 1157 	.db #0x00	; 0
   0459 00                 1158 	.db #0x00	; 0
   045A 00                 1159 	.db #0x00	; 0
   045B 00                 1160 	.db #0x00	; 0
   045C 00                 1161 	.db #0x00	; 0
   045D 00                 1162 	.db #0x00	; 0
   045E 06                 1163 	.db #0x06	; 6
   045F 07                 1164 	.db #0x07	; 7
   0460 01                 1165 	.db #0x01	; 1
   0461 02                 1166 	.db #0x02	; 2
   0462 00                 1167 	.db #0x00	; 0
   0463 00                 1168 	.db #0x00	; 0
   0464 00                 1169 	.db #0x00	; 0
   0465 00                 1170 	.db #0x00	; 0
   0466 00                 1171 	.db #0x00	; 0
   0467 00                 1172 	.db #0x00	; 0
   0468 00                 1173 	.db #0x00	; 0
   0469 00                 1174 	.db #0x00	; 0
   046A 00                 1175 	.db #0x00	; 0
   046B 00                 1176 	.db #0x00	; 0
   046C 00                 1177 	.db #0x00	; 0
   046D 08                 1178 	.db #0x08	; 8
   046E 09                 1179 	.db #0x09	; 9
   046F 00                 1180 	.db #0x00	; 0
   0470 00                 1181 	.db #0x00	; 0
   0471 00                 1182 	.db #0x00	; 0
   0472 00                 1183 	.db #0x00	; 0
   0473 00                 1184 	.db #0x00	; 0
   0474 00                 1185 	.db #0x00	; 0
   0475 00                 1186 	.db #0x00	; 0
   0476 00                 1187 	.db #0x00	; 0
   0477 00                 1188 	.db #0x00	; 0
   0478 00                 1189 	.db #0x00	; 0
   0479 08                 1190 	.db #0x08	; 8
   047A 09                 1191 	.db #0x09	; 9
   047B 00                 1192 	.db #0x00	; 0
   047C 00                 1193 	.db #0x00	; 0
   047D 00                 1194 	.db #0x00	; 0
   047E 00                 1195 	.db #0x00	; 0
   047F 00                 1196 	.db #0x00	; 0
   0480 00                 1197 	.db #0x00	; 0
   0481 00                 1198 	.db #0x00	; 0
   0482 00                 1199 	.db #0x00	; 0
   0483 00                 1200 	.db #0x00	; 0
   0484 00                 1201 	.db #0x00	; 0
   0485 00                 1202 	.db #0x00	; 0
   0486 01                 1203 	.db #0x01	; 1
   0487 02                 1204 	.db #0x02	; 2
   0488 06                 1205 	.db #0x06	; 6
   0489 07                 1206 	.db #0x07	; 7
   048A 00                 1207 	.db #0x00	; 0
   048B 00                 1208 	.db #0x00	; 0
   048C 00                 1209 	.db #0x00	; 0
   048D 00                 1210 	.db #0x00	; 0
   048E 00                 1211 	.db #0x00	; 0
   048F 00                 1212 	.db #0x00	; 0
   0490 00                 1213 	.db #0x00	; 0
   0491 00                 1214 	.db #0x00	; 0
   0492 00                 1215 	.db #0x00	; 0
   0493 00                 1216 	.db #0x00	; 0
   0494 00                 1217 	.db #0x00	; 0
   0495 03                 1218 	.db #0x03	; 3
   0496 04                 1219 	.db #0x04	; 4
   0497 00                 1220 	.db #0x00	; 0
   0498 00                 1221 	.db #0x00	; 0
   0499 00                 1222 	.db #0x00	; 0
   049A 00                 1223 	.db #0x00	; 0
   049B 00                 1224 	.db #0x00	; 0
   049C 00                 1225 	.db #0x00	; 0
   049D 00                 1226 	.db #0x00	; 0
   049E 00                 1227 	.db #0x00	; 0
   049F 00                 1228 	.db #0x00	; 0
   04A0 00                 1229 	.db #0x00	; 0
   04A1 03                 1230 	.db #0x03	; 3
   04A2 04                 1231 	.db #0x04	; 4
   04A3 00                 1232 	.db #0x00	; 0
   04A4 00                 1233 	.db #0x00	; 0
   04A5 00                 1234 	.db #0x00	; 0
   04A6 00                 1235 	.db #0x00	; 0
   04A7 00                 1236 	.db #0x00	; 0
   04A8 00                 1237 	.db #0x00	; 0
   04A9 00                 1238 	.db #0x00	; 0
   04AA 00                 1239 	.db #0x00	; 0
   04AB 00                 1240 	.db #0x00	; 0
   04AC 00                 1241 	.db #0x00	; 0
   04AD 00                 1242 	.db #0x00	; 0
   04AE 06                 1243 	.db #0x06	; 6
   04AF 07                 1244 	.db #0x07	; 7
   04B0 01                 1245 	.db #0x01	; 1
   04B1 02                 1246 	.db #0x02	; 2
   04B2 00                 1247 	.db #0x00	; 0
   04B3 00                 1248 	.db #0x00	; 0
   04B4 00                 1249 	.db #0x00	; 0
   04B5 00                 1250 	.db #0x00	; 0
   04B6 00                 1251 	.db #0x00	; 0
   04B7 00                 1252 	.db #0x00	; 0
   04B8 00                 1253 	.db #0x00	; 0
   04B9 00                 1254 	.db #0x00	; 0
   04BA 00                 1255 	.db #0x00	; 0
   04BB 00                 1256 	.db #0x00	; 0
   04BC 00                 1257 	.db #0x00	; 0
   04BD 08                 1258 	.db #0x08	; 8
   04BE 09                 1259 	.db #0x09	; 9
   04BF 00                 1260 	.db #0x00	; 0
   04C0 00                 1261 	.db #0x00	; 0
   04C1 00                 1262 	.db #0x00	; 0
   04C2 00                 1263 	.db #0x00	; 0
   04C3 00                 1264 	.db #0x00	; 0
   04C4 00                 1265 	.db #0x00	; 0
   04C5 00                 1266 	.db #0x00	; 0
   04C6 00                 1267 	.db #0x00	; 0
   04C7 00                 1268 	.db #0x00	; 0
   04C8 00                 1269 	.db #0x00	; 0
   04C9 08                 1270 	.db #0x08	; 8
   04CA 09                 1271 	.db #0x09	; 9
   04CB 00                 1272 	.db #0x00	; 0
   04CC 00                 1273 	.db #0x00	; 0
   04CD 00                 1274 	.db #0x00	; 0
   04CE 00                 1275 	.db #0x00	; 0
   04CF 00                 1276 	.db #0x00	; 0
   04D0 00                 1277 	.db #0x00	; 0
   04D1 00                 1278 	.db #0x00	; 0
   04D2 00                 1279 	.db #0x00	; 0
   04D3 00                 1280 	.db #0x00	; 0
   04D4 00                 1281 	.db #0x00	; 0
   04D5 00                 1282 	.db #0x00	; 0
   04D6 01                 1283 	.db #0x01	; 1
   04D7 02                 1284 	.db #0x02	; 2
   04D8 06                 1285 	.db #0x06	; 6
   04D9 07                 1286 	.db #0x07	; 7
   04DA 00                 1287 	.db #0x00	; 0
   04DB 00                 1288 	.db #0x00	; 0
   04DC 00                 1289 	.db #0x00	; 0
   04DD 00                 1290 	.db #0x00	; 0
   04DE 00                 1291 	.db #0x00	; 0
   04DF 00                 1292 	.db #0x00	; 0
   04E0 00                 1293 	.db #0x00	; 0
   04E1 00                 1294 	.db #0x00	; 0
   04E2 00                 1295 	.db #0x00	; 0
   04E3 00                 1296 	.db #0x00	; 0
   04E4 00                 1297 	.db #0x00	; 0
   04E5 03                 1298 	.db #0x03	; 3
   04E6 04                 1299 	.db #0x04	; 4
   04E7 00                 1300 	.db #0x00	; 0
   04E8 00                 1301 	.db #0x00	; 0
   04E9 00                 1302 	.db #0x00	; 0
   04EA 00                 1303 	.db #0x00	; 0
   04EB 00                 1304 	.db #0x00	; 0
   04EC 00                 1305 	.db #0x00	; 0
   04ED 00                 1306 	.db #0x00	; 0
   04EE 00                 1307 	.db #0x00	; 0
   04EF 00                 1308 	.db #0x00	; 0
   04F0 00                 1309 	.db #0x00	; 0
   04F1 03                 1310 	.db #0x03	; 3
   04F2 04                 1311 	.db #0x04	; 4
   04F3 00                 1312 	.db #0x00	; 0
   04F4 00                 1313 	.db #0x00	; 0
   04F5 00                 1314 	.db #0x00	; 0
   04F6 00                 1315 	.db #0x00	; 0
   04F7 00                 1316 	.db #0x00	; 0
   04F8 00                 1317 	.db #0x00	; 0
   04F9 00                 1318 	.db #0x00	; 0
   04FA 00                 1319 	.db #0x00	; 0
   04FB 00                 1320 	.db #0x00	; 0
   04FC 00                 1321 	.db #0x00	; 0
   04FD 00                 1322 	.db #0x00	; 0
   04FE 06                 1323 	.db #0x06	; 6
   04FF 07                 1324 	.db #0x07	; 7
   0500 01                 1325 	.db #0x01	; 1
   0501 02                 1326 	.db #0x02	; 2
   0502 00                 1327 	.db #0x00	; 0
   0503 00                 1328 	.db #0x00	; 0
   0504 00                 1329 	.db #0x00	; 0
   0505 00                 1330 	.db #0x00	; 0
   0506 00                 1331 	.db #0x00	; 0
   0507 00                 1332 	.db #0x00	; 0
   0508 00                 1333 	.db #0x00	; 0
   0509 00                 1334 	.db #0x00	; 0
   050A 00                 1335 	.db #0x00	; 0
   050B 00                 1336 	.db #0x00	; 0
   050C 00                 1337 	.db #0x00	; 0
   050D 08                 1338 	.db #0x08	; 8
   050E 09                 1339 	.db #0x09	; 9
   050F 00                 1340 	.db #0x00	; 0
   0510 00                 1341 	.db #0x00	; 0
   0511 00                 1342 	.db #0x00	; 0
   0512 00                 1343 	.db #0x00	; 0
   0513 00                 1344 	.db #0x00	; 0
   0514 00                 1345 	.db #0x00	; 0
   0515 00                 1346 	.db #0x00	; 0
   0516 00                 1347 	.db #0x00	; 0
   0517 00                 1348 	.db #0x00	; 0
   0518 00                 1349 	.db #0x00	; 0
   0519 08                 1350 	.db #0x08	; 8
   051A 09                 1351 	.db #0x09	; 9
   051B 00                 1352 	.db #0x00	; 0
   051C 00                 1353 	.db #0x00	; 0
   051D 00                 1354 	.db #0x00	; 0
   051E 00                 1355 	.db #0x00	; 0
   051F 00                 1356 	.db #0x00	; 0
   0520 00                 1357 	.db #0x00	; 0
   0521 00                 1358 	.db #0x00	; 0
   0522 00                 1359 	.db #0x00	; 0
   0523 00                 1360 	.db #0x00	; 0
   0524 00                 1361 	.db #0x00	; 0
   0525 00                 1362 	.db #0x00	; 0
   0526 01                 1363 	.db #0x01	; 1
   0527 02                 1364 	.db #0x02	; 2
   0528 06                 1365 	.db #0x06	; 6
   0529 07                 1366 	.db #0x07	; 7
   052A 00                 1367 	.db #0x00	; 0
   052B 00                 1368 	.db #0x00	; 0
   052C 00                 1369 	.db #0x00	; 0
   052D 00                 1370 	.db #0x00	; 0
   052E 00                 1371 	.db #0x00	; 0
   052F 00                 1372 	.db #0x00	; 0
   0530 00                 1373 	.db #0x00	; 0
   0531 00                 1374 	.db #0x00	; 0
   0532 00                 1375 	.db #0x00	; 0
   0533 00                 1376 	.db #0x00	; 0
   0534 00                 1377 	.db #0x00	; 0
   0535 03                 1378 	.db #0x03	; 3
   0536 04                 1379 	.db #0x04	; 4
   0537 00                 1380 	.db #0x00	; 0
   0538 00                 1381 	.db #0x00	; 0
   0539 00                 1382 	.db #0x00	; 0
   053A 00                 1383 	.db #0x00	; 0
   053B 00                 1384 	.db #0x00	; 0
   053C 00                 1385 	.db #0x00	; 0
   053D 00                 1386 	.db #0x00	; 0
   053E 00                 1387 	.db #0x00	; 0
   053F 00                 1388 	.db #0x00	; 0
   0540 00                 1389 	.db #0x00	; 0
   0541 03                 1390 	.db #0x03	; 3
   0542 04                 1391 	.db #0x04	; 4
   0543 00                 1392 	.db #0x00	; 0
   0544 00                 1393 	.db #0x00	; 0
   0545 00                 1394 	.db #0x00	; 0
   0546 00                 1395 	.db #0x00	; 0
   0547 00                 1396 	.db #0x00	; 0
   0548 00                 1397 	.db #0x00	; 0
   0549 00                 1398 	.db #0x00	; 0
   054A 00                 1399 	.db #0x00	; 0
   054B 00                 1400 	.db #0x00	; 0
   054C 00                 1401 	.db #0x00	; 0
   054D 00                 1402 	.db #0x00	; 0
   054E 06                 1403 	.db #0x06	; 6
   054F 07                 1404 	.db #0x07	; 7
   0550 01                 1405 	.db #0x01	; 1
   0551 02                 1406 	.db #0x02	; 2
   0552 00                 1407 	.db #0x00	; 0
   0553 00                 1408 	.db #0x00	; 0
   0554 00                 1409 	.db #0x00	; 0
   0555 00                 1410 	.db #0x00	; 0
   0556 00                 1411 	.db #0x00	; 0
   0557 00                 1412 	.db #0x00	; 0
   0558 00                 1413 	.db #0x00	; 0
   0559 00                 1414 	.db #0x00	; 0
   055A 00                 1415 	.db #0x00	; 0
   055B 00                 1416 	.db #0x00	; 0
   055C 00                 1417 	.db #0x00	; 0
   055D 08                 1418 	.db #0x08	; 8
   055E 09                 1419 	.db #0x09	; 9
   055F 00                 1420 	.db #0x00	; 0
   0560 00                 1421 	.db #0x00	; 0
   0561 00                 1422 	.db #0x00	; 0
   0562 00                 1423 	.db #0x00	; 0
   0563 00                 1424 	.db #0x00	; 0
   0564 00                 1425 	.db #0x00	; 0
   0565 00                 1426 	.db #0x00	; 0
   0566 00                 1427 	.db #0x00	; 0
   0567 00                 1428 	.db #0x00	; 0
   0568 00                 1429 	.db #0x00	; 0
   0569 08                 1430 	.db #0x08	; 8
   056A 09                 1431 	.db #0x09	; 9
   056B 00                 1432 	.db #0x00	; 0
   056C 00                 1433 	.db #0x00	; 0
   056D 00                 1434 	.db #0x00	; 0
   056E 00                 1435 	.db #0x00	; 0
   056F 00                 1436 	.db #0x00	; 0
   0570 00                 1437 	.db #0x00	; 0
   0571 00                 1438 	.db #0x00	; 0
   0572 00                 1439 	.db #0x00	; 0
   0573 00                 1440 	.db #0x00	; 0
   0574 00                 1441 	.db #0x00	; 0
   0575 00                 1442 	.db #0x00	; 0
   0576 01                 1443 	.db #0x01	; 1
   0577 02                 1444 	.db #0x02	; 2
   0578 06                 1445 	.db #0x06	; 6
   0579 07                 1446 	.db #0x07	; 7
   057A 00                 1447 	.db #0x00	; 0
   057B 00                 1448 	.db #0x00	; 0
   057C 00                 1449 	.db #0x00	; 0
   057D 00                 1450 	.db #0x00	; 0
   057E 00                 1451 	.db #0x00	; 0
   057F 00                 1452 	.db #0x00	; 0
   0580 00                 1453 	.db #0x00	; 0
   0581 00                 1454 	.db #0x00	; 0
   0582 00                 1455 	.db #0x00	; 0
   0583 00                 1456 	.db #0x00	; 0
   0584 00                 1457 	.db #0x00	; 0
   0585 00                 1458 	.db #0x00	; 0
   0586 00                 1459 	.db #0x00	; 0
   0587 00                 1460 	.db #0x00	; 0
   0588 00                 1461 	.db #0x00	; 0
   0589 00                 1462 	.db #0x00	; 0
   058A 00                 1463 	.db #0x00	; 0
   058B 00                 1464 	.db #0x00	; 0
   058C 00                 1465 	.db #0x00	; 0
   058D 00                 1466 	.db #0x00	; 0
   058E 00                 1467 	.db #0x00	; 0
   058F 00                 1468 	.db #0x00	; 0
   0590 00                 1469 	.db #0x00	; 0
   0591 00                 1470 	.db #0x00	; 0
   0592 00                 1471 	.db #0x00	; 0
   0593 00                 1472 	.db #0x00	; 0
   0594 00                 1473 	.db #0x00	; 0
   0595 00                 1474 	.db #0x00	; 0
   0596 00                 1475 	.db #0x00	; 0
   0597 00                 1476 	.db #0x00	; 0
   0598 00                 1477 	.db #0x00	; 0
   0599 00                 1478 	.db #0x00	; 0
   059A 00                 1479 	.db #0x00	; 0
   059B 00                 1480 	.db #0x00	; 0
   059C 00                 1481 	.db #0x00	; 0
   059D 00                 1482 	.db #0x00	; 0
   059E 06                 1483 	.db #0x06	; 6
   059F 07                 1484 	.db #0x07	; 7
   05A0 01                 1485 	.db #0x01	; 1
   05A1 02                 1486 	.db #0x02	; 2
   05A2 00                 1487 	.db #0x00	; 0
   05A3 00                 1488 	.db #0x00	; 0
   05A4 00                 1489 	.db #0x00	; 0
   05A5 00                 1490 	.db #0x00	; 0
   05A6 00                 1491 	.db #0x00	; 0
   05A7 00                 1492 	.db #0x00	; 0
   05A8 00                 1493 	.db #0x00	; 0
   05A9 00                 1494 	.db #0x00	; 0
   05AA 00                 1495 	.db #0x00	; 0
   05AB 00                 1496 	.db #0x00	; 0
   05AC 00                 1497 	.db #0x00	; 0
   05AD 00                 1498 	.db #0x00	; 0
   05AE 00                 1499 	.db #0x00	; 0
   05AF 00                 1500 	.db #0x00	; 0
   05B0 00                 1501 	.db #0x00	; 0
   05B1 00                 1502 	.db #0x00	; 0
   05B2 00                 1503 	.db #0x00	; 0
   05B3 00                 1504 	.db #0x00	; 0
   05B4 00                 1505 	.db #0x00	; 0
   05B5 00                 1506 	.db #0x00	; 0
   05B6 00                 1507 	.db #0x00	; 0
   05B7 00                 1508 	.db #0x00	; 0
   05B8 00                 1509 	.db #0x00	; 0
   05B9 00                 1510 	.db #0x00	; 0
   05BA 00                 1511 	.db #0x00	; 0
   05BB 00                 1512 	.db #0x00	; 0
   05BC 00                 1513 	.db #0x00	; 0
   05BD 00                 1514 	.db #0x00	; 0
   05BE 00                 1515 	.db #0x00	; 0
   05BF 00                 1516 	.db #0x00	; 0
   05C0 00                 1517 	.db #0x00	; 0
   05C1 00                 1518 	.db #0x00	; 0
   05C2 00                 1519 	.db #0x00	; 0
   05C3 00                 1520 	.db #0x00	; 0
   05C4 00                 1521 	.db #0x00	; 0
   05C5 00                 1522 	.db #0x00	; 0
   05C6 01                 1523 	.db #0x01	; 1
   05C7 02                 1524 	.db #0x02	; 2
   05C8 06                 1525 	.db #0x06	; 6
   05C9 07                 1526 	.db #0x07	; 7
   05CA 00                 1527 	.db #0x00	; 0
   05CB 00                 1528 	.db #0x00	; 0
   05CC 00                 1529 	.db #0x00	; 0
   05CD 00                 1530 	.db #0x00	; 0
   05CE 00                 1531 	.db #0x00	; 0
   05CF 00                 1532 	.db #0x00	; 0
   05D0 00                 1533 	.db #0x00	; 0
   05D1 00                 1534 	.db #0x00	; 0
   05D2 00                 1535 	.db #0x00	; 0
   05D3 00                 1536 	.db #0x00	; 0
   05D4 00                 1537 	.db #0x00	; 0
   05D5 00                 1538 	.db #0x00	; 0
   05D6 00                 1539 	.db #0x00	; 0
   05D7 00                 1540 	.db #0x00	; 0
   05D8 00                 1541 	.db #0x00	; 0
   05D9 00                 1542 	.db #0x00	; 0
   05DA 00                 1543 	.db #0x00	; 0
   05DB 00                 1544 	.db #0x00	; 0
   05DC 00                 1545 	.db #0x00	; 0
   05DD 00                 1546 	.db #0x00	; 0
   05DE 00                 1547 	.db #0x00	; 0
   05DF 00                 1548 	.db #0x00	; 0
   05E0 00                 1549 	.db #0x00	; 0
   05E1 00                 1550 	.db #0x00	; 0
   05E2 00                 1551 	.db #0x00	; 0
   05E3 00                 1552 	.db #0x00	; 0
   05E4 00                 1553 	.db #0x00	; 0
   05E5 00                 1554 	.db #0x00	; 0
   05E6 00                 1555 	.db #0x00	; 0
   05E7 00                 1556 	.db #0x00	; 0
   05E8 00                 1557 	.db #0x00	; 0
   05E9 00                 1558 	.db #0x00	; 0
   05EA 00                 1559 	.db #0x00	; 0
   05EB 00                 1560 	.db #0x00	; 0
   05EC 00                 1561 	.db #0x00	; 0
   05ED 00                 1562 	.db #0x00	; 0
   05EE 06                 1563 	.db #0x06	; 6
   05EF 07                 1564 	.db #0x07	; 7
   05F0 01                 1565 	.db #0x01	; 1
   05F1 02                 1566 	.db #0x02	; 2
   05F2 00                 1567 	.db #0x00	; 0
   05F3 00                 1568 	.db #0x00	; 0
   05F4 00                 1569 	.db #0x00	; 0
   05F5 00                 1570 	.db #0x00	; 0
   05F6 00                 1571 	.db #0x00	; 0
   05F7 00                 1572 	.db #0x00	; 0
   05F8 00                 1573 	.db #0x00	; 0
   05F9 00                 1574 	.db #0x00	; 0
   05FA 00                 1575 	.db #0x00	; 0
   05FB 00                 1576 	.db #0x00	; 0
   05FC 00                 1577 	.db #0x00	; 0
   05FD 00                 1578 	.db #0x00	; 0
   05FE 00                 1579 	.db #0x00	; 0
   05FF 00                 1580 	.db #0x00	; 0
   0600 00                 1581 	.db #0x00	; 0
   0601 00                 1582 	.db #0x00	; 0
   0602 00                 1583 	.db #0x00	; 0
   0603 00                 1584 	.db #0x00	; 0
   0604 00                 1585 	.db #0x00	; 0
   0605 00                 1586 	.db #0x00	; 0
   0606 00                 1587 	.db #0x00	; 0
   0607 00                 1588 	.db #0x00	; 0
   0608 00                 1589 	.db #0x00	; 0
   0609 00                 1590 	.db #0x00	; 0
   060A 00                 1591 	.db #0x00	; 0
   060B 00                 1592 	.db #0x00	; 0
   060C 00                 1593 	.db #0x00	; 0
   060D 00                 1594 	.db #0x00	; 0
   060E 00                 1595 	.db #0x00	; 0
   060F 00                 1596 	.db #0x00	; 0
   0610 00                 1597 	.db #0x00	; 0
   0611 00                 1598 	.db #0x00	; 0
   0612 00                 1599 	.db #0x00	; 0
   0613 00                 1600 	.db #0x00	; 0
   0614 00                 1601 	.db #0x00	; 0
   0615 00                 1602 	.db #0x00	; 0
   0616 01                 1603 	.db #0x01	; 1
   0617 02                 1604 	.db #0x02	; 2
   0618 06                 1605 	.db #0x06	; 6
   0619 07                 1606 	.db #0x07	; 7
   061A 00                 1607 	.db #0x00	; 0
   061B 00                 1608 	.db #0x00	; 0
   061C 00                 1609 	.db #0x00	; 0
   061D 00                 1610 	.db #0x00	; 0
   061E 00                 1611 	.db #0x00	; 0
   061F 00                 1612 	.db #0x00	; 0
   0620 00                 1613 	.db #0x00	; 0
   0621 00                 1614 	.db #0x00	; 0
   0622 00                 1615 	.db #0x00	; 0
   0623 00                 1616 	.db #0x00	; 0
   0624 00                 1617 	.db #0x00	; 0
   0625 00                 1618 	.db #0x00	; 0
   0626 00                 1619 	.db #0x00	; 0
   0627 00                 1620 	.db #0x00	; 0
   0628 00                 1621 	.db #0x00	; 0
   0629 00                 1622 	.db #0x00	; 0
   062A 00                 1623 	.db #0x00	; 0
   062B 00                 1624 	.db #0x00	; 0
   062C 00                 1625 	.db #0x00	; 0
   062D 00                 1626 	.db #0x00	; 0
   062E 00                 1627 	.db #0x00	; 0
   062F 00                 1628 	.db #0x00	; 0
   0630 00                 1629 	.db #0x00	; 0
   0631 00                 1630 	.db #0x00	; 0
   0632 00                 1631 	.db #0x00	; 0
   0633 00                 1632 	.db #0x00	; 0
   0634 00                 1633 	.db #0x00	; 0
   0635 00                 1634 	.db #0x00	; 0
   0636 00                 1635 	.db #0x00	; 0
   0637 00                 1636 	.db #0x00	; 0
   0638 00                 1637 	.db #0x00	; 0
   0639 00                 1638 	.db #0x00	; 0
   063A 00                 1639 	.db #0x00	; 0
   063B 00                 1640 	.db #0x00	; 0
   063C 00                 1641 	.db #0x00	; 0
   063D 00                 1642 	.db #0x00	; 0
   063E 06                 1643 	.db #0x06	; 6
   063F 07                 1644 	.db #0x07	; 7
   0640 01                 1645 	.db #0x01	; 1
   0641 02                 1646 	.db #0x02	; 2
   0642 00                 1647 	.db #0x00	; 0
   0643 00                 1648 	.db #0x00	; 0
   0644 00                 1649 	.db #0x00	; 0
   0645 00                 1650 	.db #0x00	; 0
   0646 00                 1651 	.db #0x00	; 0
   0647 00                 1652 	.db #0x00	; 0
   0648 00                 1653 	.db #0x00	; 0
   0649 00                 1654 	.db #0x00	; 0
   064A 00                 1655 	.db #0x00	; 0
   064B 00                 1656 	.db #0x00	; 0
   064C 00                 1657 	.db #0x00	; 0
   064D 00                 1658 	.db #0x00	; 0
   064E 00                 1659 	.db #0x00	; 0
   064F 00                 1660 	.db #0x00	; 0
   0650 00                 1661 	.db #0x00	; 0
   0651 00                 1662 	.db #0x00	; 0
   0652 00                 1663 	.db #0x00	; 0
   0653 00                 1664 	.db #0x00	; 0
   0654 00                 1665 	.db #0x00	; 0
   0655 00                 1666 	.db #0x00	; 0
   0656 00                 1667 	.db #0x00	; 0
   0657 00                 1668 	.db #0x00	; 0
   0658 00                 1669 	.db #0x00	; 0
   0659 00                 1670 	.db #0x00	; 0
   065A 00                 1671 	.db #0x00	; 0
   065B 00                 1672 	.db #0x00	; 0
   065C 00                 1673 	.db #0x00	; 0
   065D 00                 1674 	.db #0x00	; 0
   065E 00                 1675 	.db #0x00	; 0
   065F 00                 1676 	.db #0x00	; 0
   0660 00                 1677 	.db #0x00	; 0
   0661 00                 1678 	.db #0x00	; 0
   0662 00                 1679 	.db #0x00	; 0
   0663 00                 1680 	.db #0x00	; 0
   0664 00                 1681 	.db #0x00	; 0
   0665 00                 1682 	.db #0x00	; 0
   0666 01                 1683 	.db #0x01	; 1
   0667 02                 1684 	.db #0x02	; 2
   0668 06                 1685 	.db #0x06	; 6
   0669 07                 1686 	.db #0x07	; 7
   066A 00                 1687 	.db #0x00	; 0
   066B 00                 1688 	.db #0x00	; 0
   066C 00                 1689 	.db #0x00	; 0
   066D 00                 1690 	.db #0x00	; 0
   066E 00                 1691 	.db #0x00	; 0
   066F 00                 1692 	.db #0x00	; 0
   0670 00                 1693 	.db #0x00	; 0
   0671 00                 1694 	.db #0x00	; 0
   0672 00                 1695 	.db #0x00	; 0
   0673 00                 1696 	.db #0x00	; 0
   0674 00                 1697 	.db #0x00	; 0
   0675 00                 1698 	.db #0x00	; 0
   0676 00                 1699 	.db #0x00	; 0
   0677 00                 1700 	.db #0x00	; 0
   0678 00                 1701 	.db #0x00	; 0
   0679 00                 1702 	.db #0x00	; 0
   067A 00                 1703 	.db #0x00	; 0
   067B 00                 1704 	.db #0x00	; 0
   067C 00                 1705 	.db #0x00	; 0
   067D 00                 1706 	.db #0x00	; 0
   067E 00                 1707 	.db #0x00	; 0
   067F 00                 1708 	.db #0x00	; 0
   0680 00                 1709 	.db #0x00	; 0
   0681 00                 1710 	.db #0x00	; 0
   0682 00                 1711 	.db #0x00	; 0
   0683 00                 1712 	.db #0x00	; 0
   0684 00                 1713 	.db #0x00	; 0
   0685 00                 1714 	.db #0x00	; 0
   0686 00                 1715 	.db #0x00	; 0
   0687 00                 1716 	.db #0x00	; 0
   0688 00                 1717 	.db #0x00	; 0
   0689 00                 1718 	.db #0x00	; 0
   068A 00                 1719 	.db #0x00	; 0
   068B 00                 1720 	.db #0x00	; 0
   068C 00                 1721 	.db #0x00	; 0
   068D 00                 1722 	.db #0x00	; 0
   068E 06                 1723 	.db #0x06	; 6
   068F 07                 1724 	.db #0x07	; 7
   0690 01                 1725 	.db #0x01	; 1
   0691 02                 1726 	.db #0x02	; 2
   0692 01                 1727 	.db #0x01	; 1
   0693 02                 1728 	.db #0x02	; 2
   0694 01                 1729 	.db #0x01	; 1
   0695 02                 1730 	.db #0x02	; 2
   0696 01                 1731 	.db #0x01	; 1
   0697 02                 1732 	.db #0x02	; 2
   0698 01                 1733 	.db #0x01	; 1
   0699 02                 1734 	.db #0x02	; 2
   069A 01                 1735 	.db #0x01	; 1
   069B 02                 1736 	.db #0x02	; 2
   069C 01                 1737 	.db #0x01	; 1
   069D 02                 1738 	.db #0x02	; 2
   069E 01                 1739 	.db #0x01	; 1
   069F 02                 1740 	.db #0x02	; 2
   06A0 00                 1741 	.db #0x00	; 0
   06A1 00                 1742 	.db #0x00	; 0
   06A2 00                 1743 	.db #0x00	; 0
   06A3 00                 1744 	.db #0x00	; 0
   06A4 00                 1745 	.db #0x00	; 0
   06A5 00                 1746 	.db #0x00	; 0
   06A6 01                 1747 	.db #0x01	; 1
   06A7 02                 1748 	.db #0x02	; 2
   06A8 01                 1749 	.db #0x01	; 1
   06A9 02                 1750 	.db #0x02	; 2
   06AA 01                 1751 	.db #0x01	; 1
   06AB 02                 1752 	.db #0x02	; 2
   06AC 01                 1753 	.db #0x01	; 1
   06AD 02                 1754 	.db #0x02	; 2
   06AE 01                 1755 	.db #0x01	; 1
   06AF 02                 1756 	.db #0x02	; 2
   06B0 01                 1757 	.db #0x01	; 1
   06B1 02                 1758 	.db #0x02	; 2
   06B2 01                 1759 	.db #0x01	; 1
   06B3 02                 1760 	.db #0x02	; 2
   06B4 01                 1761 	.db #0x01	; 1
   06B5 02                 1762 	.db #0x02	; 2
   06B6 01                 1763 	.db #0x01	; 1
   06B7 02                 1764 	.db #0x02	; 2
   06B8 06                 1765 	.db #0x06	; 6
   06B9 07                 1766 	.db #0x07	; 7
   06BA 06                 1767 	.db #0x06	; 6
   06BB 07                 1768 	.db #0x07	; 7
   06BC 06                 1769 	.db #0x06	; 6
   06BD 07                 1770 	.db #0x07	; 7
   06BE 06                 1771 	.db #0x06	; 6
   06BF 07                 1772 	.db #0x07	; 7
   06C0 06                 1773 	.db #0x06	; 6
   06C1 07                 1774 	.db #0x07	; 7
   06C2 06                 1775 	.db #0x06	; 6
   06C3 07                 1776 	.db #0x07	; 7
   06C4 06                 1777 	.db #0x06	; 6
   06C5 07                 1778 	.db #0x07	; 7
   06C6 06                 1779 	.db #0x06	; 6
   06C7 07                 1780 	.db #0x07	; 7
   06C8 00                 1781 	.db #0x00	; 0
   06C9 00                 1782 	.db #0x00	; 0
   06CA 00                 1783 	.db #0x00	; 0
   06CB 00                 1784 	.db #0x00	; 0
   06CC 00                 1785 	.db #0x00	; 0
   06CD 00                 1786 	.db #0x00	; 0
   06CE 06                 1787 	.db #0x06	; 6
   06CF 07                 1788 	.db #0x07	; 7
   06D0 06                 1789 	.db #0x06	; 6
   06D1 07                 1790 	.db #0x07	; 7
   06D2 06                 1791 	.db #0x06	; 6
   06D3 07                 1792 	.db #0x07	; 7
   06D4 06                 1793 	.db #0x06	; 6
   06D5 07                 1794 	.db #0x07	; 7
   06D6 06                 1795 	.db #0x06	; 6
   06D7 07                 1796 	.db #0x07	; 7
   06D8 06                 1797 	.db #0x06	; 6
   06D9 07                 1798 	.db #0x07	; 7
   06DA 06                 1799 	.db #0x06	; 6
   06DB 07                 1800 	.db #0x07	; 7
   06DC 06                 1801 	.db #0x06	; 6
   06DD 07                 1802 	.db #0x07	; 7
   06DE 06                 1803 	.db #0x06	; 6
   06DF 07                 1804 	.db #0x07	; 7
                           1805 	.area _INITIALIZER
                           1806 	.area _CABS (ABS)
