                              1 ;--------------------------------------------------------
                              2 ; File Created by SDCC : free open source ANSI-C Compiler
                              3 ; Version 3.5.5 #9498 (Linux)
                              4 ;--------------------------------------------------------
                              5 	.module map2
                              6 	.optsdcc -mz80
                              7 	
                              8 ;--------------------------------------------------------
                              9 ; Public variables in this module
                             10 ;--------------------------------------------------------
                             11 	.globl _g_map2
                             12 ;--------------------------------------------------------
                             13 ; special function registers
                             14 ;--------------------------------------------------------
                             15 ;--------------------------------------------------------
                             16 ; ram data
                             17 ;--------------------------------------------------------
                             18 	.area _DATA
                             19 ;--------------------------------------------------------
                             20 ; ram data
                             21 ;--------------------------------------------------------
                             22 	.area _INITIALIZED
                             23 ;--------------------------------------------------------
                             24 ; absolute external ram data
                             25 ;--------------------------------------------------------
                             26 	.area _DABS (ABS)
                             27 ;--------------------------------------------------------
                             28 ; global & static initialisations
                             29 ;--------------------------------------------------------
                             30 	.area _HOME
                             31 	.area _GSINIT
                             32 	.area _GSFINAL
                             33 	.area _GSINIT
                             34 ;--------------------------------------------------------
                             35 ; Home
                             36 ;--------------------------------------------------------
                             37 	.area _HOME
                             38 	.area _HOME
                             39 ;--------------------------------------------------------
                             40 ; code
                             41 ;--------------------------------------------------------
                             42 	.area _CODE
                             43 	.area _CODE
   0000                      44 _g_map2:
   0000 0D                   45 	.db #0x0D	; 13
   0001 0E                   46 	.db #0x0E	; 14
   0002 0D                   47 	.db #0x0D	; 13
   0003 0E                   48 	.db #0x0E	; 14
   0004 0D                   49 	.db #0x0D	; 13
   0005 0E                   50 	.db #0x0E	; 14
   0006 0D                   51 	.db #0x0D	; 13
   0007 0E                   52 	.db #0x0E	; 14
   0008 0D                   53 	.db #0x0D	; 13
   0009 0E                   54 	.db #0x0E	; 14
   000A 0D                   55 	.db #0x0D	; 13
   000B 0E                   56 	.db #0x0E	; 14
   000C 0D                   57 	.db #0x0D	; 13
   000D 0E                   58 	.db #0x0E	; 14
   000E 0D                   59 	.db #0x0D	; 13
   000F 0E                   60 	.db #0x0E	; 14
   0010 0A                   61 	.db #0x0A	; 10
   0011 0A                   62 	.db #0x0A	; 10
   0012 0A                   63 	.db #0x0A	; 10
   0013 0A                   64 	.db #0x0A	; 10
   0014 0A                   65 	.db #0x0A	; 10
   0015 0A                   66 	.db #0x0A	; 10
   0016 0D                   67 	.db #0x0D	; 13
   0017 0E                   68 	.db #0x0E	; 14
   0018 0D                   69 	.db #0x0D	; 13
   0019 0E                   70 	.db #0x0E	; 14
   001A 0D                   71 	.db #0x0D	; 13
   001B 0E                   72 	.db #0x0E	; 14
   001C 0D                   73 	.db #0x0D	; 13
   001D 0E                   74 	.db #0x0E	; 14
   001E 0D                   75 	.db #0x0D	; 13
   001F 0E                   76 	.db #0x0E	; 14
   0020 0D                   77 	.db #0x0D	; 13
   0021 0E                   78 	.db #0x0E	; 14
   0022 0D                   79 	.db #0x0D	; 13
   0023 0E                   80 	.db #0x0E	; 14
   0024 0D                   81 	.db #0x0D	; 13
   0025 0E                   82 	.db #0x0E	; 14
   0026 0D                   83 	.db #0x0D	; 13
   0027 0E                   84 	.db #0x0E	; 14
   0028 12                   85 	.db #0x12	; 18
   0029 13                   86 	.db #0x13	; 19
   002A 12                   87 	.db #0x12	; 18
   002B 13                   88 	.db #0x13	; 19
   002C 12                   89 	.db #0x12	; 18
   002D 13                   90 	.db #0x13	; 19
   002E 12                   91 	.db #0x12	; 18
   002F 13                   92 	.db #0x13	; 19
   0030 12                   93 	.db #0x12	; 18
   0031 13                   94 	.db #0x13	; 19
   0032 12                   95 	.db #0x12	; 18
   0033 13                   96 	.db #0x13	; 19
   0034 12                   97 	.db #0x12	; 18
   0035 13                   98 	.db #0x13	; 19
   0036 12                   99 	.db #0x12	; 18
   0037 13                  100 	.db #0x13	; 19
   0038 0A                  101 	.db #0x0A	; 10
   0039 0A                  102 	.db #0x0A	; 10
   003A 0A                  103 	.db #0x0A	; 10
   003B 0A                  104 	.db #0x0A	; 10
   003C 0A                  105 	.db #0x0A	; 10
   003D 0A                  106 	.db #0x0A	; 10
   003E 12                  107 	.db #0x12	; 18
   003F 13                  108 	.db #0x13	; 19
   0040 12                  109 	.db #0x12	; 18
   0041 13                  110 	.db #0x13	; 19
   0042 12                  111 	.db #0x12	; 18
   0043 13                  112 	.db #0x13	; 19
   0044 12                  113 	.db #0x12	; 18
   0045 13                  114 	.db #0x13	; 19
   0046 12                  115 	.db #0x12	; 18
   0047 13                  116 	.db #0x13	; 19
   0048 12                  117 	.db #0x12	; 18
   0049 13                  118 	.db #0x13	; 19
   004A 12                  119 	.db #0x12	; 18
   004B 13                  120 	.db #0x13	; 19
   004C 12                  121 	.db #0x12	; 18
   004D 13                  122 	.db #0x13	; 19
   004E 12                  123 	.db #0x12	; 18
   004F 13                  124 	.db #0x13	; 19
   0050 0D                  125 	.db #0x0D	; 13
   0051 0E                  126 	.db #0x0E	; 14
   0052 0A                  127 	.db #0x0A	; 10
   0053 0A                  128 	.db #0x0A	; 10
   0054 0A                  129 	.db #0x0A	; 10
   0055 0A                  130 	.db #0x0A	; 10
   0056 0A                  131 	.db #0x0A	; 10
   0057 0A                  132 	.db #0x0A	; 10
   0058 0A                  133 	.db #0x0A	; 10
   0059 0A                  134 	.db #0x0A	; 10
   005A 0A                  135 	.db #0x0A	; 10
   005B 0A                  136 	.db #0x0A	; 10
   005C 0A                  137 	.db #0x0A	; 10
   005D 0A                  138 	.db #0x0A	; 10
   005E 0A                  139 	.db #0x0A	; 10
   005F 0A                  140 	.db #0x0A	; 10
   0060 0A                  141 	.db #0x0A	; 10
   0061 0A                  142 	.db #0x0A	; 10
   0062 0A                  143 	.db #0x0A	; 10
   0063 0A                  144 	.db #0x0A	; 10
   0064 0A                  145 	.db #0x0A	; 10
   0065 0A                  146 	.db #0x0A	; 10
   0066 0A                  147 	.db #0x0A	; 10
   0067 0A                  148 	.db #0x0A	; 10
   0068 0A                  149 	.db #0x0A	; 10
   0069 0A                  150 	.db #0x0A	; 10
   006A 0A                  151 	.db #0x0A	; 10
   006B 0A                  152 	.db #0x0A	; 10
   006C 0A                  153 	.db #0x0A	; 10
   006D 0A                  154 	.db #0x0A	; 10
   006E 0A                  155 	.db #0x0A	; 10
   006F 0A                  156 	.db #0x0A	; 10
   0070 0A                  157 	.db #0x0A	; 10
   0071 0A                  158 	.db #0x0A	; 10
   0072 0A                  159 	.db #0x0A	; 10
   0073 0A                  160 	.db #0x0A	; 10
   0074 0A                  161 	.db #0x0A	; 10
   0075 0A                  162 	.db #0x0A	; 10
   0076 0D                  163 	.db #0x0D	; 13
   0077 0E                  164 	.db #0x0E	; 14
   0078 12                  165 	.db #0x12	; 18
   0079 13                  166 	.db #0x13	; 19
   007A 0A                  167 	.db #0x0A	; 10
   007B 0A                  168 	.db #0x0A	; 10
   007C 0A                  169 	.db #0x0A	; 10
   007D 0A                  170 	.db #0x0A	; 10
   007E 0A                  171 	.db #0x0A	; 10
   007F 0A                  172 	.db #0x0A	; 10
   0080 0A                  173 	.db #0x0A	; 10
   0081 0A                  174 	.db #0x0A	; 10
   0082 0A                  175 	.db #0x0A	; 10
   0083 0A                  176 	.db #0x0A	; 10
   0084 0A                  177 	.db #0x0A	; 10
   0085 0A                  178 	.db #0x0A	; 10
   0086 0A                  179 	.db #0x0A	; 10
   0087 0A                  180 	.db #0x0A	; 10
   0088 0A                  181 	.db #0x0A	; 10
   0089 0A                  182 	.db #0x0A	; 10
   008A 0A                  183 	.db #0x0A	; 10
   008B 0A                  184 	.db #0x0A	; 10
   008C 0A                  185 	.db #0x0A	; 10
   008D 0A                  186 	.db #0x0A	; 10
   008E 0A                  187 	.db #0x0A	; 10
   008F 0A                  188 	.db #0x0A	; 10
   0090 0A                  189 	.db #0x0A	; 10
   0091 0A                  190 	.db #0x0A	; 10
   0092 0A                  191 	.db #0x0A	; 10
   0093 0A                  192 	.db #0x0A	; 10
   0094 0A                  193 	.db #0x0A	; 10
   0095 0A                  194 	.db #0x0A	; 10
   0096 0A                  195 	.db #0x0A	; 10
   0097 0A                  196 	.db #0x0A	; 10
   0098 0A                  197 	.db #0x0A	; 10
   0099 0A                  198 	.db #0x0A	; 10
   009A 0A                  199 	.db #0x0A	; 10
   009B 0A                  200 	.db #0x0A	; 10
   009C 0A                  201 	.db #0x0A	; 10
   009D 0A                  202 	.db #0x0A	; 10
   009E 12                  203 	.db #0x12	; 18
   009F 13                  204 	.db #0x13	; 19
   00A0 0D                  205 	.db #0x0D	; 13
   00A1 0E                  206 	.db #0x0E	; 14
   00A2 0A                  207 	.db #0x0A	; 10
   00A3 0A                  208 	.db #0x0A	; 10
   00A4 0A                  209 	.db #0x0A	; 10
   00A5 0A                  210 	.db #0x0A	; 10
   00A6 0A                  211 	.db #0x0A	; 10
   00A7 0A                  212 	.db #0x0A	; 10
   00A8 0A                  213 	.db #0x0A	; 10
   00A9 0A                  214 	.db #0x0A	; 10
   00AA 0A                  215 	.db #0x0A	; 10
   00AB 0A                  216 	.db #0x0A	; 10
   00AC 0A                  217 	.db #0x0A	; 10
   00AD 0A                  218 	.db #0x0A	; 10
   00AE 0A                  219 	.db #0x0A	; 10
   00AF 0A                  220 	.db #0x0A	; 10
   00B0 0A                  221 	.db #0x0A	; 10
   00B1 0A                  222 	.db #0x0A	; 10
   00B2 0A                  223 	.db #0x0A	; 10
   00B3 0A                  224 	.db #0x0A	; 10
   00B4 0A                  225 	.db #0x0A	; 10
   00B5 0A                  226 	.db #0x0A	; 10
   00B6 0A                  227 	.db #0x0A	; 10
   00B7 0A                  228 	.db #0x0A	; 10
   00B8 0A                  229 	.db #0x0A	; 10
   00B9 0A                  230 	.db #0x0A	; 10
   00BA 0A                  231 	.db #0x0A	; 10
   00BB 0A                  232 	.db #0x0A	; 10
   00BC 0A                  233 	.db #0x0A	; 10
   00BD 0A                  234 	.db #0x0A	; 10
   00BE 0A                  235 	.db #0x0A	; 10
   00BF 0A                  236 	.db #0x0A	; 10
   00C0 0A                  237 	.db #0x0A	; 10
   00C1 0A                  238 	.db #0x0A	; 10
   00C2 0A                  239 	.db #0x0A	; 10
   00C3 0A                  240 	.db #0x0A	; 10
   00C4 0A                  241 	.db #0x0A	; 10
   00C5 0A                  242 	.db #0x0A	; 10
   00C6 0D                  243 	.db #0x0D	; 13
   00C7 0E                  244 	.db #0x0E	; 14
   00C8 12                  245 	.db #0x12	; 18
   00C9 13                  246 	.db #0x13	; 19
   00CA 0A                  247 	.db #0x0A	; 10
   00CB 0A                  248 	.db #0x0A	; 10
   00CC 0A                  249 	.db #0x0A	; 10
   00CD 0A                  250 	.db #0x0A	; 10
   00CE 0A                  251 	.db #0x0A	; 10
   00CF 0A                  252 	.db #0x0A	; 10
   00D0 0A                  253 	.db #0x0A	; 10
   00D1 0A                  254 	.db #0x0A	; 10
   00D2 0A                  255 	.db #0x0A	; 10
   00D3 0A                  256 	.db #0x0A	; 10
   00D4 0A                  257 	.db #0x0A	; 10
   00D5 0A                  258 	.db #0x0A	; 10
   00D6 0A                  259 	.db #0x0A	; 10
   00D7 0A                  260 	.db #0x0A	; 10
   00D8 0A                  261 	.db #0x0A	; 10
   00D9 0A                  262 	.db #0x0A	; 10
   00DA 0A                  263 	.db #0x0A	; 10
   00DB 0A                  264 	.db #0x0A	; 10
   00DC 0A                  265 	.db #0x0A	; 10
   00DD 0A                  266 	.db #0x0A	; 10
   00DE 0A                  267 	.db #0x0A	; 10
   00DF 0A                  268 	.db #0x0A	; 10
   00E0 0A                  269 	.db #0x0A	; 10
   00E1 0A                  270 	.db #0x0A	; 10
   00E2 0A                  271 	.db #0x0A	; 10
   00E3 0A                  272 	.db #0x0A	; 10
   00E4 0A                  273 	.db #0x0A	; 10
   00E5 0A                  274 	.db #0x0A	; 10
   00E6 0A                  275 	.db #0x0A	; 10
   00E7 0A                  276 	.db #0x0A	; 10
   00E8 0A                  277 	.db #0x0A	; 10
   00E9 0A                  278 	.db #0x0A	; 10
   00EA 0A                  279 	.db #0x0A	; 10
   00EB 0A                  280 	.db #0x0A	; 10
   00EC 0A                  281 	.db #0x0A	; 10
   00ED 0A                  282 	.db #0x0A	; 10
   00EE 12                  283 	.db #0x12	; 18
   00EF 13                  284 	.db #0x13	; 19
   00F0 0D                  285 	.db #0x0D	; 13
   00F1 0E                  286 	.db #0x0E	; 14
   00F2 0A                  287 	.db #0x0A	; 10
   00F3 0A                  288 	.db #0x0A	; 10
   00F4 0A                  289 	.db #0x0A	; 10
   00F5 0A                  290 	.db #0x0A	; 10
   00F6 0A                  291 	.db #0x0A	; 10
   00F7 0A                  292 	.db #0x0A	; 10
   00F8 0A                  293 	.db #0x0A	; 10
   00F9 0A                  294 	.db #0x0A	; 10
   00FA 0A                  295 	.db #0x0A	; 10
   00FB 0A                  296 	.db #0x0A	; 10
   00FC 0A                  297 	.db #0x0A	; 10
   00FD 0A                  298 	.db #0x0A	; 10
   00FE 0A                  299 	.db #0x0A	; 10
   00FF 0A                  300 	.db #0x0A	; 10
   0100 0A                  301 	.db #0x0A	; 10
   0101 0A                  302 	.db #0x0A	; 10
   0102 0A                  303 	.db #0x0A	; 10
   0103 0A                  304 	.db #0x0A	; 10
   0104 0A                  305 	.db #0x0A	; 10
   0105 0A                  306 	.db #0x0A	; 10
   0106 0A                  307 	.db #0x0A	; 10
   0107 0A                  308 	.db #0x0A	; 10
   0108 0A                  309 	.db #0x0A	; 10
   0109 0A                  310 	.db #0x0A	; 10
   010A 0A                  311 	.db #0x0A	; 10
   010B 0A                  312 	.db #0x0A	; 10
   010C 0A                  313 	.db #0x0A	; 10
   010D 0A                  314 	.db #0x0A	; 10
   010E 0A                  315 	.db #0x0A	; 10
   010F 0A                  316 	.db #0x0A	; 10
   0110 0A                  317 	.db #0x0A	; 10
   0111 0A                  318 	.db #0x0A	; 10
   0112 0A                  319 	.db #0x0A	; 10
   0113 0A                  320 	.db #0x0A	; 10
   0114 0A                  321 	.db #0x0A	; 10
   0115 0A                  322 	.db #0x0A	; 10
   0116 0D                  323 	.db #0x0D	; 13
   0117 0E                  324 	.db #0x0E	; 14
   0118 12                  325 	.db #0x12	; 18
   0119 13                  326 	.db #0x13	; 19
   011A 0A                  327 	.db #0x0A	; 10
   011B 0A                  328 	.db #0x0A	; 10
   011C 0A                  329 	.db #0x0A	; 10
   011D 0A                  330 	.db #0x0A	; 10
   011E 0A                  331 	.db #0x0A	; 10
   011F 0A                  332 	.db #0x0A	; 10
   0120 0A                  333 	.db #0x0A	; 10
   0121 0A                  334 	.db #0x0A	; 10
   0122 0A                  335 	.db #0x0A	; 10
   0123 0A                  336 	.db #0x0A	; 10
   0124 0A                  337 	.db #0x0A	; 10
   0125 0A                  338 	.db #0x0A	; 10
   0126 0A                  339 	.db #0x0A	; 10
   0127 0A                  340 	.db #0x0A	; 10
   0128 0A                  341 	.db #0x0A	; 10
   0129 0A                  342 	.db #0x0A	; 10
   012A 0A                  343 	.db #0x0A	; 10
   012B 0A                  344 	.db #0x0A	; 10
   012C 0A                  345 	.db #0x0A	; 10
   012D 0A                  346 	.db #0x0A	; 10
   012E 0A                  347 	.db #0x0A	; 10
   012F 0A                  348 	.db #0x0A	; 10
   0130 0A                  349 	.db #0x0A	; 10
   0131 0A                  350 	.db #0x0A	; 10
   0132 0A                  351 	.db #0x0A	; 10
   0133 0A                  352 	.db #0x0A	; 10
   0134 0A                  353 	.db #0x0A	; 10
   0135 0A                  354 	.db #0x0A	; 10
   0136 0A                  355 	.db #0x0A	; 10
   0137 0A                  356 	.db #0x0A	; 10
   0138 0A                  357 	.db #0x0A	; 10
   0139 0A                  358 	.db #0x0A	; 10
   013A 0A                  359 	.db #0x0A	; 10
   013B 0A                  360 	.db #0x0A	; 10
   013C 0A                  361 	.db #0x0A	; 10
   013D 0A                  362 	.db #0x0A	; 10
   013E 12                  363 	.db #0x12	; 18
   013F 13                  364 	.db #0x13	; 19
   0140 0D                  365 	.db #0x0D	; 13
   0141 0E                  366 	.db #0x0E	; 14
   0142 0A                  367 	.db #0x0A	; 10
   0143 0A                  368 	.db #0x0A	; 10
   0144 0A                  369 	.db #0x0A	; 10
   0145 0A                  370 	.db #0x0A	; 10
   0146 0A                  371 	.db #0x0A	; 10
   0147 0A                  372 	.db #0x0A	; 10
   0148 0A                  373 	.db #0x0A	; 10
   0149 0A                  374 	.db #0x0A	; 10
   014A 0A                  375 	.db #0x0A	; 10
   014B 0A                  376 	.db #0x0A	; 10
   014C 0A                  377 	.db #0x0A	; 10
   014D 0A                  378 	.db #0x0A	; 10
   014E 0A                  379 	.db #0x0A	; 10
   014F 0A                  380 	.db #0x0A	; 10
   0150 0A                  381 	.db #0x0A	; 10
   0151 0A                  382 	.db #0x0A	; 10
   0152 0A                  383 	.db #0x0A	; 10
   0153 0A                  384 	.db #0x0A	; 10
   0154 0A                  385 	.db #0x0A	; 10
   0155 0A                  386 	.db #0x0A	; 10
   0156 0A                  387 	.db #0x0A	; 10
   0157 0A                  388 	.db #0x0A	; 10
   0158 0A                  389 	.db #0x0A	; 10
   0159 0A                  390 	.db #0x0A	; 10
   015A 0A                  391 	.db #0x0A	; 10
   015B 0A                  392 	.db #0x0A	; 10
   015C 0A                  393 	.db #0x0A	; 10
   015D 0A                  394 	.db #0x0A	; 10
   015E 0A                  395 	.db #0x0A	; 10
   015F 0A                  396 	.db #0x0A	; 10
   0160 0A                  397 	.db #0x0A	; 10
   0161 0A                  398 	.db #0x0A	; 10
   0162 0A                  399 	.db #0x0A	; 10
   0163 0A                  400 	.db #0x0A	; 10
   0164 0A                  401 	.db #0x0A	; 10
   0165 0A                  402 	.db #0x0A	; 10
   0166 0D                  403 	.db #0x0D	; 13
   0167 0E                  404 	.db #0x0E	; 14
   0168 12                  405 	.db #0x12	; 18
   0169 13                  406 	.db #0x13	; 19
   016A 0A                  407 	.db #0x0A	; 10
   016B 0A                  408 	.db #0x0A	; 10
   016C 0A                  409 	.db #0x0A	; 10
   016D 0A                  410 	.db #0x0A	; 10
   016E 0A                  411 	.db #0x0A	; 10
   016F 0A                  412 	.db #0x0A	; 10
   0170 0A                  413 	.db #0x0A	; 10
   0171 0A                  414 	.db #0x0A	; 10
   0172 0A                  415 	.db #0x0A	; 10
   0173 0A                  416 	.db #0x0A	; 10
   0174 0A                  417 	.db #0x0A	; 10
   0175 0A                  418 	.db #0x0A	; 10
   0176 0A                  419 	.db #0x0A	; 10
   0177 0A                  420 	.db #0x0A	; 10
   0178 0A                  421 	.db #0x0A	; 10
   0179 0A                  422 	.db #0x0A	; 10
   017A 0A                  423 	.db #0x0A	; 10
   017B 0A                  424 	.db #0x0A	; 10
   017C 0A                  425 	.db #0x0A	; 10
   017D 0A                  426 	.db #0x0A	; 10
   017E 0A                  427 	.db #0x0A	; 10
   017F 0A                  428 	.db #0x0A	; 10
   0180 0A                  429 	.db #0x0A	; 10
   0181 0A                  430 	.db #0x0A	; 10
   0182 0A                  431 	.db #0x0A	; 10
   0183 0A                  432 	.db #0x0A	; 10
   0184 0A                  433 	.db #0x0A	; 10
   0185 0A                  434 	.db #0x0A	; 10
   0186 0A                  435 	.db #0x0A	; 10
   0187 0A                  436 	.db #0x0A	; 10
   0188 0A                  437 	.db #0x0A	; 10
   0189 0A                  438 	.db #0x0A	; 10
   018A 0A                  439 	.db #0x0A	; 10
   018B 0A                  440 	.db #0x0A	; 10
   018C 0A                  441 	.db #0x0A	; 10
   018D 0A                  442 	.db #0x0A	; 10
   018E 12                  443 	.db #0x12	; 18
   018F 13                  444 	.db #0x13	; 19
   0190 0D                  445 	.db #0x0D	; 13
   0191 0E                  446 	.db #0x0E	; 14
   0192 0A                  447 	.db #0x0A	; 10
   0193 0A                  448 	.db #0x0A	; 10
   0194 0A                  449 	.db #0x0A	; 10
   0195 0A                  450 	.db #0x0A	; 10
   0196 0A                  451 	.db #0x0A	; 10
   0197 0A                  452 	.db #0x0A	; 10
   0198 0A                  453 	.db #0x0A	; 10
   0199 0A                  454 	.db #0x0A	; 10
   019A 0A                  455 	.db #0x0A	; 10
   019B 0A                  456 	.db #0x0A	; 10
   019C 0A                  457 	.db #0x0A	; 10
   019D 0A                  458 	.db #0x0A	; 10
   019E 0A                  459 	.db #0x0A	; 10
   019F 0A                  460 	.db #0x0A	; 10
   01A0 0A                  461 	.db #0x0A	; 10
   01A1 0A                  462 	.db #0x0A	; 10
   01A2 0A                  463 	.db #0x0A	; 10
   01A3 0A                  464 	.db #0x0A	; 10
   01A4 0A                  465 	.db #0x0A	; 10
   01A5 0A                  466 	.db #0x0A	; 10
   01A6 0A                  467 	.db #0x0A	; 10
   01A7 0A                  468 	.db #0x0A	; 10
   01A8 0A                  469 	.db #0x0A	; 10
   01A9 0A                  470 	.db #0x0A	; 10
   01AA 0A                  471 	.db #0x0A	; 10
   01AB 0A                  472 	.db #0x0A	; 10
   01AC 0A                  473 	.db #0x0A	; 10
   01AD 0A                  474 	.db #0x0A	; 10
   01AE 0A                  475 	.db #0x0A	; 10
   01AF 0A                  476 	.db #0x0A	; 10
   01B0 0A                  477 	.db #0x0A	; 10
   01B1 0A                  478 	.db #0x0A	; 10
   01B2 0A                  479 	.db #0x0A	; 10
   01B3 0A                  480 	.db #0x0A	; 10
   01B4 0A                  481 	.db #0x0A	; 10
   01B5 0A                  482 	.db #0x0A	; 10
   01B6 0D                  483 	.db #0x0D	; 13
   01B7 0E                  484 	.db #0x0E	; 14
   01B8 12                  485 	.db #0x12	; 18
   01B9 13                  486 	.db #0x13	; 19
   01BA 0A                  487 	.db #0x0A	; 10
   01BB 0A                  488 	.db #0x0A	; 10
   01BC 0A                  489 	.db #0x0A	; 10
   01BD 0A                  490 	.db #0x0A	; 10
   01BE 0B                  491 	.db #0x0B	; 11
   01BF 0C                  492 	.db #0x0C	; 12
   01C0 0B                  493 	.db #0x0B	; 11
   01C1 0C                  494 	.db #0x0C	; 12
   01C2 0B                  495 	.db #0x0B	; 11
   01C3 0C                  496 	.db #0x0C	; 12
   01C4 0A                  497 	.db #0x0A	; 10
   01C5 0A                  498 	.db #0x0A	; 10
   01C6 0A                  499 	.db #0x0A	; 10
   01C7 0A                  500 	.db #0x0A	; 10
   01C8 0A                  501 	.db #0x0A	; 10
   01C9 0A                  502 	.db #0x0A	; 10
   01CA 0A                  503 	.db #0x0A	; 10
   01CB 0A                  504 	.db #0x0A	; 10
   01CC 0A                  505 	.db #0x0A	; 10
   01CD 0A                  506 	.db #0x0A	; 10
   01CE 0A                  507 	.db #0x0A	; 10
   01CF 0A                  508 	.db #0x0A	; 10
   01D0 0A                  509 	.db #0x0A	; 10
   01D1 0A                  510 	.db #0x0A	; 10
   01D2 0B                  511 	.db #0x0B	; 11
   01D3 0C                  512 	.db #0x0C	; 12
   01D4 0B                  513 	.db #0x0B	; 11
   01D5 0C                  514 	.db #0x0C	; 12
   01D6 0B                  515 	.db #0x0B	; 11
   01D7 0C                  516 	.db #0x0C	; 12
   01D8 0B                  517 	.db #0x0B	; 11
   01D9 0C                  518 	.db #0x0C	; 12
   01DA 0A                  519 	.db #0x0A	; 10
   01DB 0A                  520 	.db #0x0A	; 10
   01DC 0A                  521 	.db #0x0A	; 10
   01DD 0A                  522 	.db #0x0A	; 10
   01DE 12                  523 	.db #0x12	; 18
   01DF 13                  524 	.db #0x13	; 19
   01E0 0D                  525 	.db #0x0D	; 13
   01E1 0E                  526 	.db #0x0E	; 14
   01E2 0A                  527 	.db #0x0A	; 10
   01E3 0A                  528 	.db #0x0A	; 10
   01E4 0A                  529 	.db #0x0A	; 10
   01E5 0A                  530 	.db #0x0A	; 10
   01E6 10                  531 	.db #0x10	; 16
   01E7 11                  532 	.db #0x11	; 17
   01E8 10                  533 	.db #0x10	; 16
   01E9 11                  534 	.db #0x11	; 17
   01EA 10                  535 	.db #0x10	; 16
   01EB 11                  536 	.db #0x11	; 17
   01EC 0A                  537 	.db #0x0A	; 10
   01ED 0A                  538 	.db #0x0A	; 10
   01EE 0A                  539 	.db #0x0A	; 10
   01EF 0A                  540 	.db #0x0A	; 10
   01F0 0A                  541 	.db #0x0A	; 10
   01F1 0A                  542 	.db #0x0A	; 10
   01F2 0A                  543 	.db #0x0A	; 10
   01F3 0A                  544 	.db #0x0A	; 10
   01F4 0A                  545 	.db #0x0A	; 10
   01F5 0A                  546 	.db #0x0A	; 10
   01F6 0A                  547 	.db #0x0A	; 10
   01F7 0A                  548 	.db #0x0A	; 10
   01F8 0A                  549 	.db #0x0A	; 10
   01F9 0A                  550 	.db #0x0A	; 10
   01FA 10                  551 	.db #0x10	; 16
   01FB 11                  552 	.db #0x11	; 17
   01FC 10                  553 	.db #0x10	; 16
   01FD 11                  554 	.db #0x11	; 17
   01FE 10                  555 	.db #0x10	; 16
   01FF 11                  556 	.db #0x11	; 17
   0200 10                  557 	.db #0x10	; 16
   0201 11                  558 	.db #0x11	; 17
   0202 0A                  559 	.db #0x0A	; 10
   0203 0A                  560 	.db #0x0A	; 10
   0204 0A                  561 	.db #0x0A	; 10
   0205 0A                  562 	.db #0x0A	; 10
   0206 0D                  563 	.db #0x0D	; 13
   0207 0E                  564 	.db #0x0E	; 14
   0208 12                  565 	.db #0x12	; 18
   0209 13                  566 	.db #0x13	; 19
   020A 0A                  567 	.db #0x0A	; 10
   020B 0A                  568 	.db #0x0A	; 10
   020C 0A                  569 	.db #0x0A	; 10
   020D 0A                  570 	.db #0x0A	; 10
   020E 0B                  571 	.db #0x0B	; 11
   020F 0C                  572 	.db #0x0C	; 12
   0210 0B                  573 	.db #0x0B	; 11
   0211 0C                  574 	.db #0x0C	; 12
   0212 0B                  575 	.db #0x0B	; 11
   0213 0C                  576 	.db #0x0C	; 12
   0214 0A                  577 	.db #0x0A	; 10
   0215 0A                  578 	.db #0x0A	; 10
   0216 0A                  579 	.db #0x0A	; 10
   0217 0A                  580 	.db #0x0A	; 10
   0218 0A                  581 	.db #0x0A	; 10
   0219 0A                  582 	.db #0x0A	; 10
   021A 0A                  583 	.db #0x0A	; 10
   021B 0A                  584 	.db #0x0A	; 10
   021C 0A                  585 	.db #0x0A	; 10
   021D 0A                  586 	.db #0x0A	; 10
   021E 0A                  587 	.db #0x0A	; 10
   021F 0A                  588 	.db #0x0A	; 10
   0220 0A                  589 	.db #0x0A	; 10
   0221 0A                  590 	.db #0x0A	; 10
   0222 0B                  591 	.db #0x0B	; 11
   0223 0C                  592 	.db #0x0C	; 12
   0224 0B                  593 	.db #0x0B	; 11
   0225 0C                  594 	.db #0x0C	; 12
   0226 0B                  595 	.db #0x0B	; 11
   0227 0C                  596 	.db #0x0C	; 12
   0228 0B                  597 	.db #0x0B	; 11
   0229 0C                  598 	.db #0x0C	; 12
   022A 0A                  599 	.db #0x0A	; 10
   022B 0A                  600 	.db #0x0A	; 10
   022C 0A                  601 	.db #0x0A	; 10
   022D 0A                  602 	.db #0x0A	; 10
   022E 12                  603 	.db #0x12	; 18
   022F 13                  604 	.db #0x13	; 19
   0230 0D                  605 	.db #0x0D	; 13
   0231 0E                  606 	.db #0x0E	; 14
   0232 0A                  607 	.db #0x0A	; 10
   0233 0A                  608 	.db #0x0A	; 10
   0234 0A                  609 	.db #0x0A	; 10
   0235 0A                  610 	.db #0x0A	; 10
   0236 10                  611 	.db #0x10	; 16
   0237 11                  612 	.db #0x11	; 17
   0238 10                  613 	.db #0x10	; 16
   0239 11                  614 	.db #0x11	; 17
   023A 10                  615 	.db #0x10	; 16
   023B 11                  616 	.db #0x11	; 17
   023C 0A                  617 	.db #0x0A	; 10
   023D 0A                  618 	.db #0x0A	; 10
   023E 0A                  619 	.db #0x0A	; 10
   023F 0A                  620 	.db #0x0A	; 10
   0240 0A                  621 	.db #0x0A	; 10
   0241 0A                  622 	.db #0x0A	; 10
   0242 0A                  623 	.db #0x0A	; 10
   0243 0A                  624 	.db #0x0A	; 10
   0244 0A                  625 	.db #0x0A	; 10
   0245 0A                  626 	.db #0x0A	; 10
   0246 0A                  627 	.db #0x0A	; 10
   0247 0A                  628 	.db #0x0A	; 10
   0248 0A                  629 	.db #0x0A	; 10
   0249 0A                  630 	.db #0x0A	; 10
   024A 10                  631 	.db #0x10	; 16
   024B 11                  632 	.db #0x11	; 17
   024C 10                  633 	.db #0x10	; 16
   024D 11                  634 	.db #0x11	; 17
   024E 10                  635 	.db #0x10	; 16
   024F 11                  636 	.db #0x11	; 17
   0250 10                  637 	.db #0x10	; 16
   0251 11                  638 	.db #0x11	; 17
   0252 0A                  639 	.db #0x0A	; 10
   0253 0A                  640 	.db #0x0A	; 10
   0254 0A                  641 	.db #0x0A	; 10
   0255 0A                  642 	.db #0x0A	; 10
   0256 0D                  643 	.db #0x0D	; 13
   0257 0E                  644 	.db #0x0E	; 14
   0258 12                  645 	.db #0x12	; 18
   0259 13                  646 	.db #0x13	; 19
   025A 0A                  647 	.db #0x0A	; 10
   025B 0A                  648 	.db #0x0A	; 10
   025C 0A                  649 	.db #0x0A	; 10
   025D 0A                  650 	.db #0x0A	; 10
   025E 0A                  651 	.db #0x0A	; 10
   025F 0A                  652 	.db #0x0A	; 10
   0260 0A                  653 	.db #0x0A	; 10
   0261 0A                  654 	.db #0x0A	; 10
   0262 0A                  655 	.db #0x0A	; 10
   0263 0A                  656 	.db #0x0A	; 10
   0264 0A                  657 	.db #0x0A	; 10
   0265 0A                  658 	.db #0x0A	; 10
   0266 0A                  659 	.db #0x0A	; 10
   0267 0A                  660 	.db #0x0A	; 10
   0268 0A                  661 	.db #0x0A	; 10
   0269 0A                  662 	.db #0x0A	; 10
   026A 0A                  663 	.db #0x0A	; 10
   026B 0A                  664 	.db #0x0A	; 10
   026C 0A                  665 	.db #0x0A	; 10
   026D 0A                  666 	.db #0x0A	; 10
   026E 0A                  667 	.db #0x0A	; 10
   026F 0A                  668 	.db #0x0A	; 10
   0270 0A                  669 	.db #0x0A	; 10
   0271 0A                  670 	.db #0x0A	; 10
   0272 0A                  671 	.db #0x0A	; 10
   0273 0A                  672 	.db #0x0A	; 10
   0274 0A                  673 	.db #0x0A	; 10
   0275 0A                  674 	.db #0x0A	; 10
   0276 0A                  675 	.db #0x0A	; 10
   0277 0A                  676 	.db #0x0A	; 10
   0278 0A                  677 	.db #0x0A	; 10
   0279 0A                  678 	.db #0x0A	; 10
   027A 0A                  679 	.db #0x0A	; 10
   027B 0A                  680 	.db #0x0A	; 10
   027C 0A                  681 	.db #0x0A	; 10
   027D 0A                  682 	.db #0x0A	; 10
   027E 12                  683 	.db #0x12	; 18
   027F 13                  684 	.db #0x13	; 19
   0280 0D                  685 	.db #0x0D	; 13
   0281 0E                  686 	.db #0x0E	; 14
   0282 0A                  687 	.db #0x0A	; 10
   0283 0A                  688 	.db #0x0A	; 10
   0284 0A                  689 	.db #0x0A	; 10
   0285 0A                  690 	.db #0x0A	; 10
   0286 0A                  691 	.db #0x0A	; 10
   0287 0A                  692 	.db #0x0A	; 10
   0288 0A                  693 	.db #0x0A	; 10
   0289 0A                  694 	.db #0x0A	; 10
   028A 0A                  695 	.db #0x0A	; 10
   028B 0A                  696 	.db #0x0A	; 10
   028C 0A                  697 	.db #0x0A	; 10
   028D 0A                  698 	.db #0x0A	; 10
   028E 0A                  699 	.db #0x0A	; 10
   028F 0A                  700 	.db #0x0A	; 10
   0290 0A                  701 	.db #0x0A	; 10
   0291 0A                  702 	.db #0x0A	; 10
   0292 0A                  703 	.db #0x0A	; 10
   0293 0A                  704 	.db #0x0A	; 10
   0294 0A                  705 	.db #0x0A	; 10
   0295 0A                  706 	.db #0x0A	; 10
   0296 0A                  707 	.db #0x0A	; 10
   0297 0A                  708 	.db #0x0A	; 10
   0298 0A                  709 	.db #0x0A	; 10
   0299 0A                  710 	.db #0x0A	; 10
   029A 0A                  711 	.db #0x0A	; 10
   029B 0A                  712 	.db #0x0A	; 10
   029C 0A                  713 	.db #0x0A	; 10
   029D 0A                  714 	.db #0x0A	; 10
   029E 0A                  715 	.db #0x0A	; 10
   029F 0A                  716 	.db #0x0A	; 10
   02A0 0A                  717 	.db #0x0A	; 10
   02A1 0A                  718 	.db #0x0A	; 10
   02A2 0A                  719 	.db #0x0A	; 10
   02A3 0A                  720 	.db #0x0A	; 10
   02A4 0A                  721 	.db #0x0A	; 10
   02A5 0A                  722 	.db #0x0A	; 10
   02A6 0D                  723 	.db #0x0D	; 13
   02A7 0E                  724 	.db #0x0E	; 14
   02A8 12                  725 	.db #0x12	; 18
   02A9 13                  726 	.db #0x13	; 19
   02AA 0A                  727 	.db #0x0A	; 10
   02AB 0A                  728 	.db #0x0A	; 10
   02AC 0A                  729 	.db #0x0A	; 10
   02AD 0A                  730 	.db #0x0A	; 10
   02AE 0A                  731 	.db #0x0A	; 10
   02AF 0A                  732 	.db #0x0A	; 10
   02B0 0A                  733 	.db #0x0A	; 10
   02B1 0A                  734 	.db #0x0A	; 10
   02B2 0A                  735 	.db #0x0A	; 10
   02B3 0A                  736 	.db #0x0A	; 10
   02B4 0A                  737 	.db #0x0A	; 10
   02B5 0A                  738 	.db #0x0A	; 10
   02B6 0A                  739 	.db #0x0A	; 10
   02B7 0A                  740 	.db #0x0A	; 10
   02B8 0A                  741 	.db #0x0A	; 10
   02B9 0A                  742 	.db #0x0A	; 10
   02BA 0A                  743 	.db #0x0A	; 10
   02BB 0A                  744 	.db #0x0A	; 10
   02BC 0A                  745 	.db #0x0A	; 10
   02BD 0A                  746 	.db #0x0A	; 10
   02BE 0A                  747 	.db #0x0A	; 10
   02BF 0A                  748 	.db #0x0A	; 10
   02C0 0A                  749 	.db #0x0A	; 10
   02C1 0A                  750 	.db #0x0A	; 10
   02C2 0A                  751 	.db #0x0A	; 10
   02C3 0A                  752 	.db #0x0A	; 10
   02C4 0A                  753 	.db #0x0A	; 10
   02C5 0A                  754 	.db #0x0A	; 10
   02C6 0A                  755 	.db #0x0A	; 10
   02C7 0A                  756 	.db #0x0A	; 10
   02C8 0A                  757 	.db #0x0A	; 10
   02C9 0A                  758 	.db #0x0A	; 10
   02CA 0A                  759 	.db #0x0A	; 10
   02CB 0A                  760 	.db #0x0A	; 10
   02CC 0A                  761 	.db #0x0A	; 10
   02CD 0A                  762 	.db #0x0A	; 10
   02CE 12                  763 	.db #0x12	; 18
   02CF 13                  764 	.db #0x13	; 19
   02D0 0A                  765 	.db #0x0A	; 10
   02D1 0A                  766 	.db #0x0A	; 10
   02D2 0A                  767 	.db #0x0A	; 10
   02D3 0A                  768 	.db #0x0A	; 10
   02D4 0A                  769 	.db #0x0A	; 10
   02D5 0A                  770 	.db #0x0A	; 10
   02D6 0A                  771 	.db #0x0A	; 10
   02D7 0A                  772 	.db #0x0A	; 10
   02D8 0A                  773 	.db #0x0A	; 10
   02D9 0A                  774 	.db #0x0A	; 10
   02DA 0A                  775 	.db #0x0A	; 10
   02DB 0A                  776 	.db #0x0A	; 10
   02DC 0A                  777 	.db #0x0A	; 10
   02DD 0A                  778 	.db #0x0A	; 10
   02DE 0A                  779 	.db #0x0A	; 10
   02DF 0A                  780 	.db #0x0A	; 10
   02E0 0A                  781 	.db #0x0A	; 10
   02E1 0A                  782 	.db #0x0A	; 10
   02E2 0A                  783 	.db #0x0A	; 10
   02E3 0A                  784 	.db #0x0A	; 10
   02E4 0A                  785 	.db #0x0A	; 10
   02E5 0A                  786 	.db #0x0A	; 10
   02E6 0A                  787 	.db #0x0A	; 10
   02E7 0A                  788 	.db #0x0A	; 10
   02E8 0A                  789 	.db #0x0A	; 10
   02E9 0A                  790 	.db #0x0A	; 10
   02EA 0A                  791 	.db #0x0A	; 10
   02EB 0A                  792 	.db #0x0A	; 10
   02EC 0A                  793 	.db #0x0A	; 10
   02ED 0A                  794 	.db #0x0A	; 10
   02EE 0A                  795 	.db #0x0A	; 10
   02EF 0A                  796 	.db #0x0A	; 10
   02F0 0A                  797 	.db #0x0A	; 10
   02F1 0A                  798 	.db #0x0A	; 10
   02F2 0A                  799 	.db #0x0A	; 10
   02F3 0A                  800 	.db #0x0A	; 10
   02F4 0A                  801 	.db #0x0A	; 10
   02F5 0A                  802 	.db #0x0A	; 10
   02F6 0A                  803 	.db #0x0A	; 10
   02F7 0A                  804 	.db #0x0A	; 10
   02F8 0A                  805 	.db #0x0A	; 10
   02F9 0A                  806 	.db #0x0A	; 10
   02FA 0A                  807 	.db #0x0A	; 10
   02FB 0A                  808 	.db #0x0A	; 10
   02FC 0A                  809 	.db #0x0A	; 10
   02FD 0A                  810 	.db #0x0A	; 10
   02FE 0A                  811 	.db #0x0A	; 10
   02FF 0A                  812 	.db #0x0A	; 10
   0300 0A                  813 	.db #0x0A	; 10
   0301 0A                  814 	.db #0x0A	; 10
   0302 0A                  815 	.db #0x0A	; 10
   0303 0A                  816 	.db #0x0A	; 10
   0304 0A                  817 	.db #0x0A	; 10
   0305 0A                  818 	.db #0x0A	; 10
   0306 0A                  819 	.db #0x0A	; 10
   0307 0A                  820 	.db #0x0A	; 10
   0308 0A                  821 	.db #0x0A	; 10
   0309 0A                  822 	.db #0x0A	; 10
   030A 0A                  823 	.db #0x0A	; 10
   030B 0A                  824 	.db #0x0A	; 10
   030C 0A                  825 	.db #0x0A	; 10
   030D 0A                  826 	.db #0x0A	; 10
   030E 0A                  827 	.db #0x0A	; 10
   030F 0A                  828 	.db #0x0A	; 10
   0310 0A                  829 	.db #0x0A	; 10
   0311 0A                  830 	.db #0x0A	; 10
   0312 0A                  831 	.db #0x0A	; 10
   0313 0A                  832 	.db #0x0A	; 10
   0314 0A                  833 	.db #0x0A	; 10
   0315 0A                  834 	.db #0x0A	; 10
   0316 0A                  835 	.db #0x0A	; 10
   0317 0A                  836 	.db #0x0A	; 10
   0318 0A                  837 	.db #0x0A	; 10
   0319 0A                  838 	.db #0x0A	; 10
   031A 0A                  839 	.db #0x0A	; 10
   031B 0A                  840 	.db #0x0A	; 10
   031C 0A                  841 	.db #0x0A	; 10
   031D 0A                  842 	.db #0x0A	; 10
   031E 0A                  843 	.db #0x0A	; 10
   031F 0A                  844 	.db #0x0A	; 10
   0320 0A                  845 	.db #0x0A	; 10
   0321 0A                  846 	.db #0x0A	; 10
   0322 0A                  847 	.db #0x0A	; 10
   0323 0A                  848 	.db #0x0A	; 10
   0324 0A                  849 	.db #0x0A	; 10
   0325 0A                  850 	.db #0x0A	; 10
   0326 0A                  851 	.db #0x0A	; 10
   0327 0A                  852 	.db #0x0A	; 10
   0328 0A                  853 	.db #0x0A	; 10
   0329 0A                  854 	.db #0x0A	; 10
   032A 0A                  855 	.db #0x0A	; 10
   032B 0A                  856 	.db #0x0A	; 10
   032C 0A                  857 	.db #0x0A	; 10
   032D 0A                  858 	.db #0x0A	; 10
   032E 0A                  859 	.db #0x0A	; 10
   032F 0A                  860 	.db #0x0A	; 10
   0330 0A                  861 	.db #0x0A	; 10
   0331 0A                  862 	.db #0x0A	; 10
   0332 0A                  863 	.db #0x0A	; 10
   0333 0A                  864 	.db #0x0A	; 10
   0334 0A                  865 	.db #0x0A	; 10
   0335 0A                  866 	.db #0x0A	; 10
   0336 0A                  867 	.db #0x0A	; 10
   0337 0A                  868 	.db #0x0A	; 10
   0338 0A                  869 	.db #0x0A	; 10
   0339 0A                  870 	.db #0x0A	; 10
   033A 0A                  871 	.db #0x0A	; 10
   033B 0A                  872 	.db #0x0A	; 10
   033C 0A                  873 	.db #0x0A	; 10
   033D 0A                  874 	.db #0x0A	; 10
   033E 0A                  875 	.db #0x0A	; 10
   033F 0A                  876 	.db #0x0A	; 10
   0340 0A                  877 	.db #0x0A	; 10
   0341 0A                  878 	.db #0x0A	; 10
   0342 0A                  879 	.db #0x0A	; 10
   0343 0A                  880 	.db #0x0A	; 10
   0344 0A                  881 	.db #0x0A	; 10
   0345 0A                  882 	.db #0x0A	; 10
   0346 0A                  883 	.db #0x0A	; 10
   0347 0A                  884 	.db #0x0A	; 10
   0348 0A                  885 	.db #0x0A	; 10
   0349 0A                  886 	.db #0x0A	; 10
   034A 0A                  887 	.db #0x0A	; 10
   034B 0A                  888 	.db #0x0A	; 10
   034C 0A                  889 	.db #0x0A	; 10
   034D 0A                  890 	.db #0x0A	; 10
   034E 0A                  891 	.db #0x0A	; 10
   034F 0A                  892 	.db #0x0A	; 10
   0350 0A                  893 	.db #0x0A	; 10
   0351 0A                  894 	.db #0x0A	; 10
   0352 0A                  895 	.db #0x0A	; 10
   0353 0A                  896 	.db #0x0A	; 10
   0354 0A                  897 	.db #0x0A	; 10
   0355 0A                  898 	.db #0x0A	; 10
   0356 0A                  899 	.db #0x0A	; 10
   0357 0A                  900 	.db #0x0A	; 10
   0358 0A                  901 	.db #0x0A	; 10
   0359 0A                  902 	.db #0x0A	; 10
   035A 0A                  903 	.db #0x0A	; 10
   035B 0A                  904 	.db #0x0A	; 10
   035C 0A                  905 	.db #0x0A	; 10
   035D 0A                  906 	.db #0x0A	; 10
   035E 0A                  907 	.db #0x0A	; 10
   035F 0A                  908 	.db #0x0A	; 10
   0360 0A                  909 	.db #0x0A	; 10
   0361 0A                  910 	.db #0x0A	; 10
   0362 0A                  911 	.db #0x0A	; 10
   0363 0A                  912 	.db #0x0A	; 10
   0364 0A                  913 	.db #0x0A	; 10
   0365 0A                  914 	.db #0x0A	; 10
   0366 0A                  915 	.db #0x0A	; 10
   0367 0A                  916 	.db #0x0A	; 10
   0368 0A                  917 	.db #0x0A	; 10
   0369 0A                  918 	.db #0x0A	; 10
   036A 0A                  919 	.db #0x0A	; 10
   036B 0A                  920 	.db #0x0A	; 10
   036C 0A                  921 	.db #0x0A	; 10
   036D 0A                  922 	.db #0x0A	; 10
   036E 0A                  923 	.db #0x0A	; 10
   036F 0A                  924 	.db #0x0A	; 10
   0370 0A                  925 	.db #0x0A	; 10
   0371 0A                  926 	.db #0x0A	; 10
   0372 0A                  927 	.db #0x0A	; 10
   0373 0A                  928 	.db #0x0A	; 10
   0374 0A                  929 	.db #0x0A	; 10
   0375 0A                  930 	.db #0x0A	; 10
   0376 0A                  931 	.db #0x0A	; 10
   0377 0A                  932 	.db #0x0A	; 10
   0378 0A                  933 	.db #0x0A	; 10
   0379 0A                  934 	.db #0x0A	; 10
   037A 0A                  935 	.db #0x0A	; 10
   037B 0A                  936 	.db #0x0A	; 10
   037C 0A                  937 	.db #0x0A	; 10
   037D 0A                  938 	.db #0x0A	; 10
   037E 0A                  939 	.db #0x0A	; 10
   037F 0A                  940 	.db #0x0A	; 10
   0380 0A                  941 	.db #0x0A	; 10
   0381 0A                  942 	.db #0x0A	; 10
   0382 0A                  943 	.db #0x0A	; 10
   0383 0A                  944 	.db #0x0A	; 10
   0384 0A                  945 	.db #0x0A	; 10
   0385 0A                  946 	.db #0x0A	; 10
   0386 0A                  947 	.db #0x0A	; 10
   0387 0A                  948 	.db #0x0A	; 10
   0388 0A                  949 	.db #0x0A	; 10
   0389 0A                  950 	.db #0x0A	; 10
   038A 0A                  951 	.db #0x0A	; 10
   038B 0A                  952 	.db #0x0A	; 10
   038C 0A                  953 	.db #0x0A	; 10
   038D 0A                  954 	.db #0x0A	; 10
   038E 0A                  955 	.db #0x0A	; 10
   038F 0A                  956 	.db #0x0A	; 10
   0390 0A                  957 	.db #0x0A	; 10
   0391 0A                  958 	.db #0x0A	; 10
   0392 0A                  959 	.db #0x0A	; 10
   0393 0A                  960 	.db #0x0A	; 10
   0394 0A                  961 	.db #0x0A	; 10
   0395 0A                  962 	.db #0x0A	; 10
   0396 0A                  963 	.db #0x0A	; 10
   0397 0A                  964 	.db #0x0A	; 10
   0398 0A                  965 	.db #0x0A	; 10
   0399 0A                  966 	.db #0x0A	; 10
   039A 0A                  967 	.db #0x0A	; 10
   039B 0A                  968 	.db #0x0A	; 10
   039C 0A                  969 	.db #0x0A	; 10
   039D 0A                  970 	.db #0x0A	; 10
   039E 0A                  971 	.db #0x0A	; 10
   039F 0A                  972 	.db #0x0A	; 10
   03A0 0A                  973 	.db #0x0A	; 10
   03A1 0A                  974 	.db #0x0A	; 10
   03A2 0A                  975 	.db #0x0A	; 10
   03A3 0A                  976 	.db #0x0A	; 10
   03A4 0A                  977 	.db #0x0A	; 10
   03A5 0A                  978 	.db #0x0A	; 10
   03A6 0A                  979 	.db #0x0A	; 10
   03A7 0A                  980 	.db #0x0A	; 10
   03A8 0A                  981 	.db #0x0A	; 10
   03A9 0A                  982 	.db #0x0A	; 10
   03AA 0A                  983 	.db #0x0A	; 10
   03AB 0A                  984 	.db #0x0A	; 10
   03AC 0A                  985 	.db #0x0A	; 10
   03AD 0A                  986 	.db #0x0A	; 10
   03AE 0A                  987 	.db #0x0A	; 10
   03AF 0A                  988 	.db #0x0A	; 10
   03B0 0A                  989 	.db #0x0A	; 10
   03B1 0A                  990 	.db #0x0A	; 10
   03B2 0A                  991 	.db #0x0A	; 10
   03B3 0A                  992 	.db #0x0A	; 10
   03B4 0A                  993 	.db #0x0A	; 10
   03B5 0A                  994 	.db #0x0A	; 10
   03B6 0A                  995 	.db #0x0A	; 10
   03B7 0A                  996 	.db #0x0A	; 10
   03B8 0A                  997 	.db #0x0A	; 10
   03B9 0A                  998 	.db #0x0A	; 10
   03BA 0A                  999 	.db #0x0A	; 10
   03BB 0A                 1000 	.db #0x0A	; 10
   03BC 0A                 1001 	.db #0x0A	; 10
   03BD 0A                 1002 	.db #0x0A	; 10
   03BE 0A                 1003 	.db #0x0A	; 10
   03BF 0A                 1004 	.db #0x0A	; 10
   03C0 0A                 1005 	.db #0x0A	; 10
   03C1 0A                 1006 	.db #0x0A	; 10
   03C2 0A                 1007 	.db #0x0A	; 10
   03C3 0A                 1008 	.db #0x0A	; 10
   03C4 0A                 1009 	.db #0x0A	; 10
   03C5 0A                 1010 	.db #0x0A	; 10
   03C6 0A                 1011 	.db #0x0A	; 10
   03C7 0A                 1012 	.db #0x0A	; 10
   03C8 0A                 1013 	.db #0x0A	; 10
   03C9 0A                 1014 	.db #0x0A	; 10
   03CA 0A                 1015 	.db #0x0A	; 10
   03CB 0A                 1016 	.db #0x0A	; 10
   03CC 0A                 1017 	.db #0x0A	; 10
   03CD 0A                 1018 	.db #0x0A	; 10
   03CE 0A                 1019 	.db #0x0A	; 10
   03CF 0A                 1020 	.db #0x0A	; 10
   03D0 0A                 1021 	.db #0x0A	; 10
   03D1 0A                 1022 	.db #0x0A	; 10
   03D2 0A                 1023 	.db #0x0A	; 10
   03D3 0A                 1024 	.db #0x0A	; 10
   03D4 0A                 1025 	.db #0x0A	; 10
   03D5 0A                 1026 	.db #0x0A	; 10
   03D6 0A                 1027 	.db #0x0A	; 10
   03D7 0A                 1028 	.db #0x0A	; 10
   03D8 0A                 1029 	.db #0x0A	; 10
   03D9 0A                 1030 	.db #0x0A	; 10
   03DA 0A                 1031 	.db #0x0A	; 10
   03DB 0A                 1032 	.db #0x0A	; 10
   03DC 0A                 1033 	.db #0x0A	; 10
   03DD 0A                 1034 	.db #0x0A	; 10
   03DE 0A                 1035 	.db #0x0A	; 10
   03DF 0A                 1036 	.db #0x0A	; 10
   03E0 0A                 1037 	.db #0x0A	; 10
   03E1 0A                 1038 	.db #0x0A	; 10
   03E2 0A                 1039 	.db #0x0A	; 10
   03E3 0A                 1040 	.db #0x0A	; 10
   03E4 0A                 1041 	.db #0x0A	; 10
   03E5 0A                 1042 	.db #0x0A	; 10
   03E6 0A                 1043 	.db #0x0A	; 10
   03E7 0A                 1044 	.db #0x0A	; 10
   03E8 0A                 1045 	.db #0x0A	; 10
   03E9 0A                 1046 	.db #0x0A	; 10
   03EA 0A                 1047 	.db #0x0A	; 10
   03EB 0A                 1048 	.db #0x0A	; 10
   03EC 0A                 1049 	.db #0x0A	; 10
   03ED 0A                 1050 	.db #0x0A	; 10
   03EE 0A                 1051 	.db #0x0A	; 10
   03EF 0A                 1052 	.db #0x0A	; 10
   03F0 0A                 1053 	.db #0x0A	; 10
   03F1 0A                 1054 	.db #0x0A	; 10
   03F2 0A                 1055 	.db #0x0A	; 10
   03F3 0A                 1056 	.db #0x0A	; 10
   03F4 0A                 1057 	.db #0x0A	; 10
   03F5 0A                 1058 	.db #0x0A	; 10
   03F6 0A                 1059 	.db #0x0A	; 10
   03F7 0A                 1060 	.db #0x0A	; 10
   03F8 0A                 1061 	.db #0x0A	; 10
   03F9 0A                 1062 	.db #0x0A	; 10
   03FA 0A                 1063 	.db #0x0A	; 10
   03FB 0A                 1064 	.db #0x0A	; 10
   03FC 0A                 1065 	.db #0x0A	; 10
   03FD 0A                 1066 	.db #0x0A	; 10
   03FE 0A                 1067 	.db #0x0A	; 10
   03FF 0A                 1068 	.db #0x0A	; 10
   0400 0A                 1069 	.db #0x0A	; 10
   0401 0A                 1070 	.db #0x0A	; 10
   0402 0A                 1071 	.db #0x0A	; 10
   0403 0A                 1072 	.db #0x0A	; 10
   0404 0A                 1073 	.db #0x0A	; 10
   0405 0A                 1074 	.db #0x0A	; 10
   0406 0A                 1075 	.db #0x0A	; 10
   0407 0A                 1076 	.db #0x0A	; 10
   0408 0A                 1077 	.db #0x0A	; 10
   0409 0A                 1078 	.db #0x0A	; 10
   040A 0A                 1079 	.db #0x0A	; 10
   040B 0A                 1080 	.db #0x0A	; 10
   040C 0A                 1081 	.db #0x0A	; 10
   040D 0A                 1082 	.db #0x0A	; 10
   040E 0A                 1083 	.db #0x0A	; 10
   040F 0A                 1084 	.db #0x0A	; 10
   0410 0D                 1085 	.db #0x0D	; 13
   0411 0E                 1086 	.db #0x0E	; 14
   0412 0A                 1087 	.db #0x0A	; 10
   0413 0A                 1088 	.db #0x0A	; 10
   0414 0A                 1089 	.db #0x0A	; 10
   0415 0A                 1090 	.db #0x0A	; 10
   0416 0A                 1091 	.db #0x0A	; 10
   0417 0A                 1092 	.db #0x0A	; 10
   0418 0A                 1093 	.db #0x0A	; 10
   0419 0A                 1094 	.db #0x0A	; 10
   041A 0A                 1095 	.db #0x0A	; 10
   041B 0A                 1096 	.db #0x0A	; 10
   041C 0A                 1097 	.db #0x0A	; 10
   041D 0A                 1098 	.db #0x0A	; 10
   041E 0A                 1099 	.db #0x0A	; 10
   041F 0A                 1100 	.db #0x0A	; 10
   0420 0A                 1101 	.db #0x0A	; 10
   0421 0A                 1102 	.db #0x0A	; 10
   0422 0A                 1103 	.db #0x0A	; 10
   0423 0A                 1104 	.db #0x0A	; 10
   0424 0A                 1105 	.db #0x0A	; 10
   0425 0A                 1106 	.db #0x0A	; 10
   0426 0A                 1107 	.db #0x0A	; 10
   0427 0A                 1108 	.db #0x0A	; 10
   0428 0A                 1109 	.db #0x0A	; 10
   0429 0A                 1110 	.db #0x0A	; 10
   042A 0A                 1111 	.db #0x0A	; 10
   042B 0A                 1112 	.db #0x0A	; 10
   042C 0A                 1113 	.db #0x0A	; 10
   042D 0A                 1114 	.db #0x0A	; 10
   042E 0A                 1115 	.db #0x0A	; 10
   042F 0A                 1116 	.db #0x0A	; 10
   0430 0A                 1117 	.db #0x0A	; 10
   0431 0A                 1118 	.db #0x0A	; 10
   0432 0A                 1119 	.db #0x0A	; 10
   0433 0A                 1120 	.db #0x0A	; 10
   0434 0A                 1121 	.db #0x0A	; 10
   0435 0A                 1122 	.db #0x0A	; 10
   0436 0D                 1123 	.db #0x0D	; 13
   0437 0E                 1124 	.db #0x0E	; 14
   0438 12                 1125 	.db #0x12	; 18
   0439 13                 1126 	.db #0x13	; 19
   043A 0A                 1127 	.db #0x0A	; 10
   043B 0A                 1128 	.db #0x0A	; 10
   043C 0A                 1129 	.db #0x0A	; 10
   043D 0A                 1130 	.db #0x0A	; 10
   043E 0A                 1131 	.db #0x0A	; 10
   043F 0A                 1132 	.db #0x0A	; 10
   0440 0A                 1133 	.db #0x0A	; 10
   0441 0A                 1134 	.db #0x0A	; 10
   0442 0A                 1135 	.db #0x0A	; 10
   0443 0A                 1136 	.db #0x0A	; 10
   0444 0A                 1137 	.db #0x0A	; 10
   0445 0A                 1138 	.db #0x0A	; 10
   0446 0A                 1139 	.db #0x0A	; 10
   0447 0A                 1140 	.db #0x0A	; 10
   0448 0A                 1141 	.db #0x0A	; 10
   0449 0A                 1142 	.db #0x0A	; 10
   044A 0A                 1143 	.db #0x0A	; 10
   044B 0A                 1144 	.db #0x0A	; 10
   044C 0A                 1145 	.db #0x0A	; 10
   044D 0A                 1146 	.db #0x0A	; 10
   044E 0A                 1147 	.db #0x0A	; 10
   044F 0A                 1148 	.db #0x0A	; 10
   0450 0A                 1149 	.db #0x0A	; 10
   0451 0A                 1150 	.db #0x0A	; 10
   0452 0A                 1151 	.db #0x0A	; 10
   0453 0A                 1152 	.db #0x0A	; 10
   0454 0A                 1153 	.db #0x0A	; 10
   0455 0A                 1154 	.db #0x0A	; 10
   0456 0A                 1155 	.db #0x0A	; 10
   0457 0A                 1156 	.db #0x0A	; 10
   0458 0A                 1157 	.db #0x0A	; 10
   0459 0A                 1158 	.db #0x0A	; 10
   045A 0A                 1159 	.db #0x0A	; 10
   045B 0A                 1160 	.db #0x0A	; 10
   045C 0A                 1161 	.db #0x0A	; 10
   045D 0A                 1162 	.db #0x0A	; 10
   045E 12                 1163 	.db #0x12	; 18
   045F 13                 1164 	.db #0x13	; 19
   0460 0D                 1165 	.db #0x0D	; 13
   0461 0E                 1166 	.db #0x0E	; 14
   0462 0A                 1167 	.db #0x0A	; 10
   0463 0A                 1168 	.db #0x0A	; 10
   0464 0A                 1169 	.db #0x0A	; 10
   0465 0A                 1170 	.db #0x0A	; 10
   0466 0A                 1171 	.db #0x0A	; 10
   0467 0A                 1172 	.db #0x0A	; 10
   0468 0A                 1173 	.db #0x0A	; 10
   0469 0A                 1174 	.db #0x0A	; 10
   046A 0A                 1175 	.db #0x0A	; 10
   046B 0A                 1176 	.db #0x0A	; 10
   046C 0A                 1177 	.db #0x0A	; 10
   046D 0A                 1178 	.db #0x0A	; 10
   046E 0A                 1179 	.db #0x0A	; 10
   046F 0A                 1180 	.db #0x0A	; 10
   0470 0A                 1181 	.db #0x0A	; 10
   0471 0A                 1182 	.db #0x0A	; 10
   0472 0A                 1183 	.db #0x0A	; 10
   0473 0A                 1184 	.db #0x0A	; 10
   0474 0A                 1185 	.db #0x0A	; 10
   0475 0A                 1186 	.db #0x0A	; 10
   0476 0A                 1187 	.db #0x0A	; 10
   0477 0A                 1188 	.db #0x0A	; 10
   0478 0A                 1189 	.db #0x0A	; 10
   0479 0A                 1190 	.db #0x0A	; 10
   047A 0A                 1191 	.db #0x0A	; 10
   047B 0A                 1192 	.db #0x0A	; 10
   047C 0A                 1193 	.db #0x0A	; 10
   047D 0A                 1194 	.db #0x0A	; 10
   047E 0A                 1195 	.db #0x0A	; 10
   047F 0A                 1196 	.db #0x0A	; 10
   0480 0A                 1197 	.db #0x0A	; 10
   0481 0A                 1198 	.db #0x0A	; 10
   0482 0A                 1199 	.db #0x0A	; 10
   0483 0A                 1200 	.db #0x0A	; 10
   0484 0A                 1201 	.db #0x0A	; 10
   0485 0A                 1202 	.db #0x0A	; 10
   0486 0D                 1203 	.db #0x0D	; 13
   0487 0E                 1204 	.db #0x0E	; 14
   0488 12                 1205 	.db #0x12	; 18
   0489 13                 1206 	.db #0x13	; 19
   048A 0A                 1207 	.db #0x0A	; 10
   048B 0A                 1208 	.db #0x0A	; 10
   048C 0A                 1209 	.db #0x0A	; 10
   048D 0A                 1210 	.db #0x0A	; 10
   048E 0A                 1211 	.db #0x0A	; 10
   048F 0A                 1212 	.db #0x0A	; 10
   0490 0A                 1213 	.db #0x0A	; 10
   0491 0A                 1214 	.db #0x0A	; 10
   0492 0A                 1215 	.db #0x0A	; 10
   0493 0A                 1216 	.db #0x0A	; 10
   0494 0A                 1217 	.db #0x0A	; 10
   0495 0A                 1218 	.db #0x0A	; 10
   0496 0A                 1219 	.db #0x0A	; 10
   0497 0A                 1220 	.db #0x0A	; 10
   0498 0A                 1221 	.db #0x0A	; 10
   0499 0A                 1222 	.db #0x0A	; 10
   049A 0A                 1223 	.db #0x0A	; 10
   049B 0A                 1224 	.db #0x0A	; 10
   049C 0A                 1225 	.db #0x0A	; 10
   049D 0A                 1226 	.db #0x0A	; 10
   049E 0A                 1227 	.db #0x0A	; 10
   049F 0A                 1228 	.db #0x0A	; 10
   04A0 0A                 1229 	.db #0x0A	; 10
   04A1 0A                 1230 	.db #0x0A	; 10
   04A2 0A                 1231 	.db #0x0A	; 10
   04A3 0A                 1232 	.db #0x0A	; 10
   04A4 0A                 1233 	.db #0x0A	; 10
   04A5 0A                 1234 	.db #0x0A	; 10
   04A6 0A                 1235 	.db #0x0A	; 10
   04A7 0A                 1236 	.db #0x0A	; 10
   04A8 0A                 1237 	.db #0x0A	; 10
   04A9 0A                 1238 	.db #0x0A	; 10
   04AA 0A                 1239 	.db #0x0A	; 10
   04AB 0A                 1240 	.db #0x0A	; 10
   04AC 0A                 1241 	.db #0x0A	; 10
   04AD 0A                 1242 	.db #0x0A	; 10
   04AE 12                 1243 	.db #0x12	; 18
   04AF 13                 1244 	.db #0x13	; 19
   04B0 0D                 1245 	.db #0x0D	; 13
   04B1 0E                 1246 	.db #0x0E	; 14
   04B2 0A                 1247 	.db #0x0A	; 10
   04B3 0A                 1248 	.db #0x0A	; 10
   04B4 0A                 1249 	.db #0x0A	; 10
   04B5 0A                 1250 	.db #0x0A	; 10
   04B6 0B                 1251 	.db #0x0B	; 11
   04B7 0C                 1252 	.db #0x0C	; 12
   04B8 0B                 1253 	.db #0x0B	; 11
   04B9 0C                 1254 	.db #0x0C	; 12
   04BA 0B                 1255 	.db #0x0B	; 11
   04BB 0C                 1256 	.db #0x0C	; 12
   04BC 0A                 1257 	.db #0x0A	; 10
   04BD 0A                 1258 	.db #0x0A	; 10
   04BE 0A                 1259 	.db #0x0A	; 10
   04BF 0A                 1260 	.db #0x0A	; 10
   04C0 0A                 1261 	.db #0x0A	; 10
   04C1 0A                 1262 	.db #0x0A	; 10
   04C2 0A                 1263 	.db #0x0A	; 10
   04C3 0A                 1264 	.db #0x0A	; 10
   04C4 0A                 1265 	.db #0x0A	; 10
   04C5 0A                 1266 	.db #0x0A	; 10
   04C6 0A                 1267 	.db #0x0A	; 10
   04C7 0A                 1268 	.db #0x0A	; 10
   04C8 0A                 1269 	.db #0x0A	; 10
   04C9 0A                 1270 	.db #0x0A	; 10
   04CA 0A                 1271 	.db #0x0A	; 10
   04CB 0A                 1272 	.db #0x0A	; 10
   04CC 0A                 1273 	.db #0x0A	; 10
   04CD 0A                 1274 	.db #0x0A	; 10
   04CE 0A                 1275 	.db #0x0A	; 10
   04CF 0A                 1276 	.db #0x0A	; 10
   04D0 0A                 1277 	.db #0x0A	; 10
   04D1 0A                 1278 	.db #0x0A	; 10
   04D2 0A                 1279 	.db #0x0A	; 10
   04D3 0A                 1280 	.db #0x0A	; 10
   04D4 0A                 1281 	.db #0x0A	; 10
   04D5 0A                 1282 	.db #0x0A	; 10
   04D6 0D                 1283 	.db #0x0D	; 13
   04D7 0E                 1284 	.db #0x0E	; 14
   04D8 12                 1285 	.db #0x12	; 18
   04D9 13                 1286 	.db #0x13	; 19
   04DA 0A                 1287 	.db #0x0A	; 10
   04DB 0A                 1288 	.db #0x0A	; 10
   04DC 0A                 1289 	.db #0x0A	; 10
   04DD 0A                 1290 	.db #0x0A	; 10
   04DE 10                 1291 	.db #0x10	; 16
   04DF 11                 1292 	.db #0x11	; 17
   04E0 10                 1293 	.db #0x10	; 16
   04E1 11                 1294 	.db #0x11	; 17
   04E2 10                 1295 	.db #0x10	; 16
   04E3 11                 1296 	.db #0x11	; 17
   04E4 0A                 1297 	.db #0x0A	; 10
   04E5 0A                 1298 	.db #0x0A	; 10
   04E6 0A                 1299 	.db #0x0A	; 10
   04E7 0A                 1300 	.db #0x0A	; 10
   04E8 0A                 1301 	.db #0x0A	; 10
   04E9 0A                 1302 	.db #0x0A	; 10
   04EA 0A                 1303 	.db #0x0A	; 10
   04EB 0A                 1304 	.db #0x0A	; 10
   04EC 0A                 1305 	.db #0x0A	; 10
   04ED 0A                 1306 	.db #0x0A	; 10
   04EE 0A                 1307 	.db #0x0A	; 10
   04EF 0A                 1308 	.db #0x0A	; 10
   04F0 0A                 1309 	.db #0x0A	; 10
   04F1 0A                 1310 	.db #0x0A	; 10
   04F2 0A                 1311 	.db #0x0A	; 10
   04F3 0A                 1312 	.db #0x0A	; 10
   04F4 0A                 1313 	.db #0x0A	; 10
   04F5 0A                 1314 	.db #0x0A	; 10
   04F6 0A                 1315 	.db #0x0A	; 10
   04F7 0A                 1316 	.db #0x0A	; 10
   04F8 0A                 1317 	.db #0x0A	; 10
   04F9 0A                 1318 	.db #0x0A	; 10
   04FA 0A                 1319 	.db #0x0A	; 10
   04FB 0A                 1320 	.db #0x0A	; 10
   04FC 0A                 1321 	.db #0x0A	; 10
   04FD 0A                 1322 	.db #0x0A	; 10
   04FE 12                 1323 	.db #0x12	; 18
   04FF 13                 1324 	.db #0x13	; 19
   0500 0D                 1325 	.db #0x0D	; 13
   0501 0E                 1326 	.db #0x0E	; 14
   0502 0A                 1327 	.db #0x0A	; 10
   0503 0A                 1328 	.db #0x0A	; 10
   0504 0A                 1329 	.db #0x0A	; 10
   0505 0A                 1330 	.db #0x0A	; 10
   0506 0B                 1331 	.db #0x0B	; 11
   0507 0C                 1332 	.db #0x0C	; 12
   0508 0B                 1333 	.db #0x0B	; 11
   0509 0C                 1334 	.db #0x0C	; 12
   050A 0B                 1335 	.db #0x0B	; 11
   050B 0C                 1336 	.db #0x0C	; 12
   050C 0A                 1337 	.db #0x0A	; 10
   050D 0A                 1338 	.db #0x0A	; 10
   050E 0A                 1339 	.db #0x0A	; 10
   050F 0A                 1340 	.db #0x0A	; 10
   0510 0A                 1341 	.db #0x0A	; 10
   0511 0A                 1342 	.db #0x0A	; 10
   0512 0A                 1343 	.db #0x0A	; 10
   0513 0A                 1344 	.db #0x0A	; 10
   0514 0A                 1345 	.db #0x0A	; 10
   0515 0A                 1346 	.db #0x0A	; 10
   0516 0A                 1347 	.db #0x0A	; 10
   0517 0A                 1348 	.db #0x0A	; 10
   0518 0A                 1349 	.db #0x0A	; 10
   0519 0A                 1350 	.db #0x0A	; 10
   051A 0A                 1351 	.db #0x0A	; 10
   051B 0A                 1352 	.db #0x0A	; 10
   051C 0B                 1353 	.db #0x0B	; 11
   051D 0C                 1354 	.db #0x0C	; 12
   051E 0B                 1355 	.db #0x0B	; 11
   051F 0C                 1356 	.db #0x0C	; 12
   0520 0B                 1357 	.db #0x0B	; 11
   0521 0C                 1358 	.db #0x0C	; 12
   0522 0A                 1359 	.db #0x0A	; 10
   0523 0A                 1360 	.db #0x0A	; 10
   0524 0A                 1361 	.db #0x0A	; 10
   0525 0A                 1362 	.db #0x0A	; 10
   0526 0D                 1363 	.db #0x0D	; 13
   0527 0E                 1364 	.db #0x0E	; 14
   0528 12                 1365 	.db #0x12	; 18
   0529 13                 1366 	.db #0x13	; 19
   052A 0A                 1367 	.db #0x0A	; 10
   052B 0A                 1368 	.db #0x0A	; 10
   052C 0A                 1369 	.db #0x0A	; 10
   052D 0A                 1370 	.db #0x0A	; 10
   052E 10                 1371 	.db #0x10	; 16
   052F 11                 1372 	.db #0x11	; 17
   0530 10                 1373 	.db #0x10	; 16
   0531 11                 1374 	.db #0x11	; 17
   0532 10                 1375 	.db #0x10	; 16
   0533 11                 1376 	.db #0x11	; 17
   0534 0A                 1377 	.db #0x0A	; 10
   0535 0A                 1378 	.db #0x0A	; 10
   0536 0A                 1379 	.db #0x0A	; 10
   0537 0A                 1380 	.db #0x0A	; 10
   0538 0A                 1381 	.db #0x0A	; 10
   0539 0A                 1382 	.db #0x0A	; 10
   053A 0A                 1383 	.db #0x0A	; 10
   053B 0A                 1384 	.db #0x0A	; 10
   053C 0A                 1385 	.db #0x0A	; 10
   053D 0A                 1386 	.db #0x0A	; 10
   053E 0A                 1387 	.db #0x0A	; 10
   053F 0A                 1388 	.db #0x0A	; 10
   0540 0A                 1389 	.db #0x0A	; 10
   0541 0A                 1390 	.db #0x0A	; 10
   0542 0A                 1391 	.db #0x0A	; 10
   0543 0A                 1392 	.db #0x0A	; 10
   0544 10                 1393 	.db #0x10	; 16
   0545 11                 1394 	.db #0x11	; 17
   0546 10                 1395 	.db #0x10	; 16
   0547 11                 1396 	.db #0x11	; 17
   0548 10                 1397 	.db #0x10	; 16
   0549 11                 1398 	.db #0x11	; 17
   054A 0A                 1399 	.db #0x0A	; 10
   054B 0A                 1400 	.db #0x0A	; 10
   054C 0A                 1401 	.db #0x0A	; 10
   054D 0A                 1402 	.db #0x0A	; 10
   054E 12                 1403 	.db #0x12	; 18
   054F 13                 1404 	.db #0x13	; 19
   0550 12                 1405 	.db #0x12	; 18
   0551 13                 1406 	.db #0x13	; 19
   0552 0A                 1407 	.db #0x0A	; 10
   0553 0A                 1408 	.db #0x0A	; 10
   0554 0A                 1409 	.db #0x0A	; 10
   0555 0A                 1410 	.db #0x0A	; 10
   0556 0B                 1411 	.db #0x0B	; 11
   0557 0C                 1412 	.db #0x0C	; 12
   0558 0B                 1413 	.db #0x0B	; 11
   0559 0C                 1414 	.db #0x0C	; 12
   055A 0B                 1415 	.db #0x0B	; 11
   055B 0C                 1416 	.db #0x0C	; 12
   055C 0A                 1417 	.db #0x0A	; 10
   055D 0A                 1418 	.db #0x0A	; 10
   055E 0A                 1419 	.db #0x0A	; 10
   055F 0A                 1420 	.db #0x0A	; 10
   0560 0A                 1421 	.db #0x0A	; 10
   0561 0A                 1422 	.db #0x0A	; 10
   0562 0A                 1423 	.db #0x0A	; 10
   0563 0A                 1424 	.db #0x0A	; 10
   0564 0A                 1425 	.db #0x0A	; 10
   0565 0A                 1426 	.db #0x0A	; 10
   0566 0A                 1427 	.db #0x0A	; 10
   0567 0A                 1428 	.db #0x0A	; 10
   0568 0A                 1429 	.db #0x0A	; 10
   0569 0A                 1430 	.db #0x0A	; 10
   056A 0A                 1431 	.db #0x0A	; 10
   056B 0A                 1432 	.db #0x0A	; 10
   056C 0B                 1433 	.db #0x0B	; 11
   056D 0C                 1434 	.db #0x0C	; 12
   056E 0B                 1435 	.db #0x0B	; 11
   056F 0C                 1436 	.db #0x0C	; 12
   0570 0B                 1437 	.db #0x0B	; 11
   0571 0C                 1438 	.db #0x0C	; 12
   0572 0A                 1439 	.db #0x0A	; 10
   0573 0A                 1440 	.db #0x0A	; 10
   0574 0A                 1441 	.db #0x0A	; 10
   0575 0A                 1442 	.db #0x0A	; 10
   0576 0D                 1443 	.db #0x0D	; 13
   0577 0E                 1444 	.db #0x0E	; 14
   0578 0D                 1445 	.db #0x0D	; 13
   0579 0E                 1446 	.db #0x0E	; 14
   057A 0A                 1447 	.db #0x0A	; 10
   057B 0A                 1448 	.db #0x0A	; 10
   057C 0A                 1449 	.db #0x0A	; 10
   057D 0A                 1450 	.db #0x0A	; 10
   057E 10                 1451 	.db #0x10	; 16
   057F 11                 1452 	.db #0x11	; 17
   0580 10                 1453 	.db #0x10	; 16
   0581 11                 1454 	.db #0x11	; 17
   0582 10                 1455 	.db #0x10	; 16
   0583 11                 1456 	.db #0x11	; 17
   0584 0A                 1457 	.db #0x0A	; 10
   0585 0A                 1458 	.db #0x0A	; 10
   0586 0A                 1459 	.db #0x0A	; 10
   0587 0A                 1460 	.db #0x0A	; 10
   0588 0A                 1461 	.db #0x0A	; 10
   0589 0A                 1462 	.db #0x0A	; 10
   058A 0A                 1463 	.db #0x0A	; 10
   058B 0A                 1464 	.db #0x0A	; 10
   058C 0A                 1465 	.db #0x0A	; 10
   058D 0A                 1466 	.db #0x0A	; 10
   058E 0A                 1467 	.db #0x0A	; 10
   058F 0A                 1468 	.db #0x0A	; 10
   0590 0A                 1469 	.db #0x0A	; 10
   0591 0A                 1470 	.db #0x0A	; 10
   0592 0A                 1471 	.db #0x0A	; 10
   0593 0A                 1472 	.db #0x0A	; 10
   0594 10                 1473 	.db #0x10	; 16
   0595 11                 1474 	.db #0x11	; 17
   0596 10                 1475 	.db #0x10	; 16
   0597 11                 1476 	.db #0x11	; 17
   0598 10                 1477 	.db #0x10	; 16
   0599 11                 1478 	.db #0x11	; 17
   059A 0A                 1479 	.db #0x0A	; 10
   059B 0A                 1480 	.db #0x0A	; 10
   059C 0A                 1481 	.db #0x0A	; 10
   059D 0A                 1482 	.db #0x0A	; 10
   059E 12                 1483 	.db #0x12	; 18
   059F 13                 1484 	.db #0x13	; 19
   05A0 12                 1485 	.db #0x12	; 18
   05A1 13                 1486 	.db #0x13	; 19
   05A2 0A                 1487 	.db #0x0A	; 10
   05A3 0A                 1488 	.db #0x0A	; 10
   05A4 0A                 1489 	.db #0x0A	; 10
   05A5 0A                 1490 	.db #0x0A	; 10
   05A6 0A                 1491 	.db #0x0A	; 10
   05A7 0A                 1492 	.db #0x0A	; 10
   05A8 0A                 1493 	.db #0x0A	; 10
   05A9 0A                 1494 	.db #0x0A	; 10
   05AA 0A                 1495 	.db #0x0A	; 10
   05AB 0A                 1496 	.db #0x0A	; 10
   05AC 0A                 1497 	.db #0x0A	; 10
   05AD 0A                 1498 	.db #0x0A	; 10
   05AE 0A                 1499 	.db #0x0A	; 10
   05AF 0A                 1500 	.db #0x0A	; 10
   05B0 0A                 1501 	.db #0x0A	; 10
   05B1 0A                 1502 	.db #0x0A	; 10
   05B2 0A                 1503 	.db #0x0A	; 10
   05B3 0A                 1504 	.db #0x0A	; 10
   05B4 0A                 1505 	.db #0x0A	; 10
   05B5 0A                 1506 	.db #0x0A	; 10
   05B6 0A                 1507 	.db #0x0A	; 10
   05B7 0A                 1508 	.db #0x0A	; 10
   05B8 0A                 1509 	.db #0x0A	; 10
   05B9 0A                 1510 	.db #0x0A	; 10
   05BA 0A                 1511 	.db #0x0A	; 10
   05BB 0A                 1512 	.db #0x0A	; 10
   05BC 0B                 1513 	.db #0x0B	; 11
   05BD 0C                 1514 	.db #0x0C	; 12
   05BE 0B                 1515 	.db #0x0B	; 11
   05BF 0C                 1516 	.db #0x0C	; 12
   05C0 0B                 1517 	.db #0x0B	; 11
   05C1 0C                 1518 	.db #0x0C	; 12
   05C2 0A                 1519 	.db #0x0A	; 10
   05C3 0A                 1520 	.db #0x0A	; 10
   05C4 0A                 1521 	.db #0x0A	; 10
   05C5 0A                 1522 	.db #0x0A	; 10
   05C6 0D                 1523 	.db #0x0D	; 13
   05C7 0E                 1524 	.db #0x0E	; 14
   05C8 0D                 1525 	.db #0x0D	; 13
   05C9 0E                 1526 	.db #0x0E	; 14
   05CA 0A                 1527 	.db #0x0A	; 10
   05CB 0A                 1528 	.db #0x0A	; 10
   05CC 0A                 1529 	.db #0x0A	; 10
   05CD 0A                 1530 	.db #0x0A	; 10
   05CE 0A                 1531 	.db #0x0A	; 10
   05CF 0A                 1532 	.db #0x0A	; 10
   05D0 0A                 1533 	.db #0x0A	; 10
   05D1 0A                 1534 	.db #0x0A	; 10
   05D2 0A                 1535 	.db #0x0A	; 10
   05D3 0A                 1536 	.db #0x0A	; 10
   05D4 0A                 1537 	.db #0x0A	; 10
   05D5 0A                 1538 	.db #0x0A	; 10
   05D6 0A                 1539 	.db #0x0A	; 10
   05D7 0A                 1540 	.db #0x0A	; 10
   05D8 0A                 1541 	.db #0x0A	; 10
   05D9 0A                 1542 	.db #0x0A	; 10
   05DA 0A                 1543 	.db #0x0A	; 10
   05DB 0A                 1544 	.db #0x0A	; 10
   05DC 0A                 1545 	.db #0x0A	; 10
   05DD 0A                 1546 	.db #0x0A	; 10
   05DE 0A                 1547 	.db #0x0A	; 10
   05DF 0A                 1548 	.db #0x0A	; 10
   05E0 0A                 1549 	.db #0x0A	; 10
   05E1 0A                 1550 	.db #0x0A	; 10
   05E2 0A                 1551 	.db #0x0A	; 10
   05E3 0A                 1552 	.db #0x0A	; 10
   05E4 10                 1553 	.db #0x10	; 16
   05E5 11                 1554 	.db #0x11	; 17
   05E6 10                 1555 	.db #0x10	; 16
   05E7 11                 1556 	.db #0x11	; 17
   05E8 10                 1557 	.db #0x10	; 16
   05E9 11                 1558 	.db #0x11	; 17
   05EA 0A                 1559 	.db #0x0A	; 10
   05EB 0A                 1560 	.db #0x0A	; 10
   05EC 0A                 1561 	.db #0x0A	; 10
   05ED 0A                 1562 	.db #0x0A	; 10
   05EE 12                 1563 	.db #0x12	; 18
   05EF 13                 1564 	.db #0x13	; 19
   05F0 12                 1565 	.db #0x12	; 18
   05F1 13                 1566 	.db #0x13	; 19
   05F2 0A                 1567 	.db #0x0A	; 10
   05F3 0A                 1568 	.db #0x0A	; 10
   05F4 0A                 1569 	.db #0x0A	; 10
   05F5 0A                 1570 	.db #0x0A	; 10
   05F6 0A                 1571 	.db #0x0A	; 10
   05F7 0A                 1572 	.db #0x0A	; 10
   05F8 0A                 1573 	.db #0x0A	; 10
   05F9 0A                 1574 	.db #0x0A	; 10
   05FA 0A                 1575 	.db #0x0A	; 10
   05FB 0A                 1576 	.db #0x0A	; 10
   05FC 0A                 1577 	.db #0x0A	; 10
   05FD 0A                 1578 	.db #0x0A	; 10
   05FE 0A                 1579 	.db #0x0A	; 10
   05FF 0A                 1580 	.db #0x0A	; 10
   0600 0A                 1581 	.db #0x0A	; 10
   0601 0A                 1582 	.db #0x0A	; 10
   0602 0A                 1583 	.db #0x0A	; 10
   0603 0A                 1584 	.db #0x0A	; 10
   0604 0A                 1585 	.db #0x0A	; 10
   0605 0A                 1586 	.db #0x0A	; 10
   0606 0A                 1587 	.db #0x0A	; 10
   0607 0A                 1588 	.db #0x0A	; 10
   0608 0A                 1589 	.db #0x0A	; 10
   0609 0A                 1590 	.db #0x0A	; 10
   060A 0A                 1591 	.db #0x0A	; 10
   060B 0A                 1592 	.db #0x0A	; 10
   060C 0A                 1593 	.db #0x0A	; 10
   060D 0A                 1594 	.db #0x0A	; 10
   060E 0A                 1595 	.db #0x0A	; 10
   060F 0A                 1596 	.db #0x0A	; 10
   0610 0A                 1597 	.db #0x0A	; 10
   0611 0A                 1598 	.db #0x0A	; 10
   0612 0A                 1599 	.db #0x0A	; 10
   0613 0A                 1600 	.db #0x0A	; 10
   0614 0A                 1601 	.db #0x0A	; 10
   0615 0A                 1602 	.db #0x0A	; 10
   0616 0D                 1603 	.db #0x0D	; 13
   0617 0E                 1604 	.db #0x0E	; 14
   0618 0D                 1605 	.db #0x0D	; 13
   0619 0E                 1606 	.db #0x0E	; 14
   061A 0A                 1607 	.db #0x0A	; 10
   061B 0A                 1608 	.db #0x0A	; 10
   061C 0A                 1609 	.db #0x0A	; 10
   061D 0A                 1610 	.db #0x0A	; 10
   061E 0A                 1611 	.db #0x0A	; 10
   061F 0A                 1612 	.db #0x0A	; 10
   0620 0A                 1613 	.db #0x0A	; 10
   0621 0A                 1614 	.db #0x0A	; 10
   0622 0A                 1615 	.db #0x0A	; 10
   0623 0A                 1616 	.db #0x0A	; 10
   0624 0A                 1617 	.db #0x0A	; 10
   0625 0A                 1618 	.db #0x0A	; 10
   0626 0A                 1619 	.db #0x0A	; 10
   0627 0A                 1620 	.db #0x0A	; 10
   0628 0A                 1621 	.db #0x0A	; 10
   0629 0A                 1622 	.db #0x0A	; 10
   062A 0A                 1623 	.db #0x0A	; 10
   062B 0A                 1624 	.db #0x0A	; 10
   062C 0A                 1625 	.db #0x0A	; 10
   062D 0A                 1626 	.db #0x0A	; 10
   062E 0A                 1627 	.db #0x0A	; 10
   062F 0A                 1628 	.db #0x0A	; 10
   0630 0A                 1629 	.db #0x0A	; 10
   0631 0A                 1630 	.db #0x0A	; 10
   0632 0A                 1631 	.db #0x0A	; 10
   0633 0A                 1632 	.db #0x0A	; 10
   0634 0A                 1633 	.db #0x0A	; 10
   0635 0A                 1634 	.db #0x0A	; 10
   0636 0A                 1635 	.db #0x0A	; 10
   0637 0A                 1636 	.db #0x0A	; 10
   0638 0A                 1637 	.db #0x0A	; 10
   0639 0A                 1638 	.db #0x0A	; 10
   063A 0A                 1639 	.db #0x0A	; 10
   063B 0A                 1640 	.db #0x0A	; 10
   063C 0A                 1641 	.db #0x0A	; 10
   063D 0A                 1642 	.db #0x0A	; 10
   063E 12                 1643 	.db #0x12	; 18
   063F 13                 1644 	.db #0x13	; 19
   0640 12                 1645 	.db #0x12	; 18
   0641 13                 1646 	.db #0x13	; 19
   0642 0A                 1647 	.db #0x0A	; 10
   0643 0A                 1648 	.db #0x0A	; 10
   0644 0A                 1649 	.db #0x0A	; 10
   0645 0A                 1650 	.db #0x0A	; 10
   0646 0A                 1651 	.db #0x0A	; 10
   0647 0A                 1652 	.db #0x0A	; 10
   0648 0A                 1653 	.db #0x0A	; 10
   0649 0A                 1654 	.db #0x0A	; 10
   064A 0A                 1655 	.db #0x0A	; 10
   064B 0A                 1656 	.db #0x0A	; 10
   064C 0A                 1657 	.db #0x0A	; 10
   064D 0A                 1658 	.db #0x0A	; 10
   064E 0A                 1659 	.db #0x0A	; 10
   064F 0A                 1660 	.db #0x0A	; 10
   0650 0A                 1661 	.db #0x0A	; 10
   0651 0A                 1662 	.db #0x0A	; 10
   0652 0A                 1663 	.db #0x0A	; 10
   0653 0A                 1664 	.db #0x0A	; 10
   0654 0A                 1665 	.db #0x0A	; 10
   0655 0A                 1666 	.db #0x0A	; 10
   0656 0A                 1667 	.db #0x0A	; 10
   0657 0A                 1668 	.db #0x0A	; 10
   0658 0A                 1669 	.db #0x0A	; 10
   0659 0A                 1670 	.db #0x0A	; 10
   065A 0A                 1671 	.db #0x0A	; 10
   065B 0A                 1672 	.db #0x0A	; 10
   065C 0A                 1673 	.db #0x0A	; 10
   065D 0A                 1674 	.db #0x0A	; 10
   065E 0A                 1675 	.db #0x0A	; 10
   065F 0A                 1676 	.db #0x0A	; 10
   0660 0A                 1677 	.db #0x0A	; 10
   0661 0A                 1678 	.db #0x0A	; 10
   0662 0A                 1679 	.db #0x0A	; 10
   0663 0A                 1680 	.db #0x0A	; 10
   0664 0A                 1681 	.db #0x0A	; 10
   0665 0A                 1682 	.db #0x0A	; 10
   0666 0D                 1683 	.db #0x0D	; 13
   0667 0E                 1684 	.db #0x0E	; 14
   0668 12                 1685 	.db #0x12	; 18
   0669 13                 1686 	.db #0x13	; 19
   066A 0A                 1687 	.db #0x0A	; 10
   066B 0A                 1688 	.db #0x0A	; 10
   066C 0A                 1689 	.db #0x0A	; 10
   066D 0A                 1690 	.db #0x0A	; 10
   066E 0A                 1691 	.db #0x0A	; 10
   066F 0A                 1692 	.db #0x0A	; 10
   0670 0A                 1693 	.db #0x0A	; 10
   0671 0A                 1694 	.db #0x0A	; 10
   0672 0A                 1695 	.db #0x0A	; 10
   0673 0A                 1696 	.db #0x0A	; 10
   0674 0A                 1697 	.db #0x0A	; 10
   0675 0A                 1698 	.db #0x0A	; 10
   0676 0A                 1699 	.db #0x0A	; 10
   0677 0A                 1700 	.db #0x0A	; 10
   0678 0A                 1701 	.db #0x0A	; 10
   0679 0A                 1702 	.db #0x0A	; 10
   067A 0A                 1703 	.db #0x0A	; 10
   067B 0A                 1704 	.db #0x0A	; 10
   067C 0A                 1705 	.db #0x0A	; 10
   067D 0A                 1706 	.db #0x0A	; 10
   067E 0A                 1707 	.db #0x0A	; 10
   067F 0A                 1708 	.db #0x0A	; 10
   0680 0A                 1709 	.db #0x0A	; 10
   0681 0A                 1710 	.db #0x0A	; 10
   0682 0A                 1711 	.db #0x0A	; 10
   0683 0A                 1712 	.db #0x0A	; 10
   0684 0A                 1713 	.db #0x0A	; 10
   0685 0A                 1714 	.db #0x0A	; 10
   0686 0A                 1715 	.db #0x0A	; 10
   0687 0A                 1716 	.db #0x0A	; 10
   0688 0A                 1717 	.db #0x0A	; 10
   0689 0A                 1718 	.db #0x0A	; 10
   068A 0A                 1719 	.db #0x0A	; 10
   068B 0A                 1720 	.db #0x0A	; 10
   068C 0A                 1721 	.db #0x0A	; 10
   068D 0A                 1722 	.db #0x0A	; 10
   068E 12                 1723 	.db #0x12	; 18
   068F 13                 1724 	.db #0x13	; 19
   0690 0D                 1725 	.db #0x0D	; 13
   0691 0E                 1726 	.db #0x0E	; 14
   0692 0D                 1727 	.db #0x0D	; 13
   0693 0E                 1728 	.db #0x0E	; 14
   0694 0D                 1729 	.db #0x0D	; 13
   0695 0E                 1730 	.db #0x0E	; 14
   0696 0D                 1731 	.db #0x0D	; 13
   0697 0E                 1732 	.db #0x0E	; 14
   0698 0D                 1733 	.db #0x0D	; 13
   0699 0E                 1734 	.db #0x0E	; 14
   069A 0D                 1735 	.db #0x0D	; 13
   069B 0E                 1736 	.db #0x0E	; 14
   069C 0D                 1737 	.db #0x0D	; 13
   069D 0E                 1738 	.db #0x0E	; 14
   069E 0D                 1739 	.db #0x0D	; 13
   069F 0E                 1740 	.db #0x0E	; 14
   06A0 0A                 1741 	.db #0x0A	; 10
   06A1 0A                 1742 	.db #0x0A	; 10
   06A2 0A                 1743 	.db #0x0A	; 10
   06A3 0A                 1744 	.db #0x0A	; 10
   06A4 0A                 1745 	.db #0x0A	; 10
   06A5 0A                 1746 	.db #0x0A	; 10
   06A6 0D                 1747 	.db #0x0D	; 13
   06A7 0E                 1748 	.db #0x0E	; 14
   06A8 0D                 1749 	.db #0x0D	; 13
   06A9 0E                 1750 	.db #0x0E	; 14
   06AA 0D                 1751 	.db #0x0D	; 13
   06AB 0E                 1752 	.db #0x0E	; 14
   06AC 0D                 1753 	.db #0x0D	; 13
   06AD 0E                 1754 	.db #0x0E	; 14
   06AE 0D                 1755 	.db #0x0D	; 13
   06AF 0E                 1756 	.db #0x0E	; 14
   06B0 0D                 1757 	.db #0x0D	; 13
   06B1 0E                 1758 	.db #0x0E	; 14
   06B2 0D                 1759 	.db #0x0D	; 13
   06B3 0E                 1760 	.db #0x0E	; 14
   06B4 0D                 1761 	.db #0x0D	; 13
   06B5 0E                 1762 	.db #0x0E	; 14
   06B6 0D                 1763 	.db #0x0D	; 13
   06B7 0E                 1764 	.db #0x0E	; 14
   06B8 12                 1765 	.db #0x12	; 18
   06B9 13                 1766 	.db #0x13	; 19
   06BA 12                 1767 	.db #0x12	; 18
   06BB 13                 1768 	.db #0x13	; 19
   06BC 12                 1769 	.db #0x12	; 18
   06BD 13                 1770 	.db #0x13	; 19
   06BE 12                 1771 	.db #0x12	; 18
   06BF 13                 1772 	.db #0x13	; 19
   06C0 12                 1773 	.db #0x12	; 18
   06C1 13                 1774 	.db #0x13	; 19
   06C2 12                 1775 	.db #0x12	; 18
   06C3 13                 1776 	.db #0x13	; 19
   06C4 12                 1777 	.db #0x12	; 18
   06C5 13                 1778 	.db #0x13	; 19
   06C6 12                 1779 	.db #0x12	; 18
   06C7 13                 1780 	.db #0x13	; 19
   06C8 0A                 1781 	.db #0x0A	; 10
   06C9 0A                 1782 	.db #0x0A	; 10
   06CA 0A                 1783 	.db #0x0A	; 10
   06CB 0A                 1784 	.db #0x0A	; 10
   06CC 0A                 1785 	.db #0x0A	; 10
   06CD 0A                 1786 	.db #0x0A	; 10
   06CE 12                 1787 	.db #0x12	; 18
   06CF 13                 1788 	.db #0x13	; 19
   06D0 12                 1789 	.db #0x12	; 18
   06D1 13                 1790 	.db #0x13	; 19
   06D2 12                 1791 	.db #0x12	; 18
   06D3 13                 1792 	.db #0x13	; 19
   06D4 12                 1793 	.db #0x12	; 18
   06D5 13                 1794 	.db #0x13	; 19
   06D6 12                 1795 	.db #0x12	; 18
   06D7 13                 1796 	.db #0x13	; 19
   06D8 12                 1797 	.db #0x12	; 18
   06D9 13                 1798 	.db #0x13	; 19
   06DA 12                 1799 	.db #0x12	; 18
   06DB 13                 1800 	.db #0x13	; 19
   06DC 12                 1801 	.db #0x12	; 18
   06DD 13                 1802 	.db #0x13	; 19
   06DE 12                 1803 	.db #0x12	; 18
   06DF 13                 1804 	.db #0x13	; 19
                           1805 	.area _INITIALIZER
                           1806 	.area _CABS (ABS)
