                              1 ;--------------------------------------------------------
                              2 ; File Created by SDCC : free open source ANSI-C Compiler
                              3 ; Version 3.5.5 #9498 (Linux)
                              4 ;--------------------------------------------------------
                              5 	.module map3
                              6 	.optsdcc -mz80
                              7 	
                              8 ;--------------------------------------------------------
                              9 ; Public variables in this module
                             10 ;--------------------------------------------------------
                             11 	.globl _g_map3
                             12 ;--------------------------------------------------------
                             13 ; special function registers
                             14 ;--------------------------------------------------------
                             15 ;--------------------------------------------------------
                             16 ; ram data
                             17 ;--------------------------------------------------------
                             18 	.area _DATA
                             19 ;--------------------------------------------------------
                             20 ; ram data
                             21 ;--------------------------------------------------------
                             22 	.area _INITIALIZED
                             23 ;--------------------------------------------------------
                             24 ; absolute external ram data
                             25 ;--------------------------------------------------------
                             26 	.area _DABS (ABS)
                             27 ;--------------------------------------------------------
                             28 ; global & static initialisations
                             29 ;--------------------------------------------------------
                             30 	.area _HOME
                             31 	.area _GSINIT
                             32 	.area _GSFINAL
                             33 	.area _GSINIT
                             34 ;--------------------------------------------------------
                             35 ; Home
                             36 ;--------------------------------------------------------
                             37 	.area _HOME
                             38 	.area _HOME
                             39 ;--------------------------------------------------------
                             40 ; code
                             41 ;--------------------------------------------------------
                             42 	.area _CODE
                             43 	.area _CODE
   0000                      44 _g_map3:
   0000 0F                   45 	.db #0x0F	; 15
   0001 0F                   46 	.db #0x0F	; 15
   0002 0F                   47 	.db #0x0F	; 15
   0003 0F                   48 	.db #0x0F	; 15
   0004 0F                   49 	.db #0x0F	; 15
   0005 0F                   50 	.db #0x0F	; 15
   0006 0F                   51 	.db #0x0F	; 15
   0007 0F                   52 	.db #0x0F	; 15
   0008 0F                   53 	.db #0x0F	; 15
   0009 0F                   54 	.db #0x0F	; 15
   000A 0F                   55 	.db #0x0F	; 15
   000B 0F                   56 	.db #0x0F	; 15
   000C 0F                   57 	.db #0x0F	; 15
   000D 0F                   58 	.db #0x0F	; 15
   000E 0F                   59 	.db #0x0F	; 15
   000F 0F                   60 	.db #0x0F	; 15
   0010 05                   61 	.db #0x05	; 5
   0011 05                   62 	.db #0x05	; 5
   0012 05                   63 	.db #0x05	; 5
   0013 05                   64 	.db #0x05	; 5
   0014 05                   65 	.db #0x05	; 5
   0015 05                   66 	.db #0x05	; 5
   0016 0F                   67 	.db #0x0F	; 15
   0017 0F                   68 	.db #0x0F	; 15
   0018 0F                   69 	.db #0x0F	; 15
   0019 0F                   70 	.db #0x0F	; 15
   001A 0F                   71 	.db #0x0F	; 15
   001B 0F                   72 	.db #0x0F	; 15
   001C 0F                   73 	.db #0x0F	; 15
   001D 0F                   74 	.db #0x0F	; 15
   001E 0F                   75 	.db #0x0F	; 15
   001F 0F                   76 	.db #0x0F	; 15
   0020 0F                   77 	.db #0x0F	; 15
   0021 0F                   78 	.db #0x0F	; 15
   0022 0F                   79 	.db #0x0F	; 15
   0023 0F                   80 	.db #0x0F	; 15
   0024 0F                   81 	.db #0x0F	; 15
   0025 0F                   82 	.db #0x0F	; 15
   0026 0F                   83 	.db #0x0F	; 15
   0027 0F                   84 	.db #0x0F	; 15
   0028 0F                   85 	.db #0x0F	; 15
   0029 05                   86 	.db #0x05	; 5
   002A 05                   87 	.db #0x05	; 5
   002B 05                   88 	.db #0x05	; 5
   002C 05                   89 	.db #0x05	; 5
   002D 05                   90 	.db #0x05	; 5
   002E 05                   91 	.db #0x05	; 5
   002F 05                   92 	.db #0x05	; 5
   0030 05                   93 	.db #0x05	; 5
   0031 05                   94 	.db #0x05	; 5
   0032 05                   95 	.db #0x05	; 5
   0033 05                   96 	.db #0x05	; 5
   0034 05                   97 	.db #0x05	; 5
   0035 05                   98 	.db #0x05	; 5
   0036 0F                   99 	.db #0x0F	; 15
   0037 0F                  100 	.db #0x0F	; 15
   0038 05                  101 	.db #0x05	; 5
   0039 05                  102 	.db #0x05	; 5
   003A 05                  103 	.db #0x05	; 5
   003B 05                  104 	.db #0x05	; 5
   003C 05                  105 	.db #0x05	; 5
   003D 05                  106 	.db #0x05	; 5
   003E 05                  107 	.db #0x05	; 5
   003F 05                  108 	.db #0x05	; 5
   0040 05                  109 	.db #0x05	; 5
   0041 05                  110 	.db #0x05	; 5
   0042 05                  111 	.db #0x05	; 5
   0043 05                  112 	.db #0x05	; 5
   0044 05                  113 	.db #0x05	; 5
   0045 05                  114 	.db #0x05	; 5
   0046 0F                  115 	.db #0x0F	; 15
   0047 0F                  116 	.db #0x0F	; 15
   0048 05                  117 	.db #0x05	; 5
   0049 05                  118 	.db #0x05	; 5
   004A 05                  119 	.db #0x05	; 5
   004B 05                  120 	.db #0x05	; 5
   004C 05                  121 	.db #0x05	; 5
   004D 05                  122 	.db #0x05	; 5
   004E 05                  123 	.db #0x05	; 5
   004F 0F                  124 	.db #0x0F	; 15
   0050 0F                  125 	.db #0x0F	; 15
   0051 05                  126 	.db #0x05	; 5
   0052 05                  127 	.db #0x05	; 5
   0053 05                  128 	.db #0x05	; 5
   0054 05                  129 	.db #0x05	; 5
   0055 05                  130 	.db #0x05	; 5
   0056 05                  131 	.db #0x05	; 5
   0057 05                  132 	.db #0x05	; 5
   0058 05                  133 	.db #0x05	; 5
   0059 05                  134 	.db #0x05	; 5
   005A 05                  135 	.db #0x05	; 5
   005B 05                  136 	.db #0x05	; 5
   005C 05                  137 	.db #0x05	; 5
   005D 05                  138 	.db #0x05	; 5
   005E 0F                  139 	.db #0x0F	; 15
   005F 0F                  140 	.db #0x0F	; 15
   0060 05                  141 	.db #0x05	; 5
   0061 05                  142 	.db #0x05	; 5
   0062 05                  143 	.db #0x05	; 5
   0063 05                  144 	.db #0x05	; 5
   0064 05                  145 	.db #0x05	; 5
   0065 05                  146 	.db #0x05	; 5
   0066 05                  147 	.db #0x05	; 5
   0067 05                  148 	.db #0x05	; 5
   0068 05                  149 	.db #0x05	; 5
   0069 05                  150 	.db #0x05	; 5
   006A 05                  151 	.db #0x05	; 5
   006B 05                  152 	.db #0x05	; 5
   006C 05                  153 	.db #0x05	; 5
   006D 05                  154 	.db #0x05	; 5
   006E 0F                  155 	.db #0x0F	; 15
   006F 0F                  156 	.db #0x0F	; 15
   0070 05                  157 	.db #0x05	; 5
   0071 05                  158 	.db #0x05	; 5
   0072 05                  159 	.db #0x05	; 5
   0073 05                  160 	.db #0x05	; 5
   0074 05                  161 	.db #0x05	; 5
   0075 05                  162 	.db #0x05	; 5
   0076 05                  163 	.db #0x05	; 5
   0077 0F                  164 	.db #0x0F	; 15
   0078 0F                  165 	.db #0x0F	; 15
   0079 05                  166 	.db #0x05	; 5
   007A 05                  167 	.db #0x05	; 5
   007B 05                  168 	.db #0x05	; 5
   007C 05                  169 	.db #0x05	; 5
   007D 05                  170 	.db #0x05	; 5
   007E 05                  171 	.db #0x05	; 5
   007F 05                  172 	.db #0x05	; 5
   0080 05                  173 	.db #0x05	; 5
   0081 05                  174 	.db #0x05	; 5
   0082 05                  175 	.db #0x05	; 5
   0083 05                  176 	.db #0x05	; 5
   0084 05                  177 	.db #0x05	; 5
   0085 05                  178 	.db #0x05	; 5
   0086 0F                  179 	.db #0x0F	; 15
   0087 0F                  180 	.db #0x0F	; 15
   0088 05                  181 	.db #0x05	; 5
   0089 05                  182 	.db #0x05	; 5
   008A 05                  183 	.db #0x05	; 5
   008B 05                  184 	.db #0x05	; 5
   008C 05                  185 	.db #0x05	; 5
   008D 05                  186 	.db #0x05	; 5
   008E 05                  187 	.db #0x05	; 5
   008F 05                  188 	.db #0x05	; 5
   0090 05                  189 	.db #0x05	; 5
   0091 05                  190 	.db #0x05	; 5
   0092 05                  191 	.db #0x05	; 5
   0093 05                  192 	.db #0x05	; 5
   0094 05                  193 	.db #0x05	; 5
   0095 05                  194 	.db #0x05	; 5
   0096 0F                  195 	.db #0x0F	; 15
   0097 0F                  196 	.db #0x0F	; 15
   0098 05                  197 	.db #0x05	; 5
   0099 05                  198 	.db #0x05	; 5
   009A 05                  199 	.db #0x05	; 5
   009B 05                  200 	.db #0x05	; 5
   009C 05                  201 	.db #0x05	; 5
   009D 05                  202 	.db #0x05	; 5
   009E 05                  203 	.db #0x05	; 5
   009F 0F                  204 	.db #0x0F	; 15
   00A0 0F                  205 	.db #0x0F	; 15
   00A1 05                  206 	.db #0x05	; 5
   00A2 05                  207 	.db #0x05	; 5
   00A3 05                  208 	.db #0x05	; 5
   00A4 05                  209 	.db #0x05	; 5
   00A5 05                  210 	.db #0x05	; 5
   00A6 05                  211 	.db #0x05	; 5
   00A7 05                  212 	.db #0x05	; 5
   00A8 05                  213 	.db #0x05	; 5
   00A9 05                  214 	.db #0x05	; 5
   00AA 05                  215 	.db #0x05	; 5
   00AB 05                  216 	.db #0x05	; 5
   00AC 05                  217 	.db #0x05	; 5
   00AD 05                  218 	.db #0x05	; 5
   00AE 0F                  219 	.db #0x0F	; 15
   00AF 0F                  220 	.db #0x0F	; 15
   00B0 05                  221 	.db #0x05	; 5
   00B1 05                  222 	.db #0x05	; 5
   00B2 05                  223 	.db #0x05	; 5
   00B3 05                  224 	.db #0x05	; 5
   00B4 05                  225 	.db #0x05	; 5
   00B5 05                  226 	.db #0x05	; 5
   00B6 05                  227 	.db #0x05	; 5
   00B7 05                  228 	.db #0x05	; 5
   00B8 05                  229 	.db #0x05	; 5
   00B9 05                  230 	.db #0x05	; 5
   00BA 05                  231 	.db #0x05	; 5
   00BB 05                  232 	.db #0x05	; 5
   00BC 05                  233 	.db #0x05	; 5
   00BD 05                  234 	.db #0x05	; 5
   00BE 0F                  235 	.db #0x0F	; 15
   00BF 0F                  236 	.db #0x0F	; 15
   00C0 05                  237 	.db #0x05	; 5
   00C1 05                  238 	.db #0x05	; 5
   00C2 05                  239 	.db #0x05	; 5
   00C3 05                  240 	.db #0x05	; 5
   00C4 05                  241 	.db #0x05	; 5
   00C5 05                  242 	.db #0x05	; 5
   00C6 05                  243 	.db #0x05	; 5
   00C7 0F                  244 	.db #0x0F	; 15
   00C8 0F                  245 	.db #0x0F	; 15
   00C9 05                  246 	.db #0x05	; 5
   00CA 05                  247 	.db #0x05	; 5
   00CB 05                  248 	.db #0x05	; 5
   00CC 05                  249 	.db #0x05	; 5
   00CD 05                  250 	.db #0x05	; 5
   00CE 05                  251 	.db #0x05	; 5
   00CF 05                  252 	.db #0x05	; 5
   00D0 05                  253 	.db #0x05	; 5
   00D1 05                  254 	.db #0x05	; 5
   00D2 05                  255 	.db #0x05	; 5
   00D3 05                  256 	.db #0x05	; 5
   00D4 05                  257 	.db #0x05	; 5
   00D5 05                  258 	.db #0x05	; 5
   00D6 0F                  259 	.db #0x0F	; 15
   00D7 0F                  260 	.db #0x0F	; 15
   00D8 05                  261 	.db #0x05	; 5
   00D9 05                  262 	.db #0x05	; 5
   00DA 05                  263 	.db #0x05	; 5
   00DB 05                  264 	.db #0x05	; 5
   00DC 05                  265 	.db #0x05	; 5
   00DD 05                  266 	.db #0x05	; 5
   00DE 05                  267 	.db #0x05	; 5
   00DF 05                  268 	.db #0x05	; 5
   00E0 05                  269 	.db #0x05	; 5
   00E1 05                  270 	.db #0x05	; 5
   00E2 05                  271 	.db #0x05	; 5
   00E3 05                  272 	.db #0x05	; 5
   00E4 05                  273 	.db #0x05	; 5
   00E5 05                  274 	.db #0x05	; 5
   00E6 0F                  275 	.db #0x0F	; 15
   00E7 0F                  276 	.db #0x0F	; 15
   00E8 05                  277 	.db #0x05	; 5
   00E9 05                  278 	.db #0x05	; 5
   00EA 05                  279 	.db #0x05	; 5
   00EB 05                  280 	.db #0x05	; 5
   00EC 05                  281 	.db #0x05	; 5
   00ED 05                  282 	.db #0x05	; 5
   00EE 05                  283 	.db #0x05	; 5
   00EF 0F                  284 	.db #0x0F	; 15
   00F0 0F                  285 	.db #0x0F	; 15
   00F1 05                  286 	.db #0x05	; 5
   00F2 05                  287 	.db #0x05	; 5
   00F3 05                  288 	.db #0x05	; 5
   00F4 05                  289 	.db #0x05	; 5
   00F5 05                  290 	.db #0x05	; 5
   00F6 05                  291 	.db #0x05	; 5
   00F7 05                  292 	.db #0x05	; 5
   00F8 05                  293 	.db #0x05	; 5
   00F9 05                  294 	.db #0x05	; 5
   00FA 05                  295 	.db #0x05	; 5
   00FB 05                  296 	.db #0x05	; 5
   00FC 05                  297 	.db #0x05	; 5
   00FD 05                  298 	.db #0x05	; 5
   00FE 0F                  299 	.db #0x0F	; 15
   00FF 0F                  300 	.db #0x0F	; 15
   0100 0F                  301 	.db #0x0F	; 15
   0101 05                  302 	.db #0x05	; 5
   0102 05                  303 	.db #0x05	; 5
   0103 05                  304 	.db #0x05	; 5
   0104 05                  305 	.db #0x05	; 5
   0105 05                  306 	.db #0x05	; 5
   0106 05                  307 	.db #0x05	; 5
   0107 05                  308 	.db #0x05	; 5
   0108 05                  309 	.db #0x05	; 5
   0109 05                  310 	.db #0x05	; 5
   010A 05                  311 	.db #0x05	; 5
   010B 05                  312 	.db #0x05	; 5
   010C 05                  313 	.db #0x05	; 5
   010D 05                  314 	.db #0x05	; 5
   010E 0F                  315 	.db #0x0F	; 15
   010F 0F                  316 	.db #0x0F	; 15
   0110 05                  317 	.db #0x05	; 5
   0111 05                  318 	.db #0x05	; 5
   0112 05                  319 	.db #0x05	; 5
   0113 05                  320 	.db #0x05	; 5
   0114 05                  321 	.db #0x05	; 5
   0115 05                  322 	.db #0x05	; 5
   0116 05                  323 	.db #0x05	; 5
   0117 0F                  324 	.db #0x0F	; 15
   0118 0F                  325 	.db #0x0F	; 15
   0119 05                  326 	.db #0x05	; 5
   011A 05                  327 	.db #0x05	; 5
   011B 05                  328 	.db #0x05	; 5
   011C 05                  329 	.db #0x05	; 5
   011D 05                  330 	.db #0x05	; 5
   011E 05                  331 	.db #0x05	; 5
   011F 05                  332 	.db #0x05	; 5
   0120 05                  333 	.db #0x05	; 5
   0121 05                  334 	.db #0x05	; 5
   0122 05                  335 	.db #0x05	; 5
   0123 05                  336 	.db #0x05	; 5
   0124 05                  337 	.db #0x05	; 5
   0125 05                  338 	.db #0x05	; 5
   0126 0F                  339 	.db #0x0F	; 15
   0127 0F                  340 	.db #0x0F	; 15
   0128 0F                  341 	.db #0x0F	; 15
   0129 05                  342 	.db #0x05	; 5
   012A 05                  343 	.db #0x05	; 5
   012B 05                  344 	.db #0x05	; 5
   012C 05                  345 	.db #0x05	; 5
   012D 05                  346 	.db #0x05	; 5
   012E 05                  347 	.db #0x05	; 5
   012F 05                  348 	.db #0x05	; 5
   0130 05                  349 	.db #0x05	; 5
   0131 05                  350 	.db #0x05	; 5
   0132 05                  351 	.db #0x05	; 5
   0133 05                  352 	.db #0x05	; 5
   0134 05                  353 	.db #0x05	; 5
   0135 05                  354 	.db #0x05	; 5
   0136 0F                  355 	.db #0x0F	; 15
   0137 0F                  356 	.db #0x0F	; 15
   0138 05                  357 	.db #0x05	; 5
   0139 05                  358 	.db #0x05	; 5
   013A 05                  359 	.db #0x05	; 5
   013B 05                  360 	.db #0x05	; 5
   013C 05                  361 	.db #0x05	; 5
   013D 05                  362 	.db #0x05	; 5
   013E 05                  363 	.db #0x05	; 5
   013F 0F                  364 	.db #0x0F	; 15
   0140 0F                  365 	.db #0x0F	; 15
   0141 05                  366 	.db #0x05	; 5
   0142 05                  367 	.db #0x05	; 5
   0143 05                  368 	.db #0x05	; 5
   0144 05                  369 	.db #0x05	; 5
   0145 05                  370 	.db #0x05	; 5
   0146 05                  371 	.db #0x05	; 5
   0147 05                  372 	.db #0x05	; 5
   0148 05                  373 	.db #0x05	; 5
   0149 05                  374 	.db #0x05	; 5
   014A 05                  375 	.db #0x05	; 5
   014B 05                  376 	.db #0x05	; 5
   014C 05                  377 	.db #0x05	; 5
   014D 05                  378 	.db #0x05	; 5
   014E 05                  379 	.db #0x05	; 5
   014F 0F                  380 	.db #0x0F	; 15
   0150 0F                  381 	.db #0x0F	; 15
   0151 05                  382 	.db #0x05	; 5
   0152 05                  383 	.db #0x05	; 5
   0153 05                  384 	.db #0x05	; 5
   0154 05                  385 	.db #0x05	; 5
   0155 05                  386 	.db #0x05	; 5
   0156 0F                  387 	.db #0x0F	; 15
   0157 0F                  388 	.db #0x0F	; 15
   0158 05                  389 	.db #0x05	; 5
   0159 05                  390 	.db #0x05	; 5
   015A 05                  391 	.db #0x05	; 5
   015B 05                  392 	.db #0x05	; 5
   015C 05                  393 	.db #0x05	; 5
   015D 05                  394 	.db #0x05	; 5
   015E 0F                  395 	.db #0x0F	; 15
   015F 0F                  396 	.db #0x0F	; 15
   0160 05                  397 	.db #0x05	; 5
   0161 05                  398 	.db #0x05	; 5
   0162 05                  399 	.db #0x05	; 5
   0163 05                  400 	.db #0x05	; 5
   0164 05                  401 	.db #0x05	; 5
   0165 05                  402 	.db #0x05	; 5
   0166 05                  403 	.db #0x05	; 5
   0167 0F                  404 	.db #0x0F	; 15
   0168 0F                  405 	.db #0x0F	; 15
   0169 05                  406 	.db #0x05	; 5
   016A 05                  407 	.db #0x05	; 5
   016B 05                  408 	.db #0x05	; 5
   016C 05                  409 	.db #0x05	; 5
   016D 05                  410 	.db #0x05	; 5
   016E 05                  411 	.db #0x05	; 5
   016F 05                  412 	.db #0x05	; 5
   0170 05                  413 	.db #0x05	; 5
   0171 05                  414 	.db #0x05	; 5
   0172 05                  415 	.db #0x05	; 5
   0173 05                  416 	.db #0x05	; 5
   0174 05                  417 	.db #0x05	; 5
   0175 05                  418 	.db #0x05	; 5
   0176 05                  419 	.db #0x05	; 5
   0177 0F                  420 	.db #0x0F	; 15
   0178 0F                  421 	.db #0x0F	; 15
   0179 05                  422 	.db #0x05	; 5
   017A 05                  423 	.db #0x05	; 5
   017B 05                  424 	.db #0x05	; 5
   017C 05                  425 	.db #0x05	; 5
   017D 05                  426 	.db #0x05	; 5
   017E 0F                  427 	.db #0x0F	; 15
   017F 0F                  428 	.db #0x0F	; 15
   0180 05                  429 	.db #0x05	; 5
   0181 05                  430 	.db #0x05	; 5
   0182 05                  431 	.db #0x05	; 5
   0183 05                  432 	.db #0x05	; 5
   0184 05                  433 	.db #0x05	; 5
   0185 05                  434 	.db #0x05	; 5
   0186 0F                  435 	.db #0x0F	; 15
   0187 0F                  436 	.db #0x0F	; 15
   0188 05                  437 	.db #0x05	; 5
   0189 05                  438 	.db #0x05	; 5
   018A 05                  439 	.db #0x05	; 5
   018B 05                  440 	.db #0x05	; 5
   018C 05                  441 	.db #0x05	; 5
   018D 05                  442 	.db #0x05	; 5
   018E 05                  443 	.db #0x05	; 5
   018F 0F                  444 	.db #0x0F	; 15
   0190 0F                  445 	.db #0x0F	; 15
   0191 05                  446 	.db #0x05	; 5
   0192 05                  447 	.db #0x05	; 5
   0193 05                  448 	.db #0x05	; 5
   0194 05                  449 	.db #0x05	; 5
   0195 05                  450 	.db #0x05	; 5
   0196 05                  451 	.db #0x05	; 5
   0197 05                  452 	.db #0x05	; 5
   0198 05                  453 	.db #0x05	; 5
   0199 05                  454 	.db #0x05	; 5
   019A 05                  455 	.db #0x05	; 5
   019B 05                  456 	.db #0x05	; 5
   019C 05                  457 	.db #0x05	; 5
   019D 05                  458 	.db #0x05	; 5
   019E 05                  459 	.db #0x05	; 5
   019F 0F                  460 	.db #0x0F	; 15
   01A0 0F                  461 	.db #0x0F	; 15
   01A1 05                  462 	.db #0x05	; 5
   01A2 05                  463 	.db #0x05	; 5
   01A3 05                  464 	.db #0x05	; 5
   01A4 05                  465 	.db #0x05	; 5
   01A5 05                  466 	.db #0x05	; 5
   01A6 0F                  467 	.db #0x0F	; 15
   01A7 0F                  468 	.db #0x0F	; 15
   01A8 05                  469 	.db #0x05	; 5
   01A9 05                  470 	.db #0x05	; 5
   01AA 05                  471 	.db #0x05	; 5
   01AB 05                  472 	.db #0x05	; 5
   01AC 05                  473 	.db #0x05	; 5
   01AD 05                  474 	.db #0x05	; 5
   01AE 0F                  475 	.db #0x0F	; 15
   01AF 0F                  476 	.db #0x0F	; 15
   01B0 05                  477 	.db #0x05	; 5
   01B1 05                  478 	.db #0x05	; 5
   01B2 05                  479 	.db #0x05	; 5
   01B3 05                  480 	.db #0x05	; 5
   01B4 05                  481 	.db #0x05	; 5
   01B5 05                  482 	.db #0x05	; 5
   01B6 05                  483 	.db #0x05	; 5
   01B7 0F                  484 	.db #0x0F	; 15
   01B8 0F                  485 	.db #0x0F	; 15
   01B9 05                  486 	.db #0x05	; 5
   01BA 05                  487 	.db #0x05	; 5
   01BB 05                  488 	.db #0x05	; 5
   01BC 05                  489 	.db #0x05	; 5
   01BD 05                  490 	.db #0x05	; 5
   01BE 05                  491 	.db #0x05	; 5
   01BF 0F                  492 	.db #0x0F	; 15
   01C0 0F                  493 	.db #0x0F	; 15
   01C1 05                  494 	.db #0x05	; 5
   01C2 05                  495 	.db #0x05	; 5
   01C3 05                  496 	.db #0x05	; 5
   01C4 05                  497 	.db #0x05	; 5
   01C5 05                  498 	.db #0x05	; 5
   01C6 05                  499 	.db #0x05	; 5
   01C7 0F                  500 	.db #0x0F	; 15
   01C8 0F                  501 	.db #0x0F	; 15
   01C9 05                  502 	.db #0x05	; 5
   01CA 05                  503 	.db #0x05	; 5
   01CB 05                  504 	.db #0x05	; 5
   01CC 05                  505 	.db #0x05	; 5
   01CD 05                  506 	.db #0x05	; 5
   01CE 0F                  507 	.db #0x0F	; 15
   01CF 0F                  508 	.db #0x0F	; 15
   01D0 05                  509 	.db #0x05	; 5
   01D1 05                  510 	.db #0x05	; 5
   01D2 05                  511 	.db #0x05	; 5
   01D3 05                  512 	.db #0x05	; 5
   01D4 05                  513 	.db #0x05	; 5
   01D5 05                  514 	.db #0x05	; 5
   01D6 0F                  515 	.db #0x0F	; 15
   01D7 0F                  516 	.db #0x0F	; 15
   01D8 05                  517 	.db #0x05	; 5
   01D9 05                  518 	.db #0x05	; 5
   01DA 05                  519 	.db #0x05	; 5
   01DB 05                  520 	.db #0x05	; 5
   01DC 05                  521 	.db #0x05	; 5
   01DD 05                  522 	.db #0x05	; 5
   01DE 05                  523 	.db #0x05	; 5
   01DF 0F                  524 	.db #0x0F	; 15
   01E0 0F                  525 	.db #0x0F	; 15
   01E1 05                  526 	.db #0x05	; 5
   01E2 05                  527 	.db #0x05	; 5
   01E3 05                  528 	.db #0x05	; 5
   01E4 05                  529 	.db #0x05	; 5
   01E5 05                  530 	.db #0x05	; 5
   01E6 05                  531 	.db #0x05	; 5
   01E7 0F                  532 	.db #0x0F	; 15
   01E8 0F                  533 	.db #0x0F	; 15
   01E9 05                  534 	.db #0x05	; 5
   01EA 05                  535 	.db #0x05	; 5
   01EB 05                  536 	.db #0x05	; 5
   01EC 05                  537 	.db #0x05	; 5
   01ED 05                  538 	.db #0x05	; 5
   01EE 05                  539 	.db #0x05	; 5
   01EF 0F                  540 	.db #0x0F	; 15
   01F0 0F                  541 	.db #0x0F	; 15
   01F1 05                  542 	.db #0x05	; 5
   01F2 05                  543 	.db #0x05	; 5
   01F3 05                  544 	.db #0x05	; 5
   01F4 05                  545 	.db #0x05	; 5
   01F5 05                  546 	.db #0x05	; 5
   01F6 0F                  547 	.db #0x0F	; 15
   01F7 0F                  548 	.db #0x0F	; 15
   01F8 05                  549 	.db #0x05	; 5
   01F9 05                  550 	.db #0x05	; 5
   01FA 05                  551 	.db #0x05	; 5
   01FB 05                  552 	.db #0x05	; 5
   01FC 05                  553 	.db #0x05	; 5
   01FD 05                  554 	.db #0x05	; 5
   01FE 0F                  555 	.db #0x0F	; 15
   01FF 0F                  556 	.db #0x0F	; 15
   0200 05                  557 	.db #0x05	; 5
   0201 05                  558 	.db #0x05	; 5
   0202 05                  559 	.db #0x05	; 5
   0203 05                  560 	.db #0x05	; 5
   0204 05                  561 	.db #0x05	; 5
   0205 05                  562 	.db #0x05	; 5
   0206 05                  563 	.db #0x05	; 5
   0207 0F                  564 	.db #0x0F	; 15
   0208 0F                  565 	.db #0x0F	; 15
   0209 05                  566 	.db #0x05	; 5
   020A 05                  567 	.db #0x05	; 5
   020B 05                  568 	.db #0x05	; 5
   020C 05                  569 	.db #0x05	; 5
   020D 05                  570 	.db #0x05	; 5
   020E 05                  571 	.db #0x05	; 5
   020F 0F                  572 	.db #0x0F	; 15
   0210 0F                  573 	.db #0x0F	; 15
   0211 05                  574 	.db #0x05	; 5
   0212 05                  575 	.db #0x05	; 5
   0213 05                  576 	.db #0x05	; 5
   0214 05                  577 	.db #0x05	; 5
   0215 05                  578 	.db #0x05	; 5
   0216 05                  579 	.db #0x05	; 5
   0217 0F                  580 	.db #0x0F	; 15
   0218 0F                  581 	.db #0x0F	; 15
   0219 05                  582 	.db #0x05	; 5
   021A 05                  583 	.db #0x05	; 5
   021B 05                  584 	.db #0x05	; 5
   021C 05                  585 	.db #0x05	; 5
   021D 05                  586 	.db #0x05	; 5
   021E 0F                  587 	.db #0x0F	; 15
   021F 0F                  588 	.db #0x0F	; 15
   0220 05                  589 	.db #0x05	; 5
   0221 05                  590 	.db #0x05	; 5
   0222 05                  591 	.db #0x05	; 5
   0223 05                  592 	.db #0x05	; 5
   0224 05                  593 	.db #0x05	; 5
   0225 05                  594 	.db #0x05	; 5
   0226 0F                  595 	.db #0x0F	; 15
   0227 0F                  596 	.db #0x0F	; 15
   0228 05                  597 	.db #0x05	; 5
   0229 05                  598 	.db #0x05	; 5
   022A 05                  599 	.db #0x05	; 5
   022B 05                  600 	.db #0x05	; 5
   022C 05                  601 	.db #0x05	; 5
   022D 05                  602 	.db #0x05	; 5
   022E 05                  603 	.db #0x05	; 5
   022F 0F                  604 	.db #0x0F	; 15
   0230 0F                  605 	.db #0x0F	; 15
   0231 05                  606 	.db #0x05	; 5
   0232 05                  607 	.db #0x05	; 5
   0233 05                  608 	.db #0x05	; 5
   0234 05                  609 	.db #0x05	; 5
   0235 05                  610 	.db #0x05	; 5
   0236 05                  611 	.db #0x05	; 5
   0237 0F                  612 	.db #0x0F	; 15
   0238 0F                  613 	.db #0x0F	; 15
   0239 05                  614 	.db #0x05	; 5
   023A 05                  615 	.db #0x05	; 5
   023B 05                  616 	.db #0x05	; 5
   023C 05                  617 	.db #0x05	; 5
   023D 05                  618 	.db #0x05	; 5
   023E 05                  619 	.db #0x05	; 5
   023F 0F                  620 	.db #0x0F	; 15
   0240 0F                  621 	.db #0x0F	; 15
   0241 05                  622 	.db #0x05	; 5
   0242 05                  623 	.db #0x05	; 5
   0243 05                  624 	.db #0x05	; 5
   0244 05                  625 	.db #0x05	; 5
   0245 05                  626 	.db #0x05	; 5
   0246 0F                  627 	.db #0x0F	; 15
   0247 0F                  628 	.db #0x0F	; 15
   0248 05                  629 	.db #0x05	; 5
   0249 05                  630 	.db #0x05	; 5
   024A 05                  631 	.db #0x05	; 5
   024B 05                  632 	.db #0x05	; 5
   024C 05                  633 	.db #0x05	; 5
   024D 05                  634 	.db #0x05	; 5
   024E 0F                  635 	.db #0x0F	; 15
   024F 0F                  636 	.db #0x0F	; 15
   0250 05                  637 	.db #0x05	; 5
   0251 05                  638 	.db #0x05	; 5
   0252 05                  639 	.db #0x05	; 5
   0253 05                  640 	.db #0x05	; 5
   0254 05                  641 	.db #0x05	; 5
   0255 05                  642 	.db #0x05	; 5
   0256 05                  643 	.db #0x05	; 5
   0257 0F                  644 	.db #0x0F	; 15
   0258 0F                  645 	.db #0x0F	; 15
   0259 05                  646 	.db #0x05	; 5
   025A 05                  647 	.db #0x05	; 5
   025B 05                  648 	.db #0x05	; 5
   025C 05                  649 	.db #0x05	; 5
   025D 05                  650 	.db #0x05	; 5
   025E 05                  651 	.db #0x05	; 5
   025F 0F                  652 	.db #0x0F	; 15
   0260 0F                  653 	.db #0x0F	; 15
   0261 05                  654 	.db #0x05	; 5
   0262 05                  655 	.db #0x05	; 5
   0263 05                  656 	.db #0x05	; 5
   0264 05                  657 	.db #0x05	; 5
   0265 05                  658 	.db #0x05	; 5
   0266 05                  659 	.db #0x05	; 5
   0267 0F                  660 	.db #0x0F	; 15
   0268 0F                  661 	.db #0x0F	; 15
   0269 05                  662 	.db #0x05	; 5
   026A 05                  663 	.db #0x05	; 5
   026B 05                  664 	.db #0x05	; 5
   026C 05                  665 	.db #0x05	; 5
   026D 05                  666 	.db #0x05	; 5
   026E 0F                  667 	.db #0x0F	; 15
   026F 0F                  668 	.db #0x0F	; 15
   0270 05                  669 	.db #0x05	; 5
   0271 05                  670 	.db #0x05	; 5
   0272 05                  671 	.db #0x05	; 5
   0273 05                  672 	.db #0x05	; 5
   0274 05                  673 	.db #0x05	; 5
   0275 05                  674 	.db #0x05	; 5
   0276 0F                  675 	.db #0x0F	; 15
   0277 0F                  676 	.db #0x0F	; 15
   0278 05                  677 	.db #0x05	; 5
   0279 05                  678 	.db #0x05	; 5
   027A 05                  679 	.db #0x05	; 5
   027B 05                  680 	.db #0x05	; 5
   027C 05                  681 	.db #0x05	; 5
   027D 05                  682 	.db #0x05	; 5
   027E 05                  683 	.db #0x05	; 5
   027F 0F                  684 	.db #0x0F	; 15
   0280 0F                  685 	.db #0x0F	; 15
   0281 05                  686 	.db #0x05	; 5
   0282 05                  687 	.db #0x05	; 5
   0283 05                  688 	.db #0x05	; 5
   0284 05                  689 	.db #0x05	; 5
   0285 05                  690 	.db #0x05	; 5
   0286 05                  691 	.db #0x05	; 5
   0287 0F                  692 	.db #0x0F	; 15
   0288 0F                  693 	.db #0x0F	; 15
   0289 05                  694 	.db #0x05	; 5
   028A 05                  695 	.db #0x05	; 5
   028B 05                  696 	.db #0x05	; 5
   028C 05                  697 	.db #0x05	; 5
   028D 05                  698 	.db #0x05	; 5
   028E 05                  699 	.db #0x05	; 5
   028F 0F                  700 	.db #0x0F	; 15
   0290 0F                  701 	.db #0x0F	; 15
   0291 05                  702 	.db #0x05	; 5
   0292 05                  703 	.db #0x05	; 5
   0293 05                  704 	.db #0x05	; 5
   0294 05                  705 	.db #0x05	; 5
   0295 05                  706 	.db #0x05	; 5
   0296 0F                  707 	.db #0x0F	; 15
   0297 0F                  708 	.db #0x0F	; 15
   0298 05                  709 	.db #0x05	; 5
   0299 05                  710 	.db #0x05	; 5
   029A 05                  711 	.db #0x05	; 5
   029B 05                  712 	.db #0x05	; 5
   029C 05                  713 	.db #0x05	; 5
   029D 05                  714 	.db #0x05	; 5
   029E 0F                  715 	.db #0x0F	; 15
   029F 0F                  716 	.db #0x0F	; 15
   02A0 05                  717 	.db #0x05	; 5
   02A1 05                  718 	.db #0x05	; 5
   02A2 05                  719 	.db #0x05	; 5
   02A3 05                  720 	.db #0x05	; 5
   02A4 05                  721 	.db #0x05	; 5
   02A5 05                  722 	.db #0x05	; 5
   02A6 05                  723 	.db #0x05	; 5
   02A7 0F                  724 	.db #0x0F	; 15
   02A8 0F                  725 	.db #0x0F	; 15
   02A9 05                  726 	.db #0x05	; 5
   02AA 05                  727 	.db #0x05	; 5
   02AB 05                  728 	.db #0x05	; 5
   02AC 05                  729 	.db #0x05	; 5
   02AD 05                  730 	.db #0x05	; 5
   02AE 05                  731 	.db #0x05	; 5
   02AF 0F                  732 	.db #0x0F	; 15
   02B0 0F                  733 	.db #0x0F	; 15
   02B1 05                  734 	.db #0x05	; 5
   02B2 05                  735 	.db #0x05	; 5
   02B3 05                  736 	.db #0x05	; 5
   02B4 05                  737 	.db #0x05	; 5
   02B5 05                  738 	.db #0x05	; 5
   02B6 05                  739 	.db #0x05	; 5
   02B7 0F                  740 	.db #0x0F	; 15
   02B8 0F                  741 	.db #0x0F	; 15
   02B9 05                  742 	.db #0x05	; 5
   02BA 05                  743 	.db #0x05	; 5
   02BB 05                  744 	.db #0x05	; 5
   02BC 05                  745 	.db #0x05	; 5
   02BD 05                  746 	.db #0x05	; 5
   02BE 0F                  747 	.db #0x0F	; 15
   02BF 0F                  748 	.db #0x0F	; 15
   02C0 05                  749 	.db #0x05	; 5
   02C1 05                  750 	.db #0x05	; 5
   02C2 05                  751 	.db #0x05	; 5
   02C3 05                  752 	.db #0x05	; 5
   02C4 05                  753 	.db #0x05	; 5
   02C5 05                  754 	.db #0x05	; 5
   02C6 0F                  755 	.db #0x0F	; 15
   02C7 0F                  756 	.db #0x0F	; 15
   02C8 05                  757 	.db #0x05	; 5
   02C9 05                  758 	.db #0x05	; 5
   02CA 05                  759 	.db #0x05	; 5
   02CB 05                  760 	.db #0x05	; 5
   02CC 05                  761 	.db #0x05	; 5
   02CD 05                  762 	.db #0x05	; 5
   02CE 05                  763 	.db #0x05	; 5
   02CF 0F                  764 	.db #0x0F	; 15
   02D0 0F                  765 	.db #0x0F	; 15
   02D1 05                  766 	.db #0x05	; 5
   02D2 05                  767 	.db #0x05	; 5
   02D3 05                  768 	.db #0x05	; 5
   02D4 05                  769 	.db #0x05	; 5
   02D5 05                  770 	.db #0x05	; 5
   02D6 05                  771 	.db #0x05	; 5
   02D7 0F                  772 	.db #0x0F	; 15
   02D8 0F                  773 	.db #0x0F	; 15
   02D9 05                  774 	.db #0x05	; 5
   02DA 05                  775 	.db #0x05	; 5
   02DB 05                  776 	.db #0x05	; 5
   02DC 05                  777 	.db #0x05	; 5
   02DD 05                  778 	.db #0x05	; 5
   02DE 05                  779 	.db #0x05	; 5
   02DF 05                  780 	.db #0x05	; 5
   02E0 05                  781 	.db #0x05	; 5
   02E1 05                  782 	.db #0x05	; 5
   02E2 05                  783 	.db #0x05	; 5
   02E3 05                  784 	.db #0x05	; 5
   02E4 05                  785 	.db #0x05	; 5
   02E5 05                  786 	.db #0x05	; 5
   02E6 0F                  787 	.db #0x0F	; 15
   02E7 0F                  788 	.db #0x0F	; 15
   02E8 05                  789 	.db #0x05	; 5
   02E9 05                  790 	.db #0x05	; 5
   02EA 05                  791 	.db #0x05	; 5
   02EB 05                  792 	.db #0x05	; 5
   02EC 05                  793 	.db #0x05	; 5
   02ED 05                  794 	.db #0x05	; 5
   02EE 05                  795 	.db #0x05	; 5
   02EF 05                  796 	.db #0x05	; 5
   02F0 05                  797 	.db #0x05	; 5
   02F1 05                  798 	.db #0x05	; 5
   02F2 05                  799 	.db #0x05	; 5
   02F3 05                  800 	.db #0x05	; 5
   02F4 05                  801 	.db #0x05	; 5
   02F5 05                  802 	.db #0x05	; 5
   02F6 05                  803 	.db #0x05	; 5
   02F7 0F                  804 	.db #0x0F	; 15
   02F8 05                  805 	.db #0x05	; 5
   02F9 05                  806 	.db #0x05	; 5
   02FA 05                  807 	.db #0x05	; 5
   02FB 05                  808 	.db #0x05	; 5
   02FC 05                  809 	.db #0x05	; 5
   02FD 05                  810 	.db #0x05	; 5
   02FE 05                  811 	.db #0x05	; 5
   02FF 0F                  812 	.db #0x0F	; 15
   0300 0F                  813 	.db #0x0F	; 15
   0301 05                  814 	.db #0x05	; 5
   0302 05                  815 	.db #0x05	; 5
   0303 05                  816 	.db #0x05	; 5
   0304 05                  817 	.db #0x05	; 5
   0305 05                  818 	.db #0x05	; 5
   0306 05                  819 	.db #0x05	; 5
   0307 05                  820 	.db #0x05	; 5
   0308 05                  821 	.db #0x05	; 5
   0309 05                  822 	.db #0x05	; 5
   030A 05                  823 	.db #0x05	; 5
   030B 05                  824 	.db #0x05	; 5
   030C 05                  825 	.db #0x05	; 5
   030D 05                  826 	.db #0x05	; 5
   030E 0F                  827 	.db #0x0F	; 15
   030F 0F                  828 	.db #0x0F	; 15
   0310 05                  829 	.db #0x05	; 5
   0311 05                  830 	.db #0x05	; 5
   0312 05                  831 	.db #0x05	; 5
   0313 05                  832 	.db #0x05	; 5
   0314 05                  833 	.db #0x05	; 5
   0315 05                  834 	.db #0x05	; 5
   0316 05                  835 	.db #0x05	; 5
   0317 05                  836 	.db #0x05	; 5
   0318 05                  837 	.db #0x05	; 5
   0319 05                  838 	.db #0x05	; 5
   031A 05                  839 	.db #0x05	; 5
   031B 05                  840 	.db #0x05	; 5
   031C 05                  841 	.db #0x05	; 5
   031D 05                  842 	.db #0x05	; 5
   031E 05                  843 	.db #0x05	; 5
   031F 05                  844 	.db #0x05	; 5
   0320 05                  845 	.db #0x05	; 5
   0321 05                  846 	.db #0x05	; 5
   0322 05                  847 	.db #0x05	; 5
   0323 05                  848 	.db #0x05	; 5
   0324 05                  849 	.db #0x05	; 5
   0325 05                  850 	.db #0x05	; 5
   0326 05                  851 	.db #0x05	; 5
   0327 0F                  852 	.db #0x0F	; 15
   0328 0F                  853 	.db #0x0F	; 15
   0329 05                  854 	.db #0x05	; 5
   032A 05                  855 	.db #0x05	; 5
   032B 05                  856 	.db #0x05	; 5
   032C 05                  857 	.db #0x05	; 5
   032D 05                  858 	.db #0x05	; 5
   032E 05                  859 	.db #0x05	; 5
   032F 05                  860 	.db #0x05	; 5
   0330 05                  861 	.db #0x05	; 5
   0331 05                  862 	.db #0x05	; 5
   0332 05                  863 	.db #0x05	; 5
   0333 05                  864 	.db #0x05	; 5
   0334 05                  865 	.db #0x05	; 5
   0335 05                  866 	.db #0x05	; 5
   0336 0F                  867 	.db #0x0F	; 15
   0337 0F                  868 	.db #0x0F	; 15
   0338 05                  869 	.db #0x05	; 5
   0339 05                  870 	.db #0x05	; 5
   033A 05                  871 	.db #0x05	; 5
   033B 05                  872 	.db #0x05	; 5
   033C 05                  873 	.db #0x05	; 5
   033D 05                  874 	.db #0x05	; 5
   033E 05                  875 	.db #0x05	; 5
   033F 05                  876 	.db #0x05	; 5
   0340 05                  877 	.db #0x05	; 5
   0341 05                  878 	.db #0x05	; 5
   0342 05                  879 	.db #0x05	; 5
   0343 05                  880 	.db #0x05	; 5
   0344 05                  881 	.db #0x05	; 5
   0345 05                  882 	.db #0x05	; 5
   0346 05                  883 	.db #0x05	; 5
   0347 05                  884 	.db #0x05	; 5
   0348 05                  885 	.db #0x05	; 5
   0349 05                  886 	.db #0x05	; 5
   034A 05                  887 	.db #0x05	; 5
   034B 05                  888 	.db #0x05	; 5
   034C 05                  889 	.db #0x05	; 5
   034D 05                  890 	.db #0x05	; 5
   034E 05                  891 	.db #0x05	; 5
   034F 0F                  892 	.db #0x0F	; 15
   0350 0F                  893 	.db #0x0F	; 15
   0351 05                  894 	.db #0x05	; 5
   0352 05                  895 	.db #0x05	; 5
   0353 05                  896 	.db #0x05	; 5
   0354 05                  897 	.db #0x05	; 5
   0355 05                  898 	.db #0x05	; 5
   0356 05                  899 	.db #0x05	; 5
   0357 05                  900 	.db #0x05	; 5
   0358 05                  901 	.db #0x05	; 5
   0359 05                  902 	.db #0x05	; 5
   035A 05                  903 	.db #0x05	; 5
   035B 05                  904 	.db #0x05	; 5
   035C 05                  905 	.db #0x05	; 5
   035D 05                  906 	.db #0x05	; 5
   035E 0F                  907 	.db #0x0F	; 15
   035F 0F                  908 	.db #0x0F	; 15
   0360 05                  909 	.db #0x05	; 5
   0361 05                  910 	.db #0x05	; 5
   0362 05                  911 	.db #0x05	; 5
   0363 05                  912 	.db #0x05	; 5
   0364 05                  913 	.db #0x05	; 5
   0365 05                  914 	.db #0x05	; 5
   0366 05                  915 	.db #0x05	; 5
   0367 05                  916 	.db #0x05	; 5
   0368 05                  917 	.db #0x05	; 5
   0369 05                  918 	.db #0x05	; 5
   036A 05                  919 	.db #0x05	; 5
   036B 05                  920 	.db #0x05	; 5
   036C 05                  921 	.db #0x05	; 5
   036D 05                  922 	.db #0x05	; 5
   036E 05                  923 	.db #0x05	; 5
   036F 05                  924 	.db #0x05	; 5
   0370 05                  925 	.db #0x05	; 5
   0371 05                  926 	.db #0x05	; 5
   0372 05                  927 	.db #0x05	; 5
   0373 05                  928 	.db #0x05	; 5
   0374 05                  929 	.db #0x05	; 5
   0375 05                  930 	.db #0x05	; 5
   0376 05                  931 	.db #0x05	; 5
   0377 0F                  932 	.db #0x0F	; 15
   0378 0F                  933 	.db #0x0F	; 15
   0379 05                  934 	.db #0x05	; 5
   037A 05                  935 	.db #0x05	; 5
   037B 05                  936 	.db #0x05	; 5
   037C 05                  937 	.db #0x05	; 5
   037D 05                  938 	.db #0x05	; 5
   037E 05                  939 	.db #0x05	; 5
   037F 05                  940 	.db #0x05	; 5
   0380 05                  941 	.db #0x05	; 5
   0381 05                  942 	.db #0x05	; 5
   0382 05                  943 	.db #0x05	; 5
   0383 05                  944 	.db #0x05	; 5
   0384 05                  945 	.db #0x05	; 5
   0385 05                  946 	.db #0x05	; 5
   0386 0F                  947 	.db #0x0F	; 15
   0387 0F                  948 	.db #0x0F	; 15
   0388 05                  949 	.db #0x05	; 5
   0389 05                  950 	.db #0x05	; 5
   038A 05                  951 	.db #0x05	; 5
   038B 05                  952 	.db #0x05	; 5
   038C 05                  953 	.db #0x05	; 5
   038D 05                  954 	.db #0x05	; 5
   038E 05                  955 	.db #0x05	; 5
   038F 05                  956 	.db #0x05	; 5
   0390 05                  957 	.db #0x05	; 5
   0391 05                  958 	.db #0x05	; 5
   0392 05                  959 	.db #0x05	; 5
   0393 05                  960 	.db #0x05	; 5
   0394 05                  961 	.db #0x05	; 5
   0395 05                  962 	.db #0x05	; 5
   0396 05                  963 	.db #0x05	; 5
   0397 05                  964 	.db #0x05	; 5
   0398 05                  965 	.db #0x05	; 5
   0399 05                  966 	.db #0x05	; 5
   039A 05                  967 	.db #0x05	; 5
   039B 05                  968 	.db #0x05	; 5
   039C 05                  969 	.db #0x05	; 5
   039D 05                  970 	.db #0x05	; 5
   039E 05                  971 	.db #0x05	; 5
   039F 0F                  972 	.db #0x0F	; 15
   03A0 0F                  973 	.db #0x0F	; 15
   03A1 05                  974 	.db #0x05	; 5
   03A2 05                  975 	.db #0x05	; 5
   03A3 05                  976 	.db #0x05	; 5
   03A4 05                  977 	.db #0x05	; 5
   03A5 05                  978 	.db #0x05	; 5
   03A6 05                  979 	.db #0x05	; 5
   03A7 05                  980 	.db #0x05	; 5
   03A8 05                  981 	.db #0x05	; 5
   03A9 05                  982 	.db #0x05	; 5
   03AA 05                  983 	.db #0x05	; 5
   03AB 05                  984 	.db #0x05	; 5
   03AC 05                  985 	.db #0x05	; 5
   03AD 05                  986 	.db #0x05	; 5
   03AE 0F                  987 	.db #0x0F	; 15
   03AF 0F                  988 	.db #0x0F	; 15
   03B0 05                  989 	.db #0x05	; 5
   03B1 05                  990 	.db #0x05	; 5
   03B2 05                  991 	.db #0x05	; 5
   03B3 05                  992 	.db #0x05	; 5
   03B4 05                  993 	.db #0x05	; 5
   03B5 05                  994 	.db #0x05	; 5
   03B6 05                  995 	.db #0x05	; 5
   03B7 05                  996 	.db #0x05	; 5
   03B8 05                  997 	.db #0x05	; 5
   03B9 05                  998 	.db #0x05	; 5
   03BA 05                  999 	.db #0x05	; 5
   03BB 05                 1000 	.db #0x05	; 5
   03BC 05                 1001 	.db #0x05	; 5
   03BD 05                 1002 	.db #0x05	; 5
   03BE 05                 1003 	.db #0x05	; 5
   03BF 05                 1004 	.db #0x05	; 5
   03C0 05                 1005 	.db #0x05	; 5
   03C1 05                 1006 	.db #0x05	; 5
   03C2 05                 1007 	.db #0x05	; 5
   03C3 05                 1008 	.db #0x05	; 5
   03C4 05                 1009 	.db #0x05	; 5
   03C5 05                 1010 	.db #0x05	; 5
   03C6 05                 1011 	.db #0x05	; 5
   03C7 0F                 1012 	.db #0x0F	; 15
   03C8 0F                 1013 	.db #0x0F	; 15
   03C9 05                 1014 	.db #0x05	; 5
   03CA 05                 1015 	.db #0x05	; 5
   03CB 05                 1016 	.db #0x05	; 5
   03CC 05                 1017 	.db #0x05	; 5
   03CD 05                 1018 	.db #0x05	; 5
   03CE 05                 1019 	.db #0x05	; 5
   03CF 05                 1020 	.db #0x05	; 5
   03D0 05                 1021 	.db #0x05	; 5
   03D1 05                 1022 	.db #0x05	; 5
   03D2 05                 1023 	.db #0x05	; 5
   03D3 05                 1024 	.db #0x05	; 5
   03D4 05                 1025 	.db #0x05	; 5
   03D5 05                 1026 	.db #0x05	; 5
   03D6 0F                 1027 	.db #0x0F	; 15
   03D7 0F                 1028 	.db #0x0F	; 15
   03D8 05                 1029 	.db #0x05	; 5
   03D9 05                 1030 	.db #0x05	; 5
   03DA 05                 1031 	.db #0x05	; 5
   03DB 05                 1032 	.db #0x05	; 5
   03DC 05                 1033 	.db #0x05	; 5
   03DD 05                 1034 	.db #0x05	; 5
   03DE 05                 1035 	.db #0x05	; 5
   03DF 05                 1036 	.db #0x05	; 5
   03E0 05                 1037 	.db #0x05	; 5
   03E1 05                 1038 	.db #0x05	; 5
   03E2 05                 1039 	.db #0x05	; 5
   03E3 05                 1040 	.db #0x05	; 5
   03E4 05                 1041 	.db #0x05	; 5
   03E5 05                 1042 	.db #0x05	; 5
   03E6 05                 1043 	.db #0x05	; 5
   03E7 05                 1044 	.db #0x05	; 5
   03E8 0F                 1045 	.db #0x0F	; 15
   03E9 05                 1046 	.db #0x05	; 5
   03EA 05                 1047 	.db #0x05	; 5
   03EB 05                 1048 	.db #0x05	; 5
   03EC 05                 1049 	.db #0x05	; 5
   03ED 05                 1050 	.db #0x05	; 5
   03EE 05                 1051 	.db #0x05	; 5
   03EF 0F                 1052 	.db #0x0F	; 15
   03F0 0F                 1053 	.db #0x0F	; 15
   03F1 05                 1054 	.db #0x05	; 5
   03F2 05                 1055 	.db #0x05	; 5
   03F3 05                 1056 	.db #0x05	; 5
   03F4 05                 1057 	.db #0x05	; 5
   03F5 05                 1058 	.db #0x05	; 5
   03F6 05                 1059 	.db #0x05	; 5
   03F7 05                 1060 	.db #0x05	; 5
   03F8 05                 1061 	.db #0x05	; 5
   03F9 05                 1062 	.db #0x05	; 5
   03FA 05                 1063 	.db #0x05	; 5
   03FB 05                 1064 	.db #0x05	; 5
   03FC 05                 1065 	.db #0x05	; 5
   03FD 05                 1066 	.db #0x05	; 5
   03FE 0F                 1067 	.db #0x0F	; 15
   03FF 0F                 1068 	.db #0x0F	; 15
   0400 05                 1069 	.db #0x05	; 5
   0401 05                 1070 	.db #0x05	; 5
   0402 05                 1071 	.db #0x05	; 5
   0403 05                 1072 	.db #0x05	; 5
   0404 05                 1073 	.db #0x05	; 5
   0405 05                 1074 	.db #0x05	; 5
   0406 05                 1075 	.db #0x05	; 5
   0407 05                 1076 	.db #0x05	; 5
   0408 05                 1077 	.db #0x05	; 5
   0409 05                 1078 	.db #0x05	; 5
   040A 05                 1079 	.db #0x05	; 5
   040B 05                 1080 	.db #0x05	; 5
   040C 05                 1081 	.db #0x05	; 5
   040D 05                 1082 	.db #0x05	; 5
   040E 05                 1083 	.db #0x05	; 5
   040F 0F                 1084 	.db #0x0F	; 15
   0410 0F                 1085 	.db #0x0F	; 15
   0411 05                 1086 	.db #0x05	; 5
   0412 05                 1087 	.db #0x05	; 5
   0413 05                 1088 	.db #0x05	; 5
   0414 05                 1089 	.db #0x05	; 5
   0415 05                 1090 	.db #0x05	; 5
   0416 05                 1091 	.db #0x05	; 5
   0417 0F                 1092 	.db #0x0F	; 15
   0418 0F                 1093 	.db #0x0F	; 15
   0419 05                 1094 	.db #0x05	; 5
   041A 05                 1095 	.db #0x05	; 5
   041B 05                 1096 	.db #0x05	; 5
   041C 05                 1097 	.db #0x05	; 5
   041D 05                 1098 	.db #0x05	; 5
   041E 05                 1099 	.db #0x05	; 5
   041F 0F                 1100 	.db #0x0F	; 15
   0420 0F                 1101 	.db #0x0F	; 15
   0421 05                 1102 	.db #0x05	; 5
   0422 05                 1103 	.db #0x05	; 5
   0423 05                 1104 	.db #0x05	; 5
   0424 05                 1105 	.db #0x05	; 5
   0425 05                 1106 	.db #0x05	; 5
   0426 0F                 1107 	.db #0x0F	; 15
   0427 0F                 1108 	.db #0x0F	; 15
   0428 05                 1109 	.db #0x05	; 5
   0429 05                 1110 	.db #0x05	; 5
   042A 05                 1111 	.db #0x05	; 5
   042B 05                 1112 	.db #0x05	; 5
   042C 05                 1113 	.db #0x05	; 5
   042D 05                 1114 	.db #0x05	; 5
   042E 05                 1115 	.db #0x05	; 5
   042F 05                 1116 	.db #0x05	; 5
   0430 05                 1117 	.db #0x05	; 5
   0431 05                 1118 	.db #0x05	; 5
   0432 05                 1119 	.db #0x05	; 5
   0433 05                 1120 	.db #0x05	; 5
   0434 05                 1121 	.db #0x05	; 5
   0435 05                 1122 	.db #0x05	; 5
   0436 05                 1123 	.db #0x05	; 5
   0437 0F                 1124 	.db #0x0F	; 15
   0438 0F                 1125 	.db #0x0F	; 15
   0439 05                 1126 	.db #0x05	; 5
   043A 05                 1127 	.db #0x05	; 5
   043B 05                 1128 	.db #0x05	; 5
   043C 05                 1129 	.db #0x05	; 5
   043D 05                 1130 	.db #0x05	; 5
   043E 05                 1131 	.db #0x05	; 5
   043F 0F                 1132 	.db #0x0F	; 15
   0440 0F                 1133 	.db #0x0F	; 15
   0441 05                 1134 	.db #0x05	; 5
   0442 05                 1135 	.db #0x05	; 5
   0443 05                 1136 	.db #0x05	; 5
   0444 05                 1137 	.db #0x05	; 5
   0445 05                 1138 	.db #0x05	; 5
   0446 05                 1139 	.db #0x05	; 5
   0447 0F                 1140 	.db #0x0F	; 15
   0448 0F                 1141 	.db #0x0F	; 15
   0449 05                 1142 	.db #0x05	; 5
   044A 05                 1143 	.db #0x05	; 5
   044B 05                 1144 	.db #0x05	; 5
   044C 05                 1145 	.db #0x05	; 5
   044D 05                 1146 	.db #0x05	; 5
   044E 0F                 1147 	.db #0x0F	; 15
   044F 0F                 1148 	.db #0x0F	; 15
   0450 05                 1149 	.db #0x05	; 5
   0451 05                 1150 	.db #0x05	; 5
   0452 05                 1151 	.db #0x05	; 5
   0453 05                 1152 	.db #0x05	; 5
   0454 05                 1153 	.db #0x05	; 5
   0455 05                 1154 	.db #0x05	; 5
   0456 0F                 1155 	.db #0x0F	; 15
   0457 0F                 1156 	.db #0x0F	; 15
   0458 05                 1157 	.db #0x05	; 5
   0459 05                 1158 	.db #0x05	; 5
   045A 05                 1159 	.db #0x05	; 5
   045B 05                 1160 	.db #0x05	; 5
   045C 05                 1161 	.db #0x05	; 5
   045D 05                 1162 	.db #0x05	; 5
   045E 05                 1163 	.db #0x05	; 5
   045F 0F                 1164 	.db #0x0F	; 15
   0460 0F                 1165 	.db #0x0F	; 15
   0461 05                 1166 	.db #0x05	; 5
   0462 05                 1167 	.db #0x05	; 5
   0463 05                 1168 	.db #0x05	; 5
   0464 05                 1169 	.db #0x05	; 5
   0465 05                 1170 	.db #0x05	; 5
   0466 05                 1171 	.db #0x05	; 5
   0467 0F                 1172 	.db #0x0F	; 15
   0468 0F                 1173 	.db #0x0F	; 15
   0469 05                 1174 	.db #0x05	; 5
   046A 05                 1175 	.db #0x05	; 5
   046B 05                 1176 	.db #0x05	; 5
   046C 05                 1177 	.db #0x05	; 5
   046D 05                 1178 	.db #0x05	; 5
   046E 05                 1179 	.db #0x05	; 5
   046F 0F                 1180 	.db #0x0F	; 15
   0470 0F                 1181 	.db #0x0F	; 15
   0471 05                 1182 	.db #0x05	; 5
   0472 05                 1183 	.db #0x05	; 5
   0473 05                 1184 	.db #0x05	; 5
   0474 05                 1185 	.db #0x05	; 5
   0475 05                 1186 	.db #0x05	; 5
   0476 0F                 1187 	.db #0x0F	; 15
   0477 0F                 1188 	.db #0x0F	; 15
   0478 05                 1189 	.db #0x05	; 5
   0479 05                 1190 	.db #0x05	; 5
   047A 05                 1191 	.db #0x05	; 5
   047B 05                 1192 	.db #0x05	; 5
   047C 05                 1193 	.db #0x05	; 5
   047D 05                 1194 	.db #0x05	; 5
   047E 0F                 1195 	.db #0x0F	; 15
   047F 0F                 1196 	.db #0x0F	; 15
   0480 05                 1197 	.db #0x05	; 5
   0481 05                 1198 	.db #0x05	; 5
   0482 05                 1199 	.db #0x05	; 5
   0483 05                 1200 	.db #0x05	; 5
   0484 05                 1201 	.db #0x05	; 5
   0485 05                 1202 	.db #0x05	; 5
   0486 05                 1203 	.db #0x05	; 5
   0487 0F                 1204 	.db #0x0F	; 15
   0488 0F                 1205 	.db #0x0F	; 15
   0489 05                 1206 	.db #0x05	; 5
   048A 05                 1207 	.db #0x05	; 5
   048B 05                 1208 	.db #0x05	; 5
   048C 05                 1209 	.db #0x05	; 5
   048D 05                 1210 	.db #0x05	; 5
   048E 05                 1211 	.db #0x05	; 5
   048F 0F                 1212 	.db #0x0F	; 15
   0490 0F                 1213 	.db #0x0F	; 15
   0491 05                 1214 	.db #0x05	; 5
   0492 05                 1215 	.db #0x05	; 5
   0493 05                 1216 	.db #0x05	; 5
   0494 05                 1217 	.db #0x05	; 5
   0495 05                 1218 	.db #0x05	; 5
   0496 05                 1219 	.db #0x05	; 5
   0497 0F                 1220 	.db #0x0F	; 15
   0498 0F                 1221 	.db #0x0F	; 15
   0499 05                 1222 	.db #0x05	; 5
   049A 05                 1223 	.db #0x05	; 5
   049B 05                 1224 	.db #0x05	; 5
   049C 05                 1225 	.db #0x05	; 5
   049D 05                 1226 	.db #0x05	; 5
   049E 0F                 1227 	.db #0x0F	; 15
   049F 0F                 1228 	.db #0x0F	; 15
   04A0 05                 1229 	.db #0x05	; 5
   04A1 05                 1230 	.db #0x05	; 5
   04A2 05                 1231 	.db #0x05	; 5
   04A3 05                 1232 	.db #0x05	; 5
   04A4 05                 1233 	.db #0x05	; 5
   04A5 05                 1234 	.db #0x05	; 5
   04A6 0F                 1235 	.db #0x0F	; 15
   04A7 0F                 1236 	.db #0x0F	; 15
   04A8 05                 1237 	.db #0x05	; 5
   04A9 05                 1238 	.db #0x05	; 5
   04AA 05                 1239 	.db #0x05	; 5
   04AB 05                 1240 	.db #0x05	; 5
   04AC 05                 1241 	.db #0x05	; 5
   04AD 05                 1242 	.db #0x05	; 5
   04AE 05                 1243 	.db #0x05	; 5
   04AF 0F                 1244 	.db #0x0F	; 15
   04B0 0F                 1245 	.db #0x0F	; 15
   04B1 05                 1246 	.db #0x05	; 5
   04B2 05                 1247 	.db #0x05	; 5
   04B3 05                 1248 	.db #0x05	; 5
   04B4 05                 1249 	.db #0x05	; 5
   04B5 05                 1250 	.db #0x05	; 5
   04B6 05                 1251 	.db #0x05	; 5
   04B7 0F                 1252 	.db #0x0F	; 15
   04B8 0F                 1253 	.db #0x0F	; 15
   04B9 05                 1254 	.db #0x05	; 5
   04BA 05                 1255 	.db #0x05	; 5
   04BB 05                 1256 	.db #0x05	; 5
   04BC 05                 1257 	.db #0x05	; 5
   04BD 05                 1258 	.db #0x05	; 5
   04BE 05                 1259 	.db #0x05	; 5
   04BF 0F                 1260 	.db #0x0F	; 15
   04C0 0F                 1261 	.db #0x0F	; 15
   04C1 05                 1262 	.db #0x05	; 5
   04C2 05                 1263 	.db #0x05	; 5
   04C3 05                 1264 	.db #0x05	; 5
   04C4 05                 1265 	.db #0x05	; 5
   04C5 05                 1266 	.db #0x05	; 5
   04C6 0F                 1267 	.db #0x0F	; 15
   04C7 0F                 1268 	.db #0x0F	; 15
   04C8 05                 1269 	.db #0x05	; 5
   04C9 05                 1270 	.db #0x05	; 5
   04CA 05                 1271 	.db #0x05	; 5
   04CB 05                 1272 	.db #0x05	; 5
   04CC 05                 1273 	.db #0x05	; 5
   04CD 05                 1274 	.db #0x05	; 5
   04CE 0F                 1275 	.db #0x0F	; 15
   04CF 0F                 1276 	.db #0x0F	; 15
   04D0 05                 1277 	.db #0x05	; 5
   04D1 05                 1278 	.db #0x05	; 5
   04D2 05                 1279 	.db #0x05	; 5
   04D3 05                 1280 	.db #0x05	; 5
   04D4 05                 1281 	.db #0x05	; 5
   04D5 05                 1282 	.db #0x05	; 5
   04D6 05                 1283 	.db #0x05	; 5
   04D7 0F                 1284 	.db #0x0F	; 15
   04D8 0F                 1285 	.db #0x0F	; 15
   04D9 05                 1286 	.db #0x05	; 5
   04DA 05                 1287 	.db #0x05	; 5
   04DB 05                 1288 	.db #0x05	; 5
   04DC 05                 1289 	.db #0x05	; 5
   04DD 05                 1290 	.db #0x05	; 5
   04DE 05                 1291 	.db #0x05	; 5
   04DF 0F                 1292 	.db #0x0F	; 15
   04E0 0F                 1293 	.db #0x0F	; 15
   04E1 05                 1294 	.db #0x05	; 5
   04E2 05                 1295 	.db #0x05	; 5
   04E3 05                 1296 	.db #0x05	; 5
   04E4 05                 1297 	.db #0x05	; 5
   04E5 05                 1298 	.db #0x05	; 5
   04E6 05                 1299 	.db #0x05	; 5
   04E7 0F                 1300 	.db #0x0F	; 15
   04E8 0F                 1301 	.db #0x0F	; 15
   04E9 05                 1302 	.db #0x05	; 5
   04EA 05                 1303 	.db #0x05	; 5
   04EB 05                 1304 	.db #0x05	; 5
   04EC 05                 1305 	.db #0x05	; 5
   04ED 05                 1306 	.db #0x05	; 5
   04EE 0F                 1307 	.db #0x0F	; 15
   04EF 0F                 1308 	.db #0x0F	; 15
   04F0 05                 1309 	.db #0x05	; 5
   04F1 05                 1310 	.db #0x05	; 5
   04F2 05                 1311 	.db #0x05	; 5
   04F3 05                 1312 	.db #0x05	; 5
   04F4 05                 1313 	.db #0x05	; 5
   04F5 05                 1314 	.db #0x05	; 5
   04F6 0F                 1315 	.db #0x0F	; 15
   04F7 0F                 1316 	.db #0x0F	; 15
   04F8 05                 1317 	.db #0x05	; 5
   04F9 05                 1318 	.db #0x05	; 5
   04FA 05                 1319 	.db #0x05	; 5
   04FB 05                 1320 	.db #0x05	; 5
   04FC 05                 1321 	.db #0x05	; 5
   04FD 05                 1322 	.db #0x05	; 5
   04FE 05                 1323 	.db #0x05	; 5
   04FF 0F                 1324 	.db #0x0F	; 15
   0500 0F                 1325 	.db #0x0F	; 15
   0501 05                 1326 	.db #0x05	; 5
   0502 05                 1327 	.db #0x05	; 5
   0503 05                 1328 	.db #0x05	; 5
   0504 05                 1329 	.db #0x05	; 5
   0505 05                 1330 	.db #0x05	; 5
   0506 05                 1331 	.db #0x05	; 5
   0507 0F                 1332 	.db #0x0F	; 15
   0508 0F                 1333 	.db #0x0F	; 15
   0509 05                 1334 	.db #0x05	; 5
   050A 05                 1335 	.db #0x05	; 5
   050B 05                 1336 	.db #0x05	; 5
   050C 05                 1337 	.db #0x05	; 5
   050D 05                 1338 	.db #0x05	; 5
   050E 05                 1339 	.db #0x05	; 5
   050F 0F                 1340 	.db #0x0F	; 15
   0510 0F                 1341 	.db #0x0F	; 15
   0511 05                 1342 	.db #0x05	; 5
   0512 05                 1343 	.db #0x05	; 5
   0513 05                 1344 	.db #0x05	; 5
   0514 05                 1345 	.db #0x05	; 5
   0515 05                 1346 	.db #0x05	; 5
   0516 0F                 1347 	.db #0x0F	; 15
   0517 0F                 1348 	.db #0x0F	; 15
   0518 05                 1349 	.db #0x05	; 5
   0519 05                 1350 	.db #0x05	; 5
   051A 05                 1351 	.db #0x05	; 5
   051B 05                 1352 	.db #0x05	; 5
   051C 05                 1353 	.db #0x05	; 5
   051D 05                 1354 	.db #0x05	; 5
   051E 0F                 1355 	.db #0x0F	; 15
   051F 0F                 1356 	.db #0x0F	; 15
   0520 05                 1357 	.db #0x05	; 5
   0521 05                 1358 	.db #0x05	; 5
   0522 05                 1359 	.db #0x05	; 5
   0523 05                 1360 	.db #0x05	; 5
   0524 05                 1361 	.db #0x05	; 5
   0525 05                 1362 	.db #0x05	; 5
   0526 05                 1363 	.db #0x05	; 5
   0527 0F                 1364 	.db #0x0F	; 15
   0528 0F                 1365 	.db #0x0F	; 15
   0529 05                 1366 	.db #0x05	; 5
   052A 05                 1367 	.db #0x05	; 5
   052B 05                 1368 	.db #0x05	; 5
   052C 05                 1369 	.db #0x05	; 5
   052D 05                 1370 	.db #0x05	; 5
   052E 05                 1371 	.db #0x05	; 5
   052F 05                 1372 	.db #0x05	; 5
   0530 05                 1373 	.db #0x05	; 5
   0531 05                 1374 	.db #0x05	; 5
   0532 05                 1375 	.db #0x05	; 5
   0533 05                 1376 	.db #0x05	; 5
   0534 05                 1377 	.db #0x05	; 5
   0535 05                 1378 	.db #0x05	; 5
   0536 05                 1379 	.db #0x05	; 5
   0537 0F                 1380 	.db #0x0F	; 15
   0538 0F                 1381 	.db #0x0F	; 15
   0539 05                 1382 	.db #0x05	; 5
   053A 05                 1383 	.db #0x05	; 5
   053B 05                 1384 	.db #0x05	; 5
   053C 05                 1385 	.db #0x05	; 5
   053D 05                 1386 	.db #0x05	; 5
   053E 0F                 1387 	.db #0x0F	; 15
   053F 0F                 1388 	.db #0x0F	; 15
   0540 05                 1389 	.db #0x05	; 5
   0541 05                 1390 	.db #0x05	; 5
   0542 05                 1391 	.db #0x05	; 5
   0543 05                 1392 	.db #0x05	; 5
   0544 05                 1393 	.db #0x05	; 5
   0545 05                 1394 	.db #0x05	; 5
   0546 0F                 1395 	.db #0x0F	; 15
   0547 0F                 1396 	.db #0x0F	; 15
   0548 05                 1397 	.db #0x05	; 5
   0549 05                 1398 	.db #0x05	; 5
   054A 05                 1399 	.db #0x05	; 5
   054B 05                 1400 	.db #0x05	; 5
   054C 05                 1401 	.db #0x05	; 5
   054D 05                 1402 	.db #0x05	; 5
   054E 05                 1403 	.db #0x05	; 5
   054F 0F                 1404 	.db #0x0F	; 15
   0550 0F                 1405 	.db #0x0F	; 15
   0551 05                 1406 	.db #0x05	; 5
   0552 05                 1407 	.db #0x05	; 5
   0553 05                 1408 	.db #0x05	; 5
   0554 05                 1409 	.db #0x05	; 5
   0555 05                 1410 	.db #0x05	; 5
   0556 05                 1411 	.db #0x05	; 5
   0557 05                 1412 	.db #0x05	; 5
   0558 05                 1413 	.db #0x05	; 5
   0559 05                 1414 	.db #0x05	; 5
   055A 05                 1415 	.db #0x05	; 5
   055B 05                 1416 	.db #0x05	; 5
   055C 05                 1417 	.db #0x05	; 5
   055D 05                 1418 	.db #0x05	; 5
   055E 05                 1419 	.db #0x05	; 5
   055F 0F                 1420 	.db #0x0F	; 15
   0560 0F                 1421 	.db #0x0F	; 15
   0561 05                 1422 	.db #0x05	; 5
   0562 05                 1423 	.db #0x05	; 5
   0563 05                 1424 	.db #0x05	; 5
   0564 05                 1425 	.db #0x05	; 5
   0565 05                 1426 	.db #0x05	; 5
   0566 0F                 1427 	.db #0x0F	; 15
   0567 0F                 1428 	.db #0x0F	; 15
   0568 05                 1429 	.db #0x05	; 5
   0569 05                 1430 	.db #0x05	; 5
   056A 05                 1431 	.db #0x05	; 5
   056B 05                 1432 	.db #0x05	; 5
   056C 05                 1433 	.db #0x05	; 5
   056D 05                 1434 	.db #0x05	; 5
   056E 0F                 1435 	.db #0x0F	; 15
   056F 0F                 1436 	.db #0x0F	; 15
   0570 05                 1437 	.db #0x05	; 5
   0571 05                 1438 	.db #0x05	; 5
   0572 05                 1439 	.db #0x05	; 5
   0573 05                 1440 	.db #0x05	; 5
   0574 05                 1441 	.db #0x05	; 5
   0575 05                 1442 	.db #0x05	; 5
   0576 05                 1443 	.db #0x05	; 5
   0577 0F                 1444 	.db #0x0F	; 15
   0578 0F                 1445 	.db #0x0F	; 15
   0579 05                 1446 	.db #0x05	; 5
   057A 05                 1447 	.db #0x05	; 5
   057B 05                 1448 	.db #0x05	; 5
   057C 05                 1449 	.db #0x05	; 5
   057D 05                 1450 	.db #0x05	; 5
   057E 05                 1451 	.db #0x05	; 5
   057F 05                 1452 	.db #0x05	; 5
   0580 05                 1453 	.db #0x05	; 5
   0581 05                 1454 	.db #0x05	; 5
   0582 05                 1455 	.db #0x05	; 5
   0583 05                 1456 	.db #0x05	; 5
   0584 05                 1457 	.db #0x05	; 5
   0585 05                 1458 	.db #0x05	; 5
   0586 05                 1459 	.db #0x05	; 5
   0587 0F                 1460 	.db #0x0F	; 15
   0588 0F                 1461 	.db #0x0F	; 15
   0589 05                 1462 	.db #0x05	; 5
   058A 05                 1463 	.db #0x05	; 5
   058B 05                 1464 	.db #0x05	; 5
   058C 05                 1465 	.db #0x05	; 5
   058D 05                 1466 	.db #0x05	; 5
   058E 0F                 1467 	.db #0x0F	; 15
   058F 0F                 1468 	.db #0x0F	; 15
   0590 05                 1469 	.db #0x05	; 5
   0591 05                 1470 	.db #0x05	; 5
   0592 05                 1471 	.db #0x05	; 5
   0593 05                 1472 	.db #0x05	; 5
   0594 05                 1473 	.db #0x05	; 5
   0595 05                 1474 	.db #0x05	; 5
   0596 0F                 1475 	.db #0x0F	; 15
   0597 0F                 1476 	.db #0x0F	; 15
   0598 05                 1477 	.db #0x05	; 5
   0599 05                 1478 	.db #0x05	; 5
   059A 05                 1479 	.db #0x05	; 5
   059B 05                 1480 	.db #0x05	; 5
   059C 05                 1481 	.db #0x05	; 5
   059D 05                 1482 	.db #0x05	; 5
   059E 05                 1483 	.db #0x05	; 5
   059F 0F                 1484 	.db #0x0F	; 15
   05A0 0F                 1485 	.db #0x0F	; 15
   05A1 05                 1486 	.db #0x05	; 5
   05A2 05                 1487 	.db #0x05	; 5
   05A3 05                 1488 	.db #0x05	; 5
   05A4 05                 1489 	.db #0x05	; 5
   05A5 05                 1490 	.db #0x05	; 5
   05A6 05                 1491 	.db #0x05	; 5
   05A7 05                 1492 	.db #0x05	; 5
   05A8 05                 1493 	.db #0x05	; 5
   05A9 05                 1494 	.db #0x05	; 5
   05AA 05                 1495 	.db #0x05	; 5
   05AB 05                 1496 	.db #0x05	; 5
   05AC 05                 1497 	.db #0x05	; 5
   05AD 05                 1498 	.db #0x05	; 5
   05AE 0F                 1499 	.db #0x0F	; 15
   05AF 0F                 1500 	.db #0x0F	; 15
   05B0 0F                 1501 	.db #0x0F	; 15
   05B1 05                 1502 	.db #0x05	; 5
   05B2 05                 1503 	.db #0x05	; 5
   05B3 05                 1504 	.db #0x05	; 5
   05B4 05                 1505 	.db #0x05	; 5
   05B5 05                 1506 	.db #0x05	; 5
   05B6 05                 1507 	.db #0x05	; 5
   05B7 05                 1508 	.db #0x05	; 5
   05B8 05                 1509 	.db #0x05	; 5
   05B9 05                 1510 	.db #0x05	; 5
   05BA 05                 1511 	.db #0x05	; 5
   05BB 05                 1512 	.db #0x05	; 5
   05BC 05                 1513 	.db #0x05	; 5
   05BD 05                 1514 	.db #0x05	; 5
   05BE 0F                 1515 	.db #0x0F	; 15
   05BF 0F                 1516 	.db #0x0F	; 15
   05C0 05                 1517 	.db #0x05	; 5
   05C1 05                 1518 	.db #0x05	; 5
   05C2 05                 1519 	.db #0x05	; 5
   05C3 05                 1520 	.db #0x05	; 5
   05C4 05                 1521 	.db #0x05	; 5
   05C5 05                 1522 	.db #0x05	; 5
   05C6 05                 1523 	.db #0x05	; 5
   05C7 0F                 1524 	.db #0x0F	; 15
   05C8 0F                 1525 	.db #0x0F	; 15
   05C9 05                 1526 	.db #0x05	; 5
   05CA 05                 1527 	.db #0x05	; 5
   05CB 05                 1528 	.db #0x05	; 5
   05CC 05                 1529 	.db #0x05	; 5
   05CD 05                 1530 	.db #0x05	; 5
   05CE 05                 1531 	.db #0x05	; 5
   05CF 05                 1532 	.db #0x05	; 5
   05D0 05                 1533 	.db #0x05	; 5
   05D1 05                 1534 	.db #0x05	; 5
   05D2 05                 1535 	.db #0x05	; 5
   05D3 05                 1536 	.db #0x05	; 5
   05D4 05                 1537 	.db #0x05	; 5
   05D5 05                 1538 	.db #0x05	; 5
   05D6 0F                 1539 	.db #0x0F	; 15
   05D7 0F                 1540 	.db #0x0F	; 15
   05D8 0F                 1541 	.db #0x0F	; 15
   05D9 05                 1542 	.db #0x05	; 5
   05DA 05                 1543 	.db #0x05	; 5
   05DB 05                 1544 	.db #0x05	; 5
   05DC 05                 1545 	.db #0x05	; 5
   05DD 05                 1546 	.db #0x05	; 5
   05DE 05                 1547 	.db #0x05	; 5
   05DF 05                 1548 	.db #0x05	; 5
   05E0 05                 1549 	.db #0x05	; 5
   05E1 05                 1550 	.db #0x05	; 5
   05E2 05                 1551 	.db #0x05	; 5
   05E3 05                 1552 	.db #0x05	; 5
   05E4 05                 1553 	.db #0x05	; 5
   05E5 05                 1554 	.db #0x05	; 5
   05E6 0F                 1555 	.db #0x0F	; 15
   05E7 0F                 1556 	.db #0x0F	; 15
   05E8 05                 1557 	.db #0x05	; 5
   05E9 05                 1558 	.db #0x05	; 5
   05EA 05                 1559 	.db #0x05	; 5
   05EB 05                 1560 	.db #0x05	; 5
   05EC 05                 1561 	.db #0x05	; 5
   05ED 05                 1562 	.db #0x05	; 5
   05EE 05                 1563 	.db #0x05	; 5
   05EF 0F                 1564 	.db #0x0F	; 15
   05F0 0F                 1565 	.db #0x0F	; 15
   05F1 05                 1566 	.db #0x05	; 5
   05F2 05                 1567 	.db #0x05	; 5
   05F3 05                 1568 	.db #0x05	; 5
   05F4 05                 1569 	.db #0x05	; 5
   05F5 05                 1570 	.db #0x05	; 5
   05F6 05                 1571 	.db #0x05	; 5
   05F7 05                 1572 	.db #0x05	; 5
   05F8 05                 1573 	.db #0x05	; 5
   05F9 05                 1574 	.db #0x05	; 5
   05FA 05                 1575 	.db #0x05	; 5
   05FB 05                 1576 	.db #0x05	; 5
   05FC 05                 1577 	.db #0x05	; 5
   05FD 05                 1578 	.db #0x05	; 5
   05FE 0F                 1579 	.db #0x0F	; 15
   05FF 0F                 1580 	.db #0x0F	; 15
   0600 05                 1581 	.db #0x05	; 5
   0601 05                 1582 	.db #0x05	; 5
   0602 05                 1583 	.db #0x05	; 5
   0603 05                 1584 	.db #0x05	; 5
   0604 05                 1585 	.db #0x05	; 5
   0605 05                 1586 	.db #0x05	; 5
   0606 05                 1587 	.db #0x05	; 5
   0607 05                 1588 	.db #0x05	; 5
   0608 05                 1589 	.db #0x05	; 5
   0609 05                 1590 	.db #0x05	; 5
   060A 05                 1591 	.db #0x05	; 5
   060B 05                 1592 	.db #0x05	; 5
   060C 05                 1593 	.db #0x05	; 5
   060D 05                 1594 	.db #0x05	; 5
   060E 0F                 1595 	.db #0x0F	; 15
   060F 0F                 1596 	.db #0x0F	; 15
   0610 05                 1597 	.db #0x05	; 5
   0611 05                 1598 	.db #0x05	; 5
   0612 05                 1599 	.db #0x05	; 5
   0613 05                 1600 	.db #0x05	; 5
   0614 05                 1601 	.db #0x05	; 5
   0615 05                 1602 	.db #0x05	; 5
   0616 05                 1603 	.db #0x05	; 5
   0617 0F                 1604 	.db #0x0F	; 15
   0618 0F                 1605 	.db #0x0F	; 15
   0619 05                 1606 	.db #0x05	; 5
   061A 05                 1607 	.db #0x05	; 5
   061B 05                 1608 	.db #0x05	; 5
   061C 05                 1609 	.db #0x05	; 5
   061D 05                 1610 	.db #0x05	; 5
   061E 05                 1611 	.db #0x05	; 5
   061F 05                 1612 	.db #0x05	; 5
   0620 05                 1613 	.db #0x05	; 5
   0621 05                 1614 	.db #0x05	; 5
   0622 05                 1615 	.db #0x05	; 5
   0623 05                 1616 	.db #0x05	; 5
   0624 05                 1617 	.db #0x05	; 5
   0625 05                 1618 	.db #0x05	; 5
   0626 0F                 1619 	.db #0x0F	; 15
   0627 0F                 1620 	.db #0x0F	; 15
   0628 05                 1621 	.db #0x05	; 5
   0629 05                 1622 	.db #0x05	; 5
   062A 05                 1623 	.db #0x05	; 5
   062B 05                 1624 	.db #0x05	; 5
   062C 05                 1625 	.db #0x05	; 5
   062D 05                 1626 	.db #0x05	; 5
   062E 05                 1627 	.db #0x05	; 5
   062F 05                 1628 	.db #0x05	; 5
   0630 05                 1629 	.db #0x05	; 5
   0631 05                 1630 	.db #0x05	; 5
   0632 05                 1631 	.db #0x05	; 5
   0633 05                 1632 	.db #0x05	; 5
   0634 05                 1633 	.db #0x05	; 5
   0635 05                 1634 	.db #0x05	; 5
   0636 0F                 1635 	.db #0x0F	; 15
   0637 0F                 1636 	.db #0x0F	; 15
   0638 05                 1637 	.db #0x05	; 5
   0639 05                 1638 	.db #0x05	; 5
   063A 05                 1639 	.db #0x05	; 5
   063B 05                 1640 	.db #0x05	; 5
   063C 05                 1641 	.db #0x05	; 5
   063D 05                 1642 	.db #0x05	; 5
   063E 05                 1643 	.db #0x05	; 5
   063F 0F                 1644 	.db #0x0F	; 15
   0640 0F                 1645 	.db #0x0F	; 15
   0641 05                 1646 	.db #0x05	; 5
   0642 05                 1647 	.db #0x05	; 5
   0643 05                 1648 	.db #0x05	; 5
   0644 05                 1649 	.db #0x05	; 5
   0645 05                 1650 	.db #0x05	; 5
   0646 05                 1651 	.db #0x05	; 5
   0647 05                 1652 	.db #0x05	; 5
   0648 05                 1653 	.db #0x05	; 5
   0649 05                 1654 	.db #0x05	; 5
   064A 05                 1655 	.db #0x05	; 5
   064B 05                 1656 	.db #0x05	; 5
   064C 05                 1657 	.db #0x05	; 5
   064D 05                 1658 	.db #0x05	; 5
   064E 0F                 1659 	.db #0x0F	; 15
   064F 0F                 1660 	.db #0x0F	; 15
   0650 05                 1661 	.db #0x05	; 5
   0651 05                 1662 	.db #0x05	; 5
   0652 05                 1663 	.db #0x05	; 5
   0653 05                 1664 	.db #0x05	; 5
   0654 05                 1665 	.db #0x05	; 5
   0655 05                 1666 	.db #0x05	; 5
   0656 05                 1667 	.db #0x05	; 5
   0657 05                 1668 	.db #0x05	; 5
   0658 05                 1669 	.db #0x05	; 5
   0659 05                 1670 	.db #0x05	; 5
   065A 05                 1671 	.db #0x05	; 5
   065B 05                 1672 	.db #0x05	; 5
   065C 05                 1673 	.db #0x05	; 5
   065D 05                 1674 	.db #0x05	; 5
   065E 0F                 1675 	.db #0x0F	; 15
   065F 0F                 1676 	.db #0x0F	; 15
   0660 05                 1677 	.db #0x05	; 5
   0661 05                 1678 	.db #0x05	; 5
   0662 05                 1679 	.db #0x05	; 5
   0663 05                 1680 	.db #0x05	; 5
   0664 05                 1681 	.db #0x05	; 5
   0665 05                 1682 	.db #0x05	; 5
   0666 05                 1683 	.db #0x05	; 5
   0667 0F                 1684 	.db #0x0F	; 15
   0668 0F                 1685 	.db #0x0F	; 15
   0669 05                 1686 	.db #0x05	; 5
   066A 05                 1687 	.db #0x05	; 5
   066B 05                 1688 	.db #0x05	; 5
   066C 05                 1689 	.db #0x05	; 5
   066D 05                 1690 	.db #0x05	; 5
   066E 05                 1691 	.db #0x05	; 5
   066F 05                 1692 	.db #0x05	; 5
   0670 05                 1693 	.db #0x05	; 5
   0671 05                 1694 	.db #0x05	; 5
   0672 05                 1695 	.db #0x05	; 5
   0673 05                 1696 	.db #0x05	; 5
   0674 05                 1697 	.db #0x05	; 5
   0675 05                 1698 	.db #0x05	; 5
   0676 0F                 1699 	.db #0x0F	; 15
   0677 0F                 1700 	.db #0x0F	; 15
   0678 05                 1701 	.db #0x05	; 5
   0679 05                 1702 	.db #0x05	; 5
   067A 05                 1703 	.db #0x05	; 5
   067B 05                 1704 	.db #0x05	; 5
   067C 05                 1705 	.db #0x05	; 5
   067D 05                 1706 	.db #0x05	; 5
   067E 05                 1707 	.db #0x05	; 5
   067F 05                 1708 	.db #0x05	; 5
   0680 05                 1709 	.db #0x05	; 5
   0681 05                 1710 	.db #0x05	; 5
   0682 05                 1711 	.db #0x05	; 5
   0683 05                 1712 	.db #0x05	; 5
   0684 05                 1713 	.db #0x05	; 5
   0685 05                 1714 	.db #0x05	; 5
   0686 0F                 1715 	.db #0x0F	; 15
   0687 0F                 1716 	.db #0x0F	; 15
   0688 05                 1717 	.db #0x05	; 5
   0689 05                 1718 	.db #0x05	; 5
   068A 05                 1719 	.db #0x05	; 5
   068B 05                 1720 	.db #0x05	; 5
   068C 05                 1721 	.db #0x05	; 5
   068D 05                 1722 	.db #0x05	; 5
   068E 05                 1723 	.db #0x05	; 5
   068F 0F                 1724 	.db #0x0F	; 15
   0690 0F                 1725 	.db #0x0F	; 15
   0691 05                 1726 	.db #0x05	; 5
   0692 05                 1727 	.db #0x05	; 5
   0693 05                 1728 	.db #0x05	; 5
   0694 05                 1729 	.db #0x05	; 5
   0695 05                 1730 	.db #0x05	; 5
   0696 05                 1731 	.db #0x05	; 5
   0697 05                 1732 	.db #0x05	; 5
   0698 05                 1733 	.db #0x05	; 5
   0699 05                 1734 	.db #0x05	; 5
   069A 05                 1735 	.db #0x05	; 5
   069B 05                 1736 	.db #0x05	; 5
   069C 05                 1737 	.db #0x05	; 5
   069D 05                 1738 	.db #0x05	; 5
   069E 0F                 1739 	.db #0x0F	; 15
   069F 0F                 1740 	.db #0x0F	; 15
   06A0 05                 1741 	.db #0x05	; 5
   06A1 05                 1742 	.db #0x05	; 5
   06A2 05                 1743 	.db #0x05	; 5
   06A3 05                 1744 	.db #0x05	; 5
   06A4 05                 1745 	.db #0x05	; 5
   06A5 05                 1746 	.db #0x05	; 5
   06A6 05                 1747 	.db #0x05	; 5
   06A7 05                 1748 	.db #0x05	; 5
   06A8 05                 1749 	.db #0x05	; 5
   06A9 05                 1750 	.db #0x05	; 5
   06AA 05                 1751 	.db #0x05	; 5
   06AB 05                 1752 	.db #0x05	; 5
   06AC 05                 1753 	.db #0x05	; 5
   06AD 05                 1754 	.db #0x05	; 5
   06AE 0F                 1755 	.db #0x0F	; 15
   06AF 0F                 1756 	.db #0x0F	; 15
   06B0 05                 1757 	.db #0x05	; 5
   06B1 05                 1758 	.db #0x05	; 5
   06B2 05                 1759 	.db #0x05	; 5
   06B3 05                 1760 	.db #0x05	; 5
   06B4 05                 1761 	.db #0x05	; 5
   06B5 05                 1762 	.db #0x05	; 5
   06B6 05                 1763 	.db #0x05	; 5
   06B7 0F                 1764 	.db #0x0F	; 15
   06B8 0F                 1765 	.db #0x0F	; 15
   06B9 0F                 1766 	.db #0x0F	; 15
   06BA 0F                 1767 	.db #0x0F	; 15
   06BB 0F                 1768 	.db #0x0F	; 15
   06BC 0F                 1769 	.db #0x0F	; 15
   06BD 0F                 1770 	.db #0x0F	; 15
   06BE 0F                 1771 	.db #0x0F	; 15
   06BF 0F                 1772 	.db #0x0F	; 15
   06C0 0F                 1773 	.db #0x0F	; 15
   06C1 0F                 1774 	.db #0x0F	; 15
   06C2 0F                 1775 	.db #0x0F	; 15
   06C3 0F                 1776 	.db #0x0F	; 15
   06C4 0F                 1777 	.db #0x0F	; 15
   06C5 0F                 1778 	.db #0x0F	; 15
   06C6 0F                 1779 	.db #0x0F	; 15
   06C7 0F                 1780 	.db #0x0F	; 15
   06C8 05                 1781 	.db #0x05	; 5
   06C9 05                 1782 	.db #0x05	; 5
   06CA 05                 1783 	.db #0x05	; 5
   06CB 05                 1784 	.db #0x05	; 5
   06CC 05                 1785 	.db #0x05	; 5
   06CD 05                 1786 	.db #0x05	; 5
   06CE 0F                 1787 	.db #0x0F	; 15
   06CF 0F                 1788 	.db #0x0F	; 15
   06D0 0F                 1789 	.db #0x0F	; 15
   06D1 0F                 1790 	.db #0x0F	; 15
   06D2 0F                 1791 	.db #0x0F	; 15
   06D3 0F                 1792 	.db #0x0F	; 15
   06D4 0F                 1793 	.db #0x0F	; 15
   06D5 0F                 1794 	.db #0x0F	; 15
   06D6 0F                 1795 	.db #0x0F	; 15
   06D7 0F                 1796 	.db #0x0F	; 15
   06D8 0F                 1797 	.db #0x0F	; 15
   06D9 0F                 1798 	.db #0x0F	; 15
   06DA 0F                 1799 	.db #0x0F	; 15
   06DB 0F                 1800 	.db #0x0F	; 15
   06DC 0F                 1801 	.db #0x0F	; 15
   06DD 0F                 1802 	.db #0x0F	; 15
   06DE 0F                 1803 	.db #0x0F	; 15
   06DF 0F                 1804 	.db #0x0F	; 15
                           1805 	.area _INITIALIZER
                           1806 	.area _CABS (ABS)
