ASxxxx Assembler V02.00 + NoICE + SDCC mods  (Zilog Z80 / Hitachi HD64180), page 1.
Hexadecimal [16-Bits]



                              1 .globl cpct_akp_musicPlay_asm
                              2 
   0000                       3 _play::
   0000 D9            [ 4]    4 	exx
   0001 08            [ 4]    5 	ex af' , af
   0002 F5            [11]    6 	push af
   0003 C5            [11]    7 	push bc
   0004 D5            [11]    8 	push de
   0005 E5            [11]    9 	push hl
                             10 
   0006 CD 00 00      [17]   11 	call cpct_akp_musicPlay_asm
                             12 
   0009 E1            [10]   13 	pop hl
   000A D1            [10]   14 	pop de
   000B C1            [10]   15 	pop bc
   000C F1            [10]   16 	pop af
   000D 08            [ 4]   17 	ex af' , af
   000E D9            [ 4]   18 	exx
                             19 
   000F C9            [10]   20 	ret
