                              1 ;--------------------------------------------------------
                              2 ; File Created by SDCC : free open source ANSI-C Compiler
                              3 ; Version 3.5.5 #9498 (Linux)
                              4 ;--------------------------------------------------------
                              5 	.module song
                              6 	.optsdcc -mz80
                              7 	
                              8 ;--------------------------------------------------------
                              9 ; Public variables in this module
                             10 ;--------------------------------------------------------
                             11 	.globl _G_song
                             12 ;--------------------------------------------------------
                             13 ; special function registers
                             14 ;--------------------------------------------------------
                             15 ;--------------------------------------------------------
                             16 ; ram data
                             17 ;--------------------------------------------------------
                             18 	.area _DATA
                             19 ;--------------------------------------------------------
                             20 ; ram data
                             21 ;--------------------------------------------------------
                             22 	.area _INITIALIZED
                             23 ;--------------------------------------------------------
                             24 ; absolute external ram data
                             25 ;--------------------------------------------------------
                             26 	.area _DABS (ABS)
                             27 ;--------------------------------------------------------
                             28 ; global & static initialisations
                             29 ;--------------------------------------------------------
                             30 	.area _HOME
                             31 	.area _GSINIT
                             32 	.area _GSFINAL
                             33 	.area _GSINIT
                             34 ;--------------------------------------------------------
                             35 ; Home
                             36 ;--------------------------------------------------------
                             37 	.area _HOME
                             38 	.area _HOME
                             39 ;--------------------------------------------------------
                             40 ; code
                             41 ;--------------------------------------------------------
                             42 	.area _CODE
                             43 	.area _CODE
                             44 	.area _INITIALIZER
                             45 	.area _CABS (ABS)
   0200                      46 	.org 0x0200
   0200                      47 _G_song:
   0200 41                   48 	.db #0x41	; 65	'A'
   0201 54                   49 	.db #0x54	; 84	'T'
   0202 31                   50 	.db #0x31	; 49	'1'
   0203 30                   51 	.db #0x30	; 48	'0'
   0204 01                   52 	.db #0x01	; 1
   0205 40                   53 	.db #0x40	; 64
   0206 42                   54 	.db #0x42	; 66	'B'
   0207 0F                   55 	.db #0x0F	; 15
   0208 02                   56 	.db #0x02	; 2
   0209 06                   57 	.db #0x06	; 6
   020A 1D                   58 	.db #0x1D	; 29
   020B 00                   59 	.db #0x00	; 0
   020C 10                   60 	.db #0x10	; 16
   020D 40                   61 	.db #0x40	; 64
   020E 19                   62 	.db #0x19	; 25
   020F 40                   63 	.db #0x40	; 64
   0210 00                   64 	.db #0x00	; 0
   0211 00                   65 	.db #0x00	; 0
   0212 00                   66 	.db #0x00	; 0
   0213 00                   67 	.db #0x00	; 0
   0214 00                   68 	.db #0x00	; 0
   0215 00                   69 	.db #0x00	; 0
   0216 0D                   70 	.db #0x0D	; 13
   0217 12                   71 	.db #0x12	; 18
   0218 40                   72 	.db #0x40	; 64
   0219 01                   73 	.db #0x01	; 1
   021A 00                   74 	.db #0x00	; 0
   021B 7C                   75 	.db #0x7C	; 124
   021C 18                   76 	.db #0x18	; 24
   021D 78                   77 	.db #0x78	; 120	'x'
   021E 0C                   78 	.db #0x0C	; 12
   021F 34                   79 	.db #0x34	; 52	'4'
   0220 30                   80 	.db #0x30	; 48	'0'
   0221 2C                   81 	.db #0x2C	; 44
   0222 28                   82 	.db #0x28	; 40
   0223 24                   83 	.db #0x24	; 36
   0224 20                   84 	.db #0x20	; 32
   0225 1C                   85 	.db #0x1C	; 28
   0226 0D                   86 	.db #0x0D	; 13
   0227 25                   87 	.db #0x25	; 37
   0228 40                   88 	.db #0x40	; 64
   0229 20                   89 	.db #0x20	; 32
   022A 00                   90 	.db #0x00	; 0
   022B 00                   91 	.db #0x00	; 0
   022C 00                   92 	.db #0x00	; 0
   022D 39                   93 	.db #0x39	; 57	'9'
   022E 40                   94 	.db #0x40	; 64
   022F 00                   95 	.db #0x00	; 0
   0230 57                   96 	.db #0x57	; 87	'W'
   0231 40                   97 	.db #0x40	; 64
   0232 3B                   98 	.db #0x3B	; 59
   0233 40                   99 	.db #0x40	; 64
   0234 57                  100 	.db #0x57	; 87	'W'
   0235 40                  101 	.db #0x40	; 64
   0236 01                  102 	.db #0x01	; 1
   0237 2F                  103 	.db #0x2F	; 47
   0238 40                  104 	.db #0x40	; 64
   0239 19                  105 	.db #0x19	; 25
   023A 00                  106 	.db #0x00	; 0
   023B 76                  107 	.db #0x76	; 118	'v'
   023C E1                  108 	.db #0xE1	; 225
   023D 00                  109 	.db #0x00	; 0
   023E 00                  110 	.db #0x00	; 0
   023F 01                  111 	.db #0x01	; 1
   0240 04                  112 	.db #0x04	; 4
   0241 51                  113 	.db #0x51	; 81	'Q'
   0242 04                  114 	.db #0x04	; 4
   0243 37                  115 	.db #0x37	; 55	'7'
   0244 04                  116 	.db #0x04	; 4
   0245 4F                  117 	.db #0x4F	; 79	'O'
   0246 04                  118 	.db #0x04	; 4
   0247 37                  119 	.db #0x37	; 55	'7'
   0248 02                  120 	.db #0x02	; 2
   0249 4B                  121 	.db #0x4B	; 75	'K'
   024A 02                  122 	.db #0x02	; 2
   024B 37                  123 	.db #0x37	; 55	'7'
   024C 04                  124 	.db #0x04	; 4
   024D 4F                  125 	.db #0x4F	; 79	'O'
   024E 04                  126 	.db #0x04	; 4
   024F 37                  127 	.db #0x37	; 55	'7'
   0250 04                  128 	.db #0x04	; 4
   0251 4F                  129 	.db #0x4F	; 79	'O'
   0252 04                  130 	.db #0x04	; 4
   0253 37                  131 	.db #0x37	; 55	'7'
   0254 02                  132 	.db #0x02	; 2
   0255 4B                  133 	.db #0x4B	; 75	'K'
   0256 00                  134 	.db #0x00	; 0
   0257 42                  135 	.db #0x42	; 66	'B'
   0258 60                  136 	.db #0x60	; 96
   0259 00                  137 	.db #0x00	; 0
   025A 42                  138 	.db #0x42	; 66	'B'
   025B 80                  139 	.db #0x80	; 128
   025C 00                  140 	.db #0x00	; 0
   025D 00                  141 	.db #0x00	; 0
   025E 42                  142 	.db #0x42	; 66	'B'
   025F 00                  143 	.db #0x00	; 0
   0260 00                  144 	.db #0x00	; 0
