                              1 ;--------------------------------------------------------
                              2 ; File Created by SDCC : free open source ANSI-C Compiler
                              3 ; Version 3.5.5 #9498 (Linux)
                              4 ;--------------------------------------------------------
                              5 	.module tiles
                              6 	.optsdcc -mz80
                              7 	
                              8 ;--------------------------------------------------------
                              9 ; Public variables in this module
                             10 ;--------------------------------------------------------
                             11 	.globl _g_tiles_09
                             12 	.globl _g_tiles_08
                             13 	.globl _g_tiles_07
                             14 	.globl _g_tiles_06
                             15 	.globl _g_tiles_05
                             16 	.globl _g_tiles_04
                             17 	.globl _g_tiles_03
                             18 	.globl _g_tiles_02
                             19 	.globl _g_tiles_01
                             20 	.globl _g_tiles_00
                             21 	.globl _g_tileset
                             22 ;--------------------------------------------------------
                             23 ; special function registers
                             24 ;--------------------------------------------------------
                             25 ;--------------------------------------------------------
                             26 ; ram data
                             27 ;--------------------------------------------------------
                             28 	.area _DATA
                             29 ;--------------------------------------------------------
                             30 ; ram data
                             31 ;--------------------------------------------------------
                             32 	.area _INITIALIZED
                             33 ;--------------------------------------------------------
                             34 ; absolute external ram data
                             35 ;--------------------------------------------------------
                             36 	.area _DABS (ABS)
                             37 ;--------------------------------------------------------
                             38 ; global & static initialisations
                             39 ;--------------------------------------------------------
                             40 	.area _HOME
                             41 	.area _GSINIT
                             42 	.area _GSFINAL
                             43 	.area _GSINIT
                             44 ;--------------------------------------------------------
                             45 ; Home
                             46 ;--------------------------------------------------------
                             47 	.area _HOME
                             48 	.area _HOME
                             49 ;--------------------------------------------------------
                             50 ; code
                             51 ;--------------------------------------------------------
                             52 	.area _CODE
                             53 	.area _CODE
   0000                      54 _g_tileset:
   0000r14r00                55 	.dw _g_tiles_00
   0002r1Cr00                56 	.dw _g_tiles_01
   0004r24r00                57 	.dw _g_tiles_02
   0006r2Cr00                58 	.dw _g_tiles_03
   0008r34r00                59 	.dw _g_tiles_04
   000Ar3Cr00                60 	.dw _g_tiles_05
   000Cr44r00                61 	.dw _g_tiles_06
   000Er4Cr00                62 	.dw _g_tiles_07
   0010r54r00                63 	.dw _g_tiles_08
   0012r5Cr00                64 	.dw _g_tiles_09
   0014                      65 _g_tiles_00:
   0014 FD                   66 	.db #0xFD	; 253
   0015 FD                   67 	.db #0xFD	; 253
   0016 FF                   68 	.db #0xFF	; 255
   0017 FC                   69 	.db #0xFC	; 252
   0018 FC                   70 	.db #0xFC	; 252
   0019 FD                   71 	.db #0xFD	; 253
   001A FE                   72 	.db #0xFE	; 254
   001B FE                   73 	.db #0xFE	; 254
   001C                      74 _g_tiles_01:
   001C 3C                   75 	.db #0x3C	; 60
   001D 3C                   76 	.db #0x3C	; 60
   001E 3C                   77 	.db #0x3C	; 60
   001F 2C                   78 	.db #0x2C	; 44
   0020 3C                   79 	.db #0x3C	; 60
   0021 2C                   80 	.db #0x2C	; 44
   0022 3C                   81 	.db #0x3C	; 60
   0023 3C                   82 	.db #0x3C	; 60
   0024                      83 _g_tiles_02:
   0024 3C                   84 	.db #0x3C	; 60
   0025 3C                   85 	.db #0x3C	; 60
   0026 1C                   86 	.db #0x1C	; 28
   0027 3C                   87 	.db #0x3C	; 60
   0028 1C                   88 	.db #0x1C	; 28
   0029 3C                   89 	.db #0x3C	; 60
   002A 3C                   90 	.db #0x3C	; 60
   002B 3C                   91 	.db #0x3C	; 60
   002C                      92 _g_tiles_03:
   002C F0                   93 	.db #0xF0	; 240
   002D 3C                   94 	.db #0x3C	; 60
   002E B4                   95 	.db #0xB4	; 180
   002F 78                   96 	.db #0x78	; 120	'x'
   0030 3C                   97 	.db #0x3C	; 60
   0031 3C                   98 	.db #0x3C	; 60
   0032 78                   99 	.db #0x78	; 120	'x'
   0033 78                  100 	.db #0x78	; 120	'x'
   0034                     101 _g_tiles_04:
   0034 3C                  102 	.db #0x3C	; 60
   0035 F0                  103 	.db #0xF0	; 240
   0036 B4                  104 	.db #0xB4	; 180
   0037 78                  105 	.db #0x78	; 120	'x'
   0038 3C                  106 	.db #0x3C	; 60
   0039 3C                  107 	.db #0x3C	; 60
   003A B4                  108 	.db #0xB4	; 180
   003B B4                  109 	.db #0xB4	; 180
   003C                     110 _g_tiles_05:
   003C FF                  111 	.db #0xFF	; 255
   003D FF                  112 	.db #0xFF	; 255
   003E FF                  113 	.db #0xFF	; 255
   003F FF                  114 	.db #0xFF	; 255
   0040 FF                  115 	.db #0xFF	; 255
   0041 FF                  116 	.db #0xFF	; 255
   0042 FF                  117 	.db #0xFF	; 255
   0043 FF                  118 	.db #0xFF	; 255
   0044                     119 _g_tiles_06:
   0044 3C                  120 	.db #0x3C	; 60
   0045 3C                  121 	.db #0x3C	; 60
   0046 3C                  122 	.db #0x3C	; 60
   0047 2C                  123 	.db #0x2C	; 44
   0048 3C                  124 	.db #0x3C	; 60
   0049 2C                  125 	.db #0x2C	; 44
   004A 3C                  126 	.db #0x3C	; 60
   004B 3C                  127 	.db #0x3C	; 60
   004C                     128 _g_tiles_07:
   004C 3C                  129 	.db #0x3C	; 60
   004D 3C                  130 	.db #0x3C	; 60
   004E 1C                  131 	.db #0x1C	; 28
   004F 3C                  132 	.db #0x3C	; 60
   0050 1C                  133 	.db #0x1C	; 28
   0051 3C                  134 	.db #0x3C	; 60
   0052 3C                  135 	.db #0x3C	; 60
   0053 3C                  136 	.db #0x3C	; 60
   0054                     137 _g_tiles_08:
   0054 78                  138 	.db #0x78	; 120	'x'
   0055 78                  139 	.db #0x78	; 120	'x'
   0056 3C                  140 	.db #0x3C	; 60
   0057 3C                  141 	.db #0x3C	; 60
   0058 B4                  142 	.db #0xB4	; 180
   0059 78                  143 	.db #0x78	; 120	'x'
   005A F0                  144 	.db #0xF0	; 240
   005B 3C                  145 	.db #0x3C	; 60
   005C                     146 _g_tiles_09:
   005C B4                  147 	.db #0xB4	; 180
   005D B4                  148 	.db #0xB4	; 180
   005E 3C                  149 	.db #0x3C	; 60
   005F 3C                  150 	.db #0x3C	; 60
   0060 B4                  151 	.db #0xB4	; 180
   0061 78                  152 	.db #0x78	; 120	'x'
   0062 3C                  153 	.db #0x3C	; 60
   0063 F0                  154 	.db #0xF0	; 240
                            155 	.area _INITIALIZER
                            156 	.area _CABS (ABS)
