                              1 ;--------------------------------------------------------
                              2 ; File Created by SDCC : free open source ANSI-C Compiler
                              3 ; Version 3.5.5 #9498 (Linux)
                              4 ;--------------------------------------------------------
                              5 	.module tiles2
                              6 	.optsdcc -mz80
                              7 	
                              8 ;--------------------------------------------------------
                              9 ; Public variables in this module
                             10 ;--------------------------------------------------------
                             11 	.globl _g_tiles2_09
                             12 	.globl _g_tiles2_08
                             13 	.globl _g_tiles2_07
                             14 	.globl _g_tiles2_06
                             15 	.globl _g_tiles2_05
                             16 	.globl _g_tiles2_04
                             17 	.globl _g_tiles2_03
                             18 	.globl _g_tiles2_02
                             19 	.globl _g_tiles2_01
                             20 	.globl _g_tiles2_00
                             21 ;--------------------------------------------------------
                             22 ; special function registers
                             23 ;--------------------------------------------------------
                             24 ;--------------------------------------------------------
                             25 ; ram data
                             26 ;--------------------------------------------------------
                             27 	.area _DATA
                             28 ;--------------------------------------------------------
                             29 ; ram data
                             30 ;--------------------------------------------------------
                             31 	.area _INITIALIZED
                             32 ;--------------------------------------------------------
                             33 ; absolute external ram data
                             34 ;--------------------------------------------------------
                             35 	.area _DABS (ABS)
                             36 ;--------------------------------------------------------
                             37 ; global & static initialisations
                             38 ;--------------------------------------------------------
                             39 	.area _HOME
                             40 	.area _GSINIT
                             41 	.area _GSFINAL
                             42 	.area _GSINIT
                             43 ;--------------------------------------------------------
                             44 ; Home
                             45 ;--------------------------------------------------------
                             46 	.area _HOME
                             47 	.area _HOME
                             48 ;--------------------------------------------------------
                             49 ; code
                             50 ;--------------------------------------------------------
                             51 	.area _CODE
                             52 	.area _CODE
   0000                      53 _g_tiles2_00:
   0000 C3                   54 	.db #0xC3	; 195
   0001 C3                   55 	.db #0xC3	; 195
   0002 C6                   56 	.db #0xC6	; 198
   0003 C3                   57 	.db #0xC3	; 195
   0004 C3                   58 	.db #0xC3	; 195
   0005 C3                   59 	.db #0xC3	; 195
   0006 C3                   60 	.db #0xC3	; 195
   0007 C6                   61 	.db #0xC6	; 198
   0008                      62 _g_tiles2_01:
   0008 CC                   63 	.db #0xCC	; 204
   0009 CF                   64 	.db #0xCF	; 207
   000A CE                   65 	.db #0xCE	; 206
   000B C9                   66 	.db #0xC9	; 201
   000C CB                   67 	.db #0xCB	; 203
   000D CC                   68 	.db #0xCC	; 204
   000E CB                   69 	.db #0xCB	; 203
   000F CE                   70 	.db #0xCE	; 206
   0010                      71 _g_tiles2_02:
   0010 CE                   72 	.db #0xCE	; 206
   0011 CD                   73 	.db #0xCD	; 205
   0012 C7                   74 	.db #0xC7	; 199
   0013 CC                   75 	.db #0xCC	; 204
   0014 C3                   76 	.db #0xC3	; 195
   0015 CE                   77 	.db #0xCE	; 206
   0016 C9                   78 	.db #0xC9	; 201
   0017 C7                   79 	.db #0xC7	; 199
   0018                      80 _g_tiles2_03:
   0018 CC                   81 	.db #0xCC	; 204
   0019 CF                   82 	.db #0xCF	; 207
   001A CC                   83 	.db #0xCC	; 204
   001B CC                   84 	.db #0xCC	; 204
   001C CE                   85 	.db #0xCE	; 206
   001D CF                   86 	.db #0xCF	; 207
   001E CE                   87 	.db #0xCE	; 206
   001F CF                   88 	.db #0xCF	; 207
   0020                      89 _g_tiles2_04:
   0020 CF                   90 	.db #0xCF	; 207
   0021 CC                   91 	.db #0xCC	; 204
   0022 CC                   92 	.db #0xCC	; 204
   0023 CC                   93 	.db #0xCC	; 204
   0024 CF                   94 	.db #0xCF	; 207
   0025 CD                   95 	.db #0xCD	; 205
   0026 CF                   96 	.db #0xCF	; 207
   0027 CD                   97 	.db #0xCD	; 205
   0028                      98 _g_tiles2_05:
   0028 FF                   99 	.db #0xFF	; 255
   0029 FF                  100 	.db #0xFF	; 255
   002A FF                  101 	.db #0xFF	; 255
   002B FF                  102 	.db #0xFF	; 255
   002C FF                  103 	.db #0xFF	; 255
   002D FF                  104 	.db #0xFF	; 255
   002E FF                  105 	.db #0xFF	; 255
   002F FF                  106 	.db #0xFF	; 255
   0030                     107 _g_tiles2_06:
   0030 CB                  108 	.db #0xCB	; 203
   0031 CF                  109 	.db #0xCF	; 207
   0032 C9                  110 	.db #0xC9	; 201
   0033 C7                  111 	.db #0xC7	; 199
   0034 CC                  112 	.db #0xCC	; 204
   0035 C3                  113 	.db #0xC3	; 195
   0036 CE                  114 	.db #0xCE	; 206
   0037 CF                  115 	.db #0xCF	; 207
   0038                     116 _g_tiles2_07:
   0038 CC                  117 	.db #0xCC	; 204
   0039 C7                  118 	.db #0xC7	; 199
   003A CE                  119 	.db #0xCE	; 206
   003B CD                  120 	.db #0xCD	; 205
   003C C3                  121 	.db #0xC3	; 195
   003D CC                  122 	.db #0xCC	; 204
   003E CF                  123 	.db #0xCF	; 207
   003F CE                  124 	.db #0xCE	; 206
   0040                     125 _g_tiles2_08:
   0040 CE                  126 	.db #0xCE	; 206
   0041 CF                  127 	.db #0xCF	; 207
   0042 CE                  128 	.db #0xCE	; 206
   0043 CF                  129 	.db #0xCF	; 207
   0044 CC                  130 	.db #0xCC	; 204
   0045 CC                  131 	.db #0xCC	; 204
   0046 CC                  132 	.db #0xCC	; 204
   0047 CF                  133 	.db #0xCF	; 207
   0048                     134 _g_tiles2_09:
   0048 CF                  135 	.db #0xCF	; 207
   0049 CD                  136 	.db #0xCD	; 205
   004A CF                  137 	.db #0xCF	; 207
   004B CD                  138 	.db #0xCD	; 205
   004C CC                  139 	.db #0xCC	; 204
   004D CC                  140 	.db #0xCC	; 204
   004E CF                  141 	.db #0xCF	; 207
   004F CC                  142 	.db #0xCC	; 204
                            143 	.area _INITIALIZER
                            144 	.area _CABS (ABS)
