                              1 ;--------------------------------------------------------
                              2 ; File Created by SDCC : free open source ANSI-C Compiler
                              3 ; Version 3.5.5 #9498 (Linux)
                              4 ;--------------------------------------------------------
                              5 	.module tiles3
                              6 	.optsdcc -mz80
                              7 	
                              8 ;--------------------------------------------------------
                              9 ; Public variables in this module
                             10 ;--------------------------------------------------------
                             11 	.globl _g_tiles3_09
                             12 	.globl _g_tiles3_08
                             13 	.globl _g_tiles3_07
                             14 	.globl _g_tiles3_06
                             15 	.globl _g_tiles3_05
                             16 	.globl _g_tiles3_04
                             17 	.globl _g_tiles3_03
                             18 	.globl _g_tiles3_02
                             19 	.globl _g_tiles3_01
                             20 	.globl _g_tiles3_00
                             21 ;--------------------------------------------------------
                             22 ; special function registers
                             23 ;--------------------------------------------------------
                             24 ;--------------------------------------------------------
                             25 ; ram data
                             26 ;--------------------------------------------------------
                             27 	.area _DATA
                             28 ;--------------------------------------------------------
                             29 ; ram data
                             30 ;--------------------------------------------------------
                             31 	.area _INITIALIZED
                             32 ;--------------------------------------------------------
                             33 ; absolute external ram data
                             34 ;--------------------------------------------------------
                             35 	.area _DABS (ABS)
                             36 ;--------------------------------------------------------
                             37 ; global & static initialisations
                             38 ;--------------------------------------------------------
                             39 	.area _HOME
                             40 	.area _GSINIT
                             41 	.area _GSFINAL
                             42 	.area _GSINIT
                             43 ;--------------------------------------------------------
                             44 ; Home
                             45 ;--------------------------------------------------------
                             46 	.area _HOME
                             47 	.area _HOME
                             48 ;--------------------------------------------------------
                             49 ; code
                             50 ;--------------------------------------------------------
                             51 	.area _CODE
                             52 	.area _CODE
   0000                      53 _g_tiles3_00:
   0000 FC                   54 	.db #0xFC	; 252
   0001 FC                   55 	.db #0xFC	; 252
   0002 FC                   56 	.db #0xFC	; 252
   0003 FC                   57 	.db #0xFC	; 252
   0004 FC                   58 	.db #0xFC	; 252
   0005 FC                   59 	.db #0xFC	; 252
   0006 FC                   60 	.db #0xFC	; 252
   0007 FC                   61 	.db #0xFC	; 252
   0008                      62 _g_tiles3_01:
   0008 C0                   63 	.db #0xC0	; 192
   0009 C0                   64 	.db #0xC0	; 192
   000A C0                   65 	.db #0xC0	; 192
   000B C0                   66 	.db #0xC0	; 192
   000C C0                   67 	.db #0xC0	; 192
   000D C0                   68 	.db #0xC0	; 192
   000E C0                   69 	.db #0xC0	; 192
   000F C0                   70 	.db #0xC0	; 192
   0010                      71 _g_tiles3_02:
   0010 C9                   72 	.db #0xC9	; 201
   0011 C9                   73 	.db #0xC9	; 201
   0012 C6                   74 	.db #0xC6	; 198
   0013 C6                   75 	.db #0xC6	; 198
   0014 C9                   76 	.db #0xC9	; 201
   0015 C9                   77 	.db #0xC9	; 201
   0016 C6                   78 	.db #0xC6	; 198
   0017 C6                   79 	.db #0xC6	; 198
   0018                      80 _g_tiles3_03:
   0018 C8                   81 	.db #0xC8	; 200
   0019 CF                   82 	.db #0xCF	; 207
   001A C0                   83 	.db #0xC0	; 192
   001B C0                   84 	.db #0xC0	; 192
   001C CA                   85 	.db #0xCA	; 202
   001D CF                   86 	.db #0xCF	; 207
   001E CA                   87 	.db #0xCA	; 202
   001F CF                   88 	.db #0xCF	; 207
   0020                      89 _g_tiles3_04:
   0020 CF                   90 	.db #0xCF	; 207
   0021 C0                   91 	.db #0xC0	; 192
   0022 C0                   92 	.db #0xC0	; 192
   0023 C0                   93 	.db #0xC0	; 192
   0024 CF                   94 	.db #0xCF	; 207
   0025 C5                   95 	.db #0xC5	; 197
   0026 CF                   96 	.db #0xCF	; 207
   0027 C5                   97 	.db #0xC5	; 197
   0028                      98 _g_tiles3_05:
   0028 FF                   99 	.db #0xFF	; 255
   0029 FF                  100 	.db #0xFF	; 255
   002A FF                  101 	.db #0xFF	; 255
   002B FF                  102 	.db #0xFF	; 255
   002C FF                  103 	.db #0xFF	; 255
   002D FF                  104 	.db #0xFF	; 255
   002E FF                  105 	.db #0xFF	; 255
   002F FF                  106 	.db #0xFF	; 255
   0030                     107 _g_tiles3_06:
   0030 CB                  108 	.db #0xCB	; 203
   0031 CF                  109 	.db #0xCF	; 207
   0032 C9                  110 	.db #0xC9	; 201
   0033 C7                  111 	.db #0xC7	; 199
   0034 CC                  112 	.db #0xCC	; 204
   0035 C3                  113 	.db #0xC3	; 195
   0036 CE                  114 	.db #0xCE	; 206
   0037 CF                  115 	.db #0xCF	; 207
   0038                     116 _g_tiles3_07:
   0038 C0                  117 	.db #0xC0	; 192
   0039 C7                  118 	.db #0xC7	; 199
   003A CA                  119 	.db #0xCA	; 202
   003B C5                  120 	.db #0xC5	; 197
   003C C3                  121 	.db #0xC3	; 195
   003D C0                  122 	.db #0xC0	; 192
   003E CF                  123 	.db #0xCF	; 207
   003F CA                  124 	.db #0xCA	; 202
   0040                     125 _g_tiles3_08:
   0040 CA                  126 	.db #0xCA	; 202
   0041 CF                  127 	.db #0xCF	; 207
   0042 CA                  128 	.db #0xCA	; 202
   0043 CF                  129 	.db #0xCF	; 207
   0044 C0                  130 	.db #0xC0	; 192
   0045 C0                  131 	.db #0xC0	; 192
   0046 C0                  132 	.db #0xC0	; 192
   0047 CF                  133 	.db #0xCF	; 207
   0048                     134 _g_tiles3_09:
   0048 CF                  135 	.db #0xCF	; 207
   0049 C5                  136 	.db #0xC5	; 197
   004A CF                  137 	.db #0xCF	; 207
   004B C5                  138 	.db #0xC5	; 197
   004C C0                  139 	.db #0xC0	; 192
   004D C0                  140 	.db #0xC0	; 192
   004E CF                  141 	.db #0xCF	; 207
   004F C0                  142 	.db #0xC0	; 192
                            143 	.area _INITIALIZER
                            144 	.area _CABS (ABS)
