                              1 ;--------------------------------------------------------
                              2 ; File Created by SDCC : free open source ANSI-C Compiler
                              3 ; Version 3.5.5 #9498 (Linux)
                              4 ;--------------------------------------------------------
                              5 	.module utils
                              6 	.optsdcc -mz80
                              7 	
                              8 ;--------------------------------------------------------
                              9 ; Public variables in this module
                             10 ;--------------------------------------------------------
                             11 	.globl _getTilePtr
                             12 ;--------------------------------------------------------
                             13 ; special function registers
                             14 ;--------------------------------------------------------
                             15 ;--------------------------------------------------------
                             16 ; ram data
                             17 ;--------------------------------------------------------
                             18 	.area _DATA
                             19 ;--------------------------------------------------------
                             20 ; ram data
                             21 ;--------------------------------------------------------
                             22 	.area _INITIALIZED
                             23 ;--------------------------------------------------------
                             24 ; absolute external ram data
                             25 ;--------------------------------------------------------
                             26 	.area _DABS (ABS)
                             27 ;--------------------------------------------------------
                             28 ; global & static initialisations
                             29 ;--------------------------------------------------------
                             30 	.area _HOME
                             31 	.area _GSINIT
                             32 	.area _GSFINAL
                             33 	.area _GSINIT
                             34 ;--------------------------------------------------------
                             35 ; Home
                             36 ;--------------------------------------------------------
                             37 	.area _HOME
                             38 	.area _HOME
                             39 ;--------------------------------------------------------
                             40 ; code
                             41 ;--------------------------------------------------------
                             42 	.area _CODE
                             43 ;src/utils.c:4: char* getTilePtr(u8*mapa, u8 x, u8 y) {
                             44 ;	---------------------------------
                             45 ; Function getTilePtr
                             46 ; ---------------------------------
   0000                      47 _getTilePtr::
   0000 DD E5         [15]   48 	push	ix
   0002 DD 21 00 00   [14]   49 	ld	ix,#0
   0006 DD 39         [15]   50 	add	ix,sp
                             51 ;src/utils.c:5: return mapa + ((y-ORIGEN_MAPA_Y)/4)*g_map1_W + x/2;
   0008 DD 4E 07      [19]   52 	ld	c,7 (ix)
   000B 06 00         [ 7]   53 	ld	b,#0x00
   000D 79            [ 4]   54 	ld	a,c
   000E C6 E8         [ 7]   55 	add	a,#0xE8
   0010 5F            [ 4]   56 	ld	e,a
   0011 78            [ 4]   57 	ld	a,b
   0012 CE FF         [ 7]   58 	adc	a,#0xFF
   0014 57            [ 4]   59 	ld	d,a
   0015 6B            [ 4]   60 	ld	l, e
   0016 62            [ 4]   61 	ld	h, d
   0017 CB 7A         [ 8]   62 	bit	7, d
   0019 28 04         [12]   63 	jr	Z,00103$
   001B 21 EB FF      [10]   64 	ld	hl,#0xFFEB
   001E 09            [11]   65 	add	hl,bc
   001F                      66 00103$:
   001F CB 2C         [ 8]   67 	sra	h
   0021 CB 1D         [ 8]   68 	rr	l
   0023 CB 2C         [ 8]   69 	sra	h
   0025 CB 1D         [ 8]   70 	rr	l
   0027 4D            [ 4]   71 	ld	c, l
   0028 44            [ 4]   72 	ld	b, h
   0029 29            [11]   73 	add	hl, hl
   002A 29            [11]   74 	add	hl, hl
   002B 09            [11]   75 	add	hl, bc
   002C 29            [11]   76 	add	hl, hl
   002D 29            [11]   77 	add	hl, hl
   002E 29            [11]   78 	add	hl, hl
   002F 4D            [ 4]   79 	ld	c,l
   0030 44            [ 4]   80 	ld	b,h
   0031 DD 6E 04      [19]   81 	ld	l,4 (ix)
   0034 DD 66 05      [19]   82 	ld	h,5 (ix)
   0037 09            [11]   83 	add	hl,bc
   0038 DD 4E 06      [19]   84 	ld	c,6 (ix)
   003B CB 39         [ 8]   85 	srl	c
   003D 59            [ 4]   86 	ld	e,c
   003E 16 00         [ 7]   87 	ld	d,#0x00
   0040 19            [11]   88 	add	hl,de
   0041 DD E1         [14]   89 	pop	ix
   0043 C9            [10]   90 	ret
                             91 	.area _CODE
                             92 	.area _INITIALIZER
                             93 	.area _CABS (ABS)
