                              1 ;--------------------------------------------------------
                              2 ; File Created by SDCC : free open source ANSI-C Compiler
                              3 ; Version 3.5.5 #9498 (Linux)
                              4 ;--------------------------------------------------------
                              5 	.module arrows
                              6 	.optsdcc -mz80
                              7 	
                              8 ;--------------------------------------------------------
                              9 ; Public variables in this module
                             10 ;--------------------------------------------------------
                             11 	.globl _g_arrows_3
                             12 	.globl _g_arrows_2
                             13 	.globl _g_arrows_1
                             14 	.globl _g_arrows_0
                             15 ;--------------------------------------------------------
                             16 ; special function registers
                             17 ;--------------------------------------------------------
                             18 ;--------------------------------------------------------
                             19 ; ram data
                             20 ;--------------------------------------------------------
                             21 	.area _DATA
                             22 ;--------------------------------------------------------
                             23 ; ram data
                             24 ;--------------------------------------------------------
                             25 	.area _INITIALIZED
                             26 ;--------------------------------------------------------
                             27 ; absolute external ram data
                             28 ;--------------------------------------------------------
                             29 	.area _DABS (ABS)
                             30 ;--------------------------------------------------------
                             31 ; global & static initialisations
                             32 ;--------------------------------------------------------
                             33 	.area _HOME
                             34 	.area _GSINIT
                             35 	.area _GSFINAL
                             36 	.area _GSINIT
                             37 ;--------------------------------------------------------
                             38 ; Home
                             39 ;--------------------------------------------------------
                             40 	.area _HOME
                             41 	.area _HOME
                             42 ;--------------------------------------------------------
                             43 ; code
                             44 ;--------------------------------------------------------
                             45 	.area _CODE
                             46 	.area _CODE
   0000                      47 _g_arrows_0:
   0000 00                   48 	.db #0x00	; 0
   0001 00                   49 	.db #0x00	; 0
   0002 01                   50 	.db #0x01	; 1
   0003 00                   51 	.db #0x00	; 0
   0004 00                   52 	.db #0x00	; 0
   0005 00                   53 	.db #0x00	; 0
   0006 00                   54 	.db #0x00	; 0
   0007 01                   55 	.db #0x01	; 1
   0008 02                   56 	.db #0x02	; 2
   0009 00                   57 	.db #0x00	; 0
   000A 00                   58 	.db #0x00	; 0
   000B 00                   59 	.db #0x00	; 0
   000C 01                   60 	.db #0x01	; 1
   000D 03                   61 	.db #0x03	; 3
   000E 00                   62 	.db #0x00	; 0
   000F 03                   63 	.db #0x03	; 3
   0010 03                   64 	.db #0x03	; 3
   0011 03                   65 	.db #0x03	; 3
   0012 03                   66 	.db #0x03	; 3
   0013 02                   67 	.db #0x02	; 2
   0014 03                   68 	.db #0x03	; 3
   0015 03                   69 	.db #0x03	; 3
   0016 03                   70 	.db #0x03	; 3
   0017 03                   71 	.db #0x03	; 3
   0018 03                   72 	.db #0x03	; 3
   0019 03                   73 	.db #0x03	; 3
   001A 03                   74 	.db #0x03	; 3
   001B 03                   75 	.db #0x03	; 3
   001C 03                   76 	.db #0x03	; 3
   001D 03                   77 	.db #0x03	; 3
   001E 03                   78 	.db #0x03	; 3
   001F 03                   79 	.db #0x03	; 3
   0020 03                   80 	.db #0x03	; 3
   0021 03                   81 	.db #0x03	; 3
   0022 02                   82 	.db #0x02	; 2
   0023 00                   83 	.db #0x00	; 0
   0024 00                   84 	.db #0x00	; 0
   0025 01                   85 	.db #0x01	; 1
   0026 03                   86 	.db #0x03	; 3
   0027 00                   87 	.db #0x00	; 0
   0028 00                   88 	.db #0x00	; 0
   0029 00                   89 	.db #0x00	; 0
   002A 01                   90 	.db #0x01	; 1
   002B 02                   91 	.db #0x02	; 2
   002C 00                   92 	.db #0x00	; 0
   002D 00                   93 	.db #0x00	; 0
   002E 00                   94 	.db #0x00	; 0
   002F 01                   95 	.db #0x01	; 1
   0030 00                   96 	.db #0x00	; 0
   0031 00                   97 	.db #0x00	; 0
   0032                      98 _g_arrows_1:
   0032 00                   99 	.db #0x00	; 0
   0033 00                  100 	.db #0x00	; 0
   0034 02                  101 	.db #0x02	; 2
   0035 00                  102 	.db #0x00	; 0
   0036 00                  103 	.db #0x00	; 0
   0037 00                  104 	.db #0x00	; 0
   0038 01                  105 	.db #0x01	; 1
   0039 02                  106 	.db #0x02	; 2
   003A 00                  107 	.db #0x00	; 0
   003B 00                  108 	.db #0x00	; 0
   003C 00                  109 	.db #0x00	; 0
   003D 03                  110 	.db #0x03	; 3
   003E 02                  111 	.db #0x02	; 2
   003F 00                  112 	.db #0x00	; 0
   0040 00                  113 	.db #0x00	; 0
   0041 01                  114 	.db #0x01	; 1
   0042 03                  115 	.db #0x03	; 3
   0043 03                  116 	.db #0x03	; 3
   0044 03                  117 	.db #0x03	; 3
   0045 03                  118 	.db #0x03	; 3
   0046 03                  119 	.db #0x03	; 3
   0047 03                  120 	.db #0x03	; 3
   0048 03                  121 	.db #0x03	; 3
   0049 03                  122 	.db #0x03	; 3
   004A 03                  123 	.db #0x03	; 3
   004B 03                  124 	.db #0x03	; 3
   004C 03                  125 	.db #0x03	; 3
   004D 03                  126 	.db #0x03	; 3
   004E 03                  127 	.db #0x03	; 3
   004F 03                  128 	.db #0x03	; 3
   0050 01                  129 	.db #0x01	; 1
   0051 03                  130 	.db #0x03	; 3
   0052 03                  131 	.db #0x03	; 3
   0053 03                  132 	.db #0x03	; 3
   0054 03                  133 	.db #0x03	; 3
   0055 00                  134 	.db #0x00	; 0
   0056 03                  135 	.db #0x03	; 3
   0057 02                  136 	.db #0x02	; 2
   0058 00                  137 	.db #0x00	; 0
   0059 00                  138 	.db #0x00	; 0
   005A 00                  139 	.db #0x00	; 0
   005B 01                  140 	.db #0x01	; 1
   005C 02                  141 	.db #0x02	; 2
   005D 00                  142 	.db #0x00	; 0
   005E 00                  143 	.db #0x00	; 0
   005F 00                  144 	.db #0x00	; 0
   0060 00                  145 	.db #0x00	; 0
   0061 02                  146 	.db #0x02	; 2
   0062 00                  147 	.db #0x00	; 0
   0063 00                  148 	.db #0x00	; 0
   0064                     149 _g_arrows_2:
   0064 00                  150 	.db #0x00	; 0
   0065 00                  151 	.db #0x00	; 0
   0066 03                  152 	.db #0x03	; 3
   0067 00                  153 	.db #0x00	; 0
   0068 00                  154 	.db #0x00	; 0
   0069 00                  155 	.db #0x00	; 0
   006A 01                  156 	.db #0x01	; 1
   006B 03                  157 	.db #0x03	; 3
   006C 02                  158 	.db #0x02	; 2
   006D 00                  159 	.db #0x00	; 0
   006E 00                  160 	.db #0x00	; 0
   006F 03                  161 	.db #0x03	; 3
   0070 03                  162 	.db #0x03	; 3
   0071 03                  163 	.db #0x03	; 3
   0072 00                  164 	.db #0x00	; 0
   0073 01                  165 	.db #0x01	; 1
   0074 03                  166 	.db #0x03	; 3
   0075 03                  167 	.db #0x03	; 3
   0076 03                  168 	.db #0x03	; 3
   0077 02                  169 	.db #0x02	; 2
   0078 03                  170 	.db #0x03	; 3
   0079 03                  171 	.db #0x03	; 3
   007A 03                  172 	.db #0x03	; 3
   007B 03                  173 	.db #0x03	; 3
   007C 03                  174 	.db #0x03	; 3
   007D 00                  175 	.db #0x00	; 0
   007E 01                  176 	.db #0x01	; 1
   007F 03                  177 	.db #0x03	; 3
   0080 02                  178 	.db #0x02	; 2
   0081 00                  179 	.db #0x00	; 0
   0082 00                  180 	.db #0x00	; 0
   0083 01                  181 	.db #0x01	; 1
   0084 03                  182 	.db #0x03	; 3
   0085 02                  183 	.db #0x02	; 2
   0086 00                  184 	.db #0x00	; 0
   0087 00                  185 	.db #0x00	; 0
   0088 01                  186 	.db #0x01	; 1
   0089 03                  187 	.db #0x03	; 3
   008A 02                  188 	.db #0x02	; 2
   008B 00                  189 	.db #0x00	; 0
   008C 00                  190 	.db #0x00	; 0
   008D 01                  191 	.db #0x01	; 1
   008E 03                  192 	.db #0x03	; 3
   008F 02                  193 	.db #0x02	; 2
   0090 00                  194 	.db #0x00	; 0
   0091 00                  195 	.db #0x00	; 0
   0092 01                  196 	.db #0x01	; 1
   0093 03                  197 	.db #0x03	; 3
   0094 02                  198 	.db #0x02	; 2
   0095 00                  199 	.db #0x00	; 0
   0096                     200 _g_arrows_3:
   0096 00                  201 	.db #0x00	; 0
   0097 01                  202 	.db #0x01	; 1
   0098 03                  203 	.db #0x03	; 3
   0099 02                  204 	.db #0x02	; 2
   009A 00                  205 	.db #0x00	; 0
   009B 00                  206 	.db #0x00	; 0
   009C 01                  207 	.db #0x01	; 1
   009D 03                  208 	.db #0x03	; 3
   009E 02                  209 	.db #0x02	; 2
   009F 00                  210 	.db #0x00	; 0
   00A0 00                  211 	.db #0x00	; 0
   00A1 01                  212 	.db #0x01	; 1
   00A2 03                  213 	.db #0x03	; 3
   00A3 02                  214 	.db #0x02	; 2
   00A4 00                  215 	.db #0x00	; 0
   00A5 00                  216 	.db #0x00	; 0
   00A6 01                  217 	.db #0x01	; 1
   00A7 03                  218 	.db #0x03	; 3
   00A8 02                  219 	.db #0x02	; 2
   00A9 00                  220 	.db #0x00	; 0
   00AA 00                  221 	.db #0x00	; 0
   00AB 01                  222 	.db #0x01	; 1
   00AC 03                  223 	.db #0x03	; 3
   00AD 02                  224 	.db #0x02	; 2
   00AE 00                  225 	.db #0x00	; 0
   00AF 03                  226 	.db #0x03	; 3
   00B0 03                  227 	.db #0x03	; 3
   00B1 03                  228 	.db #0x03	; 3
   00B2 03                  229 	.db #0x03	; 3
   00B3 03                  230 	.db #0x03	; 3
   00B4 01                  231 	.db #0x01	; 1
   00B5 03                  232 	.db #0x03	; 3
   00B6 03                  233 	.db #0x03	; 3
   00B7 03                  234 	.db #0x03	; 3
   00B8 02                  235 	.db #0x02	; 2
   00B9 00                  236 	.db #0x00	; 0
   00BA 03                  237 	.db #0x03	; 3
   00BB 03                  238 	.db #0x03	; 3
   00BC 03                  239 	.db #0x03	; 3
   00BD 00                  240 	.db #0x00	; 0
   00BE 00                  241 	.db #0x00	; 0
   00BF 01                  242 	.db #0x01	; 1
   00C0 03                  243 	.db #0x03	; 3
   00C1 02                  244 	.db #0x02	; 2
   00C2 00                  245 	.db #0x00	; 0
   00C3 00                  246 	.db #0x00	; 0
   00C4 00                  247 	.db #0x00	; 0
   00C5 03                  248 	.db #0x03	; 3
   00C6 00                  249 	.db #0x00	; 0
   00C7 00                  250 	.db #0x00	; 0
                            251 	.area _INITIALIZER
                            252 	.area _CABS (ABS)
