                              1 ;--------------------------------------------------------
                              2 ; File Created by SDCC : free open source ANSI-C Compiler
                              3 ; Version 3.5.5 #9498 (Linux)
                              4 ;--------------------------------------------------------
                              5 	.module enemy
                              6 	.optsdcc -mz80
                              7 	
                              8 ;--------------------------------------------------------
                              9 ; Public variables in this module
                             10 ;--------------------------------------------------------
                             11 	.globl _g_enemy
                             12 ;--------------------------------------------------------
                             13 ; special function registers
                             14 ;--------------------------------------------------------
                             15 ;--------------------------------------------------------
                             16 ; ram data
                             17 ;--------------------------------------------------------
                             18 	.area _DATA
                             19 ;--------------------------------------------------------
                             20 ; ram data
                             21 ;--------------------------------------------------------
                             22 	.area _INITIALIZED
                             23 ;--------------------------------------------------------
                             24 ; absolute external ram data
                             25 ;--------------------------------------------------------
                             26 	.area _DABS (ABS)
                             27 ;--------------------------------------------------------
                             28 ; global & static initialisations
                             29 ;--------------------------------------------------------
                             30 	.area _HOME
                             31 	.area _GSINIT
                             32 	.area _GSFINAL
                             33 	.area _GSINIT
                             34 ;--------------------------------------------------------
                             35 ; Home
                             36 ;--------------------------------------------------------
                             37 	.area _HOME
                             38 	.area _HOME
                             39 ;--------------------------------------------------------
                             40 ; code
                             41 ;--------------------------------------------------------
                             42 	.area _CODE
                             43 	.area _CODE
   0000                      44 _g_enemy:
   0000 00                   45 	.db #0x00	; 0
   0001 CF                   46 	.db #0xCF	; 207
   0002 CF                   47 	.db #0xCF	; 207
   0003 00                   48 	.db #0x00	; 0
   0004 45                   49 	.db #0x45	; 69	'E'
   0005 CF                   50 	.db #0xCF	; 207
   0006 CF                   51 	.db #0xCF	; 207
   0007 8A                   52 	.db #0x8A	; 138
   0008 45                   53 	.db #0x45	; 69	'E'
   0009 60                   54 	.db #0x60	; 96
   000A 90                   55 	.db #0x90	; 144
   000B 8A                   56 	.db #0x8A	; 138
   000C 45                   57 	.db #0x45	; 69	'E'
   000D C0                   58 	.db #0xC0	; 192
   000E C0                   59 	.db #0xC0	; 192
   000F 8A                   60 	.db #0x8A	; 138
   0010 45                   61 	.db #0x45	; 69	'E'
   0011 C0                   62 	.db #0xC0	; 192
   0012 C0                   63 	.db #0xC0	; 192
   0013 8A                   64 	.db #0x8A	; 138
   0014 45                   65 	.db #0x45	; 69	'E'
   0015 90                   66 	.db #0x90	; 144
   0016 60                   67 	.db #0x60	; 96
   0017 8A                   68 	.db #0x8A	; 138
   0018 45                   69 	.db #0x45	; 69	'E'
   0019 CF                   70 	.db #0xCF	; 207
   001A CF                   71 	.db #0xCF	; 207
   001B 8A                   72 	.db #0x8A	; 138
   001C 00                   73 	.db #0x00	; 0
   001D 45                   74 	.db #0x45	; 69	'E'
   001E 8A                   75 	.db #0x8A	; 138
   001F 00                   76 	.db #0x00	; 0
   0020 00                   77 	.db #0x00	; 0
   0021 CF                   78 	.db #0xCF	; 207
   0022 CF                   79 	.db #0xCF	; 207
   0023 00                   80 	.db #0x00	; 0
   0024 45                   81 	.db #0x45	; 69	'E'
   0025 CA                   82 	.db #0xCA	; 202
   0026 C5                   83 	.db #0xC5	; 197
   0027 8A                   84 	.db #0x8A	; 138
   0028 45                   85 	.db #0x45	; 69	'E'
   0029 CA                   86 	.db #0xCA	; 202
   002A C5                   87 	.db #0xC5	; 197
   002B 8A                   88 	.db #0x8A	; 138
   002C 45                   89 	.db #0x45	; 69	'E'
   002D 40                   90 	.db #0x40	; 64
   002E 80                   91 	.db #0x80	; 128
   002F 8A                   92 	.db #0x8A	; 138
   0030 45                   93 	.db #0x45	; 69	'E'
   0031 40                   94 	.db #0x40	; 64
   0032 80                   95 	.db #0x80	; 128
   0033 8A                   96 	.db #0x8A	; 138
   0034 30                   97 	.db #0x30	; 48	'0'
   0035 40                   98 	.db #0x40	; 64
   0036 80                   99 	.db #0x80	; 128
   0037 30                  100 	.db #0x30	; 48	'0'
   0038 30                  101 	.db #0x30	; 48	'0'
   0039 45                  102 	.db #0x45	; 69	'E'
   003A 8A                  103 	.db #0x8A	; 138
   003B 30                  104 	.db #0x30	; 48	'0'
   003C 00                  105 	.db #0x00	; 0
   003D 45                  106 	.db #0x45	; 69	'E'
   003E 8A                  107 	.db #0x8A	; 138
   003F 00                  108 	.db #0x00	; 0
   0040 45                  109 	.db #0x45	; 69	'E'
   0041 CF                  110 	.db #0xCF	; 207
   0042 CF                  111 	.db #0xCF	; 207
   0043 8A                  112 	.db #0x8A	; 138
   0044 45                  113 	.db #0x45	; 69	'E'
   0045 CF                  114 	.db #0xCF	; 207
   0046 CF                  115 	.db #0xCF	; 207
   0047 8A                  116 	.db #0x8A	; 138
   0048 45                  117 	.db #0x45	; 69	'E'
   0049 8A                  118 	.db #0x8A	; 138
   004A 45                  119 	.db #0x45	; 69	'E'
   004B 8A                  120 	.db #0x8A	; 138
   004C 45                  121 	.db #0x45	; 69	'E'
   004D 8A                  122 	.db #0x8A	; 138
   004E 45                  123 	.db #0x45	; 69	'E'
   004F 8A                  124 	.db #0x8A	; 138
   0050 45                  125 	.db #0x45	; 69	'E'
   0051 8A                  126 	.db #0x8A	; 138
   0052 45                  127 	.db #0x45	; 69	'E'
   0053 8A                  128 	.db #0x8A	; 138
   0054 30                  129 	.db #0x30	; 48	'0'
   0055 20                  130 	.db #0x20	; 32
   0056 10                  131 	.db #0x10	; 16
   0057 30                  132 	.db #0x30	; 48	'0'
                            133 	.area _INITIALIZER
                            134 	.area _CABS (ABS)
