                              1 ;--------------------------------------------------------
                              2 ; File Created by SDCC : free open source ANSI-C Compiler
                              3 ; Version 3.5.5 #9498 (Linux)
                              4 ;--------------------------------------------------------
                              5 	.module explosion
                              6 	.optsdcc -mz80
                              7 	
                              8 ;--------------------------------------------------------
                              9 ; Public variables in this module
                             10 ;--------------------------------------------------------
                             11 	.globl _g_explosion
                             12 ;--------------------------------------------------------
                             13 ; special function registers
                             14 ;--------------------------------------------------------
                             15 ;--------------------------------------------------------
                             16 ; ram data
                             17 ;--------------------------------------------------------
                             18 	.area _DATA
                             19 ;--------------------------------------------------------
                             20 ; ram data
                             21 ;--------------------------------------------------------
                             22 	.area _INITIALIZED
                             23 ;--------------------------------------------------------
                             24 ; absolute external ram data
                             25 ;--------------------------------------------------------
                             26 	.area _DABS (ABS)
                             27 ;--------------------------------------------------------
                             28 ; global & static initialisations
                             29 ;--------------------------------------------------------
                             30 	.area _HOME
                             31 	.area _GSINIT
                             32 	.area _GSFINAL
                             33 	.area _GSINIT
                             34 ;--------------------------------------------------------
                             35 ; Home
                             36 ;--------------------------------------------------------
                             37 	.area _HOME
                             38 	.area _HOME
                             39 ;--------------------------------------------------------
                             40 ; code
                             41 ;--------------------------------------------------------
                             42 	.area _CODE
                             43 	.area _CODE
   0000                      44 _g_explosion:
   0000 00                   45 	.db #0x00	; 0
   0001 44                   46 	.db #0x44	; 68	'D'
   0002 64                   47 	.db #0x64	; 100	'd'
   0003 00                   48 	.db #0x00	; 0
   0004 44                   49 	.db #0x44	; 68	'D'
   0005 CC                   50 	.db #0xCC	; 204
   0006 64                   51 	.db #0x64	; 100	'd'
   0007 82                   52 	.db #0x82	; 130
   0008 44                   53 	.db #0x44	; 68	'D'
   0009 CC                   54 	.db #0xCC	; 204
   000A 30                   55 	.db #0x30	; 48	'0'
   000B 88                   56 	.db #0x88	; 136
   000C 44                   57 	.db #0x44	; 68	'D'
   000D 30                   58 	.db #0x30	; 48	'0'
   000E 98                   59 	.db #0x98	; 152
   000F 88                   60 	.db #0x88	; 136
   0010 44                   61 	.db #0x44	; 68	'D'
   0011 30                   62 	.db #0x30	; 48	'0'
   0012 98                   63 	.db #0x98	; 152
   0013 20                   64 	.db #0x20	; 32
   0014 10                   65 	.db #0x10	; 16
   0015 98                   66 	.db #0x98	; 152
   0016 98                   67 	.db #0x98	; 152
   0017 20                   68 	.db #0x20	; 32
   0018 98                   69 	.db #0x98	; 152
   0019 0F                   70 	.db #0x0F	; 15
   001A 25                   71 	.db #0x25	; 37
   001B 88                   72 	.db #0x88	; 136
   001C CC                   73 	.db #0xCC	; 204
   001D 5B                   74 	.db #0x5B	; 91
   001E 1A                   75 	.db #0x1A	; 26
   001F CC                   76 	.db #0xCC	; 204
   0020 CC                   77 	.db #0xCC	; 204
   0021 25                   78 	.db #0x25	; 37
   0022 30                   79 	.db #0x30	; 48	'0'
   0023 CC                   80 	.db #0xCC	; 204
   0024 98                   81 	.db #0x98	; 152
   0025 8D                   82 	.db #0x8D	; 141
   0026 4E                   83 	.db #0x4E	; 78	'N'
   0027 CC                   84 	.db #0xCC	; 204
   0028 98                   85 	.db #0x98	; 152
   0029 5B                   86 	.db #0x5B	; 91
   002A 1A                   87 	.db #0x1A	; 26
   002B CC                   88 	.db #0xCC	; 204
   002C 98                   89 	.db #0x98	; 152
   002D 0F                   90 	.db #0x0F	; 15
   002E 0F                   91 	.db #0x0F	; 15
   002F 64                   92 	.db #0x64	; 100	'd'
   0030 98                   93 	.db #0x98	; 152
   0031 0F                   94 	.db #0x0F	; 15
   0032 0F                   95 	.db #0x0F	; 15
   0033 CC                   96 	.db #0xCC	; 204
   0034 8D                   97 	.db #0x8D	; 141
   0035 25                   98 	.db #0x25	; 37
   0036 0F                   99 	.db #0x0F	; 15
   0037 CC                  100 	.db #0xCC	; 204
   0038 98                  101 	.db #0x98	; 152
   0039 0F                  102 	.db #0x0F	; 15
   003A 1A                  103 	.db #0x1A	; 26
   003B CC                  104 	.db #0xCC	; 204
   003C 98                  105 	.db #0x98	; 152
   003D 1A                  106 	.db #0x1A	; 26
   003E 0F                  107 	.db #0x0F	; 15
   003F C9                  108 	.db #0xC9	; 201
   0040 CC                  109 	.db #0xCC	; 204
   0041 30                  110 	.db #0x30	; 48	'0'
   0042 25                  111 	.db #0x25	; 37
   0043 88                  112 	.db #0x88	; 136
   0044 44                  113 	.db #0x44	; 68	'D'
   0045 30                  114 	.db #0x30	; 48	'0'
   0046 30                  115 	.db #0x30	; 48	'0'
   0047 88                  116 	.db #0x88	; 136
   0048 44                  117 	.db #0x44	; 68	'D'
   0049 30                  118 	.db #0x30	; 48	'0'
   004A 30                  119 	.db #0x30	; 48	'0'
   004B 88                  120 	.db #0x88	; 136
   004C 41                  121 	.db #0x41	; 65	'A'
   004D CC                  122 	.db #0xCC	; 204
   004E 30                  123 	.db #0x30	; 48	'0'
   004F 88                  124 	.db #0x88	; 136
   0050 00                  125 	.db #0x00	; 0
   0051 CC                  126 	.db #0xCC	; 204
   0052 64                  127 	.db #0x64	; 100	'd'
   0053 88                  128 	.db #0x88	; 136
   0054 00                  129 	.db #0x00	; 0
   0055 10                  130 	.db #0x10	; 16
   0056 CC                  131 	.db #0xCC	; 204
   0057 88                  132 	.db #0x88	; 136
                            133 	.area _INITIALIZER
                            134 	.area _CABS (ABS)
