                              1 ;--------------------------------------------------------
                              2 ; File Created by SDCC : free open source ANSI-C Compiler
                              3 ; Version 3.5.5 #9498 (Linux)
                              4 ;--------------------------------------------------------
                              5 	.module heart
                              6 	.optsdcc -mz80
                              7 	
                              8 ;--------------------------------------------------------
                              9 ; Public variables in this module
                             10 ;--------------------------------------------------------
                             11 	.globl _g_heart
                             12 ;--------------------------------------------------------
                             13 ; special function registers
                             14 ;--------------------------------------------------------
                             15 ;--------------------------------------------------------
                             16 ; ram data
                             17 ;--------------------------------------------------------
                             18 	.area _DATA
                             19 ;--------------------------------------------------------
                             20 ; ram data
                             21 ;--------------------------------------------------------
                             22 	.area _INITIALIZED
                             23 ;--------------------------------------------------------
                             24 ; absolute external ram data
                             25 ;--------------------------------------------------------
                             26 	.area _DABS (ABS)
                             27 ;--------------------------------------------------------
                             28 ; global & static initialisations
                             29 ;--------------------------------------------------------
                             30 	.area _HOME
                             31 	.area _GSINIT
                             32 	.area _GSFINAL
                             33 	.area _GSINIT
                             34 ;--------------------------------------------------------
                             35 ; Home
                             36 ;--------------------------------------------------------
                             37 	.area _HOME
                             38 	.area _HOME
                             39 ;--------------------------------------------------------
                             40 ; code
                             41 ;--------------------------------------------------------
                             42 	.area _CODE
                             43 	.area _CODE
   0000                      44 _g_heart:
   0000 44                   45 	.db #0x44	; 68	'D'
   0001 00                   46 	.db #0x00	; 0
   0002 88                   47 	.db #0x88	; 136
   0003 8D                   48 	.db #0x8D	; 141
   0004 CC                   49 	.db #0xCC	; 204
   0005 64                   50 	.db #0x64	; 100	'd'
   0006 8D                   51 	.db #0x8D	; 141
   0007 30                   52 	.db #0x30	; 48	'0'
   0008 64                   53 	.db #0x64	; 100	'd'
   0009 44                   54 	.db #0x44	; 68	'D'
   000A 30                   55 	.db #0x30	; 48	'0'
   000B 88                   56 	.db #0x88	; 136
   000C 00                   57 	.db #0x00	; 0
   000D CC                   58 	.db #0xCC	; 204
   000E 00                   59 	.db #0x00	; 0
   000F 00                   60 	.db #0x00	; 0
   0010 00                   61 	.db #0x00	; 0
   0011 00                   62 	.db #0x00	; 0
                             63 	.area _INITIALIZER
                             64 	.area _CABS (ABS)
