                              1 ;--------------------------------------------------------
                              2 ; File Created by SDCC : free open source ANSI-C Compiler
                              3 ; Version 3.5.5 #9498 (Linux)
                              4 ;--------------------------------------------------------
                              5 	.module hero_left
                              6 	.optsdcc -mz80
                              7 	
                              8 ;--------------------------------------------------------
                              9 ; Public variables in this module
                             10 ;--------------------------------------------------------
                             11 	.globl _g_hero_left
                             12 ;--------------------------------------------------------
                             13 ; special function registers
                             14 ;--------------------------------------------------------
                             15 ;--------------------------------------------------------
                             16 ; ram data
                             17 ;--------------------------------------------------------
                             18 	.area _DATA
                             19 ;--------------------------------------------------------
                             20 ; ram data
                             21 ;--------------------------------------------------------
                             22 	.area _INITIALIZED
                             23 ;--------------------------------------------------------
                             24 ; absolute external ram data
                             25 ;--------------------------------------------------------
                             26 	.area _DABS (ABS)
                             27 ;--------------------------------------------------------
                             28 ; global & static initialisations
                             29 ;--------------------------------------------------------
                             30 	.area _HOME
                             31 	.area _GSINIT
                             32 	.area _GSFINAL
                             33 	.area _GSINIT
                             34 ;--------------------------------------------------------
                             35 ; Home
                             36 ;--------------------------------------------------------
                             37 	.area _HOME
                             38 	.area _HOME
                             39 ;--------------------------------------------------------
                             40 ; code
                             41 ;--------------------------------------------------------
                             42 	.area _CODE
                             43 	.area _CODE
   0000                      44 _g_hero_left:
   0000 00                   45 	.db #0x00	; 0
   0001 00                   46 	.db #0x00	; 0
   0002 00                   47 	.db #0x00	; 0
   0003 00                   48 	.db #0x00	; 0
   0004 00                   49 	.db #0x00	; 0
   0005 CC                   50 	.db #0xCC	; 204
   0006 88                   51 	.db #0x88	; 136
   0007 00                   52 	.db #0x00	; 0
   0008 00                   53 	.db #0x00	; 0
   0009 00                   54 	.db #0x00	; 0
   000A 00                   55 	.db #0x00	; 0
   000B 44                   56 	.db #0x44	; 68	'D'
   000C C0                   57 	.db #0xC0	; 192
   000D C4                   58 	.db #0xC4	; 196
   000E 00                   59 	.db #0x00	; 0
   000F 00                   60 	.db #0x00	; 0
   0010 00                   61 	.db #0x00	; 0
   0011 00                   62 	.db #0x00	; 0
   0012 44                   63 	.db #0x44	; 68	'D'
   0013 C0                   64 	.db #0xC0	; 192
   0014 C4                   65 	.db #0xC4	; 196
   0015 00                   66 	.db #0x00	; 0
   0016 00                   67 	.db #0x00	; 0
   0017 00                   68 	.db #0x00	; 0
   0018 00                   69 	.db #0x00	; 0
   0019 44                   70 	.db #0x44	; 68	'D'
   001A CC                   71 	.db #0xCC	; 204
   001B CC                   72 	.db #0xCC	; 204
   001C 00                   73 	.db #0x00	; 0
   001D 00                   74 	.db #0x00	; 0
   001E 00                   75 	.db #0x00	; 0
   001F 00                   76 	.db #0x00	; 0
   0020 05                   77 	.db #0x05	; 5
   0021 0F                   78 	.db #0x0F	; 15
   0022 4E                   79 	.db #0x4E	; 78	'N'
   0023 00                   80 	.db #0x00	; 0
   0024 00                   81 	.db #0x00	; 0
   0025 00                   82 	.db #0x00	; 0
   0026 00                   83 	.db #0x00	; 0
   0027 44                   84 	.db #0x44	; 68	'D'
   0028 8D                   85 	.db #0x8D	; 141
   0029 4E                   86 	.db #0x4E	; 78	'N'
   002A 00                   87 	.db #0x00	; 0
   002B 00                   88 	.db #0x00	; 0
   002C 00                   89 	.db #0x00	; 0
   002D 00                   90 	.db #0x00	; 0
   002E 44                   91 	.db #0x44	; 68	'D'
   002F C4                   92 	.db #0xC4	; 196
   0030 88                   93 	.db #0x88	; 136
   0031 00                   94 	.db #0x00	; 0
   0032 00                   95 	.db #0x00	; 0
   0033 00                   96 	.db #0x00	; 0
   0034 00                   97 	.db #0x00	; 0
   0035 F3                   98 	.db #0xF3	; 243
   0036 CC                   99 	.db #0xCC	; 204
   0037 A2                  100 	.db #0xA2	; 162
   0038 00                  101 	.db #0x00	; 0
   0039 00                  102 	.db #0x00	; 0
   003A 00                  103 	.db #0x00	; 0
   003B 51                  104 	.db #0x51	; 81	'Q'
   003C CC                  105 	.db #0xCC	; 204
   003D C0                  106 	.db #0xC0	; 192
   003E D9                  107 	.db #0xD9	; 217
   003F 00                  108 	.db #0x00	; 0
   0040 00                  109 	.db #0x00	; 0
   0041 00                  110 	.db #0x00	; 0
   0042 03                  111 	.db #0x03	; 3
   0043 42                  112 	.db #0x42	; 66	'B'
   0044 C0                  113 	.db #0xC0	; 192
   0045 C4                  114 	.db #0xC4	; 196
   0046 40                  115 	.db #0x40	; 64
   0047 00                  116 	.db #0x00	; 0
   0048 01                  117 	.db #0x01	; 1
   0049 CC                  118 	.db #0xCC	; 204
   004A 42                  119 	.db #0x42	; 66	'B'
   004B C0                  120 	.db #0xC0	; 192
   004C C4                  121 	.db #0xC4	; 196
   004D C0                  122 	.db #0xC0	; 192
   004E 81                  123 	.db #0x81	; 129
   004F 03                  124 	.db #0x03	; 3
   0050 03                  125 	.db #0x03	; 3
   0051 12                  126 	.db #0x12	; 18
   0052 30                  127 	.db #0x30	; 48	'0'
   0053 C4                  128 	.db #0xC4	; 196
   0054 01                  129 	.db #0x01	; 1
   0055 42                  130 	.db #0x42	; 66	'B'
   0056 C0                  131 	.db #0xC0	; 192
   0057 81                  132 	.db #0x81	; 129
   0058 12                  133 	.db #0x12	; 18
   0059 30                  134 	.db #0x30	; 48	'0'
   005A 88                  135 	.db #0x88	; 136
   005B 00                  136 	.db #0x00	; 0
   005C 44                  137 	.db #0x44	; 68	'D'
   005D C8                  138 	.db #0xC8	; 200
   005E C0                  139 	.db #0xC0	; 192
   005F C4                  140 	.db #0xC4	; 196
   0060 90                  141 	.db #0x90	; 144
   0061 00                  142 	.db #0x00	; 0
   0062 00                  143 	.db #0x00	; 0
   0063 00                  144 	.db #0x00	; 0
   0064 00                  145 	.db #0x00	; 0
   0065 00                  146 	.db #0x00	; 0
   0066 44                  147 	.db #0x44	; 68	'D'
   0067 C4                  148 	.db #0xC4	; 196
   0068 88                  149 	.db #0x88	; 136
   0069 00                  150 	.db #0x00	; 0
   006A 00                  151 	.db #0x00	; 0
   006B 00                  152 	.db #0x00	; 0
   006C 00                  153 	.db #0x00	; 0
   006D CC                  154 	.db #0xCC	; 204
   006E C4                  155 	.db #0xC4	; 196
   006F 88                  156 	.db #0x88	; 136
   0070 00                  157 	.db #0x00	; 0
   0071 00                  158 	.db #0x00	; 0
   0072 00                  159 	.db #0x00	; 0
   0073 00                  160 	.db #0x00	; 0
   0074 C8                  161 	.db #0xC8	; 200
   0075 C8                  162 	.db #0xC8	; 200
   0076 88                  163 	.db #0x88	; 136
   0077 00                  164 	.db #0x00	; 0
   0078 00                  165 	.db #0x00	; 0
   0079 00                  166 	.db #0x00	; 0
   007A 00                  167 	.db #0x00	; 0
   007B C8                  168 	.db #0xC8	; 200
   007C C8                  169 	.db #0xC8	; 200
   007D 88                  170 	.db #0x88	; 136
   007E 00                  171 	.db #0x00	; 0
   007F 00                  172 	.db #0x00	; 0
   0080 00                  173 	.db #0x00	; 0
   0081 44                  174 	.db #0x44	; 68	'D'
   0082 C0                  175 	.db #0xC0	; 192
   0083 C8                  176 	.db #0xC8	; 200
   0084 88                  177 	.db #0x88	; 136
   0085 00                  178 	.db #0x00	; 0
   0086 00                  179 	.db #0x00	; 0
   0087 00                  180 	.db #0x00	; 0
   0088 CC                  181 	.db #0xCC	; 204
   0089 C0                  182 	.db #0xC0	; 192
   008A C8                  183 	.db #0xC8	; 200
   008B C4                  184 	.db #0xC4	; 196
   008C 00                  185 	.db #0x00	; 0
   008D 00                  186 	.db #0x00	; 0
   008E 00                  187 	.db #0x00	; 0
   008F C8                  188 	.db #0xC8	; 200
   0090 C0                  189 	.db #0xC0	; 192
   0091 C8                  190 	.db #0xC8	; 200
   0092 C4                  191 	.db #0xC4	; 196
   0093 00                  192 	.db #0x00	; 0
   0094 00                  193 	.db #0x00	; 0
   0095 00                  194 	.db #0x00	; 0
   0096 CC                  195 	.db #0xCC	; 204
   0097 CC                  196 	.db #0xCC	; 204
   0098 CC                  197 	.db #0xCC	; 204
   0099 CC                  198 	.db #0xCC	; 204
                            199 	.area _INITIALIZER
                            200 	.area _CABS (ABS)
