                              1 ;--------------------------------------------------------
                              2 ; File Created by SDCC : free open source ANSI-C Compiler
                              3 ; Version 3.5.5 #9498 (Linux)
                              4 ;--------------------------------------------------------
                              5 	.module knifeX
                              6 	.optsdcc -mz80
                              7 	
                              8 ;--------------------------------------------------------
                              9 ; Public variables in this module
                             10 ;--------------------------------------------------------
                             11 	.globl _g_knifeX_1
                             12 	.globl _g_knifeX_0
                             13 ;--------------------------------------------------------
                             14 ; special function registers
                             15 ;--------------------------------------------------------
                             16 ;--------------------------------------------------------
                             17 ; ram data
                             18 ;--------------------------------------------------------
                             19 	.area _DATA
                             20 ;--------------------------------------------------------
                             21 ; ram data
                             22 ;--------------------------------------------------------
                             23 	.area _INITIALIZED
                             24 ;--------------------------------------------------------
                             25 ; absolute external ram data
                             26 ;--------------------------------------------------------
                             27 	.area _DABS (ABS)
                             28 ;--------------------------------------------------------
                             29 ; global & static initialisations
                             30 ;--------------------------------------------------------
                             31 	.area _HOME
                             32 	.area _GSINIT
                             33 	.area _GSFINAL
                             34 	.area _GSINIT
                             35 ;--------------------------------------------------------
                             36 ; Home
                             37 ;--------------------------------------------------------
                             38 	.area _HOME
                             39 	.area _HOME
                             40 ;--------------------------------------------------------
                             41 ; code
                             42 ;--------------------------------------------------------
                             43 	.area _CODE
                             44 	.area _CODE
   0000                      45 _g_knifeX_0:
   0000 00                   46 	.db #0x00	; 0
   0001 00                   47 	.db #0x00	; 0
   0002 88                   48 	.db #0x88	; 136
   0003 00                   49 	.db #0x00	; 0
   0004 00                   50 	.db #0x00	; 0
   0005 44                   51 	.db #0x44	; 68	'D'
   0006 D9                   52 	.db #0xD9	; 217
   0007 F3                   53 	.db #0xF3	; 243
   0008 00                   54 	.db #0x00	; 0
   0009 00                   55 	.db #0x00	; 0
   000A 88                   56 	.db #0x88	; 136
   000B 00                   57 	.db #0x00	; 0
   000C 00                   58 	.db #0x00	; 0
   000D 00                   59 	.db #0x00	; 0
   000E 00                   60 	.db #0x00	; 0
   000F 00                   61 	.db #0x00	; 0
   0010                      62 _g_knifeX_1:
   0010 00                   63 	.db #0x00	; 0
   0011 44                   64 	.db #0x44	; 68	'D'
   0012 00                   65 	.db #0x00	; 0
   0013 00                   66 	.db #0x00	; 0
   0014 F3                   67 	.db #0xF3	; 243
   0015 E6                   68 	.db #0xE6	; 230
   0016 88                   69 	.db #0x88	; 136
   0017 00                   70 	.db #0x00	; 0
   0018 00                   71 	.db #0x00	; 0
   0019 44                   72 	.db #0x44	; 68	'D'
   001A 00                   73 	.db #0x00	; 0
   001B 00                   74 	.db #0x00	; 0
   001C 00                   75 	.db #0x00	; 0
   001D 00                   76 	.db #0x00	; 0
   001E 00                   77 	.db #0x00	; 0
   001F 00                   78 	.db #0x00	; 0
                             79 	.area _INITIALIZER
                             80 	.area _CABS (ABS)
