ASxxxx Assembler V02.00 + NoICE + SDCC mods  (Zilog Z80 / Hitachi HD64180), page 1.
Hexadecimal [16-Bits]



                              1 ;;;
                              2 ;;; File generated by cpct_aks2c CPCtelera script
                              3 ;;; Souce file of this conversion: assets/song.aks
                              4 ;;; Generation time: Tue Oct 25 01:37:32 CEST 2016
                              5 ;;;
                              6 
                              7 ;;; Set absolute memory addressing
                              8 .area __g_song (ABS)
   0200                       9 .org 0x0200
                             10 
                             11 ;;; Music data start (145 bytes)
                             12 ;;;
   0200                      13 _g_song::
   0200 41 54 31 30 01 40    14 .db 0x41, 0x54, 0x31, 0x30, 0x01, 0x40, 0x42, 0x0f, 0x02, 0x06, 0x21, 0x00, 0x10, 0x02, 0x19, 0x02
        42 0F 02 06 21 00
        10 02 19 02
   0210 00 00 00 00 00 00    15 .db 0x00, 0x00, 0x00, 0x00, 0x00, 0x00, 0x0d, 0x12, 0x02, 0x04, 0x00, 0x3c, 0x38, 0x34, 0x30, 0x2c
        0D 12 02 04 00 3C
        38 34 30 2C
   0220 28 24 20 1C 18 14    16 .db 0x28, 0x24, 0x20, 0x1c, 0x18, 0x14, 0x10, 0x0c, 0x08, 0x04, 0x0d, 0x12, 0x02, 0x1e, 0x00, 0x00
        10 0C 08 04 0D 12
        02 1E 00 00
   0230 00 3D 02 00 3F 02    17 .db 0x00, 0x3d, 0x02, 0x00, 0x3f, 0x02, 0x57, 0x02, 0x7a, 0x02, 0x01, 0x33, 0x02, 0x49, 0x00, 0xa2
        57 02 7A 02 01 33
        02 49 00 A2
   0240 E5 00 00 01 04 63    18 .db 0xe5, 0x00, 0x00, 0x01, 0x04, 0x63, 0x04, 0x67, 0x04, 0x67, 0x04, 0x6b, 0x04, 0x6b, 0x04, 0x6d
        04 67 04 67 04 6B
        04 6B 04 6D
   0250 04 6D 04 5F 04 5F    19 .db 0x04, 0x6d, 0x04, 0x5f, 0x04, 0x5f, 0x00, 0x42, 0x80, 0x00, 0x00, 0xa6, 0x65, 0x01, 0x67, 0x67
        00 42 80 00 00 A6
        65 01 67 67
   0260 67 67 02 69 69 69    20 .db 0x67, 0x67, 0x02, 0x69, 0x69, 0x69, 0x69, 0x69, 0x02, 0x51, 0x51, 0x51, 0x51, 0x51, 0x02, 0x75
        69 69 02 51 51 51
        51 51 02 75
   0270 75 75 75 75 02 7F    21 .db 0x75, 0x75, 0x75, 0x75, 0x02, 0x7f, 0x7f, 0x7f, 0x7f, 0x7f, 0x42, 0x80, 0x00, 0x00, 0x02, 0xb4
        7F 7F 7F 7F 42 80
        00 00 02 B4
   0280 65 01 04 75 04 75    22 .db 0x65, 0x01, 0x04, 0x75, 0x04, 0x75, 0x04, 0x75, 0x04, 0x75, 0x04, 0x75, 0x04, 0x75, 0x04, 0x75
        04 75 04 75 04 75
        04 75 04 75
   0290 00                   23 .db 0x00
