                              1 ;--------------------------------------------------------
                              2 ; File Created by SDCC : free open source ANSI-C Compiler
                              3 ; Version 3.5.5 #9498 (Linux)
                              4 ;--------------------------------------------------------
                              5 	.module map3
                              6 	.optsdcc -mz80
                              7 	
                              8 ;--------------------------------------------------------
                              9 ; Public variables in this module
                             10 ;--------------------------------------------------------
                             11 	.globl _g_map3
                             12 ;--------------------------------------------------------
                             13 ; special function registers
                             14 ;--------------------------------------------------------
                             15 ;--------------------------------------------------------
                             16 ; ram data
                             17 ;--------------------------------------------------------
                             18 	.area _DATA
                             19 ;--------------------------------------------------------
                             20 ; ram data
                             21 ;--------------------------------------------------------
                             22 	.area _INITIALIZED
                             23 ;--------------------------------------------------------
                             24 ; absolute external ram data
                             25 ;--------------------------------------------------------
                             26 	.area _DABS (ABS)
                             27 ;--------------------------------------------------------
                             28 ; global & static initialisations
                             29 ;--------------------------------------------------------
                             30 	.area _HOME
                             31 	.area _GSINIT
                             32 	.area _GSFINAL
                             33 	.area _GSINIT
                             34 ;--------------------------------------------------------
                             35 ; Home
                             36 ;--------------------------------------------------------
                             37 	.area _HOME
                             38 	.area _HOME
                             39 ;--------------------------------------------------------
                             40 ; code
                             41 ;--------------------------------------------------------
                             42 	.area _CODE
                             43 	.area _CODE
   0000                      44 _g_map3:
   0000 0F                   45 	.db #0x0F	; 15
   0001 0F                   46 	.db #0x0F	; 15
   0002 0F                   47 	.db #0x0F	; 15
   0003 0F                   48 	.db #0x0F	; 15
   0004 0F                   49 	.db #0x0F	; 15
   0005 0F                   50 	.db #0x0F	; 15
   0006 0F                   51 	.db #0x0F	; 15
   0007 0F                   52 	.db #0x0F	; 15
   0008 0F                   53 	.db #0x0F	; 15
   0009 0F                   54 	.db #0x0F	; 15
   000A 0F                   55 	.db #0x0F	; 15
   000B 0F                   56 	.db #0x0F	; 15
   000C 0F                   57 	.db #0x0F	; 15
   000D 0F                   58 	.db #0x0F	; 15
   000E 0F                   59 	.db #0x0F	; 15
   000F 0F                   60 	.db #0x0F	; 15
   0010 0F                   61 	.db #0x0F	; 15
   0011 0F                   62 	.db #0x0F	; 15
   0012 0F                   63 	.db #0x0F	; 15
   0013 0F                   64 	.db #0x0F	; 15
   0014 0F                   65 	.db #0x0F	; 15
   0015 0F                   66 	.db #0x0F	; 15
   0016 0F                   67 	.db #0x0F	; 15
   0017 0F                   68 	.db #0x0F	; 15
   0018 0F                   69 	.db #0x0F	; 15
   0019 0F                   70 	.db #0x0F	; 15
   001A 0F                   71 	.db #0x0F	; 15
   001B 0F                   72 	.db #0x0F	; 15
   001C 0F                   73 	.db #0x0F	; 15
   001D 0F                   74 	.db #0x0F	; 15
   001E 0F                   75 	.db #0x0F	; 15
   001F 0F                   76 	.db #0x0F	; 15
   0020 0F                   77 	.db #0x0F	; 15
   0021 0F                   78 	.db #0x0F	; 15
   0022 0F                   79 	.db #0x0F	; 15
   0023 0F                   80 	.db #0x0F	; 15
   0024 0F                   81 	.db #0x0F	; 15
   0025 0F                   82 	.db #0x0F	; 15
   0026 0F                   83 	.db #0x0F	; 15
   0027 0F                   84 	.db #0x0F	; 15
   0028 0F                   85 	.db #0x0F	; 15
   0029 01                   86 	.db #0x01	; 1
   002A 01                   87 	.db #0x01	; 1
   002B 01                   88 	.db #0x01	; 1
   002C 01                   89 	.db #0x01	; 1
   002D 01                   90 	.db #0x01	; 1
   002E 01                   91 	.db #0x01	; 1
   002F 01                   92 	.db #0x01	; 1
   0030 01                   93 	.db #0x01	; 1
   0031 01                   94 	.db #0x01	; 1
   0032 01                   95 	.db #0x01	; 1
   0033 01                   96 	.db #0x01	; 1
   0034 01                   97 	.db #0x01	; 1
   0035 01                   98 	.db #0x01	; 1
   0036 0F                   99 	.db #0x0F	; 15
   0037 0F                  100 	.db #0x0F	; 15
   0038 01                  101 	.db #0x01	; 1
   0039 01                  102 	.db #0x01	; 1
   003A 01                  103 	.db #0x01	; 1
   003B 01                  104 	.db #0x01	; 1
   003C 01                  105 	.db #0x01	; 1
   003D 01                  106 	.db #0x01	; 1
   003E 0F                  107 	.db #0x0F	; 15
   003F 0F                  108 	.db #0x0F	; 15
   0040 01                  109 	.db #0x01	; 1
   0041 01                  110 	.db #0x01	; 1
   0042 01                  111 	.db #0x01	; 1
   0043 01                  112 	.db #0x01	; 1
   0044 01                  113 	.db #0x01	; 1
   0045 01                  114 	.db #0x01	; 1
   0046 0F                  115 	.db #0x0F	; 15
   0047 0F                  116 	.db #0x0F	; 15
   0048 01                  117 	.db #0x01	; 1
   0049 01                  118 	.db #0x01	; 1
   004A 01                  119 	.db #0x01	; 1
   004B 01                  120 	.db #0x01	; 1
   004C 01                  121 	.db #0x01	; 1
   004D 01                  122 	.db #0x01	; 1
   004E 01                  123 	.db #0x01	; 1
   004F 0F                  124 	.db #0x0F	; 15
   0050 0F                  125 	.db #0x0F	; 15
   0051 01                  126 	.db #0x01	; 1
   0052 01                  127 	.db #0x01	; 1
   0053 01                  128 	.db #0x01	; 1
   0054 01                  129 	.db #0x01	; 1
   0055 01                  130 	.db #0x01	; 1
   0056 01                  131 	.db #0x01	; 1
   0057 01                  132 	.db #0x01	; 1
   0058 01                  133 	.db #0x01	; 1
   0059 01                  134 	.db #0x01	; 1
   005A 01                  135 	.db #0x01	; 1
   005B 01                  136 	.db #0x01	; 1
   005C 01                  137 	.db #0x01	; 1
   005D 01                  138 	.db #0x01	; 1
   005E 0F                  139 	.db #0x0F	; 15
   005F 0F                  140 	.db #0x0F	; 15
   0060 01                  141 	.db #0x01	; 1
   0061 01                  142 	.db #0x01	; 1
   0062 01                  143 	.db #0x01	; 1
   0063 01                  144 	.db #0x01	; 1
   0064 01                  145 	.db #0x01	; 1
   0065 01                  146 	.db #0x01	; 1
   0066 0F                  147 	.db #0x0F	; 15
   0067 0F                  148 	.db #0x0F	; 15
   0068 01                  149 	.db #0x01	; 1
   0069 01                  150 	.db #0x01	; 1
   006A 01                  151 	.db #0x01	; 1
   006B 01                  152 	.db #0x01	; 1
   006C 01                  153 	.db #0x01	; 1
   006D 01                  154 	.db #0x01	; 1
   006E 01                  155 	.db #0x01	; 1
   006F 01                  156 	.db #0x01	; 1
   0070 01                  157 	.db #0x01	; 1
   0071 01                  158 	.db #0x01	; 1
   0072 01                  159 	.db #0x01	; 1
   0073 01                  160 	.db #0x01	; 1
   0074 01                  161 	.db #0x01	; 1
   0075 01                  162 	.db #0x01	; 1
   0076 01                  163 	.db #0x01	; 1
   0077 0F                  164 	.db #0x0F	; 15
   0078 0F                  165 	.db #0x0F	; 15
   0079 01                  166 	.db #0x01	; 1
   007A 01                  167 	.db #0x01	; 1
   007B 01                  168 	.db #0x01	; 1
   007C 01                  169 	.db #0x01	; 1
   007D 01                  170 	.db #0x01	; 1
   007E 01                  171 	.db #0x01	; 1
   007F 01                  172 	.db #0x01	; 1
   0080 01                  173 	.db #0x01	; 1
   0081 01                  174 	.db #0x01	; 1
   0082 01                  175 	.db #0x01	; 1
   0083 01                  176 	.db #0x01	; 1
   0084 01                  177 	.db #0x01	; 1
   0085 01                  178 	.db #0x01	; 1
   0086 0F                  179 	.db #0x0F	; 15
   0087 0F                  180 	.db #0x0F	; 15
   0088 01                  181 	.db #0x01	; 1
   0089 01                  182 	.db #0x01	; 1
   008A 01                  183 	.db #0x01	; 1
   008B 01                  184 	.db #0x01	; 1
   008C 01                  185 	.db #0x01	; 1
   008D 01                  186 	.db #0x01	; 1
   008E 01                  187 	.db #0x01	; 1
   008F 01                  188 	.db #0x01	; 1
   0090 01                  189 	.db #0x01	; 1
   0091 01                  190 	.db #0x01	; 1
   0092 01                  191 	.db #0x01	; 1
   0093 01                  192 	.db #0x01	; 1
   0094 01                  193 	.db #0x01	; 1
   0095 01                  194 	.db #0x01	; 1
   0096 01                  195 	.db #0x01	; 1
   0097 01                  196 	.db #0x01	; 1
   0098 01                  197 	.db #0x01	; 1
   0099 01                  198 	.db #0x01	; 1
   009A 01                  199 	.db #0x01	; 1
   009B 01                  200 	.db #0x01	; 1
   009C 01                  201 	.db #0x01	; 1
   009D 01                  202 	.db #0x01	; 1
   009E 01                  203 	.db #0x01	; 1
   009F 0F                  204 	.db #0x0F	; 15
   00A0 0F                  205 	.db #0x0F	; 15
   00A1 01                  206 	.db #0x01	; 1
   00A2 01                  207 	.db #0x01	; 1
   00A3 01                  208 	.db #0x01	; 1
   00A4 01                  209 	.db #0x01	; 1
   00A5 01                  210 	.db #0x01	; 1
   00A6 01                  211 	.db #0x01	; 1
   00A7 01                  212 	.db #0x01	; 1
   00A8 01                  213 	.db #0x01	; 1
   00A9 01                  214 	.db #0x01	; 1
   00AA 01                  215 	.db #0x01	; 1
   00AB 01                  216 	.db #0x01	; 1
   00AC 01                  217 	.db #0x01	; 1
   00AD 01                  218 	.db #0x01	; 1
   00AE 0F                  219 	.db #0x0F	; 15
   00AF 0F                  220 	.db #0x0F	; 15
   00B0 01                  221 	.db #0x01	; 1
   00B1 01                  222 	.db #0x01	; 1
   00B2 01                  223 	.db #0x01	; 1
   00B3 01                  224 	.db #0x01	; 1
   00B4 01                  225 	.db #0x01	; 1
   00B5 01                  226 	.db #0x01	; 1
   00B6 01                  227 	.db #0x01	; 1
   00B7 01                  228 	.db #0x01	; 1
   00B8 01                  229 	.db #0x01	; 1
   00B9 01                  230 	.db #0x01	; 1
   00BA 01                  231 	.db #0x01	; 1
   00BB 01                  232 	.db #0x01	; 1
   00BC 01                  233 	.db #0x01	; 1
   00BD 01                  234 	.db #0x01	; 1
   00BE 01                  235 	.db #0x01	; 1
   00BF 01                  236 	.db #0x01	; 1
   00C0 01                  237 	.db #0x01	; 1
   00C1 01                  238 	.db #0x01	; 1
   00C2 01                  239 	.db #0x01	; 1
   00C3 01                  240 	.db #0x01	; 1
   00C4 01                  241 	.db #0x01	; 1
   00C5 01                  242 	.db #0x01	; 1
   00C6 01                  243 	.db #0x01	; 1
   00C7 0F                  244 	.db #0x0F	; 15
   00C8 0F                  245 	.db #0x0F	; 15
   00C9 01                  246 	.db #0x01	; 1
   00CA 01                  247 	.db #0x01	; 1
   00CB 01                  248 	.db #0x01	; 1
   00CC 01                  249 	.db #0x01	; 1
   00CD 01                  250 	.db #0x01	; 1
   00CE 01                  251 	.db #0x01	; 1
   00CF 0F                  252 	.db #0x0F	; 15
   00D0 0F                  253 	.db #0x0F	; 15
   00D1 01                  254 	.db #0x01	; 1
   00D2 01                  255 	.db #0x01	; 1
   00D3 01                  256 	.db #0x01	; 1
   00D4 01                  257 	.db #0x01	; 1
   00D5 01                  258 	.db #0x01	; 1
   00D6 0F                  259 	.db #0x0F	; 15
   00D7 0F                  260 	.db #0x0F	; 15
   00D8 01                  261 	.db #0x01	; 1
   00D9 01                  262 	.db #0x01	; 1
   00DA 01                  263 	.db #0x01	; 1
   00DB 01                  264 	.db #0x01	; 1
   00DC 01                  265 	.db #0x01	; 1
   00DD 01                  266 	.db #0x01	; 1
   00DE 01                  267 	.db #0x01	; 1
   00DF 01                  268 	.db #0x01	; 1
   00E0 01                  269 	.db #0x01	; 1
   00E1 01                  270 	.db #0x01	; 1
   00E2 01                  271 	.db #0x01	; 1
   00E3 01                  272 	.db #0x01	; 1
   00E4 01                  273 	.db #0x01	; 1
   00E5 01                  274 	.db #0x01	; 1
   00E6 01                  275 	.db #0x01	; 1
   00E7 01                  276 	.db #0x01	; 1
   00E8 01                  277 	.db #0x01	; 1
   00E9 01                  278 	.db #0x01	; 1
   00EA 01                  279 	.db #0x01	; 1
   00EB 01                  280 	.db #0x01	; 1
   00EC 01                  281 	.db #0x01	; 1
   00ED 01                  282 	.db #0x01	; 1
   00EE 01                  283 	.db #0x01	; 1
   00EF 0F                  284 	.db #0x0F	; 15
   00F0 0F                  285 	.db #0x0F	; 15
   00F1 01                  286 	.db #0x01	; 1
   00F2 01                  287 	.db #0x01	; 1
   00F3 01                  288 	.db #0x01	; 1
   00F4 01                  289 	.db #0x01	; 1
   00F5 01                  290 	.db #0x01	; 1
   00F6 01                  291 	.db #0x01	; 1
   00F7 0F                  292 	.db #0x0F	; 15
   00F8 0F                  293 	.db #0x0F	; 15
   00F9 01                  294 	.db #0x01	; 1
   00FA 01                  295 	.db #0x01	; 1
   00FB 01                  296 	.db #0x01	; 1
   00FC 01                  297 	.db #0x01	; 1
   00FD 01                  298 	.db #0x01	; 1
   00FE 0F                  299 	.db #0x0F	; 15
   00FF 0F                  300 	.db #0x0F	; 15
   0100 0F                  301 	.db #0x0F	; 15
   0101 01                  302 	.db #0x01	; 1
   0102 01                  303 	.db #0x01	; 1
   0103 01                  304 	.db #0x01	; 1
   0104 01                  305 	.db #0x01	; 1
   0105 01                  306 	.db #0x01	; 1
   0106 01                  307 	.db #0x01	; 1
   0107 01                  308 	.db #0x01	; 1
   0108 01                  309 	.db #0x01	; 1
   0109 01                  310 	.db #0x01	; 1
   010A 01                  311 	.db #0x01	; 1
   010B 01                  312 	.db #0x01	; 1
   010C 01                  313 	.db #0x01	; 1
   010D 01                  314 	.db #0x01	; 1
   010E 01                  315 	.db #0x01	; 1
   010F 01                  316 	.db #0x01	; 1
   0110 01                  317 	.db #0x01	; 1
   0111 01                  318 	.db #0x01	; 1
   0112 01                  319 	.db #0x01	; 1
   0113 01                  320 	.db #0x01	; 1
   0114 01                  321 	.db #0x01	; 1
   0115 01                  322 	.db #0x01	; 1
   0116 01                  323 	.db #0x01	; 1
   0117 0F                  324 	.db #0x0F	; 15
   0118 0F                  325 	.db #0x0F	; 15
   0119 01                  326 	.db #0x01	; 1
   011A 01                  327 	.db #0x01	; 1
   011B 01                  328 	.db #0x01	; 1
   011C 01                  329 	.db #0x01	; 1
   011D 01                  330 	.db #0x01	; 1
   011E 01                  331 	.db #0x01	; 1
   011F 01                  332 	.db #0x01	; 1
   0120 01                  333 	.db #0x01	; 1
   0121 01                  334 	.db #0x01	; 1
   0122 01                  335 	.db #0x01	; 1
   0123 01                  336 	.db #0x01	; 1
   0124 01                  337 	.db #0x01	; 1
   0125 01                  338 	.db #0x01	; 1
   0126 0F                  339 	.db #0x0F	; 15
   0127 0F                  340 	.db #0x0F	; 15
   0128 0F                  341 	.db #0x0F	; 15
   0129 01                  342 	.db #0x01	; 1
   012A 01                  343 	.db #0x01	; 1
   012B 01                  344 	.db #0x01	; 1
   012C 01                  345 	.db #0x01	; 1
   012D 01                  346 	.db #0x01	; 1
   012E 01                  347 	.db #0x01	; 1
   012F 01                  348 	.db #0x01	; 1
   0130 01                  349 	.db #0x01	; 1
   0131 01                  350 	.db #0x01	; 1
   0132 01                  351 	.db #0x01	; 1
   0133 01                  352 	.db #0x01	; 1
   0134 01                  353 	.db #0x01	; 1
   0135 01                  354 	.db #0x01	; 1
   0136 01                  355 	.db #0x01	; 1
   0137 01                  356 	.db #0x01	; 1
   0138 01                  357 	.db #0x01	; 1
   0139 01                  358 	.db #0x01	; 1
   013A 01                  359 	.db #0x01	; 1
   013B 01                  360 	.db #0x01	; 1
   013C 01                  361 	.db #0x01	; 1
   013D 01                  362 	.db #0x01	; 1
   013E 01                  363 	.db #0x01	; 1
   013F 0F                  364 	.db #0x0F	; 15
   0140 0F                  365 	.db #0x0F	; 15
   0141 01                  366 	.db #0x01	; 1
   0142 01                  367 	.db #0x01	; 1
   0143 01                  368 	.db #0x01	; 1
   0144 01                  369 	.db #0x01	; 1
   0145 01                  370 	.db #0x01	; 1
   0146 01                  371 	.db #0x01	; 1
   0147 01                  372 	.db #0x01	; 1
   0148 01                  373 	.db #0x01	; 1
   0149 01                  374 	.db #0x01	; 1
   014A 01                  375 	.db #0x01	; 1
   014B 01                  376 	.db #0x01	; 1
   014C 01                  377 	.db #0x01	; 1
   014D 01                  378 	.db #0x01	; 1
   014E 01                  379 	.db #0x01	; 1
   014F 0F                  380 	.db #0x0F	; 15
   0150 0F                  381 	.db #0x0F	; 15
   0151 01                  382 	.db #0x01	; 1
   0152 01                  383 	.db #0x01	; 1
   0153 01                  384 	.db #0x01	; 1
   0154 01                  385 	.db #0x01	; 1
   0155 01                  386 	.db #0x01	; 1
   0156 01                  387 	.db #0x01	; 1
   0157 01                  388 	.db #0x01	; 1
   0158 01                  389 	.db #0x01	; 1
   0159 01                  390 	.db #0x01	; 1
   015A 01                  391 	.db #0x01	; 1
   015B 01                  392 	.db #0x01	; 1
   015C 01                  393 	.db #0x01	; 1
   015D 01                  394 	.db #0x01	; 1
   015E 01                  395 	.db #0x01	; 1
   015F 01                  396 	.db #0x01	; 1
   0160 01                  397 	.db #0x01	; 1
   0161 01                  398 	.db #0x01	; 1
   0162 01                  399 	.db #0x01	; 1
   0163 01                  400 	.db #0x01	; 1
   0164 01                  401 	.db #0x01	; 1
   0165 01                  402 	.db #0x01	; 1
   0166 01                  403 	.db #0x01	; 1
   0167 0F                  404 	.db #0x0F	; 15
   0168 0F                  405 	.db #0x0F	; 15
   0169 01                  406 	.db #0x01	; 1
   016A 01                  407 	.db #0x01	; 1
   016B 01                  408 	.db #0x01	; 1
   016C 01                  409 	.db #0x01	; 1
   016D 01                  410 	.db #0x01	; 1
   016E 01                  411 	.db #0x01	; 1
   016F 01                  412 	.db #0x01	; 1
   0170 01                  413 	.db #0x01	; 1
   0171 01                  414 	.db #0x01	; 1
   0172 01                  415 	.db #0x01	; 1
   0173 01                  416 	.db #0x01	; 1
   0174 01                  417 	.db #0x01	; 1
   0175 01                  418 	.db #0x01	; 1
   0176 01                  419 	.db #0x01	; 1
   0177 01                  420 	.db #0x01	; 1
   0178 01                  421 	.db #0x01	; 1
   0179 01                  422 	.db #0x01	; 1
   017A 01                  423 	.db #0x01	; 1
   017B 01                  424 	.db #0x01	; 1
   017C 01                  425 	.db #0x01	; 1
   017D 01                  426 	.db #0x01	; 1
   017E 01                  427 	.db #0x01	; 1
   017F 01                  428 	.db #0x01	; 1
   0180 01                  429 	.db #0x01	; 1
   0181 01                  430 	.db #0x01	; 1
   0182 01                  431 	.db #0x01	; 1
   0183 01                  432 	.db #0x01	; 1
   0184 01                  433 	.db #0x01	; 1
   0185 01                  434 	.db #0x01	; 1
   0186 01                  435 	.db #0x01	; 1
   0187 01                  436 	.db #0x01	; 1
   0188 01                  437 	.db #0x01	; 1
   0189 01                  438 	.db #0x01	; 1
   018A 01                  439 	.db #0x01	; 1
   018B 01                  440 	.db #0x01	; 1
   018C 01                  441 	.db #0x01	; 1
   018D 01                  442 	.db #0x01	; 1
   018E 01                  443 	.db #0x01	; 1
   018F 0F                  444 	.db #0x0F	; 15
   0190 0F                  445 	.db #0x0F	; 15
   0191 01                  446 	.db #0x01	; 1
   0192 01                  447 	.db #0x01	; 1
   0193 01                  448 	.db #0x01	; 1
   0194 01                  449 	.db #0x01	; 1
   0195 01                  450 	.db #0x01	; 1
   0196 01                  451 	.db #0x01	; 1
   0197 01                  452 	.db #0x01	; 1
   0198 01                  453 	.db #0x01	; 1
   0199 01                  454 	.db #0x01	; 1
   019A 01                  455 	.db #0x01	; 1
   019B 01                  456 	.db #0x01	; 1
   019C 01                  457 	.db #0x01	; 1
   019D 01                  458 	.db #0x01	; 1
   019E 01                  459 	.db #0x01	; 1
   019F 01                  460 	.db #0x01	; 1
   01A0 01                  461 	.db #0x01	; 1
   01A1 01                  462 	.db #0x01	; 1
   01A2 01                  463 	.db #0x01	; 1
   01A3 01                  464 	.db #0x01	; 1
   01A4 01                  465 	.db #0x01	; 1
   01A5 01                  466 	.db #0x01	; 1
   01A6 01                  467 	.db #0x01	; 1
   01A7 01                  468 	.db #0x01	; 1
   01A8 01                  469 	.db #0x01	; 1
   01A9 01                  470 	.db #0x01	; 1
   01AA 01                  471 	.db #0x01	; 1
   01AB 01                  472 	.db #0x01	; 1
   01AC 01                  473 	.db #0x01	; 1
   01AD 01                  474 	.db #0x01	; 1
   01AE 0F                  475 	.db #0x0F	; 15
   01AF 0F                  476 	.db #0x0F	; 15
   01B0 01                  477 	.db #0x01	; 1
   01B1 01                  478 	.db #0x01	; 1
   01B2 01                  479 	.db #0x01	; 1
   01B3 01                  480 	.db #0x01	; 1
   01B4 01                  481 	.db #0x01	; 1
   01B5 01                  482 	.db #0x01	; 1
   01B6 01                  483 	.db #0x01	; 1
   01B7 0F                  484 	.db #0x0F	; 15
   01B8 0F                  485 	.db #0x0F	; 15
   01B9 01                  486 	.db #0x01	; 1
   01BA 01                  487 	.db #0x01	; 1
   01BB 01                  488 	.db #0x01	; 1
   01BC 01                  489 	.db #0x01	; 1
   01BD 01                  490 	.db #0x01	; 1
   01BE 01                  491 	.db #0x01	; 1
   01BF 01                  492 	.db #0x01	; 1
   01C0 01                  493 	.db #0x01	; 1
   01C1 01                  494 	.db #0x01	; 1
   01C2 01                  495 	.db #0x01	; 1
   01C3 01                  496 	.db #0x01	; 1
   01C4 01                  497 	.db #0x01	; 1
   01C5 01                  498 	.db #0x01	; 1
   01C6 01                  499 	.db #0x01	; 1
   01C7 01                  500 	.db #0x01	; 1
   01C8 01                  501 	.db #0x01	; 1
   01C9 01                  502 	.db #0x01	; 1
   01CA 01                  503 	.db #0x01	; 1
   01CB 01                  504 	.db #0x01	; 1
   01CC 01                  505 	.db #0x01	; 1
   01CD 01                  506 	.db #0x01	; 1
   01CE 0F                  507 	.db #0x0F	; 15
   01CF 0F                  508 	.db #0x0F	; 15
   01D0 01                  509 	.db #0x01	; 1
   01D1 01                  510 	.db #0x01	; 1
   01D2 01                  511 	.db #0x01	; 1
   01D3 01                  512 	.db #0x01	; 1
   01D4 01                  513 	.db #0x01	; 1
   01D5 01                  514 	.db #0x01	; 1
   01D6 0F                  515 	.db #0x0F	; 15
   01D7 0F                  516 	.db #0x0F	; 15
   01D8 01                  517 	.db #0x01	; 1
   01D9 01                  518 	.db #0x01	; 1
   01DA 01                  519 	.db #0x01	; 1
   01DB 01                  520 	.db #0x01	; 1
   01DC 01                  521 	.db #0x01	; 1
   01DD 01                  522 	.db #0x01	; 1
   01DE 01                  523 	.db #0x01	; 1
   01DF 0F                  524 	.db #0x0F	; 15
   01E0 0F                  525 	.db #0x0F	; 15
   01E1 01                  526 	.db #0x01	; 1
   01E2 01                  527 	.db #0x01	; 1
   01E3 01                  528 	.db #0x01	; 1
   01E4 01                  529 	.db #0x01	; 1
   01E5 01                  530 	.db #0x01	; 1
   01E6 01                  531 	.db #0x01	; 1
   01E7 01                  532 	.db #0x01	; 1
   01E8 01                  533 	.db #0x01	; 1
   01E9 01                  534 	.db #0x01	; 1
   01EA 01                  535 	.db #0x01	; 1
   01EB 01                  536 	.db #0x01	; 1
   01EC 01                  537 	.db #0x01	; 1
   01ED 01                  538 	.db #0x01	; 1
   01EE 01                  539 	.db #0x01	; 1
   01EF 01                  540 	.db #0x01	; 1
   01F0 01                  541 	.db #0x01	; 1
   01F1 01                  542 	.db #0x01	; 1
   01F2 01                  543 	.db #0x01	; 1
   01F3 01                  544 	.db #0x01	; 1
   01F4 01                  545 	.db #0x01	; 1
   01F5 01                  546 	.db #0x01	; 1
   01F6 0F                  547 	.db #0x0F	; 15
   01F7 0F                  548 	.db #0x0F	; 15
   01F8 01                  549 	.db #0x01	; 1
   01F9 01                  550 	.db #0x01	; 1
   01FA 01                  551 	.db #0x01	; 1
   01FB 01                  552 	.db #0x01	; 1
   01FC 01                  553 	.db #0x01	; 1
   01FD 01                  554 	.db #0x01	; 1
   01FE 0F                  555 	.db #0x0F	; 15
   01FF 0F                  556 	.db #0x0F	; 15
   0200 01                  557 	.db #0x01	; 1
   0201 01                  558 	.db #0x01	; 1
   0202 01                  559 	.db #0x01	; 1
   0203 01                  560 	.db #0x01	; 1
   0204 01                  561 	.db #0x01	; 1
   0205 01                  562 	.db #0x01	; 1
   0206 01                  563 	.db #0x01	; 1
   0207 0F                  564 	.db #0x0F	; 15
   0208 0F                  565 	.db #0x0F	; 15
   0209 01                  566 	.db #0x01	; 1
   020A 01                  567 	.db #0x01	; 1
   020B 01                  568 	.db #0x01	; 1
   020C 01                  569 	.db #0x01	; 1
   020D 01                  570 	.db #0x01	; 1
   020E 01                  571 	.db #0x01	; 1
   020F 01                  572 	.db #0x01	; 1
   0210 01                  573 	.db #0x01	; 1
   0211 01                  574 	.db #0x01	; 1
   0212 01                  575 	.db #0x01	; 1
   0213 01                  576 	.db #0x01	; 1
   0214 01                  577 	.db #0x01	; 1
   0215 01                  578 	.db #0x01	; 1
   0216 01                  579 	.db #0x01	; 1
   0217 01                  580 	.db #0x01	; 1
   0218 01                  581 	.db #0x01	; 1
   0219 01                  582 	.db #0x01	; 1
   021A 01                  583 	.db #0x01	; 1
   021B 01                  584 	.db #0x01	; 1
   021C 01                  585 	.db #0x01	; 1
   021D 01                  586 	.db #0x01	; 1
   021E 01                  587 	.db #0x01	; 1
   021F 01                  588 	.db #0x01	; 1
   0220 01                  589 	.db #0x01	; 1
   0221 01                  590 	.db #0x01	; 1
   0222 01                  591 	.db #0x01	; 1
   0223 01                  592 	.db #0x01	; 1
   0224 01                  593 	.db #0x01	; 1
   0225 01                  594 	.db #0x01	; 1
   0226 0F                  595 	.db #0x0F	; 15
   0227 0F                  596 	.db #0x0F	; 15
   0228 01                  597 	.db #0x01	; 1
   0229 01                  598 	.db #0x01	; 1
   022A 01                  599 	.db #0x01	; 1
   022B 01                  600 	.db #0x01	; 1
   022C 01                  601 	.db #0x01	; 1
   022D 01                  602 	.db #0x01	; 1
   022E 01                  603 	.db #0x01	; 1
   022F 0F                  604 	.db #0x0F	; 15
   0230 0F                  605 	.db #0x0F	; 15
   0231 01                  606 	.db #0x01	; 1
   0232 01                  607 	.db #0x01	; 1
   0233 01                  608 	.db #0x01	; 1
   0234 01                  609 	.db #0x01	; 1
   0235 01                  610 	.db #0x01	; 1
   0236 01                  611 	.db #0x01	; 1
   0237 01                  612 	.db #0x01	; 1
   0238 01                  613 	.db #0x01	; 1
   0239 01                  614 	.db #0x01	; 1
   023A 01                  615 	.db #0x01	; 1
   023B 01                  616 	.db #0x01	; 1
   023C 01                  617 	.db #0x01	; 1
   023D 01                  618 	.db #0x01	; 1
   023E 01                  619 	.db #0x01	; 1
   023F 01                  620 	.db #0x01	; 1
   0240 01                  621 	.db #0x01	; 1
   0241 01                  622 	.db #0x01	; 1
   0242 01                  623 	.db #0x01	; 1
   0243 01                  624 	.db #0x01	; 1
   0244 01                  625 	.db #0x01	; 1
   0245 01                  626 	.db #0x01	; 1
   0246 01                  627 	.db #0x01	; 1
   0247 01                  628 	.db #0x01	; 1
   0248 01                  629 	.db #0x01	; 1
   0249 01                  630 	.db #0x01	; 1
   024A 01                  631 	.db #0x01	; 1
   024B 01                  632 	.db #0x01	; 1
   024C 01                  633 	.db #0x01	; 1
   024D 01                  634 	.db #0x01	; 1
   024E 0F                  635 	.db #0x0F	; 15
   024F 0F                  636 	.db #0x0F	; 15
   0250 01                  637 	.db #0x01	; 1
   0251 01                  638 	.db #0x01	; 1
   0252 01                  639 	.db #0x01	; 1
   0253 01                  640 	.db #0x01	; 1
   0254 01                  641 	.db #0x01	; 1
   0255 01                  642 	.db #0x01	; 1
   0256 01                  643 	.db #0x01	; 1
   0257 0F                  644 	.db #0x0F	; 15
   0258 0F                  645 	.db #0x0F	; 15
   0259 01                  646 	.db #0x01	; 1
   025A 01                  647 	.db #0x01	; 1
   025B 01                  648 	.db #0x01	; 1
   025C 01                  649 	.db #0x01	; 1
   025D 01                  650 	.db #0x01	; 1
   025E 01                  651 	.db #0x01	; 1
   025F 01                  652 	.db #0x01	; 1
   0260 01                  653 	.db #0x01	; 1
   0261 01                  654 	.db #0x01	; 1
   0262 01                  655 	.db #0x01	; 1
   0263 01                  656 	.db #0x01	; 1
   0264 01                  657 	.db #0x01	; 1
   0265 01                  658 	.db #0x01	; 1
   0266 01                  659 	.db #0x01	; 1
   0267 01                  660 	.db #0x01	; 1
   0268 01                  661 	.db #0x01	; 1
   0269 01                  662 	.db #0x01	; 1
   026A 01                  663 	.db #0x01	; 1
   026B 01                  664 	.db #0x01	; 1
   026C 01                  665 	.db #0x01	; 1
   026D 01                  666 	.db #0x01	; 1
   026E 01                  667 	.db #0x01	; 1
   026F 01                  668 	.db #0x01	; 1
   0270 01                  669 	.db #0x01	; 1
   0271 01                  670 	.db #0x01	; 1
   0272 01                  671 	.db #0x01	; 1
   0273 01                  672 	.db #0x01	; 1
   0274 01                  673 	.db #0x01	; 1
   0275 01                  674 	.db #0x01	; 1
   0276 01                  675 	.db #0x01	; 1
   0277 01                  676 	.db #0x01	; 1
   0278 01                  677 	.db #0x01	; 1
   0279 01                  678 	.db #0x01	; 1
   027A 01                  679 	.db #0x01	; 1
   027B 01                  680 	.db #0x01	; 1
   027C 01                  681 	.db #0x01	; 1
   027D 01                  682 	.db #0x01	; 1
   027E 01                  683 	.db #0x01	; 1
   027F 0F                  684 	.db #0x0F	; 15
   0280 0F                  685 	.db #0x0F	; 15
   0281 01                  686 	.db #0x01	; 1
   0282 01                  687 	.db #0x01	; 1
   0283 01                  688 	.db #0x01	; 1
   0284 01                  689 	.db #0x01	; 1
   0285 01                  690 	.db #0x01	; 1
   0286 01                  691 	.db #0x01	; 1
   0287 01                  692 	.db #0x01	; 1
   0288 01                  693 	.db #0x01	; 1
   0289 01                  694 	.db #0x01	; 1
   028A 01                  695 	.db #0x01	; 1
   028B 01                  696 	.db #0x01	; 1
   028C 01                  697 	.db #0x01	; 1
   028D 01                  698 	.db #0x01	; 1
   028E 01                  699 	.db #0x01	; 1
   028F 01                  700 	.db #0x01	; 1
   0290 01                  701 	.db #0x01	; 1
   0291 01                  702 	.db #0x01	; 1
   0292 01                  703 	.db #0x01	; 1
   0293 01                  704 	.db #0x01	; 1
   0294 01                  705 	.db #0x01	; 1
   0295 01                  706 	.db #0x01	; 1
   0296 01                  707 	.db #0x01	; 1
   0297 01                  708 	.db #0x01	; 1
   0298 01                  709 	.db #0x01	; 1
   0299 01                  710 	.db #0x01	; 1
   029A 01                  711 	.db #0x01	; 1
   029B 01                  712 	.db #0x01	; 1
   029C 01                  713 	.db #0x01	; 1
   029D 01                  714 	.db #0x01	; 1
   029E 01                  715 	.db #0x01	; 1
   029F 01                  716 	.db #0x01	; 1
   02A0 01                  717 	.db #0x01	; 1
   02A1 01                  718 	.db #0x01	; 1
   02A2 01                  719 	.db #0x01	; 1
   02A3 01                  720 	.db #0x01	; 1
   02A4 01                  721 	.db #0x01	; 1
   02A5 01                  722 	.db #0x01	; 1
   02A6 01                  723 	.db #0x01	; 1
   02A7 0F                  724 	.db #0x0F	; 15
   02A8 0F                  725 	.db #0x0F	; 15
   02A9 01                  726 	.db #0x01	; 1
   02AA 01                  727 	.db #0x01	; 1
   02AB 01                  728 	.db #0x01	; 1
   02AC 01                  729 	.db #0x01	; 1
   02AD 01                  730 	.db #0x01	; 1
   02AE 01                  731 	.db #0x01	; 1
   02AF 01                  732 	.db #0x01	; 1
   02B0 01                  733 	.db #0x01	; 1
   02B1 01                  734 	.db #0x01	; 1
   02B2 01                  735 	.db #0x01	; 1
   02B3 01                  736 	.db #0x01	; 1
   02B4 01                  737 	.db #0x01	; 1
   02B5 01                  738 	.db #0x01	; 1
   02B6 01                  739 	.db #0x01	; 1
   02B7 01                  740 	.db #0x01	; 1
   02B8 01                  741 	.db #0x01	; 1
   02B9 01                  742 	.db #0x01	; 1
   02BA 01                  743 	.db #0x01	; 1
   02BB 01                  744 	.db #0x01	; 1
   02BC 01                  745 	.db #0x01	; 1
   02BD 01                  746 	.db #0x01	; 1
   02BE 01                  747 	.db #0x01	; 1
   02BF 01                  748 	.db #0x01	; 1
   02C0 01                  749 	.db #0x01	; 1
   02C1 01                  750 	.db #0x01	; 1
   02C2 01                  751 	.db #0x01	; 1
   02C3 01                  752 	.db #0x01	; 1
   02C4 01                  753 	.db #0x01	; 1
   02C5 01                  754 	.db #0x01	; 1
   02C6 01                  755 	.db #0x01	; 1
   02C7 01                  756 	.db #0x01	; 1
   02C8 01                  757 	.db #0x01	; 1
   02C9 01                  758 	.db #0x01	; 1
   02CA 01                  759 	.db #0x01	; 1
   02CB 01                  760 	.db #0x01	; 1
   02CC 01                  761 	.db #0x01	; 1
   02CD 01                  762 	.db #0x01	; 1
   02CE 01                  763 	.db #0x01	; 1
   02CF 0F                  764 	.db #0x0F	; 15
   02D0 0F                  765 	.db #0x0F	; 15
   02D1 01                  766 	.db #0x01	; 1
   02D2 01                  767 	.db #0x01	; 1
   02D3 01                  768 	.db #0x01	; 1
   02D4 01                  769 	.db #0x01	; 1
   02D5 01                  770 	.db #0x01	; 1
   02D6 01                  771 	.db #0x01	; 1
   02D7 01                  772 	.db #0x01	; 1
   02D8 01                  773 	.db #0x01	; 1
   02D9 01                  774 	.db #0x01	; 1
   02DA 01                  775 	.db #0x01	; 1
   02DB 01                  776 	.db #0x01	; 1
   02DC 01                  777 	.db #0x01	; 1
   02DD 01                  778 	.db #0x01	; 1
   02DE 01                  779 	.db #0x01	; 1
   02DF 01                  780 	.db #0x01	; 1
   02E0 01                  781 	.db #0x01	; 1
   02E1 01                  782 	.db #0x01	; 1
   02E2 01                  783 	.db #0x01	; 1
   02E3 01                  784 	.db #0x01	; 1
   02E4 01                  785 	.db #0x01	; 1
   02E5 01                  786 	.db #0x01	; 1
   02E6 01                  787 	.db #0x01	; 1
   02E7 01                  788 	.db #0x01	; 1
   02E8 01                  789 	.db #0x01	; 1
   02E9 01                  790 	.db #0x01	; 1
   02EA 01                  791 	.db #0x01	; 1
   02EB 01                  792 	.db #0x01	; 1
   02EC 01                  793 	.db #0x01	; 1
   02ED 01                  794 	.db #0x01	; 1
   02EE 01                  795 	.db #0x01	; 1
   02EF 01                  796 	.db #0x01	; 1
   02F0 01                  797 	.db #0x01	; 1
   02F1 01                  798 	.db #0x01	; 1
   02F2 01                  799 	.db #0x01	; 1
   02F3 01                  800 	.db #0x01	; 1
   02F4 01                  801 	.db #0x01	; 1
   02F5 01                  802 	.db #0x01	; 1
   02F6 01                  803 	.db #0x01	; 1
   02F7 0F                  804 	.db #0x0F	; 15
   02F8 01                  805 	.db #0x01	; 1
   02F9 01                  806 	.db #0x01	; 1
   02FA 01                  807 	.db #0x01	; 1
   02FB 01                  808 	.db #0x01	; 1
   02FC 01                  809 	.db #0x01	; 1
   02FD 01                  810 	.db #0x01	; 1
   02FE 01                  811 	.db #0x01	; 1
   02FF 01                  812 	.db #0x01	; 1
   0300 01                  813 	.db #0x01	; 1
   0301 01                  814 	.db #0x01	; 1
   0302 01                  815 	.db #0x01	; 1
   0303 01                  816 	.db #0x01	; 1
   0304 01                  817 	.db #0x01	; 1
   0305 01                  818 	.db #0x01	; 1
   0306 01                  819 	.db #0x01	; 1
   0307 01                  820 	.db #0x01	; 1
   0308 01                  821 	.db #0x01	; 1
   0309 01                  822 	.db #0x01	; 1
   030A 01                  823 	.db #0x01	; 1
   030B 01                  824 	.db #0x01	; 1
   030C 01                  825 	.db #0x01	; 1
   030D 01                  826 	.db #0x01	; 1
   030E 01                  827 	.db #0x01	; 1
   030F 01                  828 	.db #0x01	; 1
   0310 01                  829 	.db #0x01	; 1
   0311 01                  830 	.db #0x01	; 1
   0312 01                  831 	.db #0x01	; 1
   0313 01                  832 	.db #0x01	; 1
   0314 01                  833 	.db #0x01	; 1
   0315 01                  834 	.db #0x01	; 1
   0316 01                  835 	.db #0x01	; 1
   0317 01                  836 	.db #0x01	; 1
   0318 01                  837 	.db #0x01	; 1
   0319 01                  838 	.db #0x01	; 1
   031A 01                  839 	.db #0x01	; 1
   031B 01                  840 	.db #0x01	; 1
   031C 01                  841 	.db #0x01	; 1
   031D 01                  842 	.db #0x01	; 1
   031E 01                  843 	.db #0x01	; 1
   031F 01                  844 	.db #0x01	; 1
   0320 01                  845 	.db #0x01	; 1
   0321 01                  846 	.db #0x01	; 1
   0322 01                  847 	.db #0x01	; 1
   0323 01                  848 	.db #0x01	; 1
   0324 01                  849 	.db #0x01	; 1
   0325 01                  850 	.db #0x01	; 1
   0326 01                  851 	.db #0x01	; 1
   0327 01                  852 	.db #0x01	; 1
   0328 01                  853 	.db #0x01	; 1
   0329 01                  854 	.db #0x01	; 1
   032A 01                  855 	.db #0x01	; 1
   032B 01                  856 	.db #0x01	; 1
   032C 01                  857 	.db #0x01	; 1
   032D 01                  858 	.db #0x01	; 1
   032E 01                  859 	.db #0x01	; 1
   032F 01                  860 	.db #0x01	; 1
   0330 01                  861 	.db #0x01	; 1
   0331 01                  862 	.db #0x01	; 1
   0332 01                  863 	.db #0x01	; 1
   0333 01                  864 	.db #0x01	; 1
   0334 01                  865 	.db #0x01	; 1
   0335 01                  866 	.db #0x01	; 1
   0336 01                  867 	.db #0x01	; 1
   0337 01                  868 	.db #0x01	; 1
   0338 01                  869 	.db #0x01	; 1
   0339 01                  870 	.db #0x01	; 1
   033A 01                  871 	.db #0x01	; 1
   033B 01                  872 	.db #0x01	; 1
   033C 01                  873 	.db #0x01	; 1
   033D 01                  874 	.db #0x01	; 1
   033E 01                  875 	.db #0x01	; 1
   033F 01                  876 	.db #0x01	; 1
   0340 01                  877 	.db #0x01	; 1
   0341 01                  878 	.db #0x01	; 1
   0342 01                  879 	.db #0x01	; 1
   0343 01                  880 	.db #0x01	; 1
   0344 01                  881 	.db #0x01	; 1
   0345 01                  882 	.db #0x01	; 1
   0346 01                  883 	.db #0x01	; 1
   0347 01                  884 	.db #0x01	; 1
   0348 01                  885 	.db #0x01	; 1
   0349 01                  886 	.db #0x01	; 1
   034A 01                  887 	.db #0x01	; 1
   034B 01                  888 	.db #0x01	; 1
   034C 01                  889 	.db #0x01	; 1
   034D 01                  890 	.db #0x01	; 1
   034E 01                  891 	.db #0x01	; 1
   034F 0F                  892 	.db #0x0F	; 15
   0350 0F                  893 	.db #0x0F	; 15
   0351 0F                  894 	.db #0x0F	; 15
   0352 0F                  895 	.db #0x0F	; 15
   0353 01                  896 	.db #0x01	; 1
   0354 01                  897 	.db #0x01	; 1
   0355 01                  898 	.db #0x01	; 1
   0356 01                  899 	.db #0x01	; 1
   0357 01                  900 	.db #0x01	; 1
   0358 01                  901 	.db #0x01	; 1
   0359 01                  902 	.db #0x01	; 1
   035A 01                  903 	.db #0x01	; 1
   035B 01                  904 	.db #0x01	; 1
   035C 01                  905 	.db #0x01	; 1
   035D 01                  906 	.db #0x01	; 1
   035E 01                  907 	.db #0x01	; 1
   035F 01                  908 	.db #0x01	; 1
   0360 01                  909 	.db #0x01	; 1
   0361 01                  910 	.db #0x01	; 1
   0362 01                  911 	.db #0x01	; 1
   0363 01                  912 	.db #0x01	; 1
   0364 01                  913 	.db #0x01	; 1
   0365 01                  914 	.db #0x01	; 1
   0366 01                  915 	.db #0x01	; 1
   0367 01                  916 	.db #0x01	; 1
   0368 01                  917 	.db #0x01	; 1
   0369 01                  918 	.db #0x01	; 1
   036A 01                  919 	.db #0x01	; 1
   036B 01                  920 	.db #0x01	; 1
   036C 01                  921 	.db #0x01	; 1
   036D 01                  922 	.db #0x01	; 1
   036E 01                  923 	.db #0x01	; 1
   036F 01                  924 	.db #0x01	; 1
   0370 01                  925 	.db #0x01	; 1
   0371 01                  926 	.db #0x01	; 1
   0372 01                  927 	.db #0x01	; 1
   0373 01                  928 	.db #0x01	; 1
   0374 01                  929 	.db #0x01	; 1
   0375 01                  930 	.db #0x01	; 1
   0376 01                  931 	.db #0x01	; 1
   0377 0F                  932 	.db #0x0F	; 15
   0378 0F                  933 	.db #0x0F	; 15
   0379 0F                  934 	.db #0x0F	; 15
   037A 0F                  935 	.db #0x0F	; 15
   037B 01                  936 	.db #0x01	; 1
   037C 01                  937 	.db #0x01	; 1
   037D 01                  938 	.db #0x01	; 1
   037E 01                  939 	.db #0x01	; 1
   037F 01                  940 	.db #0x01	; 1
   0380 01                  941 	.db #0x01	; 1
   0381 01                  942 	.db #0x01	; 1
   0382 01                  943 	.db #0x01	; 1
   0383 01                  944 	.db #0x01	; 1
   0384 01                  945 	.db #0x01	; 1
   0385 01                  946 	.db #0x01	; 1
   0386 01                  947 	.db #0x01	; 1
   0387 01                  948 	.db #0x01	; 1
   0388 01                  949 	.db #0x01	; 1
   0389 01                  950 	.db #0x01	; 1
   038A 01                  951 	.db #0x01	; 1
   038B 01                  952 	.db #0x01	; 1
   038C 01                  953 	.db #0x01	; 1
   038D 01                  954 	.db #0x01	; 1
   038E 01                  955 	.db #0x01	; 1
   038F 01                  956 	.db #0x01	; 1
   0390 01                  957 	.db #0x01	; 1
   0391 01                  958 	.db #0x01	; 1
   0392 01                  959 	.db #0x01	; 1
   0393 01                  960 	.db #0x01	; 1
   0394 01                  961 	.db #0x01	; 1
   0395 01                  962 	.db #0x01	; 1
   0396 01                  963 	.db #0x01	; 1
   0397 01                  964 	.db #0x01	; 1
   0398 01                  965 	.db #0x01	; 1
   0399 01                  966 	.db #0x01	; 1
   039A 01                  967 	.db #0x01	; 1
   039B 01                  968 	.db #0x01	; 1
   039C 01                  969 	.db #0x01	; 1
   039D 01                  970 	.db #0x01	; 1
   039E 01                  971 	.db #0x01	; 1
   039F 01                  972 	.db #0x01	; 1
   03A0 01                  973 	.db #0x01	; 1
   03A1 01                  974 	.db #0x01	; 1
   03A2 01                  975 	.db #0x01	; 1
   03A3 01                  976 	.db #0x01	; 1
   03A4 01                  977 	.db #0x01	; 1
   03A5 01                  978 	.db #0x01	; 1
   03A6 01                  979 	.db #0x01	; 1
   03A7 01                  980 	.db #0x01	; 1
   03A8 01                  981 	.db #0x01	; 1
   03A9 01                  982 	.db #0x01	; 1
   03AA 01                  983 	.db #0x01	; 1
   03AB 01                  984 	.db #0x01	; 1
   03AC 01                  985 	.db #0x01	; 1
   03AD 01                  986 	.db #0x01	; 1
   03AE 01                  987 	.db #0x01	; 1
   03AF 01                  988 	.db #0x01	; 1
   03B0 01                  989 	.db #0x01	; 1
   03B1 01                  990 	.db #0x01	; 1
   03B2 01                  991 	.db #0x01	; 1
   03B3 01                  992 	.db #0x01	; 1
   03B4 01                  993 	.db #0x01	; 1
   03B5 01                  994 	.db #0x01	; 1
   03B6 01                  995 	.db #0x01	; 1
   03B7 01                  996 	.db #0x01	; 1
   03B8 01                  997 	.db #0x01	; 1
   03B9 01                  998 	.db #0x01	; 1
   03BA 01                  999 	.db #0x01	; 1
   03BB 01                 1000 	.db #0x01	; 1
   03BC 01                 1001 	.db #0x01	; 1
   03BD 01                 1002 	.db #0x01	; 1
   03BE 01                 1003 	.db #0x01	; 1
   03BF 01                 1004 	.db #0x01	; 1
   03C0 01                 1005 	.db #0x01	; 1
   03C1 01                 1006 	.db #0x01	; 1
   03C2 01                 1007 	.db #0x01	; 1
   03C3 01                 1008 	.db #0x01	; 1
   03C4 01                 1009 	.db #0x01	; 1
   03C5 01                 1010 	.db #0x01	; 1
   03C6 01                 1011 	.db #0x01	; 1
   03C7 01                 1012 	.db #0x01	; 1
   03C8 01                 1013 	.db #0x01	; 1
   03C9 01                 1014 	.db #0x01	; 1
   03CA 01                 1015 	.db #0x01	; 1
   03CB 01                 1016 	.db #0x01	; 1
   03CC 01                 1017 	.db #0x01	; 1
   03CD 01                 1018 	.db #0x01	; 1
   03CE 01                 1019 	.db #0x01	; 1
   03CF 01                 1020 	.db #0x01	; 1
   03D0 01                 1021 	.db #0x01	; 1
   03D1 01                 1022 	.db #0x01	; 1
   03D2 01                 1023 	.db #0x01	; 1
   03D3 01                 1024 	.db #0x01	; 1
   03D4 01                 1025 	.db #0x01	; 1
   03D5 01                 1026 	.db #0x01	; 1
   03D6 01                 1027 	.db #0x01	; 1
   03D7 01                 1028 	.db #0x01	; 1
   03D8 01                 1029 	.db #0x01	; 1
   03D9 01                 1030 	.db #0x01	; 1
   03DA 01                 1031 	.db #0x01	; 1
   03DB 01                 1032 	.db #0x01	; 1
   03DC 01                 1033 	.db #0x01	; 1
   03DD 01                 1034 	.db #0x01	; 1
   03DE 01                 1035 	.db #0x01	; 1
   03DF 01                 1036 	.db #0x01	; 1
   03E0 01                 1037 	.db #0x01	; 1
   03E1 01                 1038 	.db #0x01	; 1
   03E2 01                 1039 	.db #0x01	; 1
   03E3 01                 1040 	.db #0x01	; 1
   03E4 01                 1041 	.db #0x01	; 1
   03E5 01                 1042 	.db #0x01	; 1
   03E6 01                 1043 	.db #0x01	; 1
   03E7 01                 1044 	.db #0x01	; 1
   03E8 0F                 1045 	.db #0x0F	; 15
   03E9 01                 1046 	.db #0x01	; 1
   03EA 01                 1047 	.db #0x01	; 1
   03EB 01                 1048 	.db #0x01	; 1
   03EC 01                 1049 	.db #0x01	; 1
   03ED 01                 1050 	.db #0x01	; 1
   03EE 01                 1051 	.db #0x01	; 1
   03EF 01                 1052 	.db #0x01	; 1
   03F0 01                 1053 	.db #0x01	; 1
   03F1 01                 1054 	.db #0x01	; 1
   03F2 01                 1055 	.db #0x01	; 1
   03F3 01                 1056 	.db #0x01	; 1
   03F4 01                 1057 	.db #0x01	; 1
   03F5 01                 1058 	.db #0x01	; 1
   03F6 01                 1059 	.db #0x01	; 1
   03F7 01                 1060 	.db #0x01	; 1
   03F8 01                 1061 	.db #0x01	; 1
   03F9 01                 1062 	.db #0x01	; 1
   03FA 01                 1063 	.db #0x01	; 1
   03FB 01                 1064 	.db #0x01	; 1
   03FC 01                 1065 	.db #0x01	; 1
   03FD 01                 1066 	.db #0x01	; 1
   03FE 01                 1067 	.db #0x01	; 1
   03FF 01                 1068 	.db #0x01	; 1
   0400 01                 1069 	.db #0x01	; 1
   0401 01                 1070 	.db #0x01	; 1
   0402 01                 1071 	.db #0x01	; 1
   0403 01                 1072 	.db #0x01	; 1
   0404 01                 1073 	.db #0x01	; 1
   0405 01                 1074 	.db #0x01	; 1
   0406 01                 1075 	.db #0x01	; 1
   0407 01                 1076 	.db #0x01	; 1
   0408 01                 1077 	.db #0x01	; 1
   0409 01                 1078 	.db #0x01	; 1
   040A 01                 1079 	.db #0x01	; 1
   040B 01                 1080 	.db #0x01	; 1
   040C 01                 1081 	.db #0x01	; 1
   040D 01                 1082 	.db #0x01	; 1
   040E 01                 1083 	.db #0x01	; 1
   040F 0F                 1084 	.db #0x0F	; 15
   0410 0F                 1085 	.db #0x0F	; 15
   0411 01                 1086 	.db #0x01	; 1
   0412 01                 1087 	.db #0x01	; 1
   0413 01                 1088 	.db #0x01	; 1
   0414 01                 1089 	.db #0x01	; 1
   0415 01                 1090 	.db #0x01	; 1
   0416 01                 1091 	.db #0x01	; 1
   0417 01                 1092 	.db #0x01	; 1
   0418 01                 1093 	.db #0x01	; 1
   0419 01                 1094 	.db #0x01	; 1
   041A 01                 1095 	.db #0x01	; 1
   041B 01                 1096 	.db #0x01	; 1
   041C 01                 1097 	.db #0x01	; 1
   041D 01                 1098 	.db #0x01	; 1
   041E 01                 1099 	.db #0x01	; 1
   041F 01                 1100 	.db #0x01	; 1
   0420 01                 1101 	.db #0x01	; 1
   0421 01                 1102 	.db #0x01	; 1
   0422 01                 1103 	.db #0x01	; 1
   0423 01                 1104 	.db #0x01	; 1
   0424 01                 1105 	.db #0x01	; 1
   0425 01                 1106 	.db #0x01	; 1
   0426 01                 1107 	.db #0x01	; 1
   0427 01                 1108 	.db #0x01	; 1
   0428 01                 1109 	.db #0x01	; 1
   0429 01                 1110 	.db #0x01	; 1
   042A 01                 1111 	.db #0x01	; 1
   042B 01                 1112 	.db #0x01	; 1
   042C 01                 1113 	.db #0x01	; 1
   042D 01                 1114 	.db #0x01	; 1
   042E 01                 1115 	.db #0x01	; 1
   042F 01                 1116 	.db #0x01	; 1
   0430 01                 1117 	.db #0x01	; 1
   0431 01                 1118 	.db #0x01	; 1
   0432 01                 1119 	.db #0x01	; 1
   0433 01                 1120 	.db #0x01	; 1
   0434 01                 1121 	.db #0x01	; 1
   0435 01                 1122 	.db #0x01	; 1
   0436 01                 1123 	.db #0x01	; 1
   0437 0F                 1124 	.db #0x0F	; 15
   0438 0F                 1125 	.db #0x0F	; 15
   0439 01                 1126 	.db #0x01	; 1
   043A 01                 1127 	.db #0x01	; 1
   043B 01                 1128 	.db #0x01	; 1
   043C 01                 1129 	.db #0x01	; 1
   043D 01                 1130 	.db #0x01	; 1
   043E 01                 1131 	.db #0x01	; 1
   043F 01                 1132 	.db #0x01	; 1
   0440 01                 1133 	.db #0x01	; 1
   0441 01                 1134 	.db #0x01	; 1
   0442 01                 1135 	.db #0x01	; 1
   0443 01                 1136 	.db #0x01	; 1
   0444 01                 1137 	.db #0x01	; 1
   0445 01                 1138 	.db #0x01	; 1
   0446 01                 1139 	.db #0x01	; 1
   0447 01                 1140 	.db #0x01	; 1
   0448 01                 1141 	.db #0x01	; 1
   0449 01                 1142 	.db #0x01	; 1
   044A 01                 1143 	.db #0x01	; 1
   044B 01                 1144 	.db #0x01	; 1
   044C 01                 1145 	.db #0x01	; 1
   044D 01                 1146 	.db #0x01	; 1
   044E 01                 1147 	.db #0x01	; 1
   044F 01                 1148 	.db #0x01	; 1
   0450 01                 1149 	.db #0x01	; 1
   0451 01                 1150 	.db #0x01	; 1
   0452 01                 1151 	.db #0x01	; 1
   0453 01                 1152 	.db #0x01	; 1
   0454 01                 1153 	.db #0x01	; 1
   0455 01                 1154 	.db #0x01	; 1
   0456 01                 1155 	.db #0x01	; 1
   0457 01                 1156 	.db #0x01	; 1
   0458 01                 1157 	.db #0x01	; 1
   0459 01                 1158 	.db #0x01	; 1
   045A 01                 1159 	.db #0x01	; 1
   045B 01                 1160 	.db #0x01	; 1
   045C 01                 1161 	.db #0x01	; 1
   045D 01                 1162 	.db #0x01	; 1
   045E 01                 1163 	.db #0x01	; 1
   045F 0F                 1164 	.db #0x0F	; 15
   0460 0F                 1165 	.db #0x0F	; 15
   0461 01                 1166 	.db #0x01	; 1
   0462 01                 1167 	.db #0x01	; 1
   0463 01                 1168 	.db #0x01	; 1
   0464 01                 1169 	.db #0x01	; 1
   0465 01                 1170 	.db #0x01	; 1
   0466 01                 1171 	.db #0x01	; 1
   0467 01                 1172 	.db #0x01	; 1
   0468 01                 1173 	.db #0x01	; 1
   0469 01                 1174 	.db #0x01	; 1
   046A 01                 1175 	.db #0x01	; 1
   046B 01                 1176 	.db #0x01	; 1
   046C 01                 1177 	.db #0x01	; 1
   046D 01                 1178 	.db #0x01	; 1
   046E 01                 1179 	.db #0x01	; 1
   046F 01                 1180 	.db #0x01	; 1
   0470 01                 1181 	.db #0x01	; 1
   0471 01                 1182 	.db #0x01	; 1
   0472 01                 1183 	.db #0x01	; 1
   0473 01                 1184 	.db #0x01	; 1
   0474 01                 1185 	.db #0x01	; 1
   0475 01                 1186 	.db #0x01	; 1
   0476 01                 1187 	.db #0x01	; 1
   0477 01                 1188 	.db #0x01	; 1
   0478 01                 1189 	.db #0x01	; 1
   0479 01                 1190 	.db #0x01	; 1
   047A 01                 1191 	.db #0x01	; 1
   047B 01                 1192 	.db #0x01	; 1
   047C 01                 1193 	.db #0x01	; 1
   047D 01                 1194 	.db #0x01	; 1
   047E 01                 1195 	.db #0x01	; 1
   047F 01                 1196 	.db #0x01	; 1
   0480 01                 1197 	.db #0x01	; 1
   0481 01                 1198 	.db #0x01	; 1
   0482 01                 1199 	.db #0x01	; 1
   0483 01                 1200 	.db #0x01	; 1
   0484 01                 1201 	.db #0x01	; 1
   0485 01                 1202 	.db #0x01	; 1
   0486 01                 1203 	.db #0x01	; 1
   0487 0F                 1204 	.db #0x0F	; 15
   0488 0F                 1205 	.db #0x0F	; 15
   0489 01                 1206 	.db #0x01	; 1
   048A 01                 1207 	.db #0x01	; 1
   048B 01                 1208 	.db #0x01	; 1
   048C 01                 1209 	.db #0x01	; 1
   048D 01                 1210 	.db #0x01	; 1
   048E 01                 1211 	.db #0x01	; 1
   048F 01                 1212 	.db #0x01	; 1
   0490 01                 1213 	.db #0x01	; 1
   0491 01                 1214 	.db #0x01	; 1
   0492 01                 1215 	.db #0x01	; 1
   0493 01                 1216 	.db #0x01	; 1
   0494 01                 1217 	.db #0x01	; 1
   0495 01                 1218 	.db #0x01	; 1
   0496 01                 1219 	.db #0x01	; 1
   0497 01                 1220 	.db #0x01	; 1
   0498 01                 1221 	.db #0x01	; 1
   0499 01                 1222 	.db #0x01	; 1
   049A 01                 1223 	.db #0x01	; 1
   049B 01                 1224 	.db #0x01	; 1
   049C 01                 1225 	.db #0x01	; 1
   049D 01                 1226 	.db #0x01	; 1
   049E 01                 1227 	.db #0x01	; 1
   049F 01                 1228 	.db #0x01	; 1
   04A0 01                 1229 	.db #0x01	; 1
   04A1 01                 1230 	.db #0x01	; 1
   04A2 01                 1231 	.db #0x01	; 1
   04A3 01                 1232 	.db #0x01	; 1
   04A4 01                 1233 	.db #0x01	; 1
   04A5 01                 1234 	.db #0x01	; 1
   04A6 0F                 1235 	.db #0x0F	; 15
   04A7 0F                 1236 	.db #0x0F	; 15
   04A8 01                 1237 	.db #0x01	; 1
   04A9 01                 1238 	.db #0x01	; 1
   04AA 01                 1239 	.db #0x01	; 1
   04AB 01                 1240 	.db #0x01	; 1
   04AC 01                 1241 	.db #0x01	; 1
   04AD 01                 1242 	.db #0x01	; 1
   04AE 01                 1243 	.db #0x01	; 1
   04AF 0F                 1244 	.db #0x0F	; 15
   04B0 0F                 1245 	.db #0x0F	; 15
   04B1 01                 1246 	.db #0x01	; 1
   04B2 01                 1247 	.db #0x01	; 1
   04B3 01                 1248 	.db #0x01	; 1
   04B4 01                 1249 	.db #0x01	; 1
   04B5 01                 1250 	.db #0x01	; 1
   04B6 01                 1251 	.db #0x01	; 1
   04B7 01                 1252 	.db #0x01	; 1
   04B8 01                 1253 	.db #0x01	; 1
   04B9 01                 1254 	.db #0x01	; 1
   04BA 01                 1255 	.db #0x01	; 1
   04BB 01                 1256 	.db #0x01	; 1
   04BC 01                 1257 	.db #0x01	; 1
   04BD 01                 1258 	.db #0x01	; 1
   04BE 01                 1259 	.db #0x01	; 1
   04BF 01                 1260 	.db #0x01	; 1
   04C0 01                 1261 	.db #0x01	; 1
   04C1 01                 1262 	.db #0x01	; 1
   04C2 01                 1263 	.db #0x01	; 1
   04C3 01                 1264 	.db #0x01	; 1
   04C4 01                 1265 	.db #0x01	; 1
   04C5 01                 1266 	.db #0x01	; 1
   04C6 01                 1267 	.db #0x01	; 1
   04C7 01                 1268 	.db #0x01	; 1
   04C8 01                 1269 	.db #0x01	; 1
   04C9 01                 1270 	.db #0x01	; 1
   04CA 01                 1271 	.db #0x01	; 1
   04CB 01                 1272 	.db #0x01	; 1
   04CC 01                 1273 	.db #0x01	; 1
   04CD 01                 1274 	.db #0x01	; 1
   04CE 0F                 1275 	.db #0x0F	; 15
   04CF 0F                 1276 	.db #0x0F	; 15
   04D0 01                 1277 	.db #0x01	; 1
   04D1 01                 1278 	.db #0x01	; 1
   04D2 01                 1279 	.db #0x01	; 1
   04D3 01                 1280 	.db #0x01	; 1
   04D4 01                 1281 	.db #0x01	; 1
   04D5 01                 1282 	.db #0x01	; 1
   04D6 01                 1283 	.db #0x01	; 1
   04D7 0F                 1284 	.db #0x0F	; 15
   04D8 0F                 1285 	.db #0x0F	; 15
   04D9 01                 1286 	.db #0x01	; 1
   04DA 01                 1287 	.db #0x01	; 1
   04DB 01                 1288 	.db #0x01	; 1
   04DC 01                 1289 	.db #0x01	; 1
   04DD 01                 1290 	.db #0x01	; 1
   04DE 01                 1291 	.db #0x01	; 1
   04DF 01                 1292 	.db #0x01	; 1
   04E0 01                 1293 	.db #0x01	; 1
   04E1 01                 1294 	.db #0x01	; 1
   04E2 01                 1295 	.db #0x01	; 1
   04E3 01                 1296 	.db #0x01	; 1
   04E4 01                 1297 	.db #0x01	; 1
   04E5 01                 1298 	.db #0x01	; 1
   04E6 01                 1299 	.db #0x01	; 1
   04E7 01                 1300 	.db #0x01	; 1
   04E8 01                 1301 	.db #0x01	; 1
   04E9 01                 1302 	.db #0x01	; 1
   04EA 01                 1303 	.db #0x01	; 1
   04EB 01                 1304 	.db #0x01	; 1
   04EC 01                 1305 	.db #0x01	; 1
   04ED 01                 1306 	.db #0x01	; 1
   04EE 0F                 1307 	.db #0x0F	; 15
   04EF 0F                 1308 	.db #0x0F	; 15
   04F0 01                 1309 	.db #0x01	; 1
   04F1 01                 1310 	.db #0x01	; 1
   04F2 01                 1311 	.db #0x01	; 1
   04F3 01                 1312 	.db #0x01	; 1
   04F4 01                 1313 	.db #0x01	; 1
   04F5 01                 1314 	.db #0x01	; 1
   04F6 0F                 1315 	.db #0x0F	; 15
   04F7 0F                 1316 	.db #0x0F	; 15
   04F8 01                 1317 	.db #0x01	; 1
   04F9 01                 1318 	.db #0x01	; 1
   04FA 01                 1319 	.db #0x01	; 1
   04FB 01                 1320 	.db #0x01	; 1
   04FC 01                 1321 	.db #0x01	; 1
   04FD 01                 1322 	.db #0x01	; 1
   04FE 01                 1323 	.db #0x01	; 1
   04FF 0F                 1324 	.db #0x0F	; 15
   0500 0F                 1325 	.db #0x0F	; 15
   0501 01                 1326 	.db #0x01	; 1
   0502 01                 1327 	.db #0x01	; 1
   0503 01                 1328 	.db #0x01	; 1
   0504 01                 1329 	.db #0x01	; 1
   0505 01                 1330 	.db #0x01	; 1
   0506 01                 1331 	.db #0x01	; 1
   0507 01                 1332 	.db #0x01	; 1
   0508 01                 1333 	.db #0x01	; 1
   0509 01                 1334 	.db #0x01	; 1
   050A 01                 1335 	.db #0x01	; 1
   050B 01                 1336 	.db #0x01	; 1
   050C 01                 1337 	.db #0x01	; 1
   050D 01                 1338 	.db #0x01	; 1
   050E 01                 1339 	.db #0x01	; 1
   050F 01                 1340 	.db #0x01	; 1
   0510 01                 1341 	.db #0x01	; 1
   0511 01                 1342 	.db #0x01	; 1
   0512 01                 1343 	.db #0x01	; 1
   0513 01                 1344 	.db #0x01	; 1
   0514 01                 1345 	.db #0x01	; 1
   0515 01                 1346 	.db #0x01	; 1
   0516 0F                 1347 	.db #0x0F	; 15
   0517 0F                 1348 	.db #0x0F	; 15
   0518 01                 1349 	.db #0x01	; 1
   0519 01                 1350 	.db #0x01	; 1
   051A 01                 1351 	.db #0x01	; 1
   051B 01                 1352 	.db #0x01	; 1
   051C 01                 1353 	.db #0x01	; 1
   051D 01                 1354 	.db #0x01	; 1
   051E 0F                 1355 	.db #0x0F	; 15
   051F 0F                 1356 	.db #0x0F	; 15
   0520 01                 1357 	.db #0x01	; 1
   0521 01                 1358 	.db #0x01	; 1
   0522 01                 1359 	.db #0x01	; 1
   0523 01                 1360 	.db #0x01	; 1
   0524 01                 1361 	.db #0x01	; 1
   0525 01                 1362 	.db #0x01	; 1
   0526 01                 1363 	.db #0x01	; 1
   0527 0F                 1364 	.db #0x0F	; 15
   0528 0F                 1365 	.db #0x0F	; 15
   0529 01                 1366 	.db #0x01	; 1
   052A 01                 1367 	.db #0x01	; 1
   052B 01                 1368 	.db #0x01	; 1
   052C 01                 1369 	.db #0x01	; 1
   052D 01                 1370 	.db #0x01	; 1
   052E 01                 1371 	.db #0x01	; 1
   052F 01                 1372 	.db #0x01	; 1
   0530 01                 1373 	.db #0x01	; 1
   0531 01                 1374 	.db #0x01	; 1
   0532 01                 1375 	.db #0x01	; 1
   0533 01                 1376 	.db #0x01	; 1
   0534 01                 1377 	.db #0x01	; 1
   0535 01                 1378 	.db #0x01	; 1
   0536 01                 1379 	.db #0x01	; 1
   0537 01                 1380 	.db #0x01	; 1
   0538 01                 1381 	.db #0x01	; 1
   0539 01                 1382 	.db #0x01	; 1
   053A 01                 1383 	.db #0x01	; 1
   053B 01                 1384 	.db #0x01	; 1
   053C 01                 1385 	.db #0x01	; 1
   053D 01                 1386 	.db #0x01	; 1
   053E 01                 1387 	.db #0x01	; 1
   053F 01                 1388 	.db #0x01	; 1
   0540 01                 1389 	.db #0x01	; 1
   0541 01                 1390 	.db #0x01	; 1
   0542 01                 1391 	.db #0x01	; 1
   0543 01                 1392 	.db #0x01	; 1
   0544 01                 1393 	.db #0x01	; 1
   0545 01                 1394 	.db #0x01	; 1
   0546 0F                 1395 	.db #0x0F	; 15
   0547 0F                 1396 	.db #0x0F	; 15
   0548 01                 1397 	.db #0x01	; 1
   0549 01                 1398 	.db #0x01	; 1
   054A 01                 1399 	.db #0x01	; 1
   054B 01                 1400 	.db #0x01	; 1
   054C 01                 1401 	.db #0x01	; 1
   054D 01                 1402 	.db #0x01	; 1
   054E 01                 1403 	.db #0x01	; 1
   054F 0F                 1404 	.db #0x0F	; 15
   0550 0F                 1405 	.db #0x0F	; 15
   0551 01                 1406 	.db #0x01	; 1
   0552 01                 1407 	.db #0x01	; 1
   0553 01                 1408 	.db #0x01	; 1
   0554 01                 1409 	.db #0x01	; 1
   0555 01                 1410 	.db #0x01	; 1
   0556 01                 1411 	.db #0x01	; 1
   0557 01                 1412 	.db #0x01	; 1
   0558 01                 1413 	.db #0x01	; 1
   0559 01                 1414 	.db #0x01	; 1
   055A 01                 1415 	.db #0x01	; 1
   055B 01                 1416 	.db #0x01	; 1
   055C 01                 1417 	.db #0x01	; 1
   055D 01                 1418 	.db #0x01	; 1
   055E 01                 1419 	.db #0x01	; 1
   055F 01                 1420 	.db #0x01	; 1
   0560 01                 1421 	.db #0x01	; 1
   0561 01                 1422 	.db #0x01	; 1
   0562 01                 1423 	.db #0x01	; 1
   0563 01                 1424 	.db #0x01	; 1
   0564 01                 1425 	.db #0x01	; 1
   0565 01                 1426 	.db #0x01	; 1
   0566 01                 1427 	.db #0x01	; 1
   0567 01                 1428 	.db #0x01	; 1
   0568 01                 1429 	.db #0x01	; 1
   0569 01                 1430 	.db #0x01	; 1
   056A 01                 1431 	.db #0x01	; 1
   056B 01                 1432 	.db #0x01	; 1
   056C 01                 1433 	.db #0x01	; 1
   056D 01                 1434 	.db #0x01	; 1
   056E 01                 1435 	.db #0x01	; 1
   056F 01                 1436 	.db #0x01	; 1
   0570 01                 1437 	.db #0x01	; 1
   0571 01                 1438 	.db #0x01	; 1
   0572 01                 1439 	.db #0x01	; 1
   0573 01                 1440 	.db #0x01	; 1
   0574 01                 1441 	.db #0x01	; 1
   0575 01                 1442 	.db #0x01	; 1
   0576 01                 1443 	.db #0x01	; 1
   0577 0F                 1444 	.db #0x0F	; 15
   0578 0F                 1445 	.db #0x0F	; 15
   0579 01                 1446 	.db #0x01	; 1
   057A 01                 1447 	.db #0x01	; 1
   057B 01                 1448 	.db #0x01	; 1
   057C 01                 1449 	.db #0x01	; 1
   057D 01                 1450 	.db #0x01	; 1
   057E 01                 1451 	.db #0x01	; 1
   057F 01                 1452 	.db #0x01	; 1
   0580 01                 1453 	.db #0x01	; 1
   0581 01                 1454 	.db #0x01	; 1
   0582 01                 1455 	.db #0x01	; 1
   0583 01                 1456 	.db #0x01	; 1
   0584 01                 1457 	.db #0x01	; 1
   0585 01                 1458 	.db #0x01	; 1
   0586 01                 1459 	.db #0x01	; 1
   0587 0F                 1460 	.db #0x0F	; 15
   0588 0F                 1461 	.db #0x0F	; 15
   0589 01                 1462 	.db #0x01	; 1
   058A 01                 1463 	.db #0x01	; 1
   058B 01                 1464 	.db #0x01	; 1
   058C 01                 1465 	.db #0x01	; 1
   058D 01                 1466 	.db #0x01	; 1
   058E 01                 1467 	.db #0x01	; 1
   058F 01                 1468 	.db #0x01	; 1
   0590 01                 1469 	.db #0x01	; 1
   0591 01                 1470 	.db #0x01	; 1
   0592 01                 1471 	.db #0x01	; 1
   0593 01                 1472 	.db #0x01	; 1
   0594 01                 1473 	.db #0x01	; 1
   0595 01                 1474 	.db #0x01	; 1
   0596 01                 1475 	.db #0x01	; 1
   0597 01                 1476 	.db #0x01	; 1
   0598 01                 1477 	.db #0x01	; 1
   0599 01                 1478 	.db #0x01	; 1
   059A 01                 1479 	.db #0x01	; 1
   059B 01                 1480 	.db #0x01	; 1
   059C 01                 1481 	.db #0x01	; 1
   059D 01                 1482 	.db #0x01	; 1
   059E 01                 1483 	.db #0x01	; 1
   059F 0F                 1484 	.db #0x0F	; 15
   05A0 0F                 1485 	.db #0x0F	; 15
   05A1 01                 1486 	.db #0x01	; 1
   05A2 01                 1487 	.db #0x01	; 1
   05A3 01                 1488 	.db #0x01	; 1
   05A4 01                 1489 	.db #0x01	; 1
   05A5 01                 1490 	.db #0x01	; 1
   05A6 01                 1491 	.db #0x01	; 1
   05A7 01                 1492 	.db #0x01	; 1
   05A8 01                 1493 	.db #0x01	; 1
   05A9 01                 1494 	.db #0x01	; 1
   05AA 01                 1495 	.db #0x01	; 1
   05AB 01                 1496 	.db #0x01	; 1
   05AC 01                 1497 	.db #0x01	; 1
   05AD 01                 1498 	.db #0x01	; 1
   05AE 0F                 1499 	.db #0x0F	; 15
   05AF 0F                 1500 	.db #0x0F	; 15
   05B0 0F                 1501 	.db #0x0F	; 15
   05B1 01                 1502 	.db #0x01	; 1
   05B2 01                 1503 	.db #0x01	; 1
   05B3 01                 1504 	.db #0x01	; 1
   05B4 01                 1505 	.db #0x01	; 1
   05B5 01                 1506 	.db #0x01	; 1
   05B6 01                 1507 	.db #0x01	; 1
   05B7 01                 1508 	.db #0x01	; 1
   05B8 01                 1509 	.db #0x01	; 1
   05B9 01                 1510 	.db #0x01	; 1
   05BA 01                 1511 	.db #0x01	; 1
   05BB 01                 1512 	.db #0x01	; 1
   05BC 01                 1513 	.db #0x01	; 1
   05BD 01                 1514 	.db #0x01	; 1
   05BE 01                 1515 	.db #0x01	; 1
   05BF 01                 1516 	.db #0x01	; 1
   05C0 01                 1517 	.db #0x01	; 1
   05C1 01                 1518 	.db #0x01	; 1
   05C2 01                 1519 	.db #0x01	; 1
   05C3 01                 1520 	.db #0x01	; 1
   05C4 01                 1521 	.db #0x01	; 1
   05C5 01                 1522 	.db #0x01	; 1
   05C6 01                 1523 	.db #0x01	; 1
   05C7 0F                 1524 	.db #0x0F	; 15
   05C8 0F                 1525 	.db #0x0F	; 15
   05C9 01                 1526 	.db #0x01	; 1
   05CA 01                 1527 	.db #0x01	; 1
   05CB 01                 1528 	.db #0x01	; 1
   05CC 01                 1529 	.db #0x01	; 1
   05CD 01                 1530 	.db #0x01	; 1
   05CE 01                 1531 	.db #0x01	; 1
   05CF 0F                 1532 	.db #0x0F	; 15
   05D0 0F                 1533 	.db #0x0F	; 15
   05D1 01                 1534 	.db #0x01	; 1
   05D2 01                 1535 	.db #0x01	; 1
   05D3 01                 1536 	.db #0x01	; 1
   05D4 01                 1537 	.db #0x01	; 1
   05D5 01                 1538 	.db #0x01	; 1
   05D6 0F                 1539 	.db #0x0F	; 15
   05D7 0F                 1540 	.db #0x0F	; 15
   05D8 0F                 1541 	.db #0x0F	; 15
   05D9 01                 1542 	.db #0x01	; 1
   05DA 01                 1543 	.db #0x01	; 1
   05DB 01                 1544 	.db #0x01	; 1
   05DC 01                 1545 	.db #0x01	; 1
   05DD 01                 1546 	.db #0x01	; 1
   05DE 01                 1547 	.db #0x01	; 1
   05DF 01                 1548 	.db #0x01	; 1
   05E0 01                 1549 	.db #0x01	; 1
   05E1 01                 1550 	.db #0x01	; 1
   05E2 01                 1551 	.db #0x01	; 1
   05E3 01                 1552 	.db #0x01	; 1
   05E4 01                 1553 	.db #0x01	; 1
   05E5 01                 1554 	.db #0x01	; 1
   05E6 01                 1555 	.db #0x01	; 1
   05E7 01                 1556 	.db #0x01	; 1
   05E8 01                 1557 	.db #0x01	; 1
   05E9 01                 1558 	.db #0x01	; 1
   05EA 01                 1559 	.db #0x01	; 1
   05EB 01                 1560 	.db #0x01	; 1
   05EC 01                 1561 	.db #0x01	; 1
   05ED 01                 1562 	.db #0x01	; 1
   05EE 01                 1563 	.db #0x01	; 1
   05EF 0F                 1564 	.db #0x0F	; 15
   05F0 0F                 1565 	.db #0x0F	; 15
   05F1 01                 1566 	.db #0x01	; 1
   05F2 01                 1567 	.db #0x01	; 1
   05F3 01                 1568 	.db #0x01	; 1
   05F4 01                 1569 	.db #0x01	; 1
   05F5 01                 1570 	.db #0x01	; 1
   05F6 01                 1571 	.db #0x01	; 1
   05F7 0F                 1572 	.db #0x0F	; 15
   05F8 0F                 1573 	.db #0x0F	; 15
   05F9 01                 1574 	.db #0x01	; 1
   05FA 01                 1575 	.db #0x01	; 1
   05FB 01                 1576 	.db #0x01	; 1
   05FC 01                 1577 	.db #0x01	; 1
   05FD 01                 1578 	.db #0x01	; 1
   05FE 0F                 1579 	.db #0x0F	; 15
   05FF 0F                 1580 	.db #0x0F	; 15
   0600 01                 1581 	.db #0x01	; 1
   0601 01                 1582 	.db #0x01	; 1
   0602 01                 1583 	.db #0x01	; 1
   0603 01                 1584 	.db #0x01	; 1
   0604 01                 1585 	.db #0x01	; 1
   0605 01                 1586 	.db #0x01	; 1
   0606 01                 1587 	.db #0x01	; 1
   0607 01                 1588 	.db #0x01	; 1
   0608 01                 1589 	.db #0x01	; 1
   0609 01                 1590 	.db #0x01	; 1
   060A 01                 1591 	.db #0x01	; 1
   060B 01                 1592 	.db #0x01	; 1
   060C 01                 1593 	.db #0x01	; 1
   060D 01                 1594 	.db #0x01	; 1
   060E 01                 1595 	.db #0x01	; 1
   060F 01                 1596 	.db #0x01	; 1
   0610 01                 1597 	.db #0x01	; 1
   0611 01                 1598 	.db #0x01	; 1
   0612 01                 1599 	.db #0x01	; 1
   0613 01                 1600 	.db #0x01	; 1
   0614 01                 1601 	.db #0x01	; 1
   0615 01                 1602 	.db #0x01	; 1
   0616 01                 1603 	.db #0x01	; 1
   0617 0F                 1604 	.db #0x0F	; 15
   0618 0F                 1605 	.db #0x0F	; 15
   0619 01                 1606 	.db #0x01	; 1
   061A 01                 1607 	.db #0x01	; 1
   061B 01                 1608 	.db #0x01	; 1
   061C 01                 1609 	.db #0x01	; 1
   061D 01                 1610 	.db #0x01	; 1
   061E 01                 1611 	.db #0x01	; 1
   061F 01                 1612 	.db #0x01	; 1
   0620 01                 1613 	.db #0x01	; 1
   0621 01                 1614 	.db #0x01	; 1
   0622 01                 1615 	.db #0x01	; 1
   0623 01                 1616 	.db #0x01	; 1
   0624 01                 1617 	.db #0x01	; 1
   0625 01                 1618 	.db #0x01	; 1
   0626 0F                 1619 	.db #0x0F	; 15
   0627 0F                 1620 	.db #0x0F	; 15
   0628 01                 1621 	.db #0x01	; 1
   0629 01                 1622 	.db #0x01	; 1
   062A 01                 1623 	.db #0x01	; 1
   062B 01                 1624 	.db #0x01	; 1
   062C 01                 1625 	.db #0x01	; 1
   062D 01                 1626 	.db #0x01	; 1
   062E 01                 1627 	.db #0x01	; 1
   062F 01                 1628 	.db #0x01	; 1
   0630 01                 1629 	.db #0x01	; 1
   0631 01                 1630 	.db #0x01	; 1
   0632 01                 1631 	.db #0x01	; 1
   0633 01                 1632 	.db #0x01	; 1
   0634 01                 1633 	.db #0x01	; 1
   0635 01                 1634 	.db #0x01	; 1
   0636 01                 1635 	.db #0x01	; 1
   0637 01                 1636 	.db #0x01	; 1
   0638 01                 1637 	.db #0x01	; 1
   0639 01                 1638 	.db #0x01	; 1
   063A 01                 1639 	.db #0x01	; 1
   063B 01                 1640 	.db #0x01	; 1
   063C 01                 1641 	.db #0x01	; 1
   063D 01                 1642 	.db #0x01	; 1
   063E 01                 1643 	.db #0x01	; 1
   063F 0F                 1644 	.db #0x0F	; 15
   0640 0F                 1645 	.db #0x0F	; 15
   0641 01                 1646 	.db #0x01	; 1
   0642 01                 1647 	.db #0x01	; 1
   0643 01                 1648 	.db #0x01	; 1
   0644 01                 1649 	.db #0x01	; 1
   0645 01                 1650 	.db #0x01	; 1
   0646 01                 1651 	.db #0x01	; 1
   0647 01                 1652 	.db #0x01	; 1
   0648 01                 1653 	.db #0x01	; 1
   0649 01                 1654 	.db #0x01	; 1
   064A 01                 1655 	.db #0x01	; 1
   064B 01                 1656 	.db #0x01	; 1
   064C 01                 1657 	.db #0x01	; 1
   064D 01                 1658 	.db #0x01	; 1
   064E 0F                 1659 	.db #0x0F	; 15
   064F 0F                 1660 	.db #0x0F	; 15
   0650 01                 1661 	.db #0x01	; 1
   0651 01                 1662 	.db #0x01	; 1
   0652 01                 1663 	.db #0x01	; 1
   0653 01                 1664 	.db #0x01	; 1
   0654 01                 1665 	.db #0x01	; 1
   0655 01                 1666 	.db #0x01	; 1
   0656 01                 1667 	.db #0x01	; 1
   0657 01                 1668 	.db #0x01	; 1
   0658 01                 1669 	.db #0x01	; 1
   0659 01                 1670 	.db #0x01	; 1
   065A 01                 1671 	.db #0x01	; 1
   065B 01                 1672 	.db #0x01	; 1
   065C 01                 1673 	.db #0x01	; 1
   065D 01                 1674 	.db #0x01	; 1
   065E 01                 1675 	.db #0x01	; 1
   065F 01                 1676 	.db #0x01	; 1
   0660 01                 1677 	.db #0x01	; 1
   0661 01                 1678 	.db #0x01	; 1
   0662 01                 1679 	.db #0x01	; 1
   0663 01                 1680 	.db #0x01	; 1
   0664 01                 1681 	.db #0x01	; 1
   0665 01                 1682 	.db #0x01	; 1
   0666 01                 1683 	.db #0x01	; 1
   0667 0F                 1684 	.db #0x0F	; 15
   0668 0F                 1685 	.db #0x0F	; 15
   0669 01                 1686 	.db #0x01	; 1
   066A 01                 1687 	.db #0x01	; 1
   066B 01                 1688 	.db #0x01	; 1
   066C 01                 1689 	.db #0x01	; 1
   066D 01                 1690 	.db #0x01	; 1
   066E 01                 1691 	.db #0x01	; 1
   066F 01                 1692 	.db #0x01	; 1
   0670 01                 1693 	.db #0x01	; 1
   0671 01                 1694 	.db #0x01	; 1
   0672 01                 1695 	.db #0x01	; 1
   0673 01                 1696 	.db #0x01	; 1
   0674 01                 1697 	.db #0x01	; 1
   0675 01                 1698 	.db #0x01	; 1
   0676 0F                 1699 	.db #0x0F	; 15
   0677 0F                 1700 	.db #0x0F	; 15
   0678 01                 1701 	.db #0x01	; 1
   0679 01                 1702 	.db #0x01	; 1
   067A 01                 1703 	.db #0x01	; 1
   067B 01                 1704 	.db #0x01	; 1
   067C 01                 1705 	.db #0x01	; 1
   067D 01                 1706 	.db #0x01	; 1
   067E 0F                 1707 	.db #0x0F	; 15
   067F 0F                 1708 	.db #0x0F	; 15
   0680 01                 1709 	.db #0x01	; 1
   0681 01                 1710 	.db #0x01	; 1
   0682 01                 1711 	.db #0x01	; 1
   0683 01                 1712 	.db #0x01	; 1
   0684 01                 1713 	.db #0x01	; 1
   0685 01                 1714 	.db #0x01	; 1
   0686 01                 1715 	.db #0x01	; 1
   0687 01                 1716 	.db #0x01	; 1
   0688 01                 1717 	.db #0x01	; 1
   0689 01                 1718 	.db #0x01	; 1
   068A 01                 1719 	.db #0x01	; 1
   068B 01                 1720 	.db #0x01	; 1
   068C 01                 1721 	.db #0x01	; 1
   068D 01                 1722 	.db #0x01	; 1
   068E 01                 1723 	.db #0x01	; 1
   068F 0F                 1724 	.db #0x0F	; 15
   0690 0F                 1725 	.db #0x0F	; 15
   0691 01                 1726 	.db #0x01	; 1
   0692 01                 1727 	.db #0x01	; 1
   0693 01                 1728 	.db #0x01	; 1
   0694 01                 1729 	.db #0x01	; 1
   0695 01                 1730 	.db #0x01	; 1
   0696 01                 1731 	.db #0x01	; 1
   0697 01                 1732 	.db #0x01	; 1
   0698 01                 1733 	.db #0x01	; 1
   0699 01                 1734 	.db #0x01	; 1
   069A 01                 1735 	.db #0x01	; 1
   069B 01                 1736 	.db #0x01	; 1
   069C 01                 1737 	.db #0x01	; 1
   069D 01                 1738 	.db #0x01	; 1
   069E 0F                 1739 	.db #0x0F	; 15
   069F 0F                 1740 	.db #0x0F	; 15
   06A0 01                 1741 	.db #0x01	; 1
   06A1 01                 1742 	.db #0x01	; 1
   06A2 01                 1743 	.db #0x01	; 1
   06A3 01                 1744 	.db #0x01	; 1
   06A4 01                 1745 	.db #0x01	; 1
   06A5 01                 1746 	.db #0x01	; 1
   06A6 0F                 1747 	.db #0x0F	; 15
   06A7 0F                 1748 	.db #0x0F	; 15
   06A8 01                 1749 	.db #0x01	; 1
   06A9 01                 1750 	.db #0x01	; 1
   06AA 01                 1751 	.db #0x01	; 1
   06AB 01                 1752 	.db #0x01	; 1
   06AC 01                 1753 	.db #0x01	; 1
   06AD 01                 1754 	.db #0x01	; 1
   06AE 0F                 1755 	.db #0x0F	; 15
   06AF 0F                 1756 	.db #0x0F	; 15
   06B0 01                 1757 	.db #0x01	; 1
   06B1 01                 1758 	.db #0x01	; 1
   06B2 01                 1759 	.db #0x01	; 1
   06B3 01                 1760 	.db #0x01	; 1
   06B4 01                 1761 	.db #0x01	; 1
   06B5 01                 1762 	.db #0x01	; 1
   06B6 01                 1763 	.db #0x01	; 1
   06B7 0F                 1764 	.db #0x0F	; 15
   06B8 0F                 1765 	.db #0x0F	; 15
   06B9 0F                 1766 	.db #0x0F	; 15
   06BA 0F                 1767 	.db #0x0F	; 15
   06BB 0F                 1768 	.db #0x0F	; 15
   06BC 0F                 1769 	.db #0x0F	; 15
   06BD 0F                 1770 	.db #0x0F	; 15
   06BE 0F                 1771 	.db #0x0F	; 15
   06BF 0F                 1772 	.db #0x0F	; 15
   06C0 0F                 1773 	.db #0x0F	; 15
   06C1 0F                 1774 	.db #0x0F	; 15
   06C2 0F                 1775 	.db #0x0F	; 15
   06C3 0F                 1776 	.db #0x0F	; 15
   06C4 0F                 1777 	.db #0x0F	; 15
   06C5 0F                 1778 	.db #0x0F	; 15
   06C6 0F                 1779 	.db #0x0F	; 15
   06C7 0F                 1780 	.db #0x0F	; 15
   06C8 0F                 1781 	.db #0x0F	; 15
   06C9 0F                 1782 	.db #0x0F	; 15
   06CA 0F                 1783 	.db #0x0F	; 15
   06CB 0F                 1784 	.db #0x0F	; 15
   06CC 0F                 1785 	.db #0x0F	; 15
   06CD 0F                 1786 	.db #0x0F	; 15
   06CE 0F                 1787 	.db #0x0F	; 15
   06CF 0F                 1788 	.db #0x0F	; 15
   06D0 0F                 1789 	.db #0x0F	; 15
   06D1 0F                 1790 	.db #0x0F	; 15
   06D2 0F                 1791 	.db #0x0F	; 15
   06D3 0F                 1792 	.db #0x0F	; 15
   06D4 0F                 1793 	.db #0x0F	; 15
   06D5 0F                 1794 	.db #0x0F	; 15
   06D6 0F                 1795 	.db #0x0F	; 15
   06D7 0F                 1796 	.db #0x0F	; 15
   06D8 0F                 1797 	.db #0x0F	; 15
   06D9 0F                 1798 	.db #0x0F	; 15
   06DA 0F                 1799 	.db #0x0F	; 15
   06DB 0F                 1800 	.db #0x0F	; 15
   06DC 0F                 1801 	.db #0x0F	; 15
   06DD 0F                 1802 	.db #0x0F	; 15
   06DE 0F                 1803 	.db #0x0F	; 15
   06DF 0F                 1804 	.db #0x0F	; 15
                           1805 	.area _INITIALIZER
                           1806 	.area _CABS (ABS)
