                              1 ;--------------------------------------------------------
                              2 ; File Created by SDCC : free open source ANSI-C Compiler
                              3 ; Version 3.5.5 #9498 (Linux)
                              4 ;--------------------------------------------------------
                              5 	.module tiles
                              6 	.optsdcc -mz80
                              7 	
                              8 ;--------------------------------------------------------
                              9 ; Public variables in this module
                             10 ;--------------------------------------------------------
                             11 	.globl _g_tiles_19
                             12 	.globl _g_tiles_18
                             13 	.globl _g_tiles_17
                             14 	.globl _g_tiles_16
                             15 	.globl _g_tiles_15
                             16 	.globl _g_tiles_14
                             17 	.globl _g_tiles_13
                             18 	.globl _g_tiles_12
                             19 	.globl _g_tiles_11
                             20 	.globl _g_tiles_10
                             21 	.globl _g_tiles_09
                             22 	.globl _g_tiles_08
                             23 	.globl _g_tiles_07
                             24 	.globl _g_tiles_06
                             25 	.globl _g_tiles_05
                             26 	.globl _g_tiles_04
                             27 	.globl _g_tiles_03
                             28 	.globl _g_tiles_02
                             29 	.globl _g_tiles_01
                             30 	.globl _g_tiles_00
                             31 	.globl _g_tileset
                             32 ;--------------------------------------------------------
                             33 ; special function registers
                             34 ;--------------------------------------------------------
                             35 ;--------------------------------------------------------
                             36 ; ram data
                             37 ;--------------------------------------------------------
                             38 	.area _DATA
                             39 ;--------------------------------------------------------
                             40 ; ram data
                             41 ;--------------------------------------------------------
                             42 	.area _INITIALIZED
                             43 ;--------------------------------------------------------
                             44 ; absolute external ram data
                             45 ;--------------------------------------------------------
                             46 	.area _DABS (ABS)
                             47 ;--------------------------------------------------------
                             48 ; global & static initialisations
                             49 ;--------------------------------------------------------
                             50 	.area _HOME
                             51 	.area _GSINIT
                             52 	.area _GSFINAL
                             53 	.area _GSINIT
                             54 ;--------------------------------------------------------
                             55 ; Home
                             56 ;--------------------------------------------------------
                             57 	.area _HOME
                             58 	.area _HOME
                             59 ;--------------------------------------------------------
                             60 ; code
                             61 ;--------------------------------------------------------
                             62 	.area _CODE
                             63 	.area _CODE
   0000                      64 _g_tileset:
   0000r28r00                65 	.dw _g_tiles_00
   0002r30r00                66 	.dw _g_tiles_01
   0004r38r00                67 	.dw _g_tiles_02
   0006r40r00                68 	.dw _g_tiles_03
   0008r48r00                69 	.dw _g_tiles_04
   000Ar50r00                70 	.dw _g_tiles_05
   000Cr58r00                71 	.dw _g_tiles_06
   000Er60r00                72 	.dw _g_tiles_07
   0010r68r00                73 	.dw _g_tiles_08
   0012r70r00                74 	.dw _g_tiles_09
   0014r78r00                75 	.dw _g_tiles_10
   0016r80r00                76 	.dw _g_tiles_11
   0018r88r00                77 	.dw _g_tiles_12
   001Ar90r00                78 	.dw _g_tiles_13
   001Cr98r00                79 	.dw _g_tiles_14
   001ErA0r00                80 	.dw _g_tiles_15
   0020rA8r00                81 	.dw _g_tiles_16
   0022rB0r00                82 	.dw _g_tiles_17
   0024rB8r00                83 	.dw _g_tiles_18
   0026rC0r00                84 	.dw _g_tiles_19
   0028                      85 _g_tiles_00:
   0028 C3                   86 	.db #0xC3	; 195
   0029 C3                   87 	.db #0xC3	; 195
   002A D7                   88 	.db #0xD7	; 215
   002B C3                   89 	.db #0xC3	; 195
   002C C3                   90 	.db #0xC3	; 195
   002D C3                   91 	.db #0xC3	; 195
   002E C3                   92 	.db #0xC3	; 195
   002F D7                   93 	.db #0xD7	; 215
   0030                      94 _g_tiles_01:
   0030 03                   95 	.db #0x03	; 3
   0031 03                   96 	.db #0x03	; 3
   0032 03                   97 	.db #0x03	; 3
   0033 03                   98 	.db #0x03	; 3
   0034 03                   99 	.db #0x03	; 3
   0035 03                  100 	.db #0x03	; 3
   0036 03                  101 	.db #0x03	; 3
   0037 03                  102 	.db #0x03	; 3
   0038                     103 _g_tiles_02:
   0038 0F                  104 	.db #0x0F	; 15
   0039 0F                  105 	.db #0x0F	; 15
   003A 4E                  106 	.db #0x4E	; 78	'N'
   003B 0F                  107 	.db #0x0F	; 15
   003C 0F                  108 	.db #0x0F	; 15
   003D 0F                  109 	.db #0x0F	; 15
   003E 0F                  110 	.db #0x0F	; 15
   003F 4E                  111 	.db #0x4E	; 78	'N'
   0040                     112 _g_tiles_03:
   0040 FC                  113 	.db #0xFC	; 252
   0041 03                  114 	.db #0x03	; 3
   0042 A9                  115 	.db #0xA9	; 169
   0043 56                  116 	.db #0x56	; 86	'V'
   0044 03                  117 	.db #0x03	; 3
   0045 03                  118 	.db #0x03	; 3
   0046 56                  119 	.db #0x56	; 86	'V'
   0047 56                  120 	.db #0x56	; 86	'V'
   0048                     121 _g_tiles_04:
   0048 03                  122 	.db #0x03	; 3
   0049 FC                  123 	.db #0xFC	; 252
   004A A9                  124 	.db #0xA9	; 169
   004B 56                  125 	.db #0x56	; 86	'V'
   004C 03                  126 	.db #0x03	; 3
   004D 03                  127 	.db #0x03	; 3
   004E A9                  128 	.db #0xA9	; 169
   004F A9                  129 	.db #0xA9	; 169
   0050                     130 _g_tiles_05:
   0050 FF                  131 	.db #0xFF	; 255
   0051 FF                  132 	.db #0xFF	; 255
   0052 FF                  133 	.db #0xFF	; 255
   0053 FF                  134 	.db #0xFF	; 255
   0054 FF                  135 	.db #0xFF	; 255
   0055 FF                  136 	.db #0xFF	; 255
   0056 FF                  137 	.db #0xFF	; 255
   0057 FF                  138 	.db #0xFF	; 255
   0058                     139 _g_tiles_06:
   0058 03                  140 	.db #0x03	; 3
   0059 03                  141 	.db #0x03	; 3
   005A 03                  142 	.db #0x03	; 3
   005B 06                  143 	.db #0x06	; 6
   005C 03                  144 	.db #0x03	; 3
   005D 06                  145 	.db #0x06	; 6
   005E 03                  146 	.db #0x03	; 3
   005F 03                  147 	.db #0x03	; 3
   0060                     148 _g_tiles_07:
   0060 03                  149 	.db #0x03	; 3
   0061 03                  150 	.db #0x03	; 3
   0062 09                  151 	.db #0x09	; 9
   0063 03                  152 	.db #0x03	; 3
   0064 09                  153 	.db #0x09	; 9
   0065 03                  154 	.db #0x03	; 3
   0066 03                  155 	.db #0x03	; 3
   0067 03                  156 	.db #0x03	; 3
   0068                     157 _g_tiles_08:
   0068 56                  158 	.db #0x56	; 86	'V'
   0069 56                  159 	.db #0x56	; 86	'V'
   006A 03                  160 	.db #0x03	; 3
   006B 03                  161 	.db #0x03	; 3
   006C A9                  162 	.db #0xA9	; 169
   006D 56                  163 	.db #0x56	; 86	'V'
   006E FC                  164 	.db #0xFC	; 252
   006F 03                  165 	.db #0x03	; 3
   0070                     166 _g_tiles_09:
   0070 A9                  167 	.db #0xA9	; 169
   0071 A9                  168 	.db #0xA9	; 169
   0072 03                  169 	.db #0x03	; 3
   0073 03                  170 	.db #0x03	; 3
   0074 A9                  171 	.db #0xA9	; 169
   0075 56                  172 	.db #0x56	; 86	'V'
   0076 03                  173 	.db #0x03	; 3
   0077 FC                  174 	.db #0xFC	; 252
   0078                     175 _g_tiles_10:
   0078 FF                  176 	.db #0xFF	; 255
   0079 FF                  177 	.db #0xFF	; 255
   007A FF                  178 	.db #0xFF	; 255
   007B FF                  179 	.db #0xFF	; 255
   007C FF                  180 	.db #0xFF	; 255
   007D FF                  181 	.db #0xFF	; 255
   007E FF                  182 	.db #0xFF	; 255
   007F FF                  183 	.db #0xFF	; 255
   0080                     184 _g_tiles_11:
   0080 CC                  185 	.db #0xCC	; 204
   0081 3C                  186 	.db #0x3C	; 60
   0082 6C                  187 	.db #0x6C	; 108	'l'
   0083 8D                  188 	.db #0x8D	; 141
   0084 2D                  189 	.db #0x2D	; 45
   0085 CC                  190 	.db #0xCC	; 204
   0086 2D                  191 	.db #0x2D	; 45
   0087 6C                  192 	.db #0x6C	; 108	'l'
   0088                     193 _g_tiles_12:
   0088 6C                  194 	.db #0x6C	; 108	'l'
   0089 9C                  195 	.db #0x9C	; 156
   008A 1E                  196 	.db #0x1E	; 30
   008B CC                  197 	.db #0xCC	; 204
   008C 0F                  198 	.db #0x0F	; 15
   008D 6C                  199 	.db #0x6C	; 108	'l'
   008E 8D                  200 	.db #0x8D	; 141
   008F 1E                  201 	.db #0x1E	; 30
   0090                     202 _g_tiles_13:
   0090 CC                  203 	.db #0xCC	; 204
   0091 3C                  204 	.db #0x3C	; 60
   0092 CC                  205 	.db #0xCC	; 204
   0093 CC                  206 	.db #0xCC	; 204
   0094 6C                  207 	.db #0x6C	; 108	'l'
   0095 3C                  208 	.db #0x3C	; 60
   0096 6C                  209 	.db #0x6C	; 108	'l'
   0097 3C                  210 	.db #0x3C	; 60
   0098                     211 _g_tiles_14:
   0098 3C                  212 	.db #0x3C	; 60
   0099 CC                  213 	.db #0xCC	; 204
   009A CC                  214 	.db #0xCC	; 204
   009B CC                  215 	.db #0xCC	; 204
   009C 3C                  216 	.db #0x3C	; 60
   009D 9C                  217 	.db #0x9C	; 156
   009E 3C                  218 	.db #0x3C	; 60
   009F 9C                  219 	.db #0x9C	; 156
   00A0                     220 _g_tiles_15:
   00A0 0C                  221 	.db #0x0C	; 12
   00A1 0C                  222 	.db #0x0C	; 12
   00A2 0C                  223 	.db #0x0C	; 12
   00A3 0C                  224 	.db #0x0C	; 12
   00A4 0C                  225 	.db #0x0C	; 12
   00A5 0C                  226 	.db #0x0C	; 12
   00A6 0C                  227 	.db #0x0C	; 12
   00A7 0C                  228 	.db #0x0C	; 12
   00A8                     229 _g_tiles_16:
   00A8 2D                  230 	.db #0x2D	; 45
   00A9 3C                  231 	.db #0x3C	; 60
   00AA 8D                  232 	.db #0x8D	; 141
   00AB 1E                  233 	.db #0x1E	; 30
   00AC CC                  234 	.db #0xCC	; 204
   00AD 0F                  235 	.db #0x0F	; 15
   00AE 6C                  236 	.db #0x6C	; 108	'l'
   00AF 3C                  237 	.db #0x3C	; 60
   00B0                     238 _g_tiles_17:
   00B0 CC                  239 	.db #0xCC	; 204
   00B1 1E                  240 	.db #0x1E	; 30
   00B2 6C                  241 	.db #0x6C	; 108	'l'
   00B3 9C                  242 	.db #0x9C	; 156
   00B4 0F                  243 	.db #0x0F	; 15
   00B5 CC                  244 	.db #0xCC	; 204
   00B6 3C                  245 	.db #0x3C	; 60
   00B7 6C                  246 	.db #0x6C	; 108	'l'
   00B8                     247 _g_tiles_18:
   00B8 6C                  248 	.db #0x6C	; 108	'l'
   00B9 3C                  249 	.db #0x3C	; 60
   00BA 6C                  250 	.db #0x6C	; 108	'l'
   00BB 3C                  251 	.db #0x3C	; 60
   00BC CC                  252 	.db #0xCC	; 204
   00BD CC                  253 	.db #0xCC	; 204
   00BE CC                  254 	.db #0xCC	; 204
   00BF 3C                  255 	.db #0x3C	; 60
   00C0                     256 _g_tiles_19:
   00C0 3C                  257 	.db #0x3C	; 60
   00C1 9C                  258 	.db #0x9C	; 156
   00C2 3C                  259 	.db #0x3C	; 60
   00C3 9C                  260 	.db #0x9C	; 156
   00C4 CC                  261 	.db #0xCC	; 204
   00C5 CC                  262 	.db #0xCC	; 204
   00C6 3C                  263 	.db #0x3C	; 60
   00C7 CC                  264 	.db #0xCC	; 204
                            265 	.area _INITIALIZER
                            266 	.area _CABS (ABS)
